<?xml version="1.0" encoding="UTF-8"?>
<!-- Generated by org.testng.reporters.JUnitXMLReporter -->
<testsuite ignored="0" hostname="COMPU_EFRAT" failures="2" tests="2" name="antibioticDrugAddConfirmation" time="54.364" errors="0" timestamp="2023-02-08T00:18:27 IST">
  <testcase classname="sanity.UnitTest.drugRequireApprovalFromInfectologist.DrugWithConfirmationScenario" name="test01_addAndSaveWithConfirmationDrugRequireConfirmationDailyToPatient" time="30.049">
    <failure type="org.openqa.selenium.TimeoutException" message="Supplied function might have stalled
Build info: version: &amp;apos;4.0.0-alpha-7&amp;apos;, revision: &amp;apos;de8579b6d5&amp;apos;
System info: host: &amp;apos;COMPU_EFRAT&amp;apos;, ip: &amp;apos;172.20.8.167&amp;apos;, os.name: &amp;apos;Windows 10&amp;apos;, os.arch: &amp;apos;amd64&amp;apos;, os.version: &amp;apos;10.0&amp;apos;, java.version: &amp;apos;17.0.4.1&amp;apos;
Driver info: driver.version: unknown">
      <![CDATA[org.openqa.selenium.TimeoutException: Supplied function might have stalled
Build info: version: '4.0.0-alpha-7', revision: 'de8579b6d5'
System info: host: 'COMPU_EFRAT', ip: '172.20.8.167', os.name: 'Windows 10', os.arch: 'amd64', os.version: '10.0', java.version: '17.0.4.1'
Driver info: driver.version: unknown
at org.openqa.selenium.support.ui.FluentWait.until(FluentWait.java:221)
at extensions.UIActions.click(UIActions.java:42)
at workflows.doctor.doctorFlows.confirmationInfectionToDrugFromInstructionPage(doctorFlows.java:390)
at sanity.UnitTest.drugRequireApprovalFromInfectologist.DrugWithConfirmationScenario.test01_addAndSaveWithConfirmationDrugRequireConfirmationDailyToPatient(DrugWithConfirmationScenario.java:25)
at java.base/java.util.ArrayList.forEach(ArrayList.java:1511)
Caused by: java.util.concurrent.TimeoutException
at java.base/java.util.concurrent.CompletableFuture.timedGet(CompletableFuture.java:1960)
at java.base/java.util.concurrent.CompletableFuture.get(CompletableFuture.java:2095)
at org.openqa.selenium.support.ui.FluentWait.until(FluentWait.java:208)
... 35 more
... Removed 31 stack frames]]>
    </failure>
  </testcase> <!-- test01_addAndSaveWithConfirmationDrugRequireConfirmationDailyToPatient -->
  <testcase classname="sanity.UnitTest.drugRequireApprovalFromInfectologist.DrugWithConfirmationScenario" name="test01_nurseApprovalDrugDailyToPatient" time="10.685">
    <failure type="java.lang.IndexOutOfBoundsException" message="Index 0 out of bounds for length 0">
      <![CDATA[java.lang.IndexOutOfBoundsException: Index 0 out of bounds for length 0
at java.base/jdk.internal.util.Preconditions.outOfBounds(Preconditions.java:64)
at java.base/jdk.internal.util.Preconditions.outOfBoundsCheckIndex(Preconditions.java:70)
at java.base/jdk.internal.util.Preconditions.checkIndex(Preconditions.java:266)
at java.base/java.util.Objects.checkIndex(Objects.java:359)
at java.base/java.util.ArrayList.get(ArrayList.java:427)
at org.openqa.selenium.support.pagefactory.internal.LocatingElementListHandler.invoke(LocatingElementListHandler.java:40)
at jdk.proxy2/jdk.proxy2.$Proxy19.get(Unknown Source)
at workflows.nurse.nurseFlows.approvalDrugsDaily(nurseFlows.java:106)
at sanity.UnitTest.drugRequireApprovalFromInfectologist.DrugWithConfirmationScenario.test01_nurseApprovalDrugDailyToPatient(DrugWithConfirmationScenario.java:35)
at java.base/java.util.ArrayList.forEach(ArrayList.java:1511)
... Removed 34 stack frames]]>
    </failure>
  </testcase> <!-- test01_nurseApprovalDrugDailyToPatient -->
</testsuite> <!-- antibioticDrugAddConfirmation -->
