<?xml version="1.0" encoding="UTF-8"?>
<!-- Generated by org.testng.reporters.JUnitXMLReporter -->
<testsuite ignored="2" hostname="COMPU_EFRAT" failures="1" tests="1" name="07_addDrug_EditDrug-numberOfTime" time="9.451" errors="0" timestamp="2022-10-03T13:20:33 IDT">
  <testcase classname="regression.doctor.addAndUpdateInstruction" name="addAndUpdateAfterSingDrugDaily_numberOfTime" time="0.0">
    <failure type="org.testng.TestNGException" message="
Parameter &amp;apos;file_name&amp;apos; is required by @Test on method addAndUpdateAfterSingDrugDaily_numberOfTime but has not been marked @Optional or defined
in H:\Automation\AutomationProject_emr\DrugSanity.xml">
      <![CDATA[org.testng.TestNGException: 
Parameter 'file_name' is required by @Test on method addAndUpdateAfterSingDrugDaily_numberOfTime but has not been marked @Optional or defined
in H:\Automation\AutomationProject_emr\DrugSanity.xml
at java.base/java.util.ArrayList.forEach(ArrayList.java:1511)
... Removed 30 stack frames]]>
    </failure>
  </testcase> <!-- addAndUpdateAfterSingDrugDaily_numberOfTime -->
  <testcase classname="regression.doctor.addAndUpdateInstruction" name="addAndUpdateAfterSingDrugDaily_dosage" time="0.0">
    <ignored/>
  </testcase> <!-- addAndUpdateAfterSingDrugDaily_dosage -->
  <testcase classname="regression.doctor.addAndUpdateInstruction" name="addAndUpdateBeforeSingDrugDaily_numberOfTime" time="0.0">
    <ignored/>
  </testcase> <!-- addAndUpdateBeforeSingDrugDaily_numberOfTime -->
</testsuite> <!-- 07_addDrug_EditDrug-numberOfTime -->
