{"name":"add all instruction emergency to patient","status":"broken","statusDetails":{"known":false,"muted":false,"flaky":false,"message":"element click intercepted: Element <input _ngcontent-ymp-c8=\"\" aria-multiline=\"false\" autocapitalize=\"off\" autocorrect=\"off\" class=\"btn-default dropdown-toggle unitText1 dropDep change-dep-btn ng-untouched ng-pristine ng-valid\" dontlock=\"true\" id=\"dropdownBasic1\" role=\"combobox\" type=\"text\" ng-reflect-input-formatter=\"function (selectItem) {\n      \" ng-reflect-ngb-typeahead=\"function (text$) {\n           \" ng-reflect-result-formatter=\"function (selectItem) {\n      \" ng-reflect-model=\"[object Object]\" autocomplete=\"off\" aria-autocomplete=\"list\" aria-expanded=\"false\"> is not clickable at point (966, 83). Other element would receive the click: <div _ngcontent-ymp-c3=\"\" class=\"overlay\" ng-reflect-ng-style=\"[object Object]\" style=\"background-color: rgba(51, 51, 51, 0.5); position: fixed;\">...</div>\n  (Session info: chrome=114.0.5735.199)\nBuild info: version: '4.0.0-alpha-7', revision: 'de8579b6d5'\nSystem info: host: 'LANJENKINS2', ip: '172.30.0.14', os.name: 'Windows Server 2022', os.arch: 'amd64', os.version: '10.0', java.version: '17.0.4.1'\nDriver info: org.openqa.selenium.chrome.ChromeDriver\nCapabilities {acceptInsecureCerts: false, browserName: chrome, browserVersion: 114.0.5735.199, chrome: {chromedriverVersion: 114.0.5735.90 (386bc09e8f4f..., userDataDir: C:\\Windows\\SystemTemp\\scope...}, goog:chromeOptions: {debuggerAddress: localhost:53793}, javascriptEnabled: true, networkConnectionEnabled: false, pageLoadStrategy: normal, platform: WINDOWS, platformName: WINDOWS, proxy: Proxy(), setWindowRect: true, strictFileInteractability: false, timeouts: {implicit: 0, pageLoad: 300000, script: 30000}, unhandledPromptBehavior: dismiss and notify, webauthn:extension:credBlob: true, webauthn:extension:largeBlob: true, webauthn:extension:minPinLength: true, webauthn:extension:prf: true, webauthn:virtualAuthenticators: true}\nSession ID: 72ea5e1831bf8f380b4c60276fbc11fb","trace":"org.openqa.selenium.ElementClickInterceptedException: element click intercepted: Element <input _ngcontent-ymp-c8=\"\" aria-multiline=\"false\" autocapitalize=\"off\" autocorrect=\"off\" class=\"btn-default dropdown-toggle unitText1 dropDep change-dep-btn ng-untouched ng-pristine ng-valid\" dontlock=\"true\" id=\"dropdownBasic1\" role=\"combobox\" type=\"text\" ng-reflect-input-formatter=\"function (selectItem) {\n      \" ng-reflect-ngb-typeahead=\"function (text$) {\n           \" ng-reflect-result-formatter=\"function (selectItem) {\n      \" ng-reflect-model=\"[object Object]\" autocomplete=\"off\" aria-autocomplete=\"list\" aria-expanded=\"false\"> is not clickable at point (966, 83). Other element would receive the click: <div _ngcontent-ymp-c3=\"\" class=\"overlay\" ng-reflect-ng-style=\"[object Object]\" style=\"background-color: rgba(51, 51, 51, 0.5); position: fixed;\">...</div>\n  (Session info: chrome=114.0.5735.199)\nBuild info: version: '4.0.0-alpha-7', revision: 'de8579b6d5'\nSystem info: host: 'LANJENKINS2', ip: '172.30.0.14', os.name: 'Windows Server 2022', os.arch: 'amd64', os.version: '10.0', java.version: '17.0.4.1'\nDriver info: org.openqa.selenium.chrome.ChromeDriver\nCapabilities {acceptInsecureCerts: false, browserName: chrome, browserVersion: 114.0.5735.199, chrome: {chromedriverVersion: 114.0.5735.90 (386bc09e8f4f..., userDataDir: C:\\Windows\\SystemTemp\\scope...}, goog:chromeOptions: {debuggerAddress: localhost:53793}, javascriptEnabled: true, networkConnectionEnabled: false, pageLoadStrategy: normal, platform: WINDOWS, platformName: WINDOWS, proxy: Proxy(), setWindowRect: true, strictFileInteractability: false, timeouts: {implicit: 0, pageLoad: 300000, script: 30000}, unhandledPromptBehavior: dismiss and notify, webauthn:extension:credBlob: true, webauthn:extension:largeBlob: true, webauthn:extension:minPinLength: true, webauthn:extension:prf: true, webauthn:virtualAuthenticators: true}\nSession ID: 72ea5e1831bf8f380b4c60276fbc11fb\r\n\tat java.base/jdk.internal.reflect.NativeConstructorAccessorImpl.newInstance0(Native Method)\r\n\tat java.base/jdk.internal.reflect.NativeConstructorAccessorImpl.newInstance(NativeConstructorAccessorImpl.java:77)\r\n\tat java.base/jdk.internal.reflect.DelegatingConstructorAccessorImpl.newInstance(DelegatingConstructorAccessorImpl.java:45)\r\n\tat java.base/java.lang.reflect.Constructor.newInstanceWithCaller(Constructor.java:499)\r\n\tat java.base/java.lang.reflect.Constructor.newInstance(Constructor.java:480)\r\n\tat org.openqa.selenium.remote.codec.w3c.W3CHttpResponseCodec.createException(W3CHttpResponseCodec.java:196)\r\n\tat org.openqa.selenium.remote.codec.w3c.W3CHttpResponseCodec.decode(W3CHttpResponseCodec.java:129)\r\n\tat org.openqa.selenium.remote.codec.w3c.W3CHttpResponseCodec.decode(W3CHttpResponseCodec.java:53)\r\n\tat org.openqa.selenium.remote.HttpCommandExecutor.execute(HttpCommandExecutor.java:167)\r\n\tat org.openqa.selenium.remote.service.DriverCommandExecutor.execute(DriverCommandExecutor.java:123)\r\n\tat org.openqa.selenium.remote.RemoteWebDriver.execute(RemoteWebDriver.java:501)\r\n\tat org.openqa.selenium.remote.RemoteWebElement.execute(RemoteWebElement.java:238)\r\n\tat org.openqa.selenium.remote.RemoteWebElement.click(RemoteWebElement.java:79)\r\n\tat jdk.internal.reflect.GeneratedMethodAccessor19.invoke(Unknown Source)\r\n\tat java.base/jdk.internal.reflect.DelegatingMethodAccessorImpl.invoke(DelegatingMethodAccessorImpl.java:43)\r\n\tat java.base/java.lang.reflect.Method.invoke(Method.java:568)\r\n\tat org.openqa.selenium.support.pagefactory.internal.LocatingElementHandler.invoke(LocatingElementHandler.java:52)\r\n\tat jdk.proxy2/jdk.proxy2.$Proxy17.click(Unknown Source)\r\n\tat extensions.UIActions.click(UIActions.java:43)\r\n\tat workflows.departmentFlows.chooseDepartment(departmentFlows.java:14)\r\n\tat regression.regression2.test01_addAndSaveAllInstructionToPatient(regression2.java:83)\r\n\tat java.base/jdk.internal.reflect.NativeMethodAccessorImpl.invoke0(Native Method)\r\n\tat java.base/jdk.internal.reflect.NativeMethodAccessorImpl.invoke(NativeMethodAccessorImpl.java:77)\r\n\tat java.base/jdk.internal.reflect.DelegatingMethodAccessorImpl.invoke(DelegatingMethodAccessorImpl.java:43)\r\n\tat java.base/java.lang.reflect.Method.invoke(Method.java:568)\r\n\tat org.testng.internal.MethodInvocationHelper.invokeMethod(MethodInvocationHelper.java:133)\r\n\tat org.testng.internal.TestInvoker.invokeMethod(TestInvoker.java:598)\r\n\tat org.testng.internal.TestInvoker.invokeTestMethod(TestInvoker.java:173)\r\n\tat org.testng.internal.MethodRunner.runInSequence(MethodRunner.java:46)\r\n\tat org.testng.internal.TestInvoker$MethodInvocationAgent.invoke(TestInvoker.java:824)\r\n\tat org.testng.internal.TestInvoker.invokeTestMethods(TestInvoker.java:146)\r\n\tat org.testng.internal.TestMethodWorker.invokeTestMethods(TestMethodWorker.java:146)\r\n\tat org.testng.internal.TestMethodWorker.run(TestMethodWorker.java:128)\r\n\tat java.base/java.util.ArrayList.forEach(ArrayList.java:1511)\r\n\tat org.testng.TestRunner.privateRun(TestRunner.java:794)\r\n\tat org.testng.TestRunner.run(TestRunner.java:596)\r\n\tat org.testng.SuiteRunner.runTest(SuiteRunner.java:377)\r\n\tat org.testng.SuiteRunner.runSequentially(SuiteRunner.java:371)\r\n\tat org.testng.SuiteRunner.privateRun(SuiteRunner.java:332)\r\n\tat org.testng.SuiteRunner.run(SuiteRunner.java:276)\r\n\tat org.testng.SuiteRunnerWorker.runSuite(SuiteRunnerWorker.java:53)\r\n\tat org.testng.SuiteRunnerWorker.run(SuiteRunnerWorker.java:96)\r\n\tat org.testng.TestNG.runSuitesSequentially(TestNG.java:1212)\r\n\tat org.testng.TestNG.runSuitesLocally(TestNG.java:1134)\r\n\tat org.testng.TestNG.runSuites(TestNG.java:1063)\r\n\tat org.testng.TestNG.run(TestNG.java:1031)\r\n\tat org.apache.maven.surefire.testng.TestNGExecutor.run(TestNGExecutor.java:283)\r\n\tat org.apache.maven.surefire.testng.TestNGXmlTestSuite.execute(TestNGXmlTestSuite.java:75)\r\n\tat org.apache.maven.surefire.testng.TestNGProvider.invoke(TestNGProvider.java:120)\r\n\tat org.apache.maven.surefire.booter.ForkedBooter.invokeProviderInSameClassLoader(ForkedBooter.java:384)\r\n\tat org.apache.maven.surefire.booter.ForkedBooter.runSuitesInProcess(ForkedBooter.java:345)\r\n\tat org.apache.maven.surefire.booter.ForkedBooter.execute(ForkedBooter.java:126)\r\n\tat org.apache.maven.surefire.booter.ForkedBooter.main(ForkedBooter.java:418)\r\n"},"stage":"finished","description":"add all instruction emergency to patient","steps":[{"name":" Login With Choose Role","status":"passed","stage":"finished","steps":[{"name":"Update Text Element","status":"passed","stage":"finished","steps":[],"attachments":[],"parameters":[{"name":"elem","value":"[[ChromeDriver: chrome on WINDOWS (72ea5e1831bf8f380b4c60276fbc11fb)] -> id: user_name]"},{"name":"text","value":"test"}],"start":1696881773755,"stop":1696881773894},{"name":"Update Text Element","status":"passed","stage":"finished","steps":[],"attachments":[],"parameters":[{"name":"elem","value":"[[ChromeDriver: chrome on WINDOWS (72ea5e1831bf8f380b4c60276fbc11fb)] -> id: password]"},{"name":"text","value":"Te231121"}],"start":1696881773913,"stop":1696881774042},{"name":"Click on Element","status":"passed","stage":"finished","steps":[],"attachments":[],"parameters":[{"name":"elem","value":"[[ChromeDriver: chrome on WINDOWS (72ea5e1831bf8f380b4c60276fbc11fb)] -> id: submitBtn]"}],"start":1696881774054,"stop":1696881774172},{"name":"Select text from List","status":"passed","stage":"finished","steps":[{"name":"Click on Element","status":"passed","stage":"finished","steps":[],"attachments":[],"parameters":[{"name":"elem","value":"[[ChromeDriver: chrome on WINDOWS (72ea5e1831bf8f380b4c60276fbc11fb)] -> tag name: li]"}],"start":1696881776093,"stop":1696881776185}],"attachments":[],"parameters":[{"name":"list","value":"[[[ChromeDriver: chrome on WINDOWS (72ea5e1831bf8f380b4c60276fbc11fb)] -> tag name: li], [[ChromeDriver: chrome on WINDOWS (72ea5e1831bf8f380b4c60276fbc11fb)] -> tag name: li], [[ChromeDriver: chrome on WINDOWS (72ea5e1831bf8f380b4c60276fbc11fb)] -> tag name: li], [[ChromeDriver: chrome on WINDOWS (72ea5e1831bf8f380b4c60276fbc11fb)] -> tag name: li], [[ChromeDriver: chrome on WINDOWS (72ea5e1831bf8f380b4c60276fbc11fb)] -> tag name: li], [[ChromeDriver: chrome on WINDOWS (72ea5e1831bf8f380b4c60276fbc11fb)] -> tag name: li], [[ChromeDriver: chrome on WINDOWS (72ea5e1831bf8f380b4c60276fbc11fb)] -> tag name: li], [[ChromeDriver: chrome on WINDOWS (72ea5e1831bf8f380b4c60276fbc11fb)] -> tag name: li], [[ChromeDriver: chrome on WINDOWS (72ea5e1831bf8f380b4c60276fbc11fb)] -> tag name: li]]"},{"name":"text","value":"רופא"}],"start":1696881776062,"stop":1696881776186}],"attachments":[],"parameters":[{"name":"r","value":"d"}],"start":1696881773706,"stop":1696881776186},{"name":"choose department","status":"passed","stage":"finished","steps":[{"name":"Click on Element","status":"passed","stage":"finished","steps":[],"attachments":[],"parameters":[{"name":"elem","value":"[[ChromeDriver: chrome on WINDOWS (72ea5e1831bf8f380b4c60276fbc11fb)] -> id: dropdownBasic1]"}],"start":1696881777215,"stop":1696881778482},{"name":"Click on Element","status":"passed","stage":"finished","steps":[],"attachments":[],"parameters":[{"name":"elem","value":"[[ChromeDriver: chrome on WINDOWS (72ea5e1831bf8f380b4c60276fbc11fb)] -> xpath: //ngb-typeahead-window//button]"}],"start":1696881786171,"stop":1696881786318}],"attachments":[],"parameters":[{"name":"dep","value":"חדר מיון"}],"start":1696881776186,"stop":1696881786318},{"name":" patientBoxEntry","status":"passed","stage":"finished","steps":[{"name":"Click on Element","status":"passed","stage":"finished","steps":[],"attachments":[],"parameters":[{"name":"elem","value":"[[ChromeDriver: chrome on WINDOWS (72ea5e1831bf8f380b4c60276fbc11fb)] -> xpath: //p-table[contains(@class,'depMeushpazim-table patients-table')]//tr]"}],"start":1696881787125,"stop":1696881787326},{"name":"Verify Text in Element","status":"passed","stage":"finished","steps":[],"attachments":[],"parameters":[{"name":"elem","value":"[[ChromeDriver: chrome on WINDOWS (72ea5e1831bf8f380b4c60276fbc11fb)] -> xpath: //span[@class='value-label']]"},{"name":"expected","value":"מס' שרות:"}],"start":1696881787901,"stop":1696881787971}],"attachments":[],"parameters":[{"name":"index","value":"1"}],"start":1696881786318,"stop":1696881787972},{"name":" stop all active instruction to patient","status":"passed","stage":"finished","steps":[{"name":"Click on Element","status":"passed","stage":"finished","steps":[],"attachments":[],"parameters":[{"name":"elem","value":"[[ChromeDriver: chrome on WINDOWS (72ea5e1831bf8f380b4c60276fbc11fb)] -> xpath: //button/i[@class='icon ion-android-hand ion-md-hand glyphiconBtnEdit']]"}],"start":1696881791203,"stop":1696881791489},{"name":"Click on Element","status":"passed","stage":"finished","steps":[],"attachments":[],"parameters":[{"name":"elem","value":"[[ChromeDriver: chrome on WINDOWS (72ea5e1831bf8f380b4c60276fbc11fb)] -> xpath: //button/i[@class='icon ion-android-hand ion-md-hand glyphiconBtnEdit']]"}],"start":1696881792076,"stop":1696881792526},{"name":"Click on Element","status":"passed","stage":"finished","steps":[],"attachments":[],"parameters":[{"name":"elem","value":"[[ChromeDriver: chrome on WINDOWS (72ea5e1831bf8f380b4c60276fbc11fb)] -> xpath: //button/i[@class='icon ion-android-hand ion-md-hand glyphiconBtnEdit']]"}],"start":1696881793048,"stop":1696881793338},{"name":"Click on Element","status":"passed","stage":"finished","steps":[],"attachments":[],"parameters":[{"name":"elem","value":"[[ChromeDriver: chrome on WINDOWS (72ea5e1831bf8f380b4c60276fbc11fb)] -> xpath: //button/i[@class='icon ion-android-hand ion-md-hand glyphiconBtnEdit']]"}],"start":1696881793864,"stop":1696881794137},{"name":"Click on Element","status":"passed","stage":"finished","steps":[],"attachments":[],"parameters":[{"name":"elem","value":"[[ChromeDriver: chrome on WINDOWS (72ea5e1831bf8f380b4c60276fbc11fb)] -> xpath: //button/i[@class='icon ion-android-hand ion-md-hand glyphiconBtnEdit']]"}],"start":1696881794664,"stop":1696881794868},{"name":"Click on Element","status":"passed","stage":"finished","steps":[],"attachments":[],"parameters":[{"name":"elem","value":"[[ChromeDriver: chrome on WINDOWS (72ea5e1831bf8f380b4c60276fbc11fb)] -> xpath: //button/i[@class='icon ion-android-hand ion-md-hand glyphiconBtnEdit']]"}],"start":1696881795401,"stop":1696881795667},{"name":"Click on Element","status":"passed","stage":"finished","steps":[],"attachments":[],"parameters":[{"name":"elem","value":"[[ChromeDriver: chrome on WINDOWS (72ea5e1831bf8f380b4c60276fbc11fb)] -> xpath: //button/i[@class='icon ion-android-hand ion-md-hand glyphiconBtnEdit']]"}],"start":1696881796183,"stop":1696881796399},{"name":"Click on Element","status":"passed","stage":"finished","steps":[],"attachments":[],"parameters":[{"name":"elem","value":"[[ChromeDriver: chrome on WINDOWS (72ea5e1831bf8f380b4c60276fbc11fb)] -> xpath: //button/i[@class='icon ion-android-hand ion-md-hand glyphiconBtnEdit']]"}],"start":1696881796917,"stop":1696881797148},{"name":" click on approvalInstructions","status":"passed","stage":"finished","steps":[{"name":"Wait for text in element","status":"passed","stage":"finished","steps":[],"attachments":[],"parameters":[{"name":"elem","value":"[[[[ChromeDriver: chrome on WINDOWS (72ea5e1831bf8f380b4c60276fbc11fb)] -> id: approvalDrug]] -> tag name: span]"}],"start":1696881797191,"stop":1696881797370},{"name":"sign","status":"passed","stage":"finished","steps":[],"attachments":[],"parameters":[],"start":1696881797370,"stop":1696881800272}],"attachments":[],"parameters":[],"start":1696881797148,"stop":1696881800272}],"attachments":[],"parameters":[],"start":1696881787974,"stop":1696881800273},{"name":" click on newDrug","status":"passed","stage":"finished","steps":[{"name":"Click on Element","status":"passed","stage":"finished","steps":[],"attachments":[],"parameters":[{"name":"elem","value":"[[ChromeDriver: chrome on WINDOWS (72ea5e1831bf8f380b4c60276fbc11fb)] -> id: btnAddMedicine]"}],"start":1696881800379,"stop":1696881800602}],"attachments":[],"parameters":[],"start":1696881800273,"stop":1696881805603},{"name":" fill DrugForm for addNewDrugOnceOnly","status":"passed","stage":"finished","steps":[{"name":" Fill Drug's Details","status":"passed","stage":"finished","steps":[{"name":" confirm same instruction","status":"broken","statusDetails":{"known":false,"muted":false,"flaky":false,"message":"no such element: Unable to locate element: {\"method\":\"css selector\",\"selector\":\"#buttonImport\"}\n  (Session info: chrome=114.0.5735.199)\nFor documentation on this error, please visit: https://selenium.dev/exceptions/#no_such_element\nBuild info: version: '4.0.0-alpha-7', revision: 'de8579b6d5'\nSystem info: host: 'LANJENKINS2', ip: '172.30.0.14', os.name: 'Windows Server 2022', os.arch: 'amd64', os.version: '10.0', java.version: '17.0.4.1'\nDriver info: org.openqa.selenium.chrome.ChromeDriver\nCapabilities {acceptInsecureCerts: false, browserName: chrome, browserVersion: 114.0.5735.199, chrome: {chromedriverVersion: 114.0.5735.90 (386bc09e8f4f..., userDataDir: C:\\Windows\\SystemTemp\\scope...}, goog:chromeOptions: {debuggerAddress: localhost:53793}, javascriptEnabled: true, networkConnectionEnabled: false, pageLoadStrategy: normal, platform: WINDOWS, platformName: WINDOWS, proxy: Proxy(), setWindowRect: true, strictFileInteractability: false, timeouts: {implicit: 0, pageLoad: 300000, script: 30000}, unhandledPromptBehavior: dismiss and notify, webauthn:extension:credBlob: true, webauthn:extension:largeBlob: true, webauthn:extension:minPinLength: true, webauthn:extension:prf: true, webauthn:virtualAuthenticators: true}\nSession ID: 72ea5e1831bf8f380b4c60276fbc11fb\n*** Element info: {Using=id, value=buttonImport}","trace":"org.openqa.selenium.NoSuchElementException: no such element: Unable to locate element: {\"method\":\"css selector\",\"selector\":\"#buttonImport\"}\n  (Session info: chrome=114.0.5735.199)\nFor documentation on this error, please visit: https://selenium.dev/exceptions/#no_such_element\nBuild info: version: '4.0.0-alpha-7', revision: 'de8579b6d5'\nSystem info: host: 'LANJENKINS2', ip: '172.30.0.14', os.name: 'Windows Server 2022', os.arch: 'amd64', os.version: '10.0', java.version: '17.0.4.1'\nDriver info: org.openqa.selenium.chrome.ChromeDriver\nCapabilities {acceptInsecureCerts: false, browserName: chrome, browserVersion: 114.0.5735.199, chrome: {chromedriverVersion: 114.0.5735.90 (386bc09e8f4f..., userDataDir: C:\\Windows\\SystemTemp\\scope...}, goog:chromeOptions: {debuggerAddress: localhost:53793}, javascriptEnabled: true, networkConnectionEnabled: false, pageLoadStrategy: normal, platform: WINDOWS, platformName: WINDOWS, proxy: Proxy(), setWindowRect: true, strictFileInteractability: false, timeouts: {implicit: 0, pageLoad: 300000, script: 30000}, unhandledPromptBehavior: dismiss and notify, webauthn:extension:credBlob: true, webauthn:extension:largeBlob: true, webauthn:extension:minPinLength: true, webauthn:extension:prf: true, webauthn:virtualAuthenticators: true}\nSession ID: 72ea5e1831bf8f380b4c60276fbc11fb\n*** Element info: {Using=id, value=buttonImport}\r\n\tat java.base/jdk.internal.reflect.NativeConstructorAccessorImpl.newInstance0(Native Method)\r\n\tat java.base/jdk.internal.reflect.NativeConstructorAccessorImpl.newInstance(NativeConstructorAccessorImpl.java:77)\r\n\tat java.base/jdk.internal.reflect.DelegatingConstructorAccessorImpl.newInstance(DelegatingConstructorAccessorImpl.java:45)\r\n\tat java.base/java.lang.reflect.Constructor.newInstanceWithCaller(Constructor.java:499)\r\n\tat java.base/java.lang.reflect.Constructor.newInstance(Constructor.java:480)\r\n\tat org.openqa.selenium.remote.codec.w3c.W3CHttpResponseCodec.createException(W3CHttpResponseCodec.java:196)\r\n\tat org.openqa.selenium.remote.codec.w3c.W3CHttpResponseCodec.decode(W3CHttpResponseCodec.java:129)\r\n\tat org.openqa.selenium.remote.codec.w3c.W3CHttpResponseCodec.decode(W3CHttpResponseCodec.java:53)\r\n\tat org.openqa.selenium.remote.HttpCommandExecutor.execute(HttpCommandExecutor.java:167)\r\n\tat org.openqa.selenium.remote.service.DriverCommandExecutor.execute(DriverCommandExecutor.java:123)\r\n\tat org.openqa.selenium.remote.RemoteWebDriver.execute(RemoteWebDriver.java:501)\r\n\tat org.openqa.selenium.remote.RemoteWebDriver.findElement(RemoteWebDriver.java:332)\r\n\tat org.openqa.selenium.By$ById.findElement(By.java:193)\r\n\tat org.openqa.selenium.remote.RemoteWebDriver.findElement(RemoteWebDriver.java:312)\r\n\tat org.openqa.selenium.support.pagefactory.DefaultElementLocator.findElement(DefaultElementLocator.java:70)\r\n\tat org.openqa.selenium.support.pagefactory.internal.LocatingElementHandler.invoke(LocatingElementHandler.java:39)\r\n\tat jdk.proxy2/jdk.proxy2.$Proxy17.click(Unknown Source)\r\n\tat workflows.doctor.doctorFlows.confirmModalSameInstruction(doctorFlows.java:389)\r\n\tat workflows.doctor.doctorFlows.fillDrugsDetails(doctorFlows.java:134)\r\n\tat workflows.doctor.doctorFlows.drugFormAddDrugOnceOnly(doctorFlows.java:237)\r\n\tat regression.regression2.test01_addAndSaveAllInstructionToPatient(regression2.java:61)\r\n\tat java.base/jdk.internal.reflect.NativeMethodAccessorImpl.invoke0(Native Method)\r\n\tat java.base/jdk.internal.reflect.NativeMethodAccessorImpl.invoke(NativeMethodAccessorImpl.java:77)\r\n\tat java.base/jdk.internal.reflect.DelegatingMethodAccessorImpl.invoke(DelegatingMethodAccessorImpl.java:43)\r\n\tat java.base/java.lang.reflect.Method.invoke(Method.java:568)\r\n\tat org.testng.internal.MethodInvocationHelper.invokeMethod(MethodInvocationHelper.java:133)\r\n\tat org.testng.internal.TestInvoker.invokeMethod(TestInvoker.java:598)\r\n\tat org.testng.internal.TestInvoker.invokeTestMethod(TestInvoker.java:173)\r\n\tat org.testng.internal.MethodRunner.runInSequence(MethodRunner.java:46)\r\n\tat org.testng.internal.TestInvoker$MethodInvocationAgent.invoke(TestInvoker.java:824)\r\n\tat org.testng.internal.TestInvoker.invokeTestMethods(TestInvoker.java:146)\r\n\tat org.testng.internal.TestMethodWorker.invokeTestMethods(TestMethodWorker.java:146)\r\n\tat org.testng.internal.TestMethodWorker.run(TestMethodWorker.java:128)\r\n\tat java.base/java.util.ArrayList.forEach(ArrayList.java:1511)\r\n\tat org.testng.TestRunner.privateRun(TestRunner.java:794)\r\n\tat org.testng.TestRunner.run(TestRunner.java:596)\r\n\tat org.testng.SuiteRunner.runTest(SuiteRunner.java:377)\r\n\tat org.testng.SuiteRunner.runSequentially(SuiteRunner.java:371)\r\n\tat org.testng.SuiteRunner.privateRun(SuiteRunner.java:332)\r\n\tat org.testng.SuiteRunner.run(SuiteRunner.java:276)\r\n\tat org.testng.SuiteRunnerWorker.runSuite(SuiteRunnerWorker.java:53)\r\n\tat org.testng.SuiteRunnerWorker.run(SuiteRunnerWorker.java:96)\r\n\tat org.testng.TestNG.runSuitesSequentially(TestNG.java:1212)\r\n\tat org.testng.TestNG.runSuitesLocally(TestNG.java:1134)\r\n\tat org.testng.TestNG.runSuites(TestNG.java:1063)\r\n\tat org.testng.TestNG.run(TestNG.java:1031)\r\n\tat org.apache.maven.surefire.testng.TestNGExecutor.run(TestNGExecutor.java:283)\r\n\tat org.apache.maven.surefire.testng.TestNGXmlTestSuite.execute(TestNGXmlTestSuite.java:75)\r\n\tat org.apache.maven.surefire.testng.TestNGProvider.invoke(TestNGProvider.java:120)\r\n\tat org.apache.maven.surefire.booter.ForkedBooter.invokeProviderInSameClassLoader(ForkedBooter.java:384)\r\n\tat org.apache.maven.surefire.booter.ForkedBooter.runSuitesInProcess(ForkedBooter.java:345)\r\n\tat org.apache.maven.surefire.booter.ForkedBooter.execute(ForkedBooter.java:126)\r\n\tat org.apache.maven.surefire.booter.ForkedBooter.main(ForkedBooter.java:418)\r\n"},"stage":"finished","steps":[],"attachments":[],"parameters":[],"start":1696881806317,"stop":1696881812373}],"attachments":[],"parameters":[{"name":"drugName","value":"INJ acetylcysteine 2g/10ml (PARVOLEX)"},{"name":"dosage","value":"null"},{"name":"routeAdministration","value":"null"}],"start":1696881805604,"stop":1696881812373},{"name":"Update Text Element","status":"passed","stage":"finished","steps":[],"attachments":[],"parameters":[{"name":"elem","value":"[[ChromeDriver: chrome on WINDOWS (72ea5e1831bf8f380b4c60276fbc11fb)] -> id: drugComment]"},{"name":"text","value":"בדיקות אוטו'"}],"start":1696881812545,"stop":1696881812779}],"attachments":[],"parameters":[{"name":"drugName","value":"INJ acetylcysteine 2g/10ml (PARVOLEX)"},{"name":"dosage","value":"null"},{"name":"hour","value":"null"},{"name":"routeAdinistration","value":"null"},{"name":"withExecute","value":"false"},{"name":"addAndClose","value":"false"}],"start":1696881805604,"stop":1696881813036},{"name":" fill DrugForm for addNewDrugSOS","status":"passed","stage":"finished","steps":[{"name":" Fill Drug's Details","status":"passed","stage":"finished","steps":[{"name":" confirm same instruction","status":"passed","stage":"finished","steps":[],"attachments":[],"parameters":[],"start":1696881814963,"stop":1696881816181}],"attachments":[],"parameters":[{"name":"drugName","value":"INJ acetylcysteine 2g/10ml (PARVOLEX)"},{"name":"dosage","value":"20"},{"name":"routeAdministration","value":"null"}],"start":1696881814101,"stop":1696881816447},{"name":"Update Text Element","status":"passed","stage":"finished","steps":[],"attachments":[],"parameters":[{"name":"elem","value":"[[ChromeDriver: chrome on WINDOWS (72ea5e1831bf8f380b4c60276fbc11fb)] -> id: drugComment]"},{"name":"text","value":"בדיקות אוטו'"}],"start":1696881816462,"stop":1696881816619},{"name":" Fill Hour In OnceOnly","status":"passed","stage":"finished","steps":[{"name":"Click on Element","status":"passed","stage":"finished","steps":[],"attachments":[],"parameters":[{"name":"elem","value":"[[ChromeDriver: chrome on WINDOWS (72ea5e1831bf8f380b4c60276fbc11fb)] -> id: sosMaxTimesPerDay]"}],"start":1696881816733,"stop":1696881816905},{"name":"Select text from List","status":"passed","stage":"finished","steps":[{"name":"Click on Element","status":"passed","stage":"finished","steps":[],"attachments":[],"parameters":[{"name":"elem","value":"[[ChromeDriver: chrome on WINDOWS (72ea5e1831bf8f380b4c60276fbc11fb)] -> xpath: //button[@id='sosMaxTimesPerDay']/following-sibling::ul/li]"}],"start":1696881817082,"stop":1696881817257}],"attachments":[],"parameters":[{"name":"list","value":"[[[ChromeDriver: chrome on WINDOWS (72ea5e1831bf8f380b4c60276fbc11fb)] -> xpath: //button[@id='sosMaxTimesPerDay']/following-sibling::ul/li], [[ChromeDriver: chrome on WINDOWS (72ea5e1831bf8f380b4c60276fbc11fb)] -> xpath: //button[@id='sosMaxTimesPerDay']/following-sibling::ul/li], [[ChromeDriver: chrome on WINDOWS (72ea5e1831bf8f380b4c60276fbc11fb)] -> xpath: //button[@id='sosMaxTimesPerDay']/following-sibling::ul/li], [[ChromeDriver: chrome on WINDOWS (72ea5e1831bf8f380b4c60276fbc11fb)] -> xpath: //button[@id='sosMaxTimesPerDay']/following-sibling::ul/li], [[ChromeDriver: chrome on WINDOWS (72ea5e1831bf8f380b4c60276fbc11fb)] -> xpath: //button[@id='sosMaxTimesPerDay']/following-sibling::ul/li], [[ChromeDriver: chrome on WINDOWS (72ea5e1831bf8f380b4c60276fbc11fb)] -> xpath: //button[@id='sosMaxTimesPerDay']/following-sibling::ul/li], [[ChromeDriver: chrome on WINDOWS (72ea5e1831bf8f380b4c60276fbc11fb)] -> xpath: //button[@id='sosMaxTimesPerDay']/following-sibling::ul/li], [[ChromeDriver: chrome on WINDOWS (72ea5e1831bf8f380b4c60276fbc11fb)] -> xpath: //button[@id='sosMaxTimesPerDay']/following-sibling::ul/li], [[ChromeDriver: chrome on WINDOWS (72ea5e1831bf8f380b4c60276fbc11fb)] -> xpath: //button[@id='sosMaxTimesPerDay']/following-sibling::ul/li], [[ChromeDriver: chrome on WINDOWS (72ea5e1831bf8f380b4c60276fbc11fb)] -> xpath: //button[@id='sosMaxTimesPerDay']/following-sibling::ul/li], [[ChromeDriver: chrome on WINDOWS (72ea5e1831bf8f380b4c60276fbc11fb)] -> xpath: //button[@id='sosMaxTimesPerDay']/following-sibling::ul/li], [[ChromeDriver: chrome on WINDOWS (72ea5e1831bf8f380b4c60276fbc11fb)] -> xpath: //button[@id='sosMaxTimesPerDay']/following-sibling::ul/li]]"},{"name":"text","value":"4"}],"start":1696881816941,"stop":1696881817257},{"name":"Click on Element","status":"passed","stage":"finished","steps":[],"attachments":[],"parameters":[{"name":"elem","value":"[[ChromeDriver: chrome on WINDOWS (72ea5e1831bf8f380b4c60276fbc11fb)] -> id: sosMinTimesPerDay]"}],"start":1696881817296,"stop":1696881817528},{"name":"Select text from ListInsideAnotherTag","status":"passed","stage":"finished","steps":[{"name":"Click on Element","status":"passed","stage":"finished","steps":[],"attachments":[],"parameters":[{"name":"elem","value":"[[ChromeDriver: chrome on WINDOWS (72ea5e1831bf8f380b4c60276fbc11fb)] -> xpath: //button[@id='sosMinTimesPerDay']/following-sibling::ul/li]"}],"start":1696881817722,"stop":1696881817902}],"attachments":[],"parameters":[{"name":"list","value":"[[[ChromeDriver: chrome on WINDOWS (72ea5e1831bf8f380b4c60276fbc11fb)] -> xpath: //button[@id='sosMinTimesPerDay']/following-sibling::ul/li], [[ChromeDriver: chrome on WINDOWS (72ea5e1831bf8f380b4c60276fbc11fb)] -> xpath: //button[@id='sosMinTimesPerDay']/following-sibling::ul/li], [[ChromeDriver: chrome on WINDOWS (72ea5e1831bf8f380b4c60276fbc11fb)] -> xpath: //button[@id='sosMinTimesPerDay']/following-sibling::ul/li], [[ChromeDriver: chrome on WINDOWS (72ea5e1831bf8f380b4c60276fbc11fb)] -> xpath: //button[@id='sosMinTimesPerDay']/following-sibling::ul/li], [[ChromeDriver: chrome on WINDOWS (72ea5e1831bf8f380b4c60276fbc11fb)] -> xpath: //button[@id='sosMinTimesPerDay']/following-sibling::ul/li], [[ChromeDriver: chrome on WINDOWS (72ea5e1831bf8f380b4c60276fbc11fb)] -> xpath: //button[@id='sosMinTimesPerDay']/following-sibling::ul/li], [[ChromeDriver: chrome on WINDOWS (72ea5e1831bf8f380b4c60276fbc11fb)] -> xpath: //button[@id='sosMinTimesPerDay']/following-sibling::ul/li], [[ChromeDriver: chrome on WINDOWS (72ea5e1831bf8f380b4c60276fbc11fb)] -> xpath: //button[@id='sosMinTimesPerDay']/following-sibling::ul/li], [[ChromeDriver: chrome on WINDOWS (72ea5e1831bf8f380b4c60276fbc11fb)] -> xpath: //button[@id='sosMinTimesPerDay']/following-sibling::ul/li], [[ChromeDriver: chrome on WINDOWS (72ea5e1831bf8f380b4c60276fbc11fb)] -> xpath: //button[@id='sosMinTimesPerDay']/following-sibling::ul/li], [[ChromeDriver: chrome on WINDOWS (72ea5e1831bf8f380b4c60276fbc11fb)] -> xpath: //button[@id='sosMinTimesPerDay']/following-sibling::ul/li], [[ChromeDriver: chrome on WINDOWS (72ea5e1831bf8f380b4c60276fbc11fb)] -> xpath: //button[@id='sosMinTimesPerDay']/following-sibling::ul/li]]"},{"name":"text","value":"3"}],"start":1696881817568,"stop":1696881817902}],"attachments":[],"parameters":[{"name":"max","value":"4"},{"name":"min","value":"3"}],"start":1696881816713,"stop":1696881817902}],"attachments":[],"parameters":[{"name":"drugName","value":"INJ acetylcysteine 2g/10ml (PARVOLEX)"},{"name":"dosage","value":"20"},{"name":"routeAdinistration","value":"null"},{"name":"max","value":"4"},{"name":"min","value":"3"},{"name":"addAndClose","value":"false"}],"start":1696881814100,"stop":1696881818048},{"name":" Fill DrugForm for addNewDrugDiluted","status":"passed","stage":"finished","steps":[{"name":" confirm same instruction","status":"broken","statusDetails":{"known":false,"muted":false,"flaky":false,"message":"no such element: Unable to locate element: {\"method\":\"css selector\",\"selector\":\"#buttonImport\"}\n  (Session info: chrome=114.0.5735.199)\nFor documentation on this error, please visit: https://selenium.dev/exceptions/#no_such_element\nBuild info: version: '4.0.0-alpha-7', revision: 'de8579b6d5'\nSystem info: host: 'LANJENKINS2', ip: '172.30.0.14', os.name: 'Windows Server 2022', os.arch: 'amd64', os.version: '10.0', java.version: '17.0.4.1'\nDriver info: org.openqa.selenium.chrome.ChromeDriver\nCapabilities {acceptInsecureCerts: false, browserName: chrome, browserVersion: 114.0.5735.199, chrome: {chromedriverVersion: 114.0.5735.90 (386bc09e8f4f..., userDataDir: C:\\Windows\\SystemTemp\\scope...}, goog:chromeOptions: {debuggerAddress: localhost:53793}, javascriptEnabled: true, networkConnectionEnabled: false, pageLoadStrategy: normal, platform: WINDOWS, platformName: WINDOWS, proxy: Proxy(), setWindowRect: true, strictFileInteractability: false, timeouts: {implicit: 0, pageLoad: 300000, script: 30000}, unhandledPromptBehavior: dismiss and notify, webauthn:extension:credBlob: true, webauthn:extension:largeBlob: true, webauthn:extension:minPinLength: true, webauthn:extension:prf: true, webauthn:virtualAuthenticators: true}\nSession ID: 72ea5e1831bf8f380b4c60276fbc11fb\n*** Element info: {Using=id, value=buttonImport}","trace":"org.openqa.selenium.NoSuchElementException: no such element: Unable to locate element: {\"method\":\"css selector\",\"selector\":\"#buttonImport\"}\n  (Session info: chrome=114.0.5735.199)\nFor documentation on this error, please visit: https://selenium.dev/exceptions/#no_such_element\nBuild info: version: '4.0.0-alpha-7', revision: 'de8579b6d5'\nSystem info: host: 'LANJENKINS2', ip: '172.30.0.14', os.name: 'Windows Server 2022', os.arch: 'amd64', os.version: '10.0', java.version: '17.0.4.1'\nDriver info: org.openqa.selenium.chrome.ChromeDriver\nCapabilities {acceptInsecureCerts: false, browserName: chrome, browserVersion: 114.0.5735.199, chrome: {chromedriverVersion: 114.0.5735.90 (386bc09e8f4f..., userDataDir: C:\\Windows\\SystemTemp\\scope...}, goog:chromeOptions: {debuggerAddress: localhost:53793}, javascriptEnabled: true, networkConnectionEnabled: false, pageLoadStrategy: normal, platform: WINDOWS, platformName: WINDOWS, proxy: Proxy(), setWindowRect: true, strictFileInteractability: false, timeouts: {implicit: 0, pageLoad: 300000, script: 30000}, unhandledPromptBehavior: dismiss and notify, webauthn:extension:credBlob: true, webauthn:extension:largeBlob: true, webauthn:extension:minPinLength: true, webauthn:extension:prf: true, webauthn:virtualAuthenticators: true}\nSession ID: 72ea5e1831bf8f380b4c60276fbc11fb\n*** Element info: {Using=id, value=buttonImport}\r\n\tat java.base/jdk.internal.reflect.NativeConstructorAccessorImpl.newInstance0(Native Method)\r\n\tat java.base/jdk.internal.reflect.NativeConstructorAccessorImpl.newInstance(NativeConstructorAccessorImpl.java:77)\r\n\tat java.base/jdk.internal.reflect.DelegatingConstructorAccessorImpl.newInstance(DelegatingConstructorAccessorImpl.java:45)\r\n\tat java.base/java.lang.reflect.Constructor.newInstanceWithCaller(Constructor.java:499)\r\n\tat java.base/java.lang.reflect.Constructor.newInstance(Constructor.java:480)\r\n\tat org.openqa.selenium.remote.codec.w3c.W3CHttpResponseCodec.createException(W3CHttpResponseCodec.java:196)\r\n\tat org.openqa.selenium.remote.codec.w3c.W3CHttpResponseCodec.decode(W3CHttpResponseCodec.java:129)\r\n\tat org.openqa.selenium.remote.codec.w3c.W3CHttpResponseCodec.decode(W3CHttpResponseCodec.java:53)\r\n\tat org.openqa.selenium.remote.HttpCommandExecutor.execute(HttpCommandExecutor.java:167)\r\n\tat org.openqa.selenium.remote.service.DriverCommandExecutor.execute(DriverCommandExecutor.java:123)\r\n\tat org.openqa.selenium.remote.RemoteWebDriver.execute(RemoteWebDriver.java:501)\r\n\tat org.openqa.selenium.remote.RemoteWebDriver.findElement(RemoteWebDriver.java:332)\r\n\tat org.openqa.selenium.By$ById.findElement(By.java:193)\r\n\tat org.openqa.selenium.remote.RemoteWebDriver.findElement(RemoteWebDriver.java:312)\r\n\tat org.openqa.selenium.support.pagefactory.DefaultElementLocator.findElement(DefaultElementLocator.java:70)\r\n\tat org.openqa.selenium.support.pagefactory.internal.LocatingElementHandler.invoke(LocatingElementHandler.java:39)\r\n\tat jdk.proxy2/jdk.proxy2.$Proxy17.click(Unknown Source)\r\n\tat workflows.doctor.doctorFlows.confirmModalSameInstruction(doctorFlows.java:389)\r\n\tat workflows.doctor.doctorFlows.drugFormAddLiquidDrug(doctorFlows.java:311)\r\n\tat regression.regression2.test01_addAndSaveAllInstructionToPatient(regression2.java:67)\r\n\tat java.base/jdk.internal.reflect.NativeMethodAccessorImpl.invoke0(Native Method)\r\n\tat java.base/jdk.internal.reflect.NativeMethodAccessorImpl.invoke(NativeMethodAccessorImpl.java:77)\r\n\tat java.base/jdk.internal.reflect.DelegatingMethodAccessorImpl.invoke(DelegatingMethodAccessorImpl.java:43)\r\n\tat java.base/java.lang.reflect.Method.invoke(Method.java:568)\r\n\tat org.testng.internal.MethodInvocationHelper.invokeMethod(MethodInvocationHelper.java:133)\r\n\tat org.testng.internal.TestInvoker.invokeMethod(TestInvoker.java:598)\r\n\tat org.testng.internal.TestInvoker.invokeTestMethod(TestInvoker.java:173)\r\n\tat org.testng.internal.MethodRunner.runInSequence(MethodRunner.java:46)\r\n\tat org.testng.internal.TestInvoker$MethodInvocationAgent.invoke(TestInvoker.java:824)\r\n\tat org.testng.internal.TestInvoker.invokeTestMethods(TestInvoker.java:146)\r\n\tat org.testng.internal.TestMethodWorker.invokeTestMethods(TestMethodWorker.java:146)\r\n\tat org.testng.internal.TestMethodWorker.run(TestMethodWorker.java:128)\r\n\tat java.base/java.util.ArrayList.forEach(ArrayList.java:1511)\r\n\tat org.testng.TestRunner.privateRun(TestRunner.java:794)\r\n\tat org.testng.TestRunner.run(TestRunner.java:596)\r\n\tat org.testng.SuiteRunner.runTest(SuiteRunner.java:377)\r\n\tat org.testng.SuiteRunner.runSequentially(SuiteRunner.java:371)\r\n\tat org.testng.SuiteRunner.privateRun(SuiteRunner.java:332)\r\n\tat org.testng.SuiteRunner.run(SuiteRunner.java:276)\r\n\tat org.testng.SuiteRunnerWorker.runSuite(SuiteRunnerWorker.java:53)\r\n\tat org.testng.SuiteRunnerWorker.run(SuiteRunnerWorker.java:96)\r\n\tat org.testng.TestNG.runSuitesSequentially(TestNG.java:1212)\r\n\tat org.testng.TestNG.runSuitesLocally(TestNG.java:1134)\r\n\tat org.testng.TestNG.runSuites(TestNG.java:1063)\r\n\tat org.testng.TestNG.run(TestNG.java:1031)\r\n\tat org.apache.maven.surefire.testng.TestNGExecutor.run(TestNGExecutor.java:283)\r\n\tat org.apache.maven.surefire.testng.TestNGXmlTestSuite.execute(TestNGXmlTestSuite.java:75)\r\n\tat org.apache.maven.surefire.testng.TestNGProvider.invoke(TestNGProvider.java:120)\r\n\tat org.apache.maven.surefire.booter.ForkedBooter.invokeProviderInSameClassLoader(ForkedBooter.java:384)\r\n\tat org.apache.maven.surefire.booter.ForkedBooter.runSuitesInProcess(ForkedBooter.java:345)\r\n\tat org.apache.maven.surefire.booter.ForkedBooter.execute(ForkedBooter.java:126)\r\n\tat org.apache.maven.surefire.booter.ForkedBooter.main(ForkedBooter.java:418)\r\n"},"stage":"finished","steps":[],"attachments":[],"parameters":[],"start":1696881819766,"stop":1696881825867},{"name":"Update Text Element","status":"passed","stage":"finished","steps":[],"attachments":[],"parameters":[{"name":"elem","value":"[[ChromeDriver: chrome on WINDOWS (72ea5e1831bf8f380b4c60276fbc11fb)] -> id: drugComment]"},{"name":"text","value":"בדיקות אוטו'"}],"start":1696881825886,"stop":1696881826181}],"attachments":[],"parameters":[{"name":"drugName","value":"INJ dexamethasone 4mg/1ml (DEXACORT)"},{"name":"dilutedName","value":"null"},{"name":"possId","value":"3"},{"name":"addAndClose","value":"false"}],"start":1696881819102,"stop":1696881826536},{"name":" Fill DrugForm for addNewDrugDiluted","status":"passed","stage":"finished","steps":[{"name":" confirm same instruction","status":"broken","statusDetails":{"known":false,"muted":false,"flaky":false,"message":"no such element: Unable to locate element: {\"method\":\"css selector\",\"selector\":\"#buttonImport\"}\n  (Session info: chrome=114.0.5735.199)\nFor documentation on this error, please visit: https://selenium.dev/exceptions/#no_such_element\nBuild info: version: '4.0.0-alpha-7', revision: 'de8579b6d5'\nSystem info: host: 'LANJENKINS2', ip: '172.30.0.14', os.name: 'Windows Server 2022', os.arch: 'amd64', os.version: '10.0', java.version: '17.0.4.1'\nDriver info: org.openqa.selenium.chrome.ChromeDriver\nCapabilities {acceptInsecureCerts: false, browserName: chrome, browserVersion: 114.0.5735.199, chrome: {chromedriverVersion: 114.0.5735.90 (386bc09e8f4f..., userDataDir: C:\\Windows\\SystemTemp\\scope...}, goog:chromeOptions: {debuggerAddress: localhost:53793}, javascriptEnabled: true, networkConnectionEnabled: false, pageLoadStrategy: normal, platform: WINDOWS, platformName: WINDOWS, proxy: Proxy(), setWindowRect: true, strictFileInteractability: false, timeouts: {implicit: 0, pageLoad: 300000, script: 30000}, unhandledPromptBehavior: dismiss and notify, webauthn:extension:credBlob: true, webauthn:extension:largeBlob: true, webauthn:extension:minPinLength: true, webauthn:extension:prf: true, webauthn:virtualAuthenticators: true}\nSession ID: 72ea5e1831bf8f380b4c60276fbc11fb\n*** Element info: {Using=id, value=buttonImport}","trace":"org.openqa.selenium.NoSuchElementException: no such element: Unable to locate element: {\"method\":\"css selector\",\"selector\":\"#buttonImport\"}\n  (Session info: chrome=114.0.5735.199)\nFor documentation on this error, please visit: https://selenium.dev/exceptions/#no_such_element\nBuild info: version: '4.0.0-alpha-7', revision: 'de8579b6d5'\nSystem info: host: 'LANJENKINS2', ip: '172.30.0.14', os.name: 'Windows Server 2022', os.arch: 'amd64', os.version: '10.0', java.version: '17.0.4.1'\nDriver info: org.openqa.selenium.chrome.ChromeDriver\nCapabilities {acceptInsecureCerts: false, browserName: chrome, browserVersion: 114.0.5735.199, chrome: {chromedriverVersion: 114.0.5735.90 (386bc09e8f4f..., userDataDir: C:\\Windows\\SystemTemp\\scope...}, goog:chromeOptions: {debuggerAddress: localhost:53793}, javascriptEnabled: true, networkConnectionEnabled: false, pageLoadStrategy: normal, platform: WINDOWS, platformName: WINDOWS, proxy: Proxy(), setWindowRect: true, strictFileInteractability: false, timeouts: {implicit: 0, pageLoad: 300000, script: 30000}, unhandledPromptBehavior: dismiss and notify, webauthn:extension:credBlob: true, webauthn:extension:largeBlob: true, webauthn:extension:minPinLength: true, webauthn:extension:prf: true, webauthn:virtualAuthenticators: true}\nSession ID: 72ea5e1831bf8f380b4c60276fbc11fb\n*** Element info: {Using=id, value=buttonImport}\r\n\tat java.base/jdk.internal.reflect.NativeConstructorAccessorImpl.newInstance0(Native Method)\r\n\tat java.base/jdk.internal.reflect.NativeConstructorAccessorImpl.newInstance(NativeConstructorAccessorImpl.java:77)\r\n\tat java.base/jdk.internal.reflect.DelegatingConstructorAccessorImpl.newInstance(DelegatingConstructorAccessorImpl.java:45)\r\n\tat java.base/java.lang.reflect.Constructor.newInstanceWithCaller(Constructor.java:499)\r\n\tat java.base/java.lang.reflect.Constructor.newInstance(Constructor.java:480)\r\n\tat org.openqa.selenium.remote.codec.w3c.W3CHttpResponseCodec.createException(W3CHttpResponseCodec.java:196)\r\n\tat org.openqa.selenium.remote.codec.w3c.W3CHttpResponseCodec.decode(W3CHttpResponseCodec.java:129)\r\n\tat org.openqa.selenium.remote.codec.w3c.W3CHttpResponseCodec.decode(W3CHttpResponseCodec.java:53)\r\n\tat org.openqa.selenium.remote.HttpCommandExecutor.execute(HttpCommandExecutor.java:167)\r\n\tat org.openqa.selenium.remote.service.DriverCommandExecutor.execute(DriverCommandExecutor.java:123)\r\n\tat org.openqa.selenium.remote.RemoteWebDriver.execute(RemoteWebDriver.java:501)\r\n\tat org.openqa.selenium.remote.RemoteWebDriver.findElement(RemoteWebDriver.java:332)\r\n\tat org.openqa.selenium.By$ById.findElement(By.java:193)\r\n\tat org.openqa.selenium.remote.RemoteWebDriver.findElement(RemoteWebDriver.java:312)\r\n\tat org.openqa.selenium.support.pagefactory.DefaultElementLocator.findElement(DefaultElementLocator.java:70)\r\n\tat org.openqa.selenium.support.pagefactory.internal.LocatingElementHandler.invoke(LocatingElementHandler.java:39)\r\n\tat jdk.proxy2/jdk.proxy2.$Proxy17.click(Unknown Source)\r\n\tat workflows.doctor.doctorFlows.confirmModalSameInstruction(doctorFlows.java:389)\r\n\tat workflows.doctor.doctorFlows.drugFormAddLiquidDrug(doctorFlows.java:311)\r\n\tat regression.regression2.test01_addAndSaveAllInstructionToPatient(regression2.java:70)\r\n\tat java.base/jdk.internal.reflect.NativeMethodAccessorImpl.invoke0(Native Method)\r\n\tat java.base/jdk.internal.reflect.NativeMethodAccessorImpl.invoke(NativeMethodAccessorImpl.java:77)\r\n\tat java.base/jdk.internal.reflect.DelegatingMethodAccessorImpl.invoke(DelegatingMethodAccessorImpl.java:43)\r\n\tat java.base/java.lang.reflect.Method.invoke(Method.java:568)\r\n\tat org.testng.internal.MethodInvocationHelper.invokeMethod(MethodInvocationHelper.java:133)\r\n\tat org.testng.internal.TestInvoker.invokeMethod(TestInvoker.java:598)\r\n\tat org.testng.internal.TestInvoker.invokeTestMethod(TestInvoker.java:173)\r\n\tat org.testng.internal.MethodRunner.runInSequence(MethodRunner.java:46)\r\n\tat org.testng.internal.TestInvoker$MethodInvocationAgent.invoke(TestInvoker.java:824)\r\n\tat org.testng.internal.TestInvoker.invokeTestMethods(TestInvoker.java:146)\r\n\tat org.testng.internal.TestMethodWorker.invokeTestMethods(TestMethodWorker.java:146)\r\n\tat org.testng.internal.TestMethodWorker.run(TestMethodWorker.java:128)\r\n\tat java.base/java.util.ArrayList.forEach(ArrayList.java:1511)\r\n\tat org.testng.TestRunner.privateRun(TestRunner.java:794)\r\n\tat org.testng.TestRunner.run(TestRunner.java:596)\r\n\tat org.testng.SuiteRunner.runTest(SuiteRunner.java:377)\r\n\tat org.testng.SuiteRunner.runSequentially(SuiteRunner.java:371)\r\n\tat org.testng.SuiteRunner.privateRun(SuiteRunner.java:332)\r\n\tat org.testng.SuiteRunner.run(SuiteRunner.java:276)\r\n\tat org.testng.SuiteRunnerWorker.runSuite(SuiteRunnerWorker.java:53)\r\n\tat org.testng.SuiteRunnerWorker.run(SuiteRunnerWorker.java:96)\r\n\tat org.testng.TestNG.runSuitesSequentially(TestNG.java:1212)\r\n\tat org.testng.TestNG.runSuitesLocally(TestNG.java:1134)\r\n\tat org.testng.TestNG.runSuites(TestNG.java:1063)\r\n\tat org.testng.TestNG.run(TestNG.java:1031)\r\n\tat org.apache.maven.surefire.testng.TestNGExecutor.run(TestNGExecutor.java:283)\r\n\tat org.apache.maven.surefire.testng.TestNGXmlTestSuite.execute(TestNGXmlTestSuite.java:75)\r\n\tat org.apache.maven.surefire.testng.TestNGProvider.invoke(TestNGProvider.java:120)\r\n\tat org.apache.maven.surefire.booter.ForkedBooter.invokeProviderInSameClassLoader(ForkedBooter.java:384)\r\n\tat org.apache.maven.surefire.booter.ForkedBooter.runSuitesInProcess(ForkedBooter.java:345)\r\n\tat org.apache.maven.surefire.booter.ForkedBooter.execute(ForkedBooter.java:126)\r\n\tat org.apache.maven.surefire.booter.ForkedBooter.main(ForkedBooter.java:418)\r\n"},"stage":"finished","steps":[],"attachments":[],"parameters":[],"start":1696881828196,"stop":1696881834219},{"name":"Select text from ListInsideAnotherTag","status":"passed","stage":"finished","steps":[{"name":"Click on Element","status":"passed","stage":"finished","steps":[],"attachments":[],"parameters":[{"name":"elem","value":"[[ChromeDriver: chrome on WINDOWS (72ea5e1831bf8f380b4c60276fbc11fb)] -> xpath: //button[@id='btnSelectListDilutionSolution']//following-sibling::ul/li]"}],"start":1696881834458,"stop":1696881834581}],"attachments":[],"parameters":[{"name":"list","value":"[[[ChromeDriver: chrome on WINDOWS (72ea5e1831bf8f380b4c60276fbc11fb)] -> xpath: //button[@id='btnSelectListDilutionSolution']//following-sibling::ul/li], [[ChromeDriver: chrome on WINDOWS (72ea5e1831bf8f380b4c60276fbc11fb)] -> xpath: //button[@id='btnSelectListDilutionSolution']//following-sibling::ul/li]]"},{"name":"text","value":"saline 0.9% 100ml"}],"start":1696881834410,"stop":1696881834581},{"name":"Update Text Element","status":"passed","stage":"finished","steps":[],"attachments":[],"parameters":[{"name":"elem","value":"[[ChromeDriver: chrome on WINDOWS (72ea5e1831bf8f380b4c60276fbc11fb)] -> id: drugComment]"},{"name":"text","value":"בדיקות אוטו'"}],"start":1696881834597,"stop":1696881834775}],"attachments":[],"parameters":[{"name":"drugName","value":"INJ traMADol "},{"name":"dilutedName","value":"saline 0.9% 100ml"},{"name":"possId","value":"3"},{"name":"addAndClose","value":"false"}],"start":1696881827620,"stop":1696881835010},{"name":" Fill DrugForm for addNewDrugDiluted","status":"passed","stage":"finished","steps":[{"name":" confirm same instruction","status":"broken","statusDetails":{"known":false,"muted":false,"flaky":false,"message":"no such element: Unable to locate element: {\"method\":\"css selector\",\"selector\":\"#buttonImport\"}\n  (Session info: chrome=114.0.5735.199)\nFor documentation on this error, please visit: https://selenium.dev/exceptions/#no_such_element\nBuild info: version: '4.0.0-alpha-7', revision: 'de8579b6d5'\nSystem info: host: 'LANJENKINS2', ip: '172.30.0.14', os.name: 'Windows Server 2022', os.arch: 'amd64', os.version: '10.0', java.version: '17.0.4.1'\nDriver info: org.openqa.selenium.chrome.ChromeDriver\nCapabilities {acceptInsecureCerts: false, browserName: chrome, browserVersion: 114.0.5735.199, chrome: {chromedriverVersion: 114.0.5735.90 (386bc09e8f4f..., userDataDir: C:\\Windows\\SystemTemp\\scope...}, goog:chromeOptions: {debuggerAddress: localhost:53793}, javascriptEnabled: true, networkConnectionEnabled: false, pageLoadStrategy: normal, platform: WINDOWS, platformName: WINDOWS, proxy: Proxy(), setWindowRect: true, strictFileInteractability: false, timeouts: {implicit: 0, pageLoad: 300000, script: 30000}, unhandledPromptBehavior: dismiss and notify, webauthn:extension:credBlob: true, webauthn:extension:largeBlob: true, webauthn:extension:minPinLength: true, webauthn:extension:prf: true, webauthn:virtualAuthenticators: true}\nSession ID: 72ea5e1831bf8f380b4c60276fbc11fb\n*** Element info: {Using=id, value=buttonImport}","trace":"org.openqa.selenium.NoSuchElementException: no such element: Unable to locate element: {\"method\":\"css selector\",\"selector\":\"#buttonImport\"}\n  (Session info: chrome=114.0.5735.199)\nFor documentation on this error, please visit: https://selenium.dev/exceptions/#no_such_element\nBuild info: version: '4.0.0-alpha-7', revision: 'de8579b6d5'\nSystem info: host: 'LANJENKINS2', ip: '172.30.0.14', os.name: 'Windows Server 2022', os.arch: 'amd64', os.version: '10.0', java.version: '17.0.4.1'\nDriver info: org.openqa.selenium.chrome.ChromeDriver\nCapabilities {acceptInsecureCerts: false, browserName: chrome, browserVersion: 114.0.5735.199, chrome: {chromedriverVersion: 114.0.5735.90 (386bc09e8f4f..., userDataDir: C:\\Windows\\SystemTemp\\scope...}, goog:chromeOptions: {debuggerAddress: localhost:53793}, javascriptEnabled: true, networkConnectionEnabled: false, pageLoadStrategy: normal, platform: WINDOWS, platformName: WINDOWS, proxy: Proxy(), setWindowRect: true, strictFileInteractability: false, timeouts: {implicit: 0, pageLoad: 300000, script: 30000}, unhandledPromptBehavior: dismiss and notify, webauthn:extension:credBlob: true, webauthn:extension:largeBlob: true, webauthn:extension:minPinLength: true, webauthn:extension:prf: true, webauthn:virtualAuthenticators: true}\nSession ID: 72ea5e1831bf8f380b4c60276fbc11fb\n*** Element info: {Using=id, value=buttonImport}\r\n\tat java.base/jdk.internal.reflect.NativeConstructorAccessorImpl.newInstance0(Native Method)\r\n\tat java.base/jdk.internal.reflect.NativeConstructorAccessorImpl.newInstance(NativeConstructorAccessorImpl.java:77)\r\n\tat java.base/jdk.internal.reflect.DelegatingConstructorAccessorImpl.newInstance(DelegatingConstructorAccessorImpl.java:45)\r\n\tat java.base/java.lang.reflect.Constructor.newInstanceWithCaller(Constructor.java:499)\r\n\tat java.base/java.lang.reflect.Constructor.newInstance(Constructor.java:480)\r\n\tat org.openqa.selenium.remote.codec.w3c.W3CHttpResponseCodec.createException(W3CHttpResponseCodec.java:196)\r\n\tat org.openqa.selenium.remote.codec.w3c.W3CHttpResponseCodec.decode(W3CHttpResponseCodec.java:129)\r\n\tat org.openqa.selenium.remote.codec.w3c.W3CHttpResponseCodec.decode(W3CHttpResponseCodec.java:53)\r\n\tat org.openqa.selenium.remote.HttpCommandExecutor.execute(HttpCommandExecutor.java:167)\r\n\tat org.openqa.selenium.remote.service.DriverCommandExecutor.execute(DriverCommandExecutor.java:123)\r\n\tat org.openqa.selenium.remote.RemoteWebDriver.execute(RemoteWebDriver.java:501)\r\n\tat org.openqa.selenium.remote.RemoteWebDriver.findElement(RemoteWebDriver.java:332)\r\n\tat org.openqa.selenium.By$ById.findElement(By.java:193)\r\n\tat org.openqa.selenium.remote.RemoteWebDriver.findElement(RemoteWebDriver.java:312)\r\n\tat org.openqa.selenium.support.pagefactory.DefaultElementLocator.findElement(DefaultElementLocator.java:70)\r\n\tat org.openqa.selenium.support.pagefactory.internal.LocatingElementHandler.invoke(LocatingElementHandler.java:39)\r\n\tat jdk.proxy2/jdk.proxy2.$Proxy17.click(Unknown Source)\r\n\tat workflows.doctor.doctorFlows.confirmModalSameInstruction(doctorFlows.java:389)\r\n\tat workflows.doctor.doctorFlows.drugFormAddLiquidDrug(doctorFlows.java:311)\r\n\tat regression.regression2.test01_addAndSaveAllInstructionToPatient(regression2.java:73)\r\n\tat java.base/jdk.internal.reflect.NativeMethodAccessorImpl.invoke0(Native Method)\r\n\tat java.base/jdk.internal.reflect.NativeMethodAccessorImpl.invoke(NativeMethodAccessorImpl.java:77)\r\n\tat java.base/jdk.internal.reflect.DelegatingMethodAccessorImpl.invoke(DelegatingMethodAccessorImpl.java:43)\r\n\tat java.base/java.lang.reflect.Method.invoke(Method.java:568)\r\n\tat org.testng.internal.MethodInvocationHelper.invokeMethod(MethodInvocationHelper.java:133)\r\n\tat org.testng.internal.TestInvoker.invokeMethod(TestInvoker.java:598)\r\n\tat org.testng.internal.TestInvoker.invokeTestMethod(TestInvoker.java:173)\r\n\tat org.testng.internal.MethodRunner.runInSequence(MethodRunner.java:46)\r\n\tat org.testng.internal.TestInvoker$MethodInvocationAgent.invoke(TestInvoker.java:824)\r\n\tat org.testng.internal.TestInvoker.invokeTestMethods(TestInvoker.java:146)\r\n\tat org.testng.internal.TestMethodWorker.invokeTestMethods(TestMethodWorker.java:146)\r\n\tat org.testng.internal.TestMethodWorker.run(TestMethodWorker.java:128)\r\n\tat java.base/java.util.ArrayList.forEach(ArrayList.java:1511)\r\n\tat org.testng.TestRunner.privateRun(TestRunner.java:794)\r\n\tat org.testng.TestRunner.run(TestRunner.java:596)\r\n\tat org.testng.SuiteRunner.runTest(SuiteRunner.java:377)\r\n\tat org.testng.SuiteRunner.runSequentially(SuiteRunner.java:371)\r\n\tat org.testng.SuiteRunner.privateRun(SuiteRunner.java:332)\r\n\tat org.testng.SuiteRunner.run(SuiteRunner.java:276)\r\n\tat org.testng.SuiteRunnerWorker.runSuite(SuiteRunnerWorker.java:53)\r\n\tat org.testng.SuiteRunnerWorker.run(SuiteRunnerWorker.java:96)\r\n\tat org.testng.TestNG.runSuitesSequentially(TestNG.java:1212)\r\n\tat org.testng.TestNG.runSuitesLocally(TestNG.java:1134)\r\n\tat org.testng.TestNG.runSuites(TestNG.java:1063)\r\n\tat org.testng.TestNG.run(TestNG.java:1031)\r\n\tat org.apache.maven.surefire.testng.TestNGExecutor.run(TestNGExecutor.java:283)\r\n\tat org.apache.maven.surefire.testng.TestNGXmlTestSuite.execute(TestNGXmlTestSuite.java:75)\r\n\tat org.apache.maven.surefire.testng.TestNGProvider.invoke(TestNGProvider.java:120)\r\n\tat org.apache.maven.surefire.booter.ForkedBooter.invokeProviderInSameClassLoader(ForkedBooter.java:384)\r\n\tat org.apache.maven.surefire.booter.ForkedBooter.runSuitesInProcess(ForkedBooter.java:345)\r\n\tat org.apache.maven.surefire.booter.ForkedBooter.execute(ForkedBooter.java:126)\r\n\tat org.apache.maven.surefire.booter.ForkedBooter.main(ForkedBooter.java:418)\r\n"},"stage":"finished","steps":[],"attachments":[],"parameters":[],"start":1696881836795,"stop":1696881842864},{"name":"Update Text Element","status":"passed","stage":"finished","steps":[],"attachments":[],"parameters":[{"name":"elem","value":"[[ChromeDriver: chrome on WINDOWS (72ea5e1831bf8f380b4c60276fbc11fb)] -> id: drugComment]"},{"name":"text","value":"בדיקות אוטו'"}],"start":1696881842879,"stop":1696881843100},{"name":" Fill rate","status":"passed","stage":"finished","steps":[{"name":"Update Text Element","status":"passed","stage":"finished","steps":[],"attachments":[],"parameters":[{"name":"elem","value":"[[ChromeDriver: chrome on WINDOWS (72ea5e1831bf8f380b4c60276fbc11fb)] -> id: MinRate]"},{"name":"text","value":"20"}],"start":1696881843310,"stop":1696881843508}],"attachments":[],"parameters":[{"name":"rate","value":"20"}],"start":1696881843280,"stop":1696881843508}],"attachments":[],"parameters":[{"name":"drugName","value":"INF dextrose 5% 1000ml (GLUCOSE)"},{"name":"dilutedName","value":"null"},{"name":"possId","value":"12"},{"name":"addAndClose","value":"true"}],"start":1696881836047,"stop":1696881843647},{"name":" click on newGeneralInstruction","status":"passed","stage":"finished","steps":[],"attachments":[],"parameters":[],"start":1696881843648,"stop":1696881845801},{"name":"fill DrugForm for addNewGeneralOnceOnly","status":"passed","stage":"finished","steps":[{"name":" go to newGeneral","status":"passed","stage":"finished","steps":[{"name":"Click on Element","status":"passed","stage":"finished","steps":[],"attachments":[],"parameters":[{"name":"elem","value":"[[ChromeDriver: chrome on WINDOWS (72ea5e1831bf8f380b4c60276fbc11fb)] -> xpath: //ngb-accordion/div//button]"}],"start":1696881846317,"stop":1696881846506},{"name":"Click on Element","status":"passed","stage":"finished","steps":[],"attachments":[],"parameters":[{"name":"elem","value":"[[[[ChromeDriver: chrome on WINDOWS (72ea5e1831bf8f380b4c60276fbc11fb)] -> xpath: //div[@class='sub-list']/div]] -> tag name: input]"}],"start":1696881846578,"stop":1696881846876},{"name":" confirm same instruction","status":"broken","statusDetails":{"known":false,"muted":false,"flaky":false,"message":"no such element: Unable to locate element: {\"method\":\"css selector\",\"selector\":\"#buttonImport\"}\n  (Session info: chrome=114.0.5735.199)\nFor documentation on this error, please visit: https://selenium.dev/exceptions/#no_such_element\nBuild info: version: '4.0.0-alpha-7', revision: 'de8579b6d5'\nSystem info: host: 'LANJENKINS2', ip: '172.30.0.14', os.name: 'Windows Server 2022', os.arch: 'amd64', os.version: '10.0', java.version: '17.0.4.1'\nDriver info: org.openqa.selenium.chrome.ChromeDriver\nCapabilities {acceptInsecureCerts: false, browserName: chrome, browserVersion: 114.0.5735.199, chrome: {chromedriverVersion: 114.0.5735.90 (386bc09e8f4f..., userDataDir: C:\\Windows\\SystemTemp\\scope...}, goog:chromeOptions: {debuggerAddress: localhost:53793}, javascriptEnabled: true, networkConnectionEnabled: false, pageLoadStrategy: normal, platform: WINDOWS, platformName: WINDOWS, proxy: Proxy(), setWindowRect: true, strictFileInteractability: false, timeouts: {implicit: 0, pageLoad: 300000, script: 30000}, unhandledPromptBehavior: dismiss and notify, webauthn:extension:credBlob: true, webauthn:extension:largeBlob: true, webauthn:extension:minPinLength: true, webauthn:extension:prf: true, webauthn:virtualAuthenticators: true}\nSession ID: 72ea5e1831bf8f380b4c60276fbc11fb\n*** Element info: {Using=id, value=buttonImport}","trace":"org.openqa.selenium.NoSuchElementException: no such element: Unable to locate element: {\"method\":\"css selector\",\"selector\":\"#buttonImport\"}\n  (Session info: chrome=114.0.5735.199)\nFor documentation on this error, please visit: https://selenium.dev/exceptions/#no_such_element\nBuild info: version: '4.0.0-alpha-7', revision: 'de8579b6d5'\nSystem info: host: 'LANJENKINS2', ip: '172.30.0.14', os.name: 'Windows Server 2022', os.arch: 'amd64', os.version: '10.0', java.version: '17.0.4.1'\nDriver info: org.openqa.selenium.chrome.ChromeDriver\nCapabilities {acceptInsecureCerts: false, browserName: chrome, browserVersion: 114.0.5735.199, chrome: {chromedriverVersion: 114.0.5735.90 (386bc09e8f4f..., userDataDir: C:\\Windows\\SystemTemp\\scope...}, goog:chromeOptions: {debuggerAddress: localhost:53793}, javascriptEnabled: true, networkConnectionEnabled: false, pageLoadStrategy: normal, platform: WINDOWS, platformName: WINDOWS, proxy: Proxy(), setWindowRect: true, strictFileInteractability: false, timeouts: {implicit: 0, pageLoad: 300000, script: 30000}, unhandledPromptBehavior: dismiss and notify, webauthn:extension:credBlob: true, webauthn:extension:largeBlob: true, webauthn:extension:minPinLength: true, webauthn:extension:prf: true, webauthn:virtualAuthenticators: true}\nSession ID: 72ea5e1831bf8f380b4c60276fbc11fb\n*** Element info: {Using=id, value=buttonImport}\r\n\tat java.base/jdk.internal.reflect.NativeConstructorAccessorImpl.newInstance0(Native Method)\r\n\tat java.base/jdk.internal.reflect.NativeConstructorAccessorImpl.newInstance(NativeConstructorAccessorImpl.java:77)\r\n\tat java.base/jdk.internal.reflect.DelegatingConstructorAccessorImpl.newInstance(DelegatingConstructorAccessorImpl.java:45)\r\n\tat java.base/java.lang.reflect.Constructor.newInstanceWithCaller(Constructor.java:499)\r\n\tat java.base/java.lang.reflect.Constructor.newInstance(Constructor.java:480)\r\n\tat org.openqa.selenium.remote.codec.w3c.W3CHttpResponseCodec.createException(W3CHttpResponseCodec.java:196)\r\n\tat org.openqa.selenium.remote.codec.w3c.W3CHttpResponseCodec.decode(W3CHttpResponseCodec.java:129)\r\n\tat org.openqa.selenium.remote.codec.w3c.W3CHttpResponseCodec.decode(W3CHttpResponseCodec.java:53)\r\n\tat org.openqa.selenium.remote.HttpCommandExecutor.execute(HttpCommandExecutor.java:167)\r\n\tat org.openqa.selenium.remote.service.DriverCommandExecutor.execute(DriverCommandExecutor.java:123)\r\n\tat org.openqa.selenium.remote.RemoteWebDriver.execute(RemoteWebDriver.java:501)\r\n\tat org.openqa.selenium.remote.RemoteWebDriver.findElement(RemoteWebDriver.java:332)\r\n\tat org.openqa.selenium.By$ById.findElement(By.java:193)\r\n\tat org.openqa.selenium.remote.RemoteWebDriver.findElement(RemoteWebDriver.java:312)\r\n\tat org.openqa.selenium.support.pagefactory.DefaultElementLocator.findElement(DefaultElementLocator.java:70)\r\n\tat org.openqa.selenium.support.pagefactory.internal.LocatingElementHandler.invoke(LocatingElementHandler.java:39)\r\n\tat jdk.proxy2/jdk.proxy2.$Proxy17.click(Unknown Source)\r\n\tat workflows.doctor.doctorFlows.confirmModalSameInstruction(doctorFlows.java:389)\r\n\tat workflows.doctor.generalInstructionFlows.chooseGeneralInstruction(generalInstructionFlows.java:22)\r\n\tat workflows.doctor.generalInstructionFlows.generalFormAddGeneralInsOnceOnly(generalInstructionFlows.java:115)\r\n\tat regression.regression2.test01_addAndSaveAllInstructionToPatient(regression2.java:76)\r\n\tat java.base/jdk.internal.reflect.NativeMethodAccessorImpl.invoke0(Native Method)\r\n\tat java.base/jdk.internal.reflect.NativeMethodAccessorImpl.invoke(NativeMethodAccessorImpl.java:77)\r\n\tat java.base/jdk.internal.reflect.DelegatingMethodAccessorImpl.invoke(DelegatingMethodAccessorImpl.java:43)\r\n\tat java.base/java.lang.reflect.Method.invoke(Method.java:568)\r\n\tat org.testng.internal.MethodInvocationHelper.invokeMethod(MethodInvocationHelper.java:133)\r\n\tat org.testng.internal.TestInvoker.invokeMethod(TestInvoker.java:598)\r\n\tat org.testng.internal.TestInvoker.invokeTestMethod(TestInvoker.java:173)\r\n\tat org.testng.internal.MethodRunner.runInSequence(MethodRunner.java:46)\r\n\tat org.testng.internal.TestInvoker$MethodInvocationAgent.invoke(TestInvoker.java:824)\r\n\tat org.testng.internal.TestInvoker.invokeTestMethods(TestInvoker.java:146)\r\n\tat org.testng.internal.TestMethodWorker.invokeTestMethods(TestMethodWorker.java:146)\r\n\tat org.testng.internal.TestMethodWorker.run(TestMethodWorker.java:128)\r\n\tat java.base/java.util.ArrayList.forEach(ArrayList.java:1511)\r\n\tat org.testng.TestRunner.privateRun(TestRunner.java:794)\r\n\tat org.testng.TestRunner.run(TestRunner.java:596)\r\n\tat org.testng.SuiteRunner.runTest(SuiteRunner.java:377)\r\n\tat org.testng.SuiteRunner.runSequentially(SuiteRunner.java:371)\r\n\tat org.testng.SuiteRunner.privateRun(SuiteRunner.java:332)\r\n\tat org.testng.SuiteRunner.run(SuiteRunner.java:276)\r\n\tat org.testng.SuiteRunnerWorker.runSuite(SuiteRunnerWorker.java:53)\r\n\tat org.testng.SuiteRunnerWorker.run(SuiteRunnerWorker.java:96)\r\n\tat org.testng.TestNG.runSuitesSequentially(TestNG.java:1212)\r\n\tat org.testng.TestNG.runSuitesLocally(TestNG.java:1134)\r\n\tat org.testng.TestNG.runSuites(TestNG.java:1063)\r\n\tat org.testng.TestNG.run(TestNG.java:1031)\r\n\tat org.apache.maven.surefire.testng.TestNGExecutor.run(TestNGExecutor.java:283)\r\n\tat org.apache.maven.surefire.testng.TestNGXmlTestSuite.execute(TestNGXmlTestSuite.java:75)\r\n\tat org.apache.maven.surefire.testng.TestNGProvider.invoke(TestNGProvider.java:120)\r\n\tat org.apache.maven.surefire.booter.ForkedBooter.invokeProviderInSameClassLoader(ForkedBooter.java:384)\r\n\tat org.apache.maven.surefire.booter.ForkedBooter.runSuitesInProcess(ForkedBooter.java:345)\r\n\tat org.apache.maven.surefire.booter.ForkedBooter.execute(ForkedBooter.java:126)\r\n\tat org.apache.maven.surefire.booter.ForkedBooter.main(ForkedBooter.java:418)\r\n"},"stage":"finished","steps":[],"attachments":[],"parameters":[],"start":1696881846876,"stop":1696881852941}],"attachments":[],"parameters":[{"name":"categoryIndex","value":"2"},{"name":"subCategoryIndex","value":"1"}],"start":1696881845819,"stop":1696881852941},{"name":"Click on Element","status":"passed","stage":"finished","steps":[],"attachments":[],"parameters":[{"name":"elem","value":"[[ChromeDriver: chrome on WINDOWS (72ea5e1831bf8f380b4c60276fbc11fb)] -> xpath: //button[@class='btn btn-defualt btn-submit btn-click ']]"}],"start":1696881853261,"stop":1696881853484}],"attachments":[],"parameters":[{"name":"category","value":"2"},{"name":"sub_category","value":"1"},{"name":"hour","value":"null"},{"name":"isFuture","value":"false"},{"name":"addAndSave","value":"true"}],"start":1696881845819,"stop":1696881853484},{"name":" click on approvalInstructions","status":"passed","stage":"finished","steps":[{"name":"Wait for text in element","status":"passed","stage":"finished","steps":[],"attachments":[],"parameters":[{"name":"elem","value":"[[[[ChromeDriver: chrome on WINDOWS (72ea5e1831bf8f380b4c60276fbc11fb)] -> id: approvalDrug]] -> tag name: span]"}],"start":1696881854564,"stop":1696881855017},{"name":"sign","status":"passed","stage":"finished","steps":[],"attachments":[],"parameters":[],"start":1696881855017,"stop":1696881858363}],"attachments":[],"parameters":[],"start":1696881854487,"stop":1696881858363},{"name":"Clear Text Element","status":"passed","stage":"finished","steps":[],"attachments":[],"parameters":[{"name":"elem","value":"[[ChromeDriver: chrome on WINDOWS (72ea5e1831bf8f380b4c60276fbc11fb)] -> id: user_name]"}],"start":1696881863662,"stop":1696881863760},{"name":"Clear Text Element","status":"passed","stage":"finished","steps":[],"attachments":[],"parameters":[{"name":"elem","value":"[[ChromeDriver: chrome on WINDOWS (72ea5e1831bf8f380b4c60276fbc11fb)] -> id: password]"}],"start":1696881863772,"stop":1696881863935},{"name":" Login With Choose Role","status":"passed","stage":"finished","steps":[{"name":"Update Text Element","status":"passed","stage":"finished","steps":[],"attachments":[],"parameters":[{"name":"elem","value":"[[ChromeDriver: chrome on WINDOWS (72ea5e1831bf8f380b4c60276fbc11fb)] -> id: user_name]"},{"name":"text","value":"test"}],"start":1696881863956,"stop":1696881864076},{"name":"Update Text Element","status":"passed","stage":"finished","steps":[],"attachments":[],"parameters":[{"name":"elem","value":"[[ChromeDriver: chrome on WINDOWS (72ea5e1831bf8f380b4c60276fbc11fb)] -> id: password]"},{"name":"text","value":"Te231121"}],"start":1696881864093,"stop":1696881864252},{"name":"Click on Element","status":"passed","stage":"finished","steps":[],"attachments":[],"parameters":[{"name":"elem","value":"[[ChromeDriver: chrome on WINDOWS (72ea5e1831bf8f380b4c60276fbc11fb)] -> id: submitBtn]"}],"start":1696881864272,"stop":1696881864472},{"name":"Select text from List","status":"passed","stage":"finished","steps":[{"name":"Click on Element","status":"passed","stage":"finished","steps":[],"attachments":[],"parameters":[{"name":"elem","value":"[[ChromeDriver: chrome on WINDOWS (72ea5e1831bf8f380b4c60276fbc11fb)] -> tag name: li]"}],"start":1696881866381,"stop":1696881866537}],"attachments":[],"parameters":[{"name":"list","value":"[[[ChromeDriver: chrome on WINDOWS (72ea5e1831bf8f380b4c60276fbc11fb)] -> tag name: li], [[ChromeDriver: chrome on WINDOWS (72ea5e1831bf8f380b4c60276fbc11fb)] -> tag name: li], [[ChromeDriver: chrome on WINDOWS (72ea5e1831bf8f380b4c60276fbc11fb)] -> tag name: li], [[ChromeDriver: chrome on WINDOWS (72ea5e1831bf8f380b4c60276fbc11fb)] -> tag name: li], [[ChromeDriver: chrome on WINDOWS (72ea5e1831bf8f380b4c60276fbc11fb)] -> tag name: li], [[ChromeDriver: chrome on WINDOWS (72ea5e1831bf8f380b4c60276fbc11fb)] -> tag name: li], [[ChromeDriver: chrome on WINDOWS (72ea5e1831bf8f380b4c60276fbc11fb)] -> tag name: li], [[ChromeDriver: chrome on WINDOWS (72ea5e1831bf8f380b4c60276fbc11fb)] -> tag name: li], [[ChromeDriver: chrome on WINDOWS (72ea5e1831bf8f380b4c60276fbc11fb)] -> tag name: li]]"},{"name":"text","value":"אחות"}],"start":1696881866310,"stop":1696881866537}],"attachments":[],"parameters":[{"name":"r","value":"n"}],"start":1696881863935,"stop":1696881866537},{"name":"choose department","status":"broken","statusDetails":{"known":false,"muted":false,"flaky":false,"message":"element click intercepted: Element <input _ngcontent-ymp-c8=\"\" aria-multiline=\"false\" autocapitalize=\"off\" autocorrect=\"off\" class=\"btn-default dropdown-toggle unitText1 dropDep change-dep-btn ng-untouched ng-pristine ng-valid\" dontlock=\"true\" id=\"dropdownBasic1\" role=\"combobox\" type=\"text\" ng-reflect-input-formatter=\"function (selectItem) {\n      \" ng-reflect-ngb-typeahead=\"function (text$) {\n           \" ng-reflect-result-formatter=\"function (selectItem) {\n      \" ng-reflect-model=\"[object Object]\" autocomplete=\"off\" aria-autocomplete=\"list\" aria-expanded=\"false\"> is not clickable at point (966, 83). Other element would receive the click: <div _ngcontent-ymp-c3=\"\" class=\"overlay\" ng-reflect-ng-style=\"[object Object]\" style=\"background-color: rgba(51, 51, 51, 0.5); position: fixed;\">...</div>\n  (Session info: chrome=114.0.5735.199)\nBuild info: version: '4.0.0-alpha-7', revision: 'de8579b6d5'\nSystem info: host: 'LANJENKINS2', ip: '172.30.0.14', os.name: 'Windows Server 2022', os.arch: 'amd64', os.version: '10.0', java.version: '17.0.4.1'\nDriver info: org.openqa.selenium.chrome.ChromeDriver\nCapabilities {acceptInsecureCerts: false, browserName: chrome, browserVersion: 114.0.5735.199, chrome: {chromedriverVersion: 114.0.5735.90 (386bc09e8f4f..., userDataDir: C:\\Windows\\SystemTemp\\scope...}, goog:chromeOptions: {debuggerAddress: localhost:53793}, javascriptEnabled: true, networkConnectionEnabled: false, pageLoadStrategy: normal, platform: WINDOWS, platformName: WINDOWS, proxy: Proxy(), setWindowRect: true, strictFileInteractability: false, timeouts: {implicit: 0, pageLoad: 300000, script: 30000}, unhandledPromptBehavior: dismiss and notify, webauthn:extension:credBlob: true, webauthn:extension:largeBlob: true, webauthn:extension:minPinLength: true, webauthn:extension:prf: true, webauthn:virtualAuthenticators: true}\nSession ID: 72ea5e1831bf8f380b4c60276fbc11fb","trace":"org.openqa.selenium.ElementClickInterceptedException: element click intercepted: Element <input _ngcontent-ymp-c8=\"\" aria-multiline=\"false\" autocapitalize=\"off\" autocorrect=\"off\" class=\"btn-default dropdown-toggle unitText1 dropDep change-dep-btn ng-untouched ng-pristine ng-valid\" dontlock=\"true\" id=\"dropdownBasic1\" role=\"combobox\" type=\"text\" ng-reflect-input-formatter=\"function (selectItem) {\n      \" ng-reflect-ngb-typeahead=\"function (text$) {\n           \" ng-reflect-result-formatter=\"function (selectItem) {\n      \" ng-reflect-model=\"[object Object]\" autocomplete=\"off\" aria-autocomplete=\"list\" aria-expanded=\"false\"> is not clickable at point (966, 83). Other element would receive the click: <div _ngcontent-ymp-c3=\"\" class=\"overlay\" ng-reflect-ng-style=\"[object Object]\" style=\"background-color: rgba(51, 51, 51, 0.5); position: fixed;\">...</div>\n  (Session info: chrome=114.0.5735.199)\nBuild info: version: '4.0.0-alpha-7', revision: 'de8579b6d5'\nSystem info: host: 'LANJENKINS2', ip: '172.30.0.14', os.name: 'Windows Server 2022', os.arch: 'amd64', os.version: '10.0', java.version: '17.0.4.1'\nDriver info: org.openqa.selenium.chrome.ChromeDriver\nCapabilities {acceptInsecureCerts: false, browserName: chrome, browserVersion: 114.0.5735.199, chrome: {chromedriverVersion: 114.0.5735.90 (386bc09e8f4f..., userDataDir: C:\\Windows\\SystemTemp\\scope...}, goog:chromeOptions: {debuggerAddress: localhost:53793}, javascriptEnabled: true, networkConnectionEnabled: false, pageLoadStrategy: normal, platform: WINDOWS, platformName: WINDOWS, proxy: Proxy(), setWindowRect: true, strictFileInteractability: false, timeouts: {implicit: 0, pageLoad: 300000, script: 30000}, unhandledPromptBehavior: dismiss and notify, webauthn:extension:credBlob: true, webauthn:extension:largeBlob: true, webauthn:extension:minPinLength: true, webauthn:extension:prf: true, webauthn:virtualAuthenticators: true}\nSession ID: 72ea5e1831bf8f380b4c60276fbc11fb\r\n\tat java.base/jdk.internal.reflect.NativeConstructorAccessorImpl.newInstance0(Native Method)\r\n\tat java.base/jdk.internal.reflect.NativeConstructorAccessorImpl.newInstance(NativeConstructorAccessorImpl.java:77)\r\n\tat java.base/jdk.internal.reflect.DelegatingConstructorAccessorImpl.newInstance(DelegatingConstructorAccessorImpl.java:45)\r\n\tat java.base/java.lang.reflect.Constructor.newInstanceWithCaller(Constructor.java:499)\r\n\tat java.base/java.lang.reflect.Constructor.newInstance(Constructor.java:480)\r\n\tat org.openqa.selenium.remote.codec.w3c.W3CHttpResponseCodec.createException(W3CHttpResponseCodec.java:196)\r\n\tat org.openqa.selenium.remote.codec.w3c.W3CHttpResponseCodec.decode(W3CHttpResponseCodec.java:129)\r\n\tat org.openqa.selenium.remote.codec.w3c.W3CHttpResponseCodec.decode(W3CHttpResponseCodec.java:53)\r\n\tat org.openqa.selenium.remote.HttpCommandExecutor.execute(HttpCommandExecutor.java:167)\r\n\tat org.openqa.selenium.remote.service.DriverCommandExecutor.execute(DriverCommandExecutor.java:123)\r\n\tat org.openqa.selenium.remote.RemoteWebDriver.execute(RemoteWebDriver.java:501)\r\n\tat org.openqa.selenium.remote.RemoteWebElement.execute(RemoteWebElement.java:238)\r\n\tat org.openqa.selenium.remote.RemoteWebElement.click(RemoteWebElement.java:79)\r\n\tat jdk.internal.reflect.GeneratedMethodAccessor19.invoke(Unknown Source)\r\n\tat java.base/jdk.internal.reflect.DelegatingMethodAccessorImpl.invoke(DelegatingMethodAccessorImpl.java:43)\r\n\tat java.base/java.lang.reflect.Method.invoke(Method.java:568)\r\n\tat org.openqa.selenium.support.pagefactory.internal.LocatingElementHandler.invoke(LocatingElementHandler.java:52)\r\n\tat jdk.proxy2/jdk.proxy2.$Proxy17.click(Unknown Source)\r\n\tat extensions.UIActions.click(UIActions.java:43)\r\n\tat workflows.departmentFlows.chooseDepartment(departmentFlows.java:14)\r\n\tat regression.regression2.test01_addAndSaveAllInstructionToPatient(regression2.java:83)\r\n\tat java.base/jdk.internal.reflect.NativeMethodAccessorImpl.invoke0(Native Method)\r\n\tat java.base/jdk.internal.reflect.NativeMethodAccessorImpl.invoke(NativeMethodAccessorImpl.java:77)\r\n\tat java.base/jdk.internal.reflect.DelegatingMethodAccessorImpl.invoke(DelegatingMethodAccessorImpl.java:43)\r\n\tat java.base/java.lang.reflect.Method.invoke(Method.java:568)\r\n\tat org.testng.internal.MethodInvocationHelper.invokeMethod(MethodInvocationHelper.java:133)\r\n\tat org.testng.internal.TestInvoker.invokeMethod(TestInvoker.java:598)\r\n\tat org.testng.internal.TestInvoker.invokeTestMethod(TestInvoker.java:173)\r\n\tat org.testng.internal.MethodRunner.runInSequence(MethodRunner.java:46)\r\n\tat org.testng.internal.TestInvoker$MethodInvocationAgent.invoke(TestInvoker.java:824)\r\n\tat org.testng.internal.TestInvoker.invokeTestMethods(TestInvoker.java:146)\r\n\tat org.testng.internal.TestMethodWorker.invokeTestMethods(TestMethodWorker.java:146)\r\n\tat org.testng.internal.TestMethodWorker.run(TestMethodWorker.java:128)\r\n\tat java.base/java.util.ArrayList.forEach(ArrayList.java:1511)\r\n\tat org.testng.TestRunner.privateRun(TestRunner.java:794)\r\n\tat org.testng.TestRunner.run(TestRunner.java:596)\r\n\tat org.testng.SuiteRunner.runTest(SuiteRunner.java:377)\r\n\tat org.testng.SuiteRunner.runSequentially(SuiteRunner.java:371)\r\n\tat org.testng.SuiteRunner.privateRun(SuiteRunner.java:332)\r\n\tat org.testng.SuiteRunner.run(SuiteRunner.java:276)\r\n\tat org.testng.SuiteRunnerWorker.runSuite(SuiteRunnerWorker.java:53)\r\n\tat org.testng.SuiteRunnerWorker.run(SuiteRunnerWorker.java:96)\r\n\tat org.testng.TestNG.runSuitesSequentially(TestNG.java:1212)\r\n\tat org.testng.TestNG.runSuitesLocally(TestNG.java:1134)\r\n\tat org.testng.TestNG.runSuites(TestNG.java:1063)\r\n\tat org.testng.TestNG.run(TestNG.java:1031)\r\n\tat org.apache.maven.surefire.testng.TestNGExecutor.run(TestNGExecutor.java:283)\r\n\tat org.apache.maven.surefire.testng.TestNGXmlTestSuite.execute(TestNGXmlTestSuite.java:75)\r\n\tat org.apache.maven.surefire.testng.TestNGProvider.invoke(TestNGProvider.java:120)\r\n\tat org.apache.maven.surefire.booter.ForkedBooter.invokeProviderInSameClassLoader(ForkedBooter.java:384)\r\n\tat org.apache.maven.surefire.booter.ForkedBooter.runSuitesInProcess(ForkedBooter.java:345)\r\n\tat org.apache.maven.surefire.booter.ForkedBooter.execute(ForkedBooter.java:126)\r\n\tat org.apache.maven.surefire.booter.ForkedBooter.main(ForkedBooter.java:418)\r\n"},"stage":"finished","steps":[{"name":"Click on Element","status":"broken","statusDetails":{"known":false,"muted":false,"flaky":false,"message":"element click intercepted: Element <input _ngcontent-ymp-c8=\"\" aria-multiline=\"false\" autocapitalize=\"off\" autocorrect=\"off\" class=\"btn-default dropdown-toggle unitText1 dropDep change-dep-btn ng-untouched ng-pristine ng-valid\" dontlock=\"true\" id=\"dropdownBasic1\" role=\"combobox\" type=\"text\" ng-reflect-input-formatter=\"function (selectItem) {\n      \" ng-reflect-ngb-typeahead=\"function (text$) {\n           \" ng-reflect-result-formatter=\"function (selectItem) {\n      \" ng-reflect-model=\"[object Object]\" autocomplete=\"off\" aria-autocomplete=\"list\" aria-expanded=\"false\"> is not clickable at point (966, 83). Other element would receive the click: <div _ngcontent-ymp-c3=\"\" class=\"overlay\" ng-reflect-ng-style=\"[object Object]\" style=\"background-color: rgba(51, 51, 51, 0.5); position: fixed;\">...</div>\n  (Session info: chrome=114.0.5735.199)\nBuild info: version: '4.0.0-alpha-7', revision: 'de8579b6d5'\nSystem info: host: 'LANJENKINS2', ip: '172.30.0.14', os.name: 'Windows Server 2022', os.arch: 'amd64', os.version: '10.0', java.version: '17.0.4.1'\nDriver info: org.openqa.selenium.chrome.ChromeDriver\nCapabilities {acceptInsecureCerts: false, browserName: chrome, browserVersion: 114.0.5735.199, chrome: {chromedriverVersion: 114.0.5735.90 (386bc09e8f4f..., userDataDir: C:\\Windows\\SystemTemp\\scope...}, goog:chromeOptions: {debuggerAddress: localhost:53793}, javascriptEnabled: true, networkConnectionEnabled: false, pageLoadStrategy: normal, platform: WINDOWS, platformName: WINDOWS, proxy: Proxy(), setWindowRect: true, strictFileInteractability: false, timeouts: {implicit: 0, pageLoad: 300000, script: 30000}, unhandledPromptBehavior: dismiss and notify, webauthn:extension:credBlob: true, webauthn:extension:largeBlob: true, webauthn:extension:minPinLength: true, webauthn:extension:prf: true, webauthn:virtualAuthenticators: true}\nSession ID: 72ea5e1831bf8f380b4c60276fbc11fb","trace":"org.openqa.selenium.ElementClickInterceptedException: element click intercepted: Element <input _ngcontent-ymp-c8=\"\" aria-multiline=\"false\" autocapitalize=\"off\" autocorrect=\"off\" class=\"btn-default dropdown-toggle unitText1 dropDep change-dep-btn ng-untouched ng-pristine ng-valid\" dontlock=\"true\" id=\"dropdownBasic1\" role=\"combobox\" type=\"text\" ng-reflect-input-formatter=\"function (selectItem) {\n      \" ng-reflect-ngb-typeahead=\"function (text$) {\n           \" ng-reflect-result-formatter=\"function (selectItem) {\n      \" ng-reflect-model=\"[object Object]\" autocomplete=\"off\" aria-autocomplete=\"list\" aria-expanded=\"false\"> is not clickable at point (966, 83). Other element would receive the click: <div _ngcontent-ymp-c3=\"\" class=\"overlay\" ng-reflect-ng-style=\"[object Object]\" style=\"background-color: rgba(51, 51, 51, 0.5); position: fixed;\">...</div>\n  (Session info: chrome=114.0.5735.199)\nBuild info: version: '4.0.0-alpha-7', revision: 'de8579b6d5'\nSystem info: host: 'LANJENKINS2', ip: '172.30.0.14', os.name: 'Windows Server 2022', os.arch: 'amd64', os.version: '10.0', java.version: '17.0.4.1'\nDriver info: org.openqa.selenium.chrome.ChromeDriver\nCapabilities {acceptInsecureCerts: false, browserName: chrome, browserVersion: 114.0.5735.199, chrome: {chromedriverVersion: 114.0.5735.90 (386bc09e8f4f..., userDataDir: C:\\Windows\\SystemTemp\\scope...}, goog:chromeOptions: {debuggerAddress: localhost:53793}, javascriptEnabled: true, networkConnectionEnabled: false, pageLoadStrategy: normal, platform: WINDOWS, platformName: WINDOWS, proxy: Proxy(), setWindowRect: true, strictFileInteractability: false, timeouts: {implicit: 0, pageLoad: 300000, script: 30000}, unhandledPromptBehavior: dismiss and notify, webauthn:extension:credBlob: true, webauthn:extension:largeBlob: true, webauthn:extension:minPinLength: true, webauthn:extension:prf: true, webauthn:virtualAuthenticators: true}\nSession ID: 72ea5e1831bf8f380b4c60276fbc11fb\r\n\tat java.base/jdk.internal.reflect.NativeConstructorAccessorImpl.newInstance0(Native Method)\r\n\tat java.base/jdk.internal.reflect.NativeConstructorAccessorImpl.newInstance(NativeConstructorAccessorImpl.java:77)\r\n\tat java.base/jdk.internal.reflect.DelegatingConstructorAccessorImpl.newInstance(DelegatingConstructorAccessorImpl.java:45)\r\n\tat java.base/java.lang.reflect.Constructor.newInstanceWithCaller(Constructor.java:499)\r\n\tat java.base/java.lang.reflect.Constructor.newInstance(Constructor.java:480)\r\n\tat org.openqa.selenium.remote.codec.w3c.W3CHttpResponseCodec.createException(W3CHttpResponseCodec.java:196)\r\n\tat org.openqa.selenium.remote.codec.w3c.W3CHttpResponseCodec.decode(W3CHttpResponseCodec.java:129)\r\n\tat org.openqa.selenium.remote.codec.w3c.W3CHttpResponseCodec.decode(W3CHttpResponseCodec.java:53)\r\n\tat org.openqa.selenium.remote.HttpCommandExecutor.execute(HttpCommandExecutor.java:167)\r\n\tat org.openqa.selenium.remote.service.DriverCommandExecutor.execute(DriverCommandExecutor.java:123)\r\n\tat org.openqa.selenium.remote.RemoteWebDriver.execute(RemoteWebDriver.java:501)\r\n\tat org.openqa.selenium.remote.RemoteWebElement.execute(RemoteWebElement.java:238)\r\n\tat org.openqa.selenium.remote.RemoteWebElement.click(RemoteWebElement.java:79)\r\n\tat jdk.internal.reflect.GeneratedMethodAccessor19.invoke(Unknown Source)\r\n\tat java.base/jdk.internal.reflect.DelegatingMethodAccessorImpl.invoke(DelegatingMethodAccessorImpl.java:43)\r\n\tat java.base/java.lang.reflect.Method.invoke(Method.java:568)\r\n\tat org.openqa.selenium.support.pagefactory.internal.LocatingElementHandler.invoke(LocatingElementHandler.java:52)\r\n\tat jdk.proxy2/jdk.proxy2.$Proxy17.click(Unknown Source)\r\n\tat extensions.UIActions.click(UIActions.java:43)\r\n\tat workflows.departmentFlows.chooseDepartment(departmentFlows.java:14)\r\n\tat regression.regression2.test01_addAndSaveAllInstructionToPatient(regression2.java:83)\r\n\tat java.base/jdk.internal.reflect.NativeMethodAccessorImpl.invoke0(Native Method)\r\n\tat java.base/jdk.internal.reflect.NativeMethodAccessorImpl.invoke(NativeMethodAccessorImpl.java:77)\r\n\tat java.base/jdk.internal.reflect.DelegatingMethodAccessorImpl.invoke(DelegatingMethodAccessorImpl.java:43)\r\n\tat java.base/java.lang.reflect.Method.invoke(Method.java:568)\r\n\tat org.testng.internal.MethodInvocationHelper.invokeMethod(MethodInvocationHelper.java:133)\r\n\tat org.testng.internal.TestInvoker.invokeMethod(TestInvoker.java:598)\r\n\tat org.testng.internal.TestInvoker.invokeTestMethod(TestInvoker.java:173)\r\n\tat org.testng.internal.MethodRunner.runInSequence(MethodRunner.java:46)\r\n\tat org.testng.internal.TestInvoker$MethodInvocationAgent.invoke(TestInvoker.java:824)\r\n\tat org.testng.internal.TestInvoker.invokeTestMethods(TestInvoker.java:146)\r\n\tat org.testng.internal.TestMethodWorker.invokeTestMethods(TestMethodWorker.java:146)\r\n\tat org.testng.internal.TestMethodWorker.run(TestMethodWorker.java:128)\r\n\tat java.base/java.util.ArrayList.forEach(ArrayList.java:1511)\r\n\tat org.testng.TestRunner.privateRun(TestRunner.java:794)\r\n\tat org.testng.TestRunner.run(TestRunner.java:596)\r\n\tat org.testng.SuiteRunner.runTest(SuiteRunner.java:377)\r\n\tat org.testng.SuiteRunner.runSequentially(SuiteRunner.java:371)\r\n\tat org.testng.SuiteRunner.privateRun(SuiteRunner.java:332)\r\n\tat org.testng.SuiteRunner.run(SuiteRunner.java:276)\r\n\tat org.testng.SuiteRunnerWorker.runSuite(SuiteRunnerWorker.java:53)\r\n\tat org.testng.SuiteRunnerWorker.run(SuiteRunnerWorker.java:96)\r\n\tat org.testng.TestNG.runSuitesSequentially(TestNG.java:1212)\r\n\tat org.testng.TestNG.runSuitesLocally(TestNG.java:1134)\r\n\tat org.testng.TestNG.runSuites(TestNG.java:1063)\r\n\tat org.testng.TestNG.run(TestNG.java:1031)\r\n\tat org.apache.maven.surefire.testng.TestNGExecutor.run(TestNGExecutor.java:283)\r\n\tat org.apache.maven.surefire.testng.TestNGXmlTestSuite.execute(TestNGXmlTestSuite.java:75)\r\n\tat org.apache.maven.surefire.testng.TestNGProvider.invoke(TestNGProvider.java:120)\r\n\tat org.apache.maven.surefire.booter.ForkedBooter.invokeProviderInSameClassLoader(ForkedBooter.java:384)\r\n\tat org.apache.maven.surefire.booter.ForkedBooter.runSuitesInProcess(ForkedBooter.java:345)\r\n\tat org.apache.maven.surefire.booter.ForkedBooter.execute(ForkedBooter.java:126)\r\n\tat org.apache.maven.surefire.booter.ForkedBooter.main(ForkedBooter.java:418)\r\n"},"stage":"finished","steps":[],"attachments":[],"parameters":[{"name":"elem","value":"[[ChromeDriver: chrome on WINDOWS (72ea5e1831bf8f380b4c60276fbc11fb)] -> id: dropdownBasic1]"}],"start":1696881867022,"stop":1696881868156}],"attachments":[],"parameters":[{"name":"dep","value":"חדר מיון"}],"start":1696881866537,"stop":1696881868157}],"attachments":[{"name":"Page Screen-Shot","source":"815bd711-6bb7-48ba-a2a8-e42bd477fa47-attachment","type":"image/png"}],"parameters":[],"start":1696881773706,"stop":1696881868766,"uuid":"0010d5d3-0168-4c76-8062-0e905778d31d","historyId":"df0ebace63e89e0e55088a0d0dfb7048","fullName":"regression.regression2.test01_addAndSaveAllInstructionToPatient","labels":[{"name":"package","value":"regression.regression2"},{"name":"testClass","value":"regression.regression2"},{"name":"testMethod","value":"test01_addAndSaveAllInstructionToPatient"},{"name":"parentSuite","value":"regression_2"},{"name":"suite","value":"emergency_allInstruction"},{"name":"subSuite","value":"regression.regression2"},{"name":"host","value":"lanjenkins2"},{"name":"thread","value":"4500@lanjenkins2.main(1)"},{"name":"framework","value":"testng"},{"name":"language","value":"java"}],"links":[]}