{"name":"add all instruction emergency to patient","status":"passed","statusDetails":{"known":false,"muted":false,"flaky":false},"stage":"finished","description":"add all instruction emergency to patient","steps":[{"name":" Login With Choose Role","status":"passed","stage":"finished","steps":[{"name":"Update Text Element","status":"passed","stage":"finished","steps":[],"attachments":[],"parameters":[{"name":"elem","value":"[[ChromeDriver: chrome on windows (149aa1b8540ec6da787daff7a87a7595)] -> id: user_name]"},{"name":"text","value":"test"}],"start":1702069380494,"stop":1702069380640},{"name":"Update Text Element","status":"passed","stage":"finished","steps":[],"attachments":[],"parameters":[{"name":"elem","value":"[[ChromeDriver: chrome on windows (149aa1b8540ec6da787daff7a87a7595)] -> id: password]"},{"name":"text","value":"Te231121"}],"start":1702069380664,"stop":1702069380896},{"name":"Click on Element","status":"passed","stage":"finished","steps":[],"attachments":[],"parameters":[{"name":"elem","value":"[[ChromeDriver: chrome on windows (149aa1b8540ec6da787daff7a87a7595)] -> id: submitBtn]"}],"start":1702069380939,"stop":1702069381158},{"name":"Select text from List","status":"passed","stage":"finished","steps":[{"name":"Click on Element","status":"passed","stage":"finished","steps":[],"attachments":[],"parameters":[{"name":"elem","value":"[[ChromeDriver: chrome on windows (149aa1b8540ec6da787daff7a87a7595)] -> tag name: li]"}],"start":1702069382543,"stop":1702069382663}],"attachments":[],"parameters":[{"name":"list","value":"[[[ChromeDriver: chrome on windows (149aa1b8540ec6da787daff7a87a7595)] -> tag name: li], [[ChromeDriver: chrome on windows (149aa1b8540ec6da787daff7a87a7595)] -> tag name: li], [[ChromeDriver: chrome on windows (149aa1b8540ec6da787daff7a87a7595)] -> tag name: li], [[ChromeDriver: chrome on windows (149aa1b8540ec6da787daff7a87a7595)] -> tag name: li], [[ChromeDriver: chrome on windows (149aa1b8540ec6da787daff7a87a7595)] -> tag name: li], [[ChromeDriver: chrome on windows (149aa1b8540ec6da787daff7a87a7595)] -> tag name: li], [[ChromeDriver: chrome on windows (149aa1b8540ec6da787daff7a87a7595)] -> tag name: li], [[ChromeDriver: chrome on windows (149aa1b8540ec6da787daff7a87a7595)] -> tag name: li], [[ChromeDriver: chrome on windows (149aa1b8540ec6da787daff7a87a7595)] -> tag name: li]]"},{"name":"text","value":"רופא"}],"start":1702069382501,"stop":1702069382663}],"attachments":[],"parameters":[{"name":"r","value":"d"}],"start":1702069380477,"stop":1702069383663},{"name":"choose department","status":"passed","stage":"finished","steps":[{"name":"Click on Element","status":"passed","stage":"finished","steps":[],"attachments":[],"parameters":[{"name":"elem","value":"[[ChromeDriver: chrome on windows (149aa1b8540ec6da787daff7a87a7595)] -> id: dropdownBasic1]"}],"start":1702069384223,"stop":1702069385101},{"name":"Click on Element","status":"passed","stage":"finished","steps":[],"attachments":[],"parameters":[{"name":"elem","value":"[[ChromeDriver: chrome on windows (149aa1b8540ec6da787daff7a87a7595)] -> xpath: //ngb-typeahead-window//button]"}],"start":1702069390965,"stop":1702069391142}],"attachments":[],"parameters":[{"name":"dep","value":"חדר מיון"}],"start":1702069383663,"stop":1702069391142},{"name":" patientBoxEntry","status":"passed","stage":"finished","steps":[{"name":"Click on Element","status":"passed","stage":"finished","steps":[],"attachments":[],"parameters":[{"name":"elem","value":"[[ChromeDriver: chrome on windows (149aa1b8540ec6da787daff7a87a7595)] -> xpath: //p-table[contains(@class,'depMeushpazim-table patients-table')]//tr]"}],"start":1702069391949,"stop":1702069392144},{"name":"Verify Text in Element","status":"passed","stage":"finished","steps":[],"attachments":[],"parameters":[{"name":"elem","value":"[[ChromeDriver: chrome on windows (149aa1b8540ec6da787daff7a87a7595)] -> xpath: //span[@class='value-label']]"},{"name":"expected","value":"מס' שרות:"}],"start":1702069392395,"stop":1702069392441}],"attachments":[],"parameters":[{"name":"index","value":"1"}],"start":1702069391142,"stop":1702069392441},{"name":" stop all active instruction to patient","status":"passed","stage":"finished","steps":[{"name":"Click on Element","status":"passed","stage":"finished","steps":[],"attachments":[],"parameters":[{"name":"elem","value":"[[ChromeDriver: chrome on windows (149aa1b8540ec6da787daff7a87a7595)] -> xpath: //button/i[@class='icon ion-android-hand ion-md-hand glyphiconBtnEdit']]"}],"start":1702069396876,"stop":1702069397028},{"name":" click on approvalInstructions","status":"passed","stage":"finished","steps":[{"name":"Wait for text in element","status":"passed","stage":"finished","steps":[],"attachments":[],"parameters":[{"name":"elem","value":"[[[[ChromeDriver: chrome on windows (149aa1b8540ec6da787daff7a87a7595)] -> id: approvalDrug]] -> tag name: span]"}],"start":1702069397145,"stop":1702069397320},{"name":"sign","status":"passed","stage":"finished","steps":[],"attachments":[],"parameters":[],"start":1702069397321,"stop":1702069400493}],"attachments":[],"parameters":[],"start":1702069397029,"stop":1702069400493}],"attachments":[],"parameters":[],"start":1702069392442,"stop":1702069400493},{"name":" click on newDrug","status":"passed","stage":"finished","steps":[{"name":"Click on Element","status":"passed","stage":"finished","steps":[],"attachments":[],"parameters":[{"name":"elem","value":"[[ChromeDriver: chrome on windows (149aa1b8540ec6da787daff7a87a7595)] -> id: btnAddMedicine]"}],"start":1702069401075,"stop":1702069401333}],"attachments":[],"parameters":[],"start":1702069400493,"stop":1702069406336},{"name":" fill DrugForm for addNewDrugOnceOnly","status":"passed","stage":"finished","steps":[{"name":" Fill Drug's Details","status":"passed","stage":"finished","steps":[{"name":" confirm same instruction","status":"broken","statusDetails":{"known":false,"muted":false,"flaky":false,"message":"no such element: Unable to locate element: {\"method\":\"css selector\",\"selector\":\"#buttonImport\"}\n  (Session info: chrome=114.0.5735.199)\nFor documentation on this error, please visit: https://www.selenium.dev/documentation/webdriver/troubleshooting/errors#no-such-element-exception\nBuild info: version: '4.12.1', revision: '8e34639b11'\nSystem info: os.name: 'Windows Server 2022', os.arch: 'amd64', os.version: '10.0', java.version: '17.0.4.1'\nDriver info: org.openqa.selenium.chrome.ChromeDriver\nCommand: [149aa1b8540ec6da787daff7a87a7595, findElement {using=id, value=buttonImport}]\nCapabilities {acceptInsecureCerts: false, browserName: chrome, browserVersion: 114.0.5735.199, chrome: {chromedriverVersion: 114.0.5735.90 (386bc09e8f4f..., userDataDir: C:\\Windows\\SystemTemp\\scope...}, goog:chromeOptions: {debuggerAddress: localhost:50738}, networkConnectionEnabled: false, pageLoadStrategy: normal, platformName: windows, proxy: Proxy(), se:cdp: ws://localhost:50738/devtoo..., se:cdpVersion: 114.0.5735.199, setWindowRect: true, strictFileInteractability: false, timeouts: {implicit: 0, pageLoad: 300000, script: 30000}, unhandledPromptBehavior: dismiss and notify, webauthn:extension:credBlob: true, webauthn:extension:largeBlob: true, webauthn:extension:minPinLength: true, webauthn:extension:prf: true, webauthn:virtualAuthenticators: true}\nSession ID: 149aa1b8540ec6da787daff7a87a7595","trace":"org.openqa.selenium.NoSuchElementException: no such element: Unable to locate element: {\"method\":\"css selector\",\"selector\":\"#buttonImport\"}\n  (Session info: chrome=114.0.5735.199)\nFor documentation on this error, please visit: https://www.selenium.dev/documentation/webdriver/troubleshooting/errors#no-such-element-exception\nBuild info: version: '4.12.1', revision: '8e34639b11'\nSystem info: os.name: 'Windows Server 2022', os.arch: 'amd64', os.version: '10.0', java.version: '17.0.4.1'\nDriver info: org.openqa.selenium.chrome.ChromeDriver\nCommand: [149aa1b8540ec6da787daff7a87a7595, findElement {using=id, value=buttonImport}]\nCapabilities {acceptInsecureCerts: false, browserName: chrome, browserVersion: 114.0.5735.199, chrome: {chromedriverVersion: 114.0.5735.90 (386bc09e8f4f..., userDataDir: C:\\Windows\\SystemTemp\\scope...}, goog:chromeOptions: {debuggerAddress: localhost:50738}, networkConnectionEnabled: false, pageLoadStrategy: normal, platformName: windows, proxy: Proxy(), se:cdp: ws://localhost:50738/devtoo..., se:cdpVersion: 114.0.5735.199, setWindowRect: true, strictFileInteractability: false, timeouts: {implicit: 0, pageLoad: 300000, script: 30000}, unhandledPromptBehavior: dismiss and notify, webauthn:extension:credBlob: true, webauthn:extension:largeBlob: true, webauthn:extension:minPinLength: true, webauthn:extension:prf: true, webauthn:virtualAuthenticators: true}\nSession ID: 149aa1b8540ec6da787daff7a87a7595\r\n\tat java.base/jdk.internal.reflect.NativeConstructorAccessorImpl.newInstance0(Native Method)\r\n\tat java.base/jdk.internal.reflect.NativeConstructorAccessorImpl.newInstance(NativeConstructorAccessorImpl.java:77)\r\n\tat java.base/jdk.internal.reflect.DelegatingConstructorAccessorImpl.newInstance(DelegatingConstructorAccessorImpl.java:45)\r\n\tat java.base/java.lang.reflect.Constructor.newInstanceWithCaller(Constructor.java:499)\r\n\tat java.base/java.lang.reflect.Constructor.newInstance(Constructor.java:480)\r\n\tat org.openqa.selenium.remote.codec.w3c.W3CHttpResponseCodec.createException(W3CHttpResponseCodec.java:200)\r\n\tat org.openqa.selenium.remote.codec.w3c.W3CHttpResponseCodec.decode(W3CHttpResponseCodec.java:133)\r\n\tat org.openqa.selenium.remote.codec.w3c.W3CHttpResponseCodec.decode(W3CHttpResponseCodec.java:52)\r\n\tat org.openqa.selenium.remote.HttpCommandExecutor.execute(HttpCommandExecutor.java:191)\r\n\tat org.openqa.selenium.remote.service.DriverCommandExecutor.invokeExecute(DriverCommandExecutor.java:196)\r\n\tat org.openqa.selenium.remote.service.DriverCommandExecutor.execute(DriverCommandExecutor.java:171)\r\n\tat org.openqa.selenium.remote.RemoteWebDriver.execute(RemoteWebDriver.java:602)\r\n\tat org.openqa.selenium.remote.ElementLocation$ElementFinder$2.findElement(ElementLocation.java:165)\r\n\tat org.openqa.selenium.remote.ElementLocation.findElement(ElementLocation.java:59)\r\n\tat org.openqa.selenium.remote.RemoteWebDriver.findElement(RemoteWebDriver.java:359)\r\n\tat org.openqa.selenium.remote.RemoteWebDriver.findElement(RemoteWebDriver.java:353)\r\n\tat org.openqa.selenium.support.pagefactory.DefaultElementLocator.findElement(DefaultElementLocator.java:68)\r\n\tat org.openqa.selenium.support.pagefactory.internal.LocatingElementHandler.invoke(LocatingElementHandler.java:38)\r\n\tat jdk.proxy2/jdk.proxy2.$Proxy17.click(Unknown Source)\r\n\tat workflows.doctor.doctorFlows.confirmModalSameInstruction(doctorFlows.java:387)\r\n\tat workflows.doctor.doctorFlows.fillDrugsDetails(doctorFlows.java:132)\r\n\tat workflows.doctor.doctorFlows.drugFormAddDrugOnceOnly(doctorFlows.java:235)\r\n\tat regression.regression2.test01_addAndSaveAllInstructionToPatient(regression2.java:62)\r\n\tat java.base/jdk.internal.reflect.NativeMethodAccessorImpl.invoke0(Native Method)\r\n\tat java.base/jdk.internal.reflect.NativeMethodAccessorImpl.invoke(NativeMethodAccessorImpl.java:77)\r\n\tat java.base/jdk.internal.reflect.DelegatingMethodAccessorImpl.invoke(DelegatingMethodAccessorImpl.java:43)\r\n\tat java.base/java.lang.reflect.Method.invoke(Method.java:568)\r\n\tat org.testng.internal.MethodInvocationHelper.invokeMethod(MethodInvocationHelper.java:133)\r\n\tat org.testng.internal.TestInvoker.invokeMethod(TestInvoker.java:598)\r\n\tat org.testng.internal.TestInvoker.invokeTestMethod(TestInvoker.java:173)\r\n\tat org.testng.internal.MethodRunner.runInSequence(MethodRunner.java:46)\r\n\tat org.testng.internal.TestInvoker$MethodInvocationAgent.invoke(TestInvoker.java:824)\r\n\tat org.testng.internal.TestInvoker.invokeTestMethods(TestInvoker.java:146)\r\n\tat org.testng.internal.TestMethodWorker.invokeTestMethods(TestMethodWorker.java:146)\r\n\tat org.testng.internal.TestMethodWorker.run(TestMethodWorker.java:128)\r\n\tat java.base/java.util.ArrayList.forEach(ArrayList.java:1511)\r\n\tat org.testng.TestRunner.privateRun(TestRunner.java:794)\r\n\tat org.testng.TestRunner.run(TestRunner.java:596)\r\n\tat org.testng.SuiteRunner.runTest(SuiteRunner.java:377)\r\n\tat org.testng.SuiteRunner.runSequentially(SuiteRunner.java:371)\r\n\tat org.testng.SuiteRunner.privateRun(SuiteRunner.java:332)\r\n\tat org.testng.SuiteRunner.run(SuiteRunner.java:276)\r\n\tat org.testng.SuiteRunnerWorker.runSuite(SuiteRunnerWorker.java:53)\r\n\tat org.testng.SuiteRunnerWorker.run(SuiteRunnerWorker.java:96)\r\n\tat org.testng.TestNG.runSuitesSequentially(TestNG.java:1212)\r\n\tat org.testng.TestNG.runSuitesLocally(TestNG.java:1134)\r\n\tat org.testng.TestNG.runSuites(TestNG.java:1063)\r\n\tat org.testng.TestNG.run(TestNG.java:1031)\r\n\tat org.apache.maven.surefire.testng.TestNGExecutor.run(TestNGExecutor.java:283)\r\n\tat org.apache.maven.surefire.testng.TestNGXmlTestSuite.execute(TestNGXmlTestSuite.java:75)\r\n\tat org.apache.maven.surefire.testng.TestNGProvider.invoke(TestNGProvider.java:120)\r\n\tat org.apache.maven.surefire.booter.ForkedBooter.invokeProviderInSameClassLoader(ForkedBooter.java:384)\r\n\tat org.apache.maven.surefire.booter.ForkedBooter.runSuitesInProcess(ForkedBooter.java:345)\r\n\tat org.apache.maven.surefire.booter.ForkedBooter.execute(ForkedBooter.java:126)\r\n\tat org.apache.maven.surefire.booter.ForkedBooter.main(ForkedBooter.java:418)\r\n"},"stage":"finished","steps":[],"attachments":[],"parameters":[],"start":1702069407233,"stop":1702069413308}],"attachments":[],"parameters":[{"name":"drugName","value":"INJ acetylcysteine 2g/10ml (PARVOLEX)"},{"name":"dosage","value":"null"},{"name":"routeAdministration","value":"null"}],"start":1702069406336,"stop":1702069413308},{"name":"Update Text Element","status":"passed","stage":"finished","steps":[],"attachments":[],"parameters":[{"name":"elem","value":"[[ChromeDriver: chrome on windows (149aa1b8540ec6da787daff7a87a7595)] -> id: drugComment]"},{"name":"text","value":"בדיקות אוטו'"}],"start":1702069413447,"stop":1702069413712}],"attachments":[],"parameters":[{"name":"drugName","value":"INJ acetylcysteine 2g/10ml (PARVOLEX)"},{"name":"dosage","value":"null"},{"name":"hour","value":"null"},{"name":"routeAdinistration","value":"null"},{"name":"withExecute","value":"false"},{"name":"addAndClose","value":"false"}],"start":1702069406336,"stop":1702069413980},{"name":"Update Text Element","status":"passed","stage":"finished","steps":[],"attachments":[],"parameters":[{"name":"elem","value":"[[ChromeDriver: chrome on windows (149aa1b8540ec6da787daff7a87a7595)] -> id: selectDrug]"},{"name":"text","value":"   "}],"start":1702069414027,"stop":1702069414211},{"name":" fill DrugForm for addNewDrugSOS","status":"passed","stage":"finished","steps":[{"name":" Fill Drug's Details","status":"passed","stage":"finished","steps":[{"name":" confirm same instruction","status":"passed","stage":"finished","steps":[],"attachments":[],"parameters":[],"start":1702069415442,"stop":1702069416609}],"attachments":[],"parameters":[{"name":"drugName","value":"INJ acetylcysteine 2g/10ml (PARVOLEX)"},{"name":"dosage","value":"20"},{"name":"routeAdministration","value":"null"}],"start":1702069414713,"stop":1702069416933},{"name":"Update Text Element","status":"passed","stage":"finished","steps":[],"attachments":[],"parameters":[{"name":"elem","value":"[[ChromeDriver: chrome on windows (149aa1b8540ec6da787daff7a87a7595)] -> id: drugComment]"},{"name":"text","value":"בדיקות אוטו'"}],"start":1702069416959,"stop":1702069417223},{"name":" Fill details to SOS drug","status":"passed","stage":"finished","steps":[{"name":"Click on Element","status":"passed","stage":"finished","steps":[],"attachments":[],"parameters":[{"name":"elem","value":"[[ChromeDriver: chrome on windows (149aa1b8540ec6da787daff7a87a7595)] -> id: sosMaxTimesPerDay]"}],"start":1702069417436,"stop":1702069417616},{"name":"Select text from List","status":"passed","stage":"finished","steps":[{"name":"Click on Element","status":"passed","stage":"finished","steps":[],"attachments":[],"parameters":[{"name":"elem","value":"[[ChromeDriver: chrome on windows (149aa1b8540ec6da787daff7a87a7595)] -> xpath: //button[@id='sosMaxTimesPerDay']/following-sibling::ul/li]"}],"start":1702069417709,"stop":1702069417872}],"attachments":[],"parameters":[{"name":"list","value":"[[[ChromeDriver: chrome on windows (149aa1b8540ec6da787daff7a87a7595)] -> xpath: //button[@id='sosMaxTimesPerDay']/following-sibling::ul/li], [[ChromeDriver: chrome on windows (149aa1b8540ec6da787daff7a87a7595)] -> xpath: //button[@id='sosMaxTimesPerDay']/following-sibling::ul/li], [[ChromeDriver: chrome on windows (149aa1b8540ec6da787daff7a87a7595)] -> xpath: //button[@id='sosMaxTimesPerDay']/following-sibling::ul/li], [[ChromeDriver: chrome on windows (149aa1b8540ec6da787daff7a87a7595)] -> xpath: //button[@id='sosMaxTimesPerDay']/following-sibling::ul/li], [[ChromeDriver: chrome on windows (149aa1b8540ec6da787daff7a87a7595)] -> xpath: //button[@id='sosMaxTimesPerDay']/following-sibling::ul/li], [[ChromeDriver: chrome on windows (149aa1b8540ec6da787daff7a87a7595)] -> xpath: //button[@id='sosMaxTimesPerDay']/following-sibling::ul/li], [[ChromeDriver: chrome on windows (149aa1b8540ec6da787daff7a87a7595)] -> xpath: //button[@id='sosMaxTimesPerDay']/following-sibling::ul/li], [[ChromeDriver: chrome on windows (149aa1b8540ec6da787daff7a87a7595)] -> xpath: //button[@id='sosMaxTimesPerDay']/following-sibling::ul/li], [[ChromeDriver: chrome on windows (149aa1b8540ec6da787daff7a87a7595)] -> xpath: //button[@id='sosMaxTimesPerDay']/following-sibling::ul/li], [[ChromeDriver: chrome on windows (149aa1b8540ec6da787daff7a87a7595)] -> xpath: //button[@id='sosMaxTimesPerDay']/following-sibling::ul/li], [[ChromeDriver: chrome on windows (149aa1b8540ec6da787daff7a87a7595)] -> xpath: //button[@id='sosMaxTimesPerDay']/following-sibling::ul/li], [[ChromeDriver: chrome on windows (149aa1b8540ec6da787daff7a87a7595)] -> xpath: //button[@id='sosMaxTimesPerDay']/following-sibling::ul/li]]"},{"name":"text","value":"4"}],"start":1702069417637,"stop":1702069417872},{"name":"Click on Element","status":"passed","stage":"finished","steps":[],"attachments":[],"parameters":[{"name":"elem","value":"[[ChromeDriver: chrome on windows (149aa1b8540ec6da787daff7a87a7595)] -> id: sosMinTimesPerDay]"}],"start":1702069417908,"stop":1702069418087},{"name":"Select text from ListInsideAnotherTag","status":"passed","stage":"finished","steps":[{"name":"Click on Element","status":"passed","stage":"finished","steps":[],"attachments":[],"parameters":[{"name":"elem","value":"[[ChromeDriver: chrome on windows (149aa1b8540ec6da787daff7a87a7595)] -> xpath: //button[@id='sosMinTimesPerDay']/following-sibling::ul/li]"}],"start":1702069418291,"stop":1702069418450}],"attachments":[],"parameters":[{"name":"list","value":"[[[ChromeDriver: chrome on windows (149aa1b8540ec6da787daff7a87a7595)] -> xpath: //button[@id='sosMinTimesPerDay']/following-sibling::ul/li], [[ChromeDriver: chrome on windows (149aa1b8540ec6da787daff7a87a7595)] -> xpath: //button[@id='sosMinTimesPerDay']/following-sibling::ul/li], [[ChromeDriver: chrome on windows (149aa1b8540ec6da787daff7a87a7595)] -> xpath: //button[@id='sosMinTimesPerDay']/following-sibling::ul/li], [[ChromeDriver: chrome on windows (149aa1b8540ec6da787daff7a87a7595)] -> xpath: //button[@id='sosMinTimesPerDay']/following-sibling::ul/li], [[ChromeDriver: chrome on windows (149aa1b8540ec6da787daff7a87a7595)] -> xpath: //button[@id='sosMinTimesPerDay']/following-sibling::ul/li], [[ChromeDriver: chrome on windows (149aa1b8540ec6da787daff7a87a7595)] -> xpath: //button[@id='sosMinTimesPerDay']/following-sibling::ul/li], [[ChromeDriver: chrome on windows (149aa1b8540ec6da787daff7a87a7595)] -> xpath: //button[@id='sosMinTimesPerDay']/following-sibling::ul/li], [[ChromeDriver: chrome on windows (149aa1b8540ec6da787daff7a87a7595)] -> xpath: //button[@id='sosMinTimesPerDay']/following-sibling::ul/li], [[ChromeDriver: chrome on windows (149aa1b8540ec6da787daff7a87a7595)] -> xpath: //button[@id='sosMinTimesPerDay']/following-sibling::ul/li], [[ChromeDriver: chrome on windows (149aa1b8540ec6da787daff7a87a7595)] -> xpath: //button[@id='sosMinTimesPerDay']/following-sibling::ul/li], [[ChromeDriver: chrome on windows (149aa1b8540ec6da787daff7a87a7595)] -> xpath: //button[@id='sosMinTimesPerDay']/following-sibling::ul/li], [[ChromeDriver: chrome on windows (149aa1b8540ec6da787daff7a87a7595)] -> xpath: //button[@id='sosMinTimesPerDay']/following-sibling::ul/li]]"},{"name":"text","value":"3"}],"start":1702069418123,"stop":1702069418450}],"attachments":[],"parameters":[{"name":"max","value":"4"},{"name":"min","value":"3"}],"start":1702069417402,"stop":1702069418450}],"attachments":[],"parameters":[{"name":"drugName","value":"INJ acetylcysteine 2g/10ml (PARVOLEX)"},{"name":"dosage","value":"20"},{"name":"routeAdinistration","value":"null"},{"name":"max","value":"4"},{"name":"min","value":"3"},{"name":"addAndClose","value":"false"}],"start":1702069414712,"stop":1702069418572},{"name":"Update Text Element","status":"passed","stage":"finished","steps":[],"attachments":[],"parameters":[{"name":"elem","value":"[[ChromeDriver: chrome on windows (149aa1b8540ec6da787daff7a87a7595)] -> id: selectDrug]"},{"name":"text","value":"   "}],"start":1702069418660,"stop":1702069418988},{"name":" Fill DrugForm for addNewDrugDiluted","status":"passed","stage":"finished","steps":[{"name":" confirm same instruction","status":"broken","statusDetails":{"known":false,"muted":false,"flaky":false,"message":"no such element: Unable to locate element: {\"method\":\"css selector\",\"selector\":\"#buttonImport\"}\n  (Session info: chrome=114.0.5735.199)\nFor documentation on this error, please visit: https://www.selenium.dev/documentation/webdriver/troubleshooting/errors#no-such-element-exception\nBuild info: version: '4.12.1', revision: '8e34639b11'\nSystem info: os.name: 'Windows Server 2022', os.arch: 'amd64', os.version: '10.0', java.version: '17.0.4.1'\nDriver info: org.openqa.selenium.chrome.ChromeDriver\nCommand: [149aa1b8540ec6da787daff7a87a7595, findElement {using=id, value=buttonImport}]\nCapabilities {acceptInsecureCerts: false, browserName: chrome, browserVersion: 114.0.5735.199, chrome: {chromedriverVersion: 114.0.5735.90 (386bc09e8f4f..., userDataDir: C:\\Windows\\SystemTemp\\scope...}, goog:chromeOptions: {debuggerAddress: localhost:50738}, networkConnectionEnabled: false, pageLoadStrategy: normal, platformName: windows, proxy: Proxy(), se:cdp: ws://localhost:50738/devtoo..., se:cdpVersion: 114.0.5735.199, setWindowRect: true, strictFileInteractability: false, timeouts: {implicit: 0, pageLoad: 300000, script: 30000}, unhandledPromptBehavior: dismiss and notify, webauthn:extension:credBlob: true, webauthn:extension:largeBlob: true, webauthn:extension:minPinLength: true, webauthn:extension:prf: true, webauthn:virtualAuthenticators: true}\nSession ID: 149aa1b8540ec6da787daff7a87a7595","trace":"org.openqa.selenium.NoSuchElementException: no such element: Unable to locate element: {\"method\":\"css selector\",\"selector\":\"#buttonImport\"}\n  (Session info: chrome=114.0.5735.199)\nFor documentation on this error, please visit: https://www.selenium.dev/documentation/webdriver/troubleshooting/errors#no-such-element-exception\nBuild info: version: '4.12.1', revision: '8e34639b11'\nSystem info: os.name: 'Windows Server 2022', os.arch: 'amd64', os.version: '10.0', java.version: '17.0.4.1'\nDriver info: org.openqa.selenium.chrome.ChromeDriver\nCommand: [149aa1b8540ec6da787daff7a87a7595, findElement {using=id, value=buttonImport}]\nCapabilities {acceptInsecureCerts: false, browserName: chrome, browserVersion: 114.0.5735.199, chrome: {chromedriverVersion: 114.0.5735.90 (386bc09e8f4f..., userDataDir: C:\\Windows\\SystemTemp\\scope...}, goog:chromeOptions: {debuggerAddress: localhost:50738}, networkConnectionEnabled: false, pageLoadStrategy: normal, platformName: windows, proxy: Proxy(), se:cdp: ws://localhost:50738/devtoo..., se:cdpVersion: 114.0.5735.199, setWindowRect: true, strictFileInteractability: false, timeouts: {implicit: 0, pageLoad: 300000, script: 30000}, unhandledPromptBehavior: dismiss and notify, webauthn:extension:credBlob: true, webauthn:extension:largeBlob: true, webauthn:extension:minPinLength: true, webauthn:extension:prf: true, webauthn:virtualAuthenticators: true}\nSession ID: 149aa1b8540ec6da787daff7a87a7595\r\n\tat java.base/jdk.internal.reflect.NativeConstructorAccessorImpl.newInstance0(Native Method)\r\n\tat java.base/jdk.internal.reflect.NativeConstructorAccessorImpl.newInstance(NativeConstructorAccessorImpl.java:77)\r\n\tat java.base/jdk.internal.reflect.DelegatingConstructorAccessorImpl.newInstance(DelegatingConstructorAccessorImpl.java:45)\r\n\tat java.base/java.lang.reflect.Constructor.newInstanceWithCaller(Constructor.java:499)\r\n\tat java.base/java.lang.reflect.Constructor.newInstance(Constructor.java:480)\r\n\tat org.openqa.selenium.remote.codec.w3c.W3CHttpResponseCodec.createException(W3CHttpResponseCodec.java:200)\r\n\tat org.openqa.selenium.remote.codec.w3c.W3CHttpResponseCodec.decode(W3CHttpResponseCodec.java:133)\r\n\tat org.openqa.selenium.remote.codec.w3c.W3CHttpResponseCodec.decode(W3CHttpResponseCodec.java:52)\r\n\tat org.openqa.selenium.remote.HttpCommandExecutor.execute(HttpCommandExecutor.java:191)\r\n\tat org.openqa.selenium.remote.service.DriverCommandExecutor.invokeExecute(DriverCommandExecutor.java:196)\r\n\tat org.openqa.selenium.remote.service.DriverCommandExecutor.execute(DriverCommandExecutor.java:171)\r\n\tat org.openqa.selenium.remote.RemoteWebDriver.execute(RemoteWebDriver.java:602)\r\n\tat org.openqa.selenium.remote.ElementLocation$ElementFinder$2.findElement(ElementLocation.java:165)\r\n\tat org.openqa.selenium.remote.ElementLocation.findElement(ElementLocation.java:59)\r\n\tat org.openqa.selenium.remote.RemoteWebDriver.findElement(RemoteWebDriver.java:359)\r\n\tat org.openqa.selenium.remote.RemoteWebDriver.findElement(RemoteWebDriver.java:353)\r\n\tat org.openqa.selenium.support.pagefactory.DefaultElementLocator.findElement(DefaultElementLocator.java:68)\r\n\tat org.openqa.selenium.support.pagefactory.internal.LocatingElementHandler.invoke(LocatingElementHandler.java:38)\r\n\tat jdk.proxy2/jdk.proxy2.$Proxy17.click(Unknown Source)\r\n\tat workflows.doctor.doctorFlows.confirmModalSameInstruction(doctorFlows.java:387)\r\n\tat workflows.doctor.doctorFlows.drugFormAddLiquidDrug(doctorFlows.java:309)\r\n\tat regression.regression2.test01_addAndSaveAllInstructionToPatient(regression2.java:72)\r\n\tat java.base/jdk.internal.reflect.NativeMethodAccessorImpl.invoke0(Native Method)\r\n\tat java.base/jdk.internal.reflect.NativeMethodAccessorImpl.invoke(NativeMethodAccessorImpl.java:77)\r\n\tat java.base/jdk.internal.reflect.DelegatingMethodAccessorImpl.invoke(DelegatingMethodAccessorImpl.java:43)\r\n\tat java.base/java.lang.reflect.Method.invoke(Method.java:568)\r\n\tat org.testng.internal.MethodInvocationHelper.invokeMethod(MethodInvocationHelper.java:133)\r\n\tat org.testng.internal.TestInvoker.invokeMethod(TestInvoker.java:598)\r\n\tat org.testng.internal.TestInvoker.invokeTestMethod(TestInvoker.java:173)\r\n\tat org.testng.internal.MethodRunner.runInSequence(MethodRunner.java:46)\r\n\tat org.testng.internal.TestInvoker$MethodInvocationAgent.invoke(TestInvoker.java:824)\r\n\tat org.testng.internal.TestInvoker.invokeTestMethods(TestInvoker.java:146)\r\n\tat org.testng.internal.TestMethodWorker.invokeTestMethods(TestMethodWorker.java:146)\r\n\tat org.testng.internal.TestMethodWorker.run(TestMethodWorker.java:128)\r\n\tat java.base/java.util.ArrayList.forEach(ArrayList.java:1511)\r\n\tat org.testng.TestRunner.privateRun(TestRunner.java:794)\r\n\tat org.testng.TestRunner.run(TestRunner.java:596)\r\n\tat org.testng.SuiteRunner.runTest(SuiteRunner.java:377)\r\n\tat org.testng.SuiteRunner.runSequentially(SuiteRunner.java:371)\r\n\tat org.testng.SuiteRunner.privateRun(SuiteRunner.java:332)\r\n\tat org.testng.SuiteRunner.run(SuiteRunner.java:276)\r\n\tat org.testng.SuiteRunnerWorker.runSuite(SuiteRunnerWorker.java:53)\r\n\tat org.testng.SuiteRunnerWorker.run(SuiteRunnerWorker.java:96)\r\n\tat org.testng.TestNG.runSuitesSequentially(TestNG.java:1212)\r\n\tat org.testng.TestNG.runSuitesLocally(TestNG.java:1134)\r\n\tat org.testng.TestNG.runSuites(TestNG.java:1063)\r\n\tat org.testng.TestNG.run(TestNG.java:1031)\r\n\tat org.apache.maven.surefire.testng.TestNGExecutor.run(TestNGExecutor.java:283)\r\n\tat org.apache.maven.surefire.testng.TestNGXmlTestSuite.execute(TestNGXmlTestSuite.java:75)\r\n\tat org.apache.maven.surefire.testng.TestNGProvider.invoke(TestNGProvider.java:120)\r\n\tat org.apache.maven.surefire.booter.ForkedBooter.invokeProviderInSameClassLoader(ForkedBooter.java:384)\r\n\tat org.apache.maven.surefire.booter.ForkedBooter.runSuitesInProcess(ForkedBooter.java:345)\r\n\tat org.apache.maven.surefire.booter.ForkedBooter.execute(ForkedBooter.java:126)\r\n\tat org.apache.maven.surefire.booter.ForkedBooter.main(ForkedBooter.java:418)\r\n"},"stage":"finished","steps":[],"attachments":[],"parameters":[],"start":1702069420264,"stop":1702069426318},{"name":"Update Text Element","status":"passed","stage":"finished","steps":[],"attachments":[],"parameters":[{"name":"elem","value":"[[ChromeDriver: chrome on windows (149aa1b8540ec6da787daff7a87a7595)] -> id: drugComment]"},{"name":"text","value":"בדיקות אוטו'"}],"start":1702069426344,"stop":1702069426598}],"attachments":[],"parameters":[{"name":"drugName","value":"INJ dexamethasone 4mg/1ml (DEXACORT)"},{"name":"dilutedName","value":"null"},{"name":"possId","value":"3"},{"name":"addAndClose","value":"false"}],"start":1702069419489,"stop":1702069426923},{"name":"Update Text Element","status":"passed","stage":"finished","steps":[],"attachments":[],"parameters":[{"name":"elem","value":"[[ChromeDriver: chrome on windows (149aa1b8540ec6da787daff7a87a7595)] -> id: selectDrug]"},{"name":"text","value":"   "}],"start":1702069427071,"stop":1702069427246},{"name":" Fill DrugForm for addNewDrugDiluted","status":"passed","stage":"finished","steps":[{"name":" confirm same instruction","status":"broken","statusDetails":{"known":false,"muted":false,"flaky":false,"message":"no such element: Unable to locate element: {\"method\":\"css selector\",\"selector\":\"#buttonImport\"}\n  (Session info: chrome=114.0.5735.199)\nFor documentation on this error, please visit: https://www.selenium.dev/documentation/webdriver/troubleshooting/errors#no-such-element-exception\nBuild info: version: '4.12.1', revision: '8e34639b11'\nSystem info: os.name: 'Windows Server 2022', os.arch: 'amd64', os.version: '10.0', java.version: '17.0.4.1'\nDriver info: org.openqa.selenium.chrome.ChromeDriver\nCommand: [149aa1b8540ec6da787daff7a87a7595, findElement {using=id, value=buttonImport}]\nCapabilities {acceptInsecureCerts: false, browserName: chrome, browserVersion: 114.0.5735.199, chrome: {chromedriverVersion: 114.0.5735.90 (386bc09e8f4f..., userDataDir: C:\\Windows\\SystemTemp\\scope...}, goog:chromeOptions: {debuggerAddress: localhost:50738}, networkConnectionEnabled: false, pageLoadStrategy: normal, platformName: windows, proxy: Proxy(), se:cdp: ws://localhost:50738/devtoo..., se:cdpVersion: 114.0.5735.199, setWindowRect: true, strictFileInteractability: false, timeouts: {implicit: 0, pageLoad: 300000, script: 30000}, unhandledPromptBehavior: dismiss and notify, webauthn:extension:credBlob: true, webauthn:extension:largeBlob: true, webauthn:extension:minPinLength: true, webauthn:extension:prf: true, webauthn:virtualAuthenticators: true}\nSession ID: 149aa1b8540ec6da787daff7a87a7595","trace":"org.openqa.selenium.NoSuchElementException: no such element: Unable to locate element: {\"method\":\"css selector\",\"selector\":\"#buttonImport\"}\n  (Session info: chrome=114.0.5735.199)\nFor documentation on this error, please visit: https://www.selenium.dev/documentation/webdriver/troubleshooting/errors#no-such-element-exception\nBuild info: version: '4.12.1', revision: '8e34639b11'\nSystem info: os.name: 'Windows Server 2022', os.arch: 'amd64', os.version: '10.0', java.version: '17.0.4.1'\nDriver info: org.openqa.selenium.chrome.ChromeDriver\nCommand: [149aa1b8540ec6da787daff7a87a7595, findElement {using=id, value=buttonImport}]\nCapabilities {acceptInsecureCerts: false, browserName: chrome, browserVersion: 114.0.5735.199, chrome: {chromedriverVersion: 114.0.5735.90 (386bc09e8f4f..., userDataDir: C:\\Windows\\SystemTemp\\scope...}, goog:chromeOptions: {debuggerAddress: localhost:50738}, networkConnectionEnabled: false, pageLoadStrategy: normal, platformName: windows, proxy: Proxy(), se:cdp: ws://localhost:50738/devtoo..., se:cdpVersion: 114.0.5735.199, setWindowRect: true, strictFileInteractability: false, timeouts: {implicit: 0, pageLoad: 300000, script: 30000}, unhandledPromptBehavior: dismiss and notify, webauthn:extension:credBlob: true, webauthn:extension:largeBlob: true, webauthn:extension:minPinLength: true, webauthn:extension:prf: true, webauthn:virtualAuthenticators: true}\nSession ID: 149aa1b8540ec6da787daff7a87a7595\r\n\tat java.base/jdk.internal.reflect.NativeConstructorAccessorImpl.newInstance0(Native Method)\r\n\tat java.base/jdk.internal.reflect.NativeConstructorAccessorImpl.newInstance(NativeConstructorAccessorImpl.java:77)\r\n\tat java.base/jdk.internal.reflect.DelegatingConstructorAccessorImpl.newInstance(DelegatingConstructorAccessorImpl.java:45)\r\n\tat java.base/java.lang.reflect.Constructor.newInstanceWithCaller(Constructor.java:499)\r\n\tat java.base/java.lang.reflect.Constructor.newInstance(Constructor.java:480)\r\n\tat org.openqa.selenium.remote.codec.w3c.W3CHttpResponseCodec.createException(W3CHttpResponseCodec.java:200)\r\n\tat org.openqa.selenium.remote.codec.w3c.W3CHttpResponseCodec.decode(W3CHttpResponseCodec.java:133)\r\n\tat org.openqa.selenium.remote.codec.w3c.W3CHttpResponseCodec.decode(W3CHttpResponseCodec.java:52)\r\n\tat org.openqa.selenium.remote.HttpCommandExecutor.execute(HttpCommandExecutor.java:191)\r\n\tat org.openqa.selenium.remote.service.DriverCommandExecutor.invokeExecute(DriverCommandExecutor.java:196)\r\n\tat org.openqa.selenium.remote.service.DriverCommandExecutor.execute(DriverCommandExecutor.java:171)\r\n\tat org.openqa.selenium.remote.RemoteWebDriver.execute(RemoteWebDriver.java:602)\r\n\tat org.openqa.selenium.remote.ElementLocation$ElementFinder$2.findElement(ElementLocation.java:165)\r\n\tat org.openqa.selenium.remote.ElementLocation.findElement(ElementLocation.java:59)\r\n\tat org.openqa.selenium.remote.RemoteWebDriver.findElement(RemoteWebDriver.java:359)\r\n\tat org.openqa.selenium.remote.RemoteWebDriver.findElement(RemoteWebDriver.java:353)\r\n\tat org.openqa.selenium.support.pagefactory.DefaultElementLocator.findElement(DefaultElementLocator.java:68)\r\n\tat org.openqa.selenium.support.pagefactory.internal.LocatingElementHandler.invoke(LocatingElementHandler.java:38)\r\n\tat jdk.proxy2/jdk.proxy2.$Proxy17.click(Unknown Source)\r\n\tat workflows.doctor.doctorFlows.confirmModalSameInstruction(doctorFlows.java:387)\r\n\tat workflows.doctor.doctorFlows.drugFormAddLiquidDrug(doctorFlows.java:309)\r\n\tat regression.regression2.test01_addAndSaveAllInstructionToPatient(regression2.java:77)\r\n\tat java.base/jdk.internal.reflect.NativeMethodAccessorImpl.invoke0(Native Method)\r\n\tat java.base/jdk.internal.reflect.NativeMethodAccessorImpl.invoke(NativeMethodAccessorImpl.java:77)\r\n\tat java.base/jdk.internal.reflect.DelegatingMethodAccessorImpl.invoke(DelegatingMethodAccessorImpl.java:43)\r\n\tat java.base/java.lang.reflect.Method.invoke(Method.java:568)\r\n\tat org.testng.internal.MethodInvocationHelper.invokeMethod(MethodInvocationHelper.java:133)\r\n\tat org.testng.internal.TestInvoker.invokeMethod(TestInvoker.java:598)\r\n\tat org.testng.internal.TestInvoker.invokeTestMethod(TestInvoker.java:173)\r\n\tat org.testng.internal.MethodRunner.runInSequence(MethodRunner.java:46)\r\n\tat org.testng.internal.TestInvoker$MethodInvocationAgent.invoke(TestInvoker.java:824)\r\n\tat org.testng.internal.TestInvoker.invokeTestMethods(TestInvoker.java:146)\r\n\tat org.testng.internal.TestMethodWorker.invokeTestMethods(TestMethodWorker.java:146)\r\n\tat org.testng.internal.TestMethodWorker.run(TestMethodWorker.java:128)\r\n\tat java.base/java.util.ArrayList.forEach(ArrayList.java:1511)\r\n\tat org.testng.TestRunner.privateRun(TestRunner.java:794)\r\n\tat org.testng.TestRunner.run(TestRunner.java:596)\r\n\tat org.testng.SuiteRunner.runTest(SuiteRunner.java:377)\r\n\tat org.testng.SuiteRunner.runSequentially(SuiteRunner.java:371)\r\n\tat org.testng.SuiteRunner.privateRun(SuiteRunner.java:332)\r\n\tat org.testng.SuiteRunner.run(SuiteRunner.java:276)\r\n\tat org.testng.SuiteRunnerWorker.runSuite(SuiteRunnerWorker.java:53)\r\n\tat org.testng.SuiteRunnerWorker.run(SuiteRunnerWorker.java:96)\r\n\tat org.testng.TestNG.runSuitesSequentially(TestNG.java:1212)\r\n\tat org.testng.TestNG.runSuitesLocally(TestNG.java:1134)\r\n\tat org.testng.TestNG.runSuites(TestNG.java:1063)\r\n\tat org.testng.TestNG.run(TestNG.java:1031)\r\n\tat org.apache.maven.surefire.testng.TestNGExecutor.run(TestNGExecutor.java:283)\r\n\tat org.apache.maven.surefire.testng.TestNGXmlTestSuite.execute(TestNGXmlTestSuite.java:75)\r\n\tat org.apache.maven.surefire.testng.TestNGProvider.invoke(TestNGProvider.java:120)\r\n\tat org.apache.maven.surefire.booter.ForkedBooter.invokeProviderInSameClassLoader(ForkedBooter.java:384)\r\n\tat org.apache.maven.surefire.booter.ForkedBooter.runSuitesInProcess(ForkedBooter.java:345)\r\n\tat org.apache.maven.surefire.booter.ForkedBooter.execute(ForkedBooter.java:126)\r\n\tat org.apache.maven.surefire.booter.ForkedBooter.main(ForkedBooter.java:418)\r\n"},"stage":"finished","steps":[],"attachments":[],"parameters":[],"start":1702069428307,"stop":1702069434365},{"name":"Select text from ListInsideAnotherTag","status":"passed","stage":"finished","steps":[{"name":"Click on Element","status":"passed","stage":"finished","steps":[],"attachments":[],"parameters":[{"name":"elem","value":"[[ChromeDriver: chrome on windows (149aa1b8540ec6da787daff7a87a7595)] -> xpath: //button[@id='btnSelectListDilutionSolution']//following-sibling::ul/li]"}],"start":1702069434603,"stop":1702069434792}],"attachments":[],"parameters":[{"name":"list","value":"[[[ChromeDriver: chrome on windows (149aa1b8540ec6da787daff7a87a7595)] -> xpath: //button[@id='btnSelectListDilutionSolution']//following-sibling::ul/li], [[ChromeDriver: chrome on windows (149aa1b8540ec6da787daff7a87a7595)] -> xpath: //button[@id='btnSelectListDilutionSolution']//following-sibling::ul/li]]"},{"name":"text","value":"saline 0.9% 100ml"}],"start":1702069434533,"stop":1702069434792},{"name":"Update Text Element","status":"passed","stage":"finished","steps":[],"attachments":[],"parameters":[{"name":"elem","value":"[[ChromeDriver: chrome on windows (149aa1b8540ec6da787daff7a87a7595)] -> id: drugComment]"},{"name":"text","value":"בדיקות אוטו'"}],"start":1702069434819,"stop":1702069435090}],"attachments":[],"parameters":[{"name":"drugName","value":"INJ traMADol "},{"name":"dilutedName","value":"saline 0.9% 100ml"},{"name":"possId","value":"3"},{"name":"addAndClose","value":"false"}],"start":1702069427746,"stop":1702069435488},{"name":"Update Text Element","status":"passed","stage":"finished","steps":[],"attachments":[],"parameters":[{"name":"elem","value":"[[ChromeDriver: chrome on windows (149aa1b8540ec6da787daff7a87a7595)] -> id: selectDrug]"},{"name":"text","value":"   "}],"start":1702069435541,"stop":1702069435650},{"name":" Fill DrugForm for addNewDrugDiluted","status":"passed","stage":"finished","steps":[{"name":" confirm same instruction","status":"broken","statusDetails":{"known":false,"muted":false,"flaky":false,"message":"no such element: Unable to locate element: {\"method\":\"css selector\",\"selector\":\"#buttonImport\"}\n  (Session info: chrome=114.0.5735.199)\nFor documentation on this error, please visit: https://www.selenium.dev/documentation/webdriver/troubleshooting/errors#no-such-element-exception\nBuild info: version: '4.12.1', revision: '8e34639b11'\nSystem info: os.name: 'Windows Server 2022', os.arch: 'amd64', os.version: '10.0', java.version: '17.0.4.1'\nDriver info: org.openqa.selenium.chrome.ChromeDriver\nCommand: [149aa1b8540ec6da787daff7a87a7595, findElement {using=id, value=buttonImport}]\nCapabilities {acceptInsecureCerts: false, browserName: chrome, browserVersion: 114.0.5735.199, chrome: {chromedriverVersion: 114.0.5735.90 (386bc09e8f4f..., userDataDir: C:\\Windows\\SystemTemp\\scope...}, goog:chromeOptions: {debuggerAddress: localhost:50738}, networkConnectionEnabled: false, pageLoadStrategy: normal, platformName: windows, proxy: Proxy(), se:cdp: ws://localhost:50738/devtoo..., se:cdpVersion: 114.0.5735.199, setWindowRect: true, strictFileInteractability: false, timeouts: {implicit: 0, pageLoad: 300000, script: 30000}, unhandledPromptBehavior: dismiss and notify, webauthn:extension:credBlob: true, webauthn:extension:largeBlob: true, webauthn:extension:minPinLength: true, webauthn:extension:prf: true, webauthn:virtualAuthenticators: true}\nSession ID: 149aa1b8540ec6da787daff7a87a7595","trace":"org.openqa.selenium.NoSuchElementException: no such element: Unable to locate element: {\"method\":\"css selector\",\"selector\":\"#buttonImport\"}\n  (Session info: chrome=114.0.5735.199)\nFor documentation on this error, please visit: https://www.selenium.dev/documentation/webdriver/troubleshooting/errors#no-such-element-exception\nBuild info: version: '4.12.1', revision: '8e34639b11'\nSystem info: os.name: 'Windows Server 2022', os.arch: 'amd64', os.version: '10.0', java.version: '17.0.4.1'\nDriver info: org.openqa.selenium.chrome.ChromeDriver\nCommand: [149aa1b8540ec6da787daff7a87a7595, findElement {using=id, value=buttonImport}]\nCapabilities {acceptInsecureCerts: false, browserName: chrome, browserVersion: 114.0.5735.199, chrome: {chromedriverVersion: 114.0.5735.90 (386bc09e8f4f..., userDataDir: C:\\Windows\\SystemTemp\\scope...}, goog:chromeOptions: {debuggerAddress: localhost:50738}, networkConnectionEnabled: false, pageLoadStrategy: normal, platformName: windows, proxy: Proxy(), se:cdp: ws://localhost:50738/devtoo..., se:cdpVersion: 114.0.5735.199, setWindowRect: true, strictFileInteractability: false, timeouts: {implicit: 0, pageLoad: 300000, script: 30000}, unhandledPromptBehavior: dismiss and notify, webauthn:extension:credBlob: true, webauthn:extension:largeBlob: true, webauthn:extension:minPinLength: true, webauthn:extension:prf: true, webauthn:virtualAuthenticators: true}\nSession ID: 149aa1b8540ec6da787daff7a87a7595\r\n\tat java.base/jdk.internal.reflect.NativeConstructorAccessorImpl.newInstance0(Native Method)\r\n\tat java.base/jdk.internal.reflect.NativeConstructorAccessorImpl.newInstance(NativeConstructorAccessorImpl.java:77)\r\n\tat java.base/jdk.internal.reflect.DelegatingConstructorAccessorImpl.newInstance(DelegatingConstructorAccessorImpl.java:45)\r\n\tat java.base/java.lang.reflect.Constructor.newInstanceWithCaller(Constructor.java:499)\r\n\tat java.base/java.lang.reflect.Constructor.newInstance(Constructor.java:480)\r\n\tat org.openqa.selenium.remote.codec.w3c.W3CHttpResponseCodec.createException(W3CHttpResponseCodec.java:200)\r\n\tat org.openqa.selenium.remote.codec.w3c.W3CHttpResponseCodec.decode(W3CHttpResponseCodec.java:133)\r\n\tat org.openqa.selenium.remote.codec.w3c.W3CHttpResponseCodec.decode(W3CHttpResponseCodec.java:52)\r\n\tat org.openqa.selenium.remote.HttpCommandExecutor.execute(HttpCommandExecutor.java:191)\r\n\tat org.openqa.selenium.remote.service.DriverCommandExecutor.invokeExecute(DriverCommandExecutor.java:196)\r\n\tat org.openqa.selenium.remote.service.DriverCommandExecutor.execute(DriverCommandExecutor.java:171)\r\n\tat org.openqa.selenium.remote.RemoteWebDriver.execute(RemoteWebDriver.java:602)\r\n\tat org.openqa.selenium.remote.ElementLocation$ElementFinder$2.findElement(ElementLocation.java:165)\r\n\tat org.openqa.selenium.remote.ElementLocation.findElement(ElementLocation.java:59)\r\n\tat org.openqa.selenium.remote.RemoteWebDriver.findElement(RemoteWebDriver.java:359)\r\n\tat org.openqa.selenium.remote.RemoteWebDriver.findElement(RemoteWebDriver.java:353)\r\n\tat org.openqa.selenium.support.pagefactory.DefaultElementLocator.findElement(DefaultElementLocator.java:68)\r\n\tat org.openqa.selenium.support.pagefactory.internal.LocatingElementHandler.invoke(LocatingElementHandler.java:38)\r\n\tat jdk.proxy2/jdk.proxy2.$Proxy17.click(Unknown Source)\r\n\tat workflows.doctor.doctorFlows.confirmModalSameInstruction(doctorFlows.java:387)\r\n\tat workflows.doctor.doctorFlows.drugFormAddLiquidDrug(doctorFlows.java:309)\r\n\tat regression.regression2.test01_addAndSaveAllInstructionToPatient(regression2.java:82)\r\n\tat java.base/jdk.internal.reflect.NativeMethodAccessorImpl.invoke0(Native Method)\r\n\tat java.base/jdk.internal.reflect.NativeMethodAccessorImpl.invoke(NativeMethodAccessorImpl.java:77)\r\n\tat java.base/jdk.internal.reflect.DelegatingMethodAccessorImpl.invoke(DelegatingMethodAccessorImpl.java:43)\r\n\tat java.base/java.lang.reflect.Method.invoke(Method.java:568)\r\n\tat org.testng.internal.MethodInvocationHelper.invokeMethod(MethodInvocationHelper.java:133)\r\n\tat org.testng.internal.TestInvoker.invokeMethod(TestInvoker.java:598)\r\n\tat org.testng.internal.TestInvoker.invokeTestMethod(TestInvoker.java:173)\r\n\tat org.testng.internal.MethodRunner.runInSequence(MethodRunner.java:46)\r\n\tat org.testng.internal.TestInvoker$MethodInvocationAgent.invoke(TestInvoker.java:824)\r\n\tat org.testng.internal.TestInvoker.invokeTestMethods(TestInvoker.java:146)\r\n\tat org.testng.internal.TestMethodWorker.invokeTestMethods(TestMethodWorker.java:146)\r\n\tat org.testng.internal.TestMethodWorker.run(TestMethodWorker.java:128)\r\n\tat java.base/java.util.ArrayList.forEach(ArrayList.java:1511)\r\n\tat org.testng.TestRunner.privateRun(TestRunner.java:794)\r\n\tat org.testng.TestRunner.run(TestRunner.java:596)\r\n\tat org.testng.SuiteRunner.runTest(SuiteRunner.java:377)\r\n\tat org.testng.SuiteRunner.runSequentially(SuiteRunner.java:371)\r\n\tat org.testng.SuiteRunner.privateRun(SuiteRunner.java:332)\r\n\tat org.testng.SuiteRunner.run(SuiteRunner.java:276)\r\n\tat org.testng.SuiteRunnerWorker.runSuite(SuiteRunnerWorker.java:53)\r\n\tat org.testng.SuiteRunnerWorker.run(SuiteRunnerWorker.java:96)\r\n\tat org.testng.TestNG.runSuitesSequentially(TestNG.java:1212)\r\n\tat org.testng.TestNG.runSuitesLocally(TestNG.java:1134)\r\n\tat org.testng.TestNG.runSuites(TestNG.java:1063)\r\n\tat org.testng.TestNG.run(TestNG.java:1031)\r\n\tat org.apache.maven.surefire.testng.TestNGExecutor.run(TestNGExecutor.java:283)\r\n\tat org.apache.maven.surefire.testng.TestNGXmlTestSuite.execute(TestNGXmlTestSuite.java:75)\r\n\tat org.apache.maven.surefire.testng.TestNGProvider.invoke(TestNGProvider.java:120)\r\n\tat org.apache.maven.surefire.booter.ForkedBooter.invokeProviderInSameClassLoader(ForkedBooter.java:384)\r\n\tat org.apache.maven.surefire.booter.ForkedBooter.runSuitesInProcess(ForkedBooter.java:345)\r\n\tat org.apache.maven.surefire.booter.ForkedBooter.execute(ForkedBooter.java:126)\r\n\tat org.apache.maven.surefire.booter.ForkedBooter.main(ForkedBooter.java:418)\r\n"},"stage":"finished","steps":[],"attachments":[],"parameters":[],"start":1702069436865,"stop":1702069442907},{"name":"Update Text Element","status":"passed","stage":"finished","steps":[],"attachments":[],"parameters":[{"name":"elem","value":"[[ChromeDriver: chrome on windows (149aa1b8540ec6da787daff7a87a7595)] -> id: drugComment]"},{"name":"text","value":"בדיקות אוטו'"}],"start":1702069442926,"stop":1702069443187},{"name":" Fill rate","status":"passed","stage":"finished","steps":[{"name":"Update Text Element","status":"passed","stage":"finished","steps":[],"attachments":[],"parameters":[{"name":"elem","value":"[[ChromeDriver: chrome on windows (149aa1b8540ec6da787daff7a87a7595)] -> id: MinRate]"},{"name":"text","value":"20"}],"start":1702069443438,"stop":1702069443642}],"attachments":[],"parameters":[{"name":"rate","value":"20"}],"start":1702069443400,"stop":1702069443642}],"attachments":[],"parameters":[{"name":"drugName","value":"INF dextrose 5% 1000ml (GLUCOSE)"},{"name":"dilutedName","value":"null"},{"name":"possId","value":"12"},{"name":"addAndClose","value":"true"}],"start":1702069436153,"stop":1702069443782},{"name":" click on newGeneralInstruction","status":"passed","stage":"finished","steps":[],"attachments":[],"parameters":[],"start":1702069443783,"stop":1702069445800},{"name":"fill DrugForm for addNewGeneralOnceOnly","status":"passed","stage":"finished","steps":[{"name":" go to newGeneral","status":"passed","stage":"finished","steps":[{"name":"Click on Element","status":"passed","stage":"finished","steps":[],"attachments":[],"parameters":[{"name":"elem","value":"[[ChromeDriver: chrome on windows (149aa1b8540ec6da787daff7a87a7595)] -> xpath: //ngb-accordion/div//button]"}],"start":1702069445970,"stop":1702069446082},{"name":"Click on Element","status":"passed","stage":"finished","steps":[],"attachments":[],"parameters":[{"name":"elem","value":"[[[[ChromeDriver: chrome on windows (149aa1b8540ec6da787daff7a87a7595)] -> xpath: //div[@class='sub-list']/div]] -> tag name: input]"}],"start":1702069446132,"stop":1702069446355},{"name":" confirm same instruction","status":"broken","statusDetails":{"known":false,"muted":false,"flaky":false,"message":"no such element: Unable to locate element: {\"method\":\"css selector\",\"selector\":\"#buttonImport\"}\n  (Session info: chrome=114.0.5735.199)\nFor documentation on this error, please visit: https://www.selenium.dev/documentation/webdriver/troubleshooting/errors#no-such-element-exception\nBuild info: version: '4.12.1', revision: '8e34639b11'\nSystem info: os.name: 'Windows Server 2022', os.arch: 'amd64', os.version: '10.0', java.version: '17.0.4.1'\nDriver info: org.openqa.selenium.chrome.ChromeDriver\nCommand: [149aa1b8540ec6da787daff7a87a7595, findElement {using=id, value=buttonImport}]\nCapabilities {acceptInsecureCerts: false, browserName: chrome, browserVersion: 114.0.5735.199, chrome: {chromedriverVersion: 114.0.5735.90 (386bc09e8f4f..., userDataDir: C:\\Windows\\SystemTemp\\scope...}, goog:chromeOptions: {debuggerAddress: localhost:50738}, networkConnectionEnabled: false, pageLoadStrategy: normal, platformName: windows, proxy: Proxy(), se:cdp: ws://localhost:50738/devtoo..., se:cdpVersion: 114.0.5735.199, setWindowRect: true, strictFileInteractability: false, timeouts: {implicit: 0, pageLoad: 300000, script: 30000}, unhandledPromptBehavior: dismiss and notify, webauthn:extension:credBlob: true, webauthn:extension:largeBlob: true, webauthn:extension:minPinLength: true, webauthn:extension:prf: true, webauthn:virtualAuthenticators: true}\nSession ID: 149aa1b8540ec6da787daff7a87a7595","trace":"org.openqa.selenium.NoSuchElementException: no such element: Unable to locate element: {\"method\":\"css selector\",\"selector\":\"#buttonImport\"}\n  (Session info: chrome=114.0.5735.199)\nFor documentation on this error, please visit: https://www.selenium.dev/documentation/webdriver/troubleshooting/errors#no-such-element-exception\nBuild info: version: '4.12.1', revision: '8e34639b11'\nSystem info: os.name: 'Windows Server 2022', os.arch: 'amd64', os.version: '10.0', java.version: '17.0.4.1'\nDriver info: org.openqa.selenium.chrome.ChromeDriver\nCommand: [149aa1b8540ec6da787daff7a87a7595, findElement {using=id, value=buttonImport}]\nCapabilities {acceptInsecureCerts: false, browserName: chrome, browserVersion: 114.0.5735.199, chrome: {chromedriverVersion: 114.0.5735.90 (386bc09e8f4f..., userDataDir: C:\\Windows\\SystemTemp\\scope...}, goog:chromeOptions: {debuggerAddress: localhost:50738}, networkConnectionEnabled: false, pageLoadStrategy: normal, platformName: windows, proxy: Proxy(), se:cdp: ws://localhost:50738/devtoo..., se:cdpVersion: 114.0.5735.199, setWindowRect: true, strictFileInteractability: false, timeouts: {implicit: 0, pageLoad: 300000, script: 30000}, unhandledPromptBehavior: dismiss and notify, webauthn:extension:credBlob: true, webauthn:extension:largeBlob: true, webauthn:extension:minPinLength: true, webauthn:extension:prf: true, webauthn:virtualAuthenticators: true}\nSession ID: 149aa1b8540ec6da787daff7a87a7595\r\n\tat java.base/jdk.internal.reflect.NativeConstructorAccessorImpl.newInstance0(Native Method)\r\n\tat java.base/jdk.internal.reflect.NativeConstructorAccessorImpl.newInstance(NativeConstructorAccessorImpl.java:77)\r\n\tat java.base/jdk.internal.reflect.DelegatingConstructorAccessorImpl.newInstance(DelegatingConstructorAccessorImpl.java:45)\r\n\tat java.base/java.lang.reflect.Constructor.newInstanceWithCaller(Constructor.java:499)\r\n\tat java.base/java.lang.reflect.Constructor.newInstance(Constructor.java:480)\r\n\tat org.openqa.selenium.remote.codec.w3c.W3CHttpResponseCodec.createException(W3CHttpResponseCodec.java:200)\r\n\tat org.openqa.selenium.remote.codec.w3c.W3CHttpResponseCodec.decode(W3CHttpResponseCodec.java:133)\r\n\tat org.openqa.selenium.remote.codec.w3c.W3CHttpResponseCodec.decode(W3CHttpResponseCodec.java:52)\r\n\tat org.openqa.selenium.remote.HttpCommandExecutor.execute(HttpCommandExecutor.java:191)\r\n\tat org.openqa.selenium.remote.service.DriverCommandExecutor.invokeExecute(DriverCommandExecutor.java:196)\r\n\tat org.openqa.selenium.remote.service.DriverCommandExecutor.execute(DriverCommandExecutor.java:171)\r\n\tat org.openqa.selenium.remote.RemoteWebDriver.execute(RemoteWebDriver.java:602)\r\n\tat org.openqa.selenium.remote.ElementLocation$ElementFinder$2.findElement(ElementLocation.java:165)\r\n\tat org.openqa.selenium.remote.ElementLocation.findElement(ElementLocation.java:59)\r\n\tat org.openqa.selenium.remote.RemoteWebDriver.findElement(RemoteWebDriver.java:359)\r\n\tat org.openqa.selenium.remote.RemoteWebDriver.findElement(RemoteWebDriver.java:353)\r\n\tat org.openqa.selenium.support.pagefactory.DefaultElementLocator.findElement(DefaultElementLocator.java:68)\r\n\tat org.openqa.selenium.support.pagefactory.internal.LocatingElementHandler.invoke(LocatingElementHandler.java:38)\r\n\tat jdk.proxy2/jdk.proxy2.$Proxy17.click(Unknown Source)\r\n\tat workflows.doctor.doctorFlows.confirmModalSameInstruction(doctorFlows.java:387)\r\n\tat workflows.doctor.generalInstructionFlows.chooseGeneralInstruction(generalInstructionFlows.java:22)\r\n\tat workflows.doctor.generalInstructionFlows.generalFormAddGeneralInsOnceOnly(generalInstructionFlows.java:115)\r\n\tat regression.regression2.test01_addAndSaveAllInstructionToPatient(regression2.java:85)\r\n\tat java.base/jdk.internal.reflect.NativeMethodAccessorImpl.invoke0(Native Method)\r\n\tat java.base/jdk.internal.reflect.NativeMethodAccessorImpl.invoke(NativeMethodAccessorImpl.java:77)\r\n\tat java.base/jdk.internal.reflect.DelegatingMethodAccessorImpl.invoke(DelegatingMethodAccessorImpl.java:43)\r\n\tat java.base/java.lang.reflect.Method.invoke(Method.java:568)\r\n\tat org.testng.internal.MethodInvocationHelper.invokeMethod(MethodInvocationHelper.java:133)\r\n\tat org.testng.internal.TestInvoker.invokeMethod(TestInvoker.java:598)\r\n\tat org.testng.internal.TestInvoker.invokeTestMethod(TestInvoker.java:173)\r\n\tat org.testng.internal.MethodRunner.runInSequence(MethodRunner.java:46)\r\n\tat org.testng.internal.TestInvoker$MethodInvocationAgent.invoke(TestInvoker.java:824)\r\n\tat org.testng.internal.TestInvoker.invokeTestMethods(TestInvoker.java:146)\r\n\tat org.testng.internal.TestMethodWorker.invokeTestMethods(TestMethodWorker.java:146)\r\n\tat org.testng.internal.TestMethodWorker.run(TestMethodWorker.java:128)\r\n\tat java.base/java.util.ArrayList.forEach(ArrayList.java:1511)\r\n\tat org.testng.TestRunner.privateRun(TestRunner.java:794)\r\n\tat org.testng.TestRunner.run(TestRunner.java:596)\r\n\tat org.testng.SuiteRunner.runTest(SuiteRunner.java:377)\r\n\tat org.testng.SuiteRunner.runSequentially(SuiteRunner.java:371)\r\n\tat org.testng.SuiteRunner.privateRun(SuiteRunner.java:332)\r\n\tat org.testng.SuiteRunner.run(SuiteRunner.java:276)\r\n\tat org.testng.SuiteRunnerWorker.runSuite(SuiteRunnerWorker.java:53)\r\n\tat org.testng.SuiteRunnerWorker.run(SuiteRunnerWorker.java:96)\r\n\tat org.testng.TestNG.runSuitesSequentially(TestNG.java:1212)\r\n\tat org.testng.TestNG.runSuitesLocally(TestNG.java:1134)\r\n\tat org.testng.TestNG.runSuites(TestNG.java:1063)\r\n\tat org.testng.TestNG.run(TestNG.java:1031)\r\n\tat org.apache.maven.surefire.testng.TestNGExecutor.run(TestNGExecutor.java:283)\r\n\tat org.apache.maven.surefire.testng.TestNGXmlTestSuite.execute(TestNGXmlTestSuite.java:75)\r\n\tat org.apache.maven.surefire.testng.TestNGProvider.invoke(TestNGProvider.java:120)\r\n\tat org.apache.maven.surefire.booter.ForkedBooter.invokeProviderInSameClassLoader(ForkedBooter.java:384)\r\n\tat org.apache.maven.surefire.booter.ForkedBooter.runSuitesInProcess(ForkedBooter.java:345)\r\n\tat org.apache.maven.surefire.booter.ForkedBooter.execute(ForkedBooter.java:126)\r\n\tat org.apache.maven.surefire.booter.ForkedBooter.main(ForkedBooter.java:418)\r\n"},"stage":"finished","steps":[],"attachments":[],"parameters":[],"start":1702069446355,"stop":1702069452391}],"attachments":[],"parameters":[{"name":"categoryIndex","value":"2"},{"name":"subCategoryIndex","value":"1"}],"start":1702069445816,"stop":1702069452391},{"name":"Click on Element","status":"passed","stage":"finished","steps":[],"attachments":[],"parameters":[{"name":"elem","value":"[[ChromeDriver: chrome on windows (149aa1b8540ec6da787daff7a87a7595)] -> xpath: //button[@class='btn btn-defualt btn-submit btn-click ']]"}],"start":1702069452712,"stop":1702069452969}],"attachments":[],"parameters":[{"name":"category","value":"2"},{"name":"sub_category","value":"1"},{"name":"hour","value":"null"},{"name":"isFuture","value":"false"},{"name":"addAndSave","value":"true"}],"start":1702069445815,"stop":1702069452969},{"name":" click on approvalInstructions","status":"passed","stage":"finished","steps":[{"name":"Wait for text in element","status":"passed","stage":"finished","steps":[],"attachments":[],"parameters":[{"name":"elem","value":"[[[[ChromeDriver: chrome on windows (149aa1b8540ec6da787daff7a87a7595)] -> id: approvalDrug]] -> tag name: span]"}],"start":1702069454009,"stop":1702069454962},{"name":"sign","status":"passed","stage":"finished","steps":[],"attachments":[],"parameters":[],"start":1702069454962,"stop":1702069458354}],"attachments":[],"parameters":[],"start":1702069453971,"stop":1702069458354},{"name":"Clear Text Element","status":"passed","stage":"finished","steps":[],"attachments":[],"parameters":[{"name":"elem","value":"[[ChromeDriver: chrome on windows (149aa1b8540ec6da787daff7a87a7595)] -> id: user_name]"}],"start":1702069464329,"stop":1702069464486},{"name":"Clear Text Element","status":"passed","stage":"finished","steps":[],"attachments":[],"parameters":[{"name":"elem","value":"[[ChromeDriver: chrome on windows (149aa1b8540ec6da787daff7a87a7595)] -> id: password]"}],"start":1702069464509,"stop":1702069464660},{"name":" Login With Choose Role","status":"passed","stage":"finished","steps":[{"name":"Update Text Element","status":"passed","stage":"finished","steps":[],"attachments":[],"parameters":[{"name":"elem","value":"[[ChromeDriver: chrome on windows (149aa1b8540ec6da787daff7a87a7595)] -> id: user_name]"},{"name":"text","value":"test"}],"start":1702069464683,"stop":1702069464871},{"name":"Update Text Element","status":"passed","stage":"finished","steps":[],"attachments":[],"parameters":[{"name":"elem","value":"[[ChromeDriver: chrome on windows (149aa1b8540ec6da787daff7a87a7595)] -> id: password]"},{"name":"text","value":"Te231121"}],"start":1702069464888,"stop":1702069465014},{"name":"Click on Element","status":"passed","stage":"finished","steps":[],"attachments":[],"parameters":[{"name":"elem","value":"[[ChromeDriver: chrome on windows (149aa1b8540ec6da787daff7a87a7595)] -> id: submitBtn]"}],"start":1702069465029,"stop":1702069465224},{"name":"Select text from List","status":"passed","stage":"finished","steps":[{"name":"Click on Element","status":"passed","stage":"finished","steps":[],"attachments":[],"parameters":[{"name":"elem","value":"[[ChromeDriver: chrome on windows (149aa1b8540ec6da787daff7a87a7595)] -> tag name: li]"}],"start":1702069467155,"stop":1702069467231}],"attachments":[],"parameters":[{"name":"list","value":"[[[ChromeDriver: chrome on windows (149aa1b8540ec6da787daff7a87a7595)] -> tag name: li], [[ChromeDriver: chrome on windows (149aa1b8540ec6da787daff7a87a7595)] -> tag name: li], [[ChromeDriver: chrome on windows (149aa1b8540ec6da787daff7a87a7595)] -> tag name: li], [[ChromeDriver: chrome on windows (149aa1b8540ec6da787daff7a87a7595)] -> tag name: li], [[ChromeDriver: chrome on windows (149aa1b8540ec6da787daff7a87a7595)] -> tag name: li], [[ChromeDriver: chrome on windows (149aa1b8540ec6da787daff7a87a7595)] -> tag name: li], [[ChromeDriver: chrome on windows (149aa1b8540ec6da787daff7a87a7595)] -> tag name: li], [[ChromeDriver: chrome on windows (149aa1b8540ec6da787daff7a87a7595)] -> tag name: li], [[ChromeDriver: chrome on windows (149aa1b8540ec6da787daff7a87a7595)] -> tag name: li]]"},{"name":"text","value":"אחות"}],"start":1702069467103,"stop":1702069467231}],"attachments":[],"parameters":[{"name":"r","value":"n"}],"start":1702069464660,"stop":1702069468232},{"name":"choose department","status":"passed","stage":"finished","steps":[{"name":"Click on Element","status":"passed","stage":"finished","steps":[],"attachments":[],"parameters":[{"name":"elem","value":"[[ChromeDriver: chrome on windows (149aa1b8540ec6da787daff7a87a7595)] -> id: dropdownBasic1]"}],"start":1702069468259,"stop":1702069469858},{"name":"Click on Element","status":"passed","stage":"finished","steps":[],"attachments":[],"parameters":[{"name":"elem","value":"[[ChromeDriver: chrome on windows (149aa1b8540ec6da787daff7a87a7595)] -> xpath: //ngb-typeahead-window//button]"}],"start":1702069477434,"stop":1702069477573}],"attachments":[],"parameters":[{"name":"dep","value":"חדר מיון"}],"start":1702069468232,"stop":1702069477573},{"name":" patientBoxEntry","status":"passed","stage":"finished","steps":[{"name":"Click on Element","status":"passed","stage":"finished","steps":[],"attachments":[],"parameters":[{"name":"elem","value":"[[ChromeDriver: chrome on windows (149aa1b8540ec6da787daff7a87a7595)] -> xpath: //p-table[contains(@class,'depMeushpazim-table patients-table')]//tr]"}],"start":1702069478400,"stop":1702069478511},{"name":"Verify Text in Element","status":"passed","stage":"finished","steps":[],"attachments":[],"parameters":[{"name":"elem","value":"[[ChromeDriver: chrome on windows (149aa1b8540ec6da787daff7a87a7595)] -> xpath: //span[@class='value-label']]"},{"name":"expected","value":"מס' שרות:"}],"start":1702069481605,"stop":1702069481662}],"attachments":[],"parameters":[{"name":"index","value":"1"}],"start":1702069477573,"stop":1702069481662},{"name":"Click on Element","status":"passed","stage":"finished","steps":[],"attachments":[],"parameters":[{"name":"elem","value":"[[ChromeDriver: chrome on windows (149aa1b8540ec6da787daff7a87a7595)] -> xpath: //i[contains(@class ,'icon ion-ios-arrow-back toggle-bt-off')]]"}],"start":1702069481685,"stop":1702069481953},{"name":"goToCategory","status":"passed","stage":"finished","steps":[],"attachments":[],"parameters":[{"name":"categoryName","value":"nursing"}],"start":1702069481967,"stop":1702069486965},{"name":"goToSubCategory","status":"passed","stage":"finished","steps":[],"attachments":[],"parameters":[{"name":"subCategoryName","value":"nursingIns"}],"start":1702069486966,"stop":1702069489291},{"name":" click on newGeneralInstruction","status":"passed","stage":"finished","steps":[],"attachments":[],"parameters":[],"start":1702069489292,"stop":1702069490891},{"name":"fill DrugForm for addNewGeneralOnceOnly","status":"passed","stage":"finished","steps":[{"name":" go to newGeneral","status":"passed","stage":"finished","steps":[{"name":"Click on Element","status":"passed","stage":"finished","steps":[],"attachments":[],"parameters":[{"name":"elem","value":"[[ChromeDriver: chrome on windows (149aa1b8540ec6da787daff7a87a7595)] -> xpath: //ngb-accordion/div//button]"}],"start":1702069491051,"stop":1702069491218},{"name":"Click on Element","status":"passed","stage":"finished","steps":[],"attachments":[],"parameters":[{"name":"elem","value":"[[[[ChromeDriver: chrome on windows (149aa1b8540ec6da787daff7a87a7595)] -> xpath: //div[@class='sub-list']/div]] -> tag name: input]"}],"start":1702069491265,"stop":1702069491466},{"name":" confirm same instruction","status":"broken","statusDetails":{"known":false,"muted":false,"flaky":false,"message":"no such element: Unable to locate element: {\"method\":\"css selector\",\"selector\":\"#buttonImport\"}\n  (Session info: chrome=114.0.5735.199)\nFor documentation on this error, please visit: https://www.selenium.dev/documentation/webdriver/troubleshooting/errors#no-such-element-exception\nBuild info: version: '4.12.1', revision: '8e34639b11'\nSystem info: os.name: 'Windows Server 2022', os.arch: 'amd64', os.version: '10.0', java.version: '17.0.4.1'\nDriver info: org.openqa.selenium.chrome.ChromeDriver\nCommand: [149aa1b8540ec6da787daff7a87a7595, findElement {using=id, value=buttonImport}]\nCapabilities {acceptInsecureCerts: false, browserName: chrome, browserVersion: 114.0.5735.199, chrome: {chromedriverVersion: 114.0.5735.90 (386bc09e8f4f..., userDataDir: C:\\Windows\\SystemTemp\\scope...}, goog:chromeOptions: {debuggerAddress: localhost:50738}, networkConnectionEnabled: false, pageLoadStrategy: normal, platformName: windows, proxy: Proxy(), se:cdp: ws://localhost:50738/devtoo..., se:cdpVersion: 114.0.5735.199, setWindowRect: true, strictFileInteractability: false, timeouts: {implicit: 0, pageLoad: 300000, script: 30000}, unhandledPromptBehavior: dismiss and notify, webauthn:extension:credBlob: true, webauthn:extension:largeBlob: true, webauthn:extension:minPinLength: true, webauthn:extension:prf: true, webauthn:virtualAuthenticators: true}\nSession ID: 149aa1b8540ec6da787daff7a87a7595","trace":"org.openqa.selenium.NoSuchElementException: no such element: Unable to locate element: {\"method\":\"css selector\",\"selector\":\"#buttonImport\"}\n  (Session info: chrome=114.0.5735.199)\nFor documentation on this error, please visit: https://www.selenium.dev/documentation/webdriver/troubleshooting/errors#no-such-element-exception\nBuild info: version: '4.12.1', revision: '8e34639b11'\nSystem info: os.name: 'Windows Server 2022', os.arch: 'amd64', os.version: '10.0', java.version: '17.0.4.1'\nDriver info: org.openqa.selenium.chrome.ChromeDriver\nCommand: [149aa1b8540ec6da787daff7a87a7595, findElement {using=id, value=buttonImport}]\nCapabilities {acceptInsecureCerts: false, browserName: chrome, browserVersion: 114.0.5735.199, chrome: {chromedriverVersion: 114.0.5735.90 (386bc09e8f4f..., userDataDir: C:\\Windows\\SystemTemp\\scope...}, goog:chromeOptions: {debuggerAddress: localhost:50738}, networkConnectionEnabled: false, pageLoadStrategy: normal, platformName: windows, proxy: Proxy(), se:cdp: ws://localhost:50738/devtoo..., se:cdpVersion: 114.0.5735.199, setWindowRect: true, strictFileInteractability: false, timeouts: {implicit: 0, pageLoad: 300000, script: 30000}, unhandledPromptBehavior: dismiss and notify, webauthn:extension:credBlob: true, webauthn:extension:largeBlob: true, webauthn:extension:minPinLength: true, webauthn:extension:prf: true, webauthn:virtualAuthenticators: true}\nSession ID: 149aa1b8540ec6da787daff7a87a7595\r\n\tat java.base/jdk.internal.reflect.NativeConstructorAccessorImpl.newInstance0(Native Method)\r\n\tat java.base/jdk.internal.reflect.NativeConstructorAccessorImpl.newInstance(NativeConstructorAccessorImpl.java:77)\r\n\tat java.base/jdk.internal.reflect.DelegatingConstructorAccessorImpl.newInstance(DelegatingConstructorAccessorImpl.java:45)\r\n\tat java.base/java.lang.reflect.Constructor.newInstanceWithCaller(Constructor.java:499)\r\n\tat java.base/java.lang.reflect.Constructor.newInstance(Constructor.java:480)\r\n\tat org.openqa.selenium.remote.codec.w3c.W3CHttpResponseCodec.createException(W3CHttpResponseCodec.java:200)\r\n\tat org.openqa.selenium.remote.codec.w3c.W3CHttpResponseCodec.decode(W3CHttpResponseCodec.java:133)\r\n\tat org.openqa.selenium.remote.codec.w3c.W3CHttpResponseCodec.decode(W3CHttpResponseCodec.java:52)\r\n\tat org.openqa.selenium.remote.HttpCommandExecutor.execute(HttpCommandExecutor.java:191)\r\n\tat org.openqa.selenium.remote.service.DriverCommandExecutor.invokeExecute(DriverCommandExecutor.java:196)\r\n\tat org.openqa.selenium.remote.service.DriverCommandExecutor.execute(DriverCommandExecutor.java:171)\r\n\tat org.openqa.selenium.remote.RemoteWebDriver.execute(RemoteWebDriver.java:602)\r\n\tat org.openqa.selenium.remote.ElementLocation$ElementFinder$2.findElement(ElementLocation.java:165)\r\n\tat org.openqa.selenium.remote.ElementLocation.findElement(ElementLocation.java:59)\r\n\tat org.openqa.selenium.remote.RemoteWebDriver.findElement(RemoteWebDriver.java:359)\r\n\tat org.openqa.selenium.remote.RemoteWebDriver.findElement(RemoteWebDriver.java:353)\r\n\tat org.openqa.selenium.support.pagefactory.DefaultElementLocator.findElement(DefaultElementLocator.java:68)\r\n\tat org.openqa.selenium.support.pagefactory.internal.LocatingElementHandler.invoke(LocatingElementHandler.java:38)\r\n\tat jdk.proxy2/jdk.proxy2.$Proxy17.click(Unknown Source)\r\n\tat workflows.doctor.doctorFlows.confirmModalSameInstruction(doctorFlows.java:387)\r\n\tat workflows.doctor.generalInstructionFlows.chooseGeneralInstruction(generalInstructionFlows.java:22)\r\n\tat workflows.doctor.generalInstructionFlows.generalFormAddGeneralInsOnceOnly(generalInstructionFlows.java:115)\r\n\tat regression.regression2.test01_addAndSaveAllInstructionToPatient(regression2.java:99)\r\n\tat java.base/jdk.internal.reflect.NativeMethodAccessorImpl.invoke0(Native Method)\r\n\tat java.base/jdk.internal.reflect.NativeMethodAccessorImpl.invoke(NativeMethodAccessorImpl.java:77)\r\n\tat java.base/jdk.internal.reflect.DelegatingMethodAccessorImpl.invoke(DelegatingMethodAccessorImpl.java:43)\r\n\tat java.base/java.lang.reflect.Method.invoke(Method.java:568)\r\n\tat org.testng.internal.MethodInvocationHelper.invokeMethod(MethodInvocationHelper.java:133)\r\n\tat org.testng.internal.TestInvoker.invokeMethod(TestInvoker.java:598)\r\n\tat org.testng.internal.TestInvoker.invokeTestMethod(TestInvoker.java:173)\r\n\tat org.testng.internal.MethodRunner.runInSequence(MethodRunner.java:46)\r\n\tat org.testng.internal.TestInvoker$MethodInvocationAgent.invoke(TestInvoker.java:824)\r\n\tat org.testng.internal.TestInvoker.invokeTestMethods(TestInvoker.java:146)\r\n\tat org.testng.internal.TestMethodWorker.invokeTestMethods(TestMethodWorker.java:146)\r\n\tat org.testng.internal.TestMethodWorker.run(TestMethodWorker.java:128)\r\n\tat java.base/java.util.ArrayList.forEach(ArrayList.java:1511)\r\n\tat org.testng.TestRunner.privateRun(TestRunner.java:794)\r\n\tat org.testng.TestRunner.run(TestRunner.java:596)\r\n\tat org.testng.SuiteRunner.runTest(SuiteRunner.java:377)\r\n\tat org.testng.SuiteRunner.runSequentially(SuiteRunner.java:371)\r\n\tat org.testng.SuiteRunner.privateRun(SuiteRunner.java:332)\r\n\tat org.testng.SuiteRunner.run(SuiteRunner.java:276)\r\n\tat org.testng.SuiteRunnerWorker.runSuite(SuiteRunnerWorker.java:53)\r\n\tat org.testng.SuiteRunnerWorker.run(SuiteRunnerWorker.java:96)\r\n\tat org.testng.TestNG.runSuitesSequentially(TestNG.java:1212)\r\n\tat org.testng.TestNG.runSuitesLocally(TestNG.java:1134)\r\n\tat org.testng.TestNG.runSuites(TestNG.java:1063)\r\n\tat org.testng.TestNG.run(TestNG.java:1031)\r\n\tat org.apache.maven.surefire.testng.TestNGExecutor.run(TestNGExecutor.java:283)\r\n\tat org.apache.maven.surefire.testng.TestNGXmlTestSuite.execute(TestNGXmlTestSuite.java:75)\r\n\tat org.apache.maven.surefire.testng.TestNGProvider.invoke(TestNGProvider.java:120)\r\n\tat org.apache.maven.surefire.booter.ForkedBooter.invokeProviderInSameClassLoader(ForkedBooter.java:384)\r\n\tat org.apache.maven.surefire.booter.ForkedBooter.runSuitesInProcess(ForkedBooter.java:345)\r\n\tat org.apache.maven.surefire.booter.ForkedBooter.execute(ForkedBooter.java:126)\r\n\tat org.apache.maven.surefire.booter.ForkedBooter.main(ForkedBooter.java:418)\r\n"},"stage":"finished","steps":[],"attachments":[],"parameters":[],"start":1702069491466,"stop":1702069497495}],"attachments":[],"parameters":[{"name":"categoryIndex","value":"2"},{"name":"subCategoryIndex","value":"1"}],"start":1702069490891,"stop":1702069497495},{"name":"Click on Element","status":"passed","stage":"finished","steps":[],"attachments":[],"parameters":[{"name":"elem","value":"[[ChromeDriver: chrome on windows (149aa1b8540ec6da787daff7a87a7595)] -> xpath: //button[@class='btn btn-defualt btn-submit btn-click ']]"}],"start":1702069497821,"stop":1702069498044}],"attachments":[],"parameters":[{"name":"category","value":"2"},{"name":"sub_category","value":"1"},{"name":"hour","value":"null"},{"name":"isFuture","value":"false"},{"name":"addAndSave","value":"true"}],"start":1702069490891,"stop":1702069498044},{"name":" click on approvalInstructions","status":"passed","stage":"finished","steps":[{"name":"Wait for text in element","status":"passed","stage":"finished","steps":[],"attachments":[],"parameters":[{"name":"elem","value":"[[[[ChromeDriver: chrome on windows (149aa1b8540ec6da787daff7a87a7595)] -> id: approvalDrug]] -> tag name: span]"}],"start":1702069498202,"stop":1702069499019},{"name":"sign","status":"passed","stage":"finished","steps":[],"attachments":[],"parameters":[],"start":1702069499019,"stop":1702069501764}],"attachments":[],"parameters":[],"start":1702069498045,"stop":1702069501764},{"name":"goToCategory","status":"passed","stage":"finished","steps":[],"attachments":[],"parameters":[{"name":"categoryName","value":"cardex"}],"start":1702069503776,"stop":1702069508083},{"name":"execute all daily_onceOnly_sos_weekly_byHour ins","status":"passed","stage":"finished","steps":[{"name":"Click on Element","status":"passed","stage":"finished","steps":[],"attachments":[],"parameters":[{"name":"elem","value":"[[ChromeDriver: chrome on windows (149aa1b8540ec6da787daff7a87a7595)] -> xpath: //input[contains(@id, 'drugInsDayModeCheckbox')]]"}],"start":1702069510780,"stop":1702069510992},{"name":"Click on Element","status":"passed","stage":"finished","steps":[],"attachments":[],"parameters":[{"name":"elem","value":"[[ChromeDriver: chrome on windows (149aa1b8540ec6da787daff7a87a7595)] -> xpath: //input[contains(@id, 'drugInsDayModeCheckbox')]]"}],"start":1702069511041,"stop":1702069511359},{"name":"Click on Element","status":"passed","stage":"finished","steps":[],"attachments":[],"parameters":[{"name":"elem","value":"[[ChromeDriver: chrome on windows (149aa1b8540ec6da787daff7a87a7595)] -> xpath: //input[contains(@id, 'drugInsDayModeCheckbox')]]"}],"start":1702069511716,"stop":1702069512174},{"name":"Click on Element","status":"passed","stage":"finished","steps":[],"attachments":[],"parameters":[{"name":"elem","value":"[[ChromeDriver: chrome on windows (149aa1b8540ec6da787daff7a87a7595)] -> xpath: //input[contains(@id, 'drugInsDayModeCheckbox')]]"}],"start":1702069512204,"stop":1702069512488}],"attachments":[],"parameters":[],"start":1702069508156,"stop":1702069512622},{"name":"execute liquid drugs and blood-products","status":"passed","stage":"finished","steps":[{"name":"Click on Element","status":"passed","stage":"finished","steps":[],"attachments":[],"parameters":[{"name":"elem","value":"[[ChromeDriver: chrome on windows (149aa1b8540ec6da787daff7a87a7595)] -> xpath: //input[contains(@id, 'solExec')][not(@disabled)]]"}],"start":1702069512685,"stop":1702069513298}],"attachments":[],"parameters":[],"start":1702069512622,"stop":1702069524576},{"name":"execution nurse sign","status":"passed","stage":"finished","steps":[{"name":"sign","status":"passed","stage":"finished","steps":[],"attachments":[],"parameters":[],"start":1702069525824,"stop":1702069532898},{"name":"Verify Text in Element","status":"passed","stage":"finished","steps":[],"attachments":[],"parameters":[{"name":"elem","value":"[[ChromeDriver: chrome on windows (149aa1b8540ec6da787daff7a87a7595)] -> id: btnApproval]"},{"name":"expected","value":"0"}],"start":1702069532992,"stop":1702069533083}],"attachments":[],"parameters":[],"start":1702069525588,"stop":1702069533083}],"attachments":[],"parameters":[],"start":1702069380477,"stop":1702069533083,"uuid":"6191d266-6dae-4968-a943-fff6ca33f380","historyId":"df0ebace63e89e0e55088a0d0dfb7048","fullName":"regression.regression2.test01_addAndSaveAllInstructionToPatient","labels":[{"name":"package","value":"regression.regression2"},{"name":"testClass","value":"regression.regression2"},{"name":"testMethod","value":"test01_addAndSaveAllInstructionToPatient"},{"name":"parentSuite","value":"regression_2"},{"name":"suite","value":"emergency_allInstruction"},{"name":"subSuite","value":"regression.regression2"},{"name":"host","value":"lanjenkins2"},{"name":"thread","value":"9104@lanjenkins2.main(1)"},{"name":"framework","value":"testng"},{"name":"language","value":"java"}],"links":[]}