{"name":"addToPatientAllPossibilityIns","status":"broken","statusDetails":{"known":false,"muted":false,"flaky":false,"message":"element click intercepted: Element <button _ngcontent-cxp-c332=\"\" tabindex=\"5\" id=\"btnIsApproval\" class=\"btn-nurse-instructions\">...</button> is not clickable at point (1543, 209). Other element would receive the click: <span _ngcontent-cxp-c331=\"\" class=\"text-right\">...</span>\n  (Session info: chrome=131.0.6778.86)\nBuild info: version: '4.12.1', revision: '8e34639b11'\nSystem info: os.name: 'Windows 10', os.arch: 'amd64', os.version: '10.0', java.version: '19.0.2'\nDriver info: org.openqa.selenium.chrome.ChromeDriver\nCommand: [255fbf39edb79115be55a51b53cc8804, clickElement {id=f.3C4EA1A7C0C3559DA4D93001A676D7CD.d.509470A91644E9E7493B1B28D9D89730.e.184}]\nCapabilities {acceptInsecureCerts: false, browserName: chrome, browserVersion: 131.0.6778.86, chrome: {chromedriverVersion: 131.0.6778.85 (3d81e41b6f3a..., userDataDir: C:\\WINDOWS\\SystemTemp\\scope...}, fedcm:accounts: true, goog:chromeOptions: {debuggerAddress: localhost:52236}, networkConnectionEnabled: false, pageLoadStrategy: normal, platformName: windows, proxy: Proxy(), se:cdp: ws://localhost:52236/devtoo..., se:cdpVersion: 131.0.6778.86, setWindowRect: true, strictFileInteractability: false, timeouts: {implicit: 0, pageLoad: 300000, script: 30000}, unhandledPromptBehavior: dismiss and notify, webauthn:extension:credBlob: true, webauthn:extension:largeBlob: true, webauthn:extension:minPinLength: true, webauthn:extension:prf: true, webauthn:virtualAuthenticators: true}\nElement: [[ChromeDriver: chrome on windows (255fbf39edb79115be55a51b53cc8804)] -> xpath: //solution-liquidation//tr[@name='drugRow1']//button[contains(@id,'btnIsApproval')]]\nSession ID: 255fbf39edb79115be55a51b53cc8804","trace":"org.openqa.selenium.ElementClickInterceptedException: element click intercepted: Element <button _ngcontent-cxp-c332=\"\" tabindex=\"5\" id=\"btnIsApproval\" class=\"btn-nurse-instructions\">...</button> is not clickable at point (1543, 209). Other element would receive the click: <span _ngcontent-cxp-c331=\"\" class=\"text-right\">...</span>\n  (Session info: chrome=131.0.6778.86)\nBuild info: version: '4.12.1', revision: '8e34639b11'\nSystem info: os.name: 'Windows 10', os.arch: 'amd64', os.version: '10.0', java.version: '19.0.2'\nDriver info: org.openqa.selenium.chrome.ChromeDriver\nCommand: [255fbf39edb79115be55a51b53cc8804, clickElement {id=f.3C4EA1A7C0C3559DA4D93001A676D7CD.d.509470A91644E9E7493B1B28D9D89730.e.184}]\nCapabilities {acceptInsecureCerts: false, browserName: chrome, browserVersion: 131.0.6778.86, chrome: {chromedriverVersion: 131.0.6778.85 (3d81e41b6f3a..., userDataDir: C:\\WINDOWS\\SystemTemp\\scope...}, fedcm:accounts: true, goog:chromeOptions: {debuggerAddress: localhost:52236}, networkConnectionEnabled: false, pageLoadStrategy: normal, platformName: windows, proxy: Proxy(), se:cdp: ws://localhost:52236/devtoo..., se:cdpVersion: 131.0.6778.86, setWindowRect: true, strictFileInteractability: false, timeouts: {implicit: 0, pageLoad: 300000, script: 30000}, unhandledPromptBehavior: dismiss and notify, webauthn:extension:credBlob: true, webauthn:extension:largeBlob: true, webauthn:extension:minPinLength: true, webauthn:extension:prf: true, webauthn:virtualAuthenticators: true}\nElement: [[ChromeDriver: chrome on windows (255fbf39edb79115be55a51b53cc8804)] -> xpath: //solution-liquidation//tr[@name='drugRow1']//button[contains(@id,'btnIsApproval')]]\nSession ID: 255fbf39edb79115be55a51b53cc8804\r\n\tat java.base/jdk.internal.reflect.DirectConstructorHandleAccessor.newInstance(DirectConstructorHandleAccessor.java:67)\r\n\tat java.base/java.lang.reflect.Constructor.newInstanceWithCaller(Constructor.java:500)\r\n\tat java.base/java.lang.reflect.Constructor.newInstance(Constructor.java:484)\r\n\tat org.openqa.selenium.remote.codec.w3c.W3CHttpResponseCodec.createException(W3CHttpResponseCodec.java:200)\r\n\tat org.openqa.selenium.remote.codec.w3c.W3CHttpResponseCodec.decode(W3CHttpResponseCodec.java:133)\r\n\tat org.openqa.selenium.remote.codec.w3c.W3CHttpResponseCodec.decode(W3CHttpResponseCodec.java:52)\r\n\tat org.openqa.selenium.remote.HttpCommandExecutor.execute(HttpCommandExecutor.java:191)\r\n\tat org.openqa.selenium.remote.service.DriverCommandExecutor.invokeExecute(DriverCommandExecutor.java:196)\r\n\tat org.openqa.selenium.remote.service.DriverCommandExecutor.execute(DriverCommandExecutor.java:171)\r\n\tat org.openqa.selenium.remote.RemoteWebDriver.execute(RemoteWebDriver.java:602)\r\n\tat org.openqa.selenium.remote.RemoteWebElement.execute(RemoteWebElement.java:224)\r\n\tat org.openqa.selenium.remote.RemoteWebElement.click(RemoteWebElement.java:77)\r\n\tat extensions.UIActions.click(UIActions.java:43)\r\n\tat workflows.nurse.nurseFlows.approvalAllPossibilitiesIns(nurseFlows.java:78)\r\n\tat RegressionTest.regression1.test01_addToPatientAllPossibilityIns(regression1.java:149)\r\n\tat java.base/jdk.internal.reflect.DirectMethodHandleAccessor.invoke(DirectMethodHandleAccessor.java:104)\r\n\tat java.base/java.lang.reflect.Method.invoke(Method.java:578)\r\n\tat org.testng.internal.MethodInvocationHelper.invokeMethod(MethodInvocationHelper.java:133)\r\n\tat org.testng.internal.TestInvoker.invokeMethod(TestInvoker.java:598)\r\n\tat org.testng.internal.TestInvoker.invokeTestMethod(TestInvoker.java:173)\r\n\tat org.testng.internal.MethodRunner.runInSequence(MethodRunner.java:46)\r\n\tat org.testng.internal.TestInvoker$MethodInvocationAgent.invoke(TestInvoker.java:824)\r\n\tat org.testng.internal.TestInvoker.invokeTestMethods(TestInvoker.java:146)\r\n\tat org.testng.internal.TestMethodWorker.invokeTestMethods(TestMethodWorker.java:146)\r\n\tat org.testng.internal.TestMethodWorker.run(TestMethodWorker.java:128)\r\n\tat java.base/java.util.ArrayList.forEach(ArrayList.java:1511)\r\n\tat org.testng.TestRunner.privateRun(TestRunner.java:794)\r\n\tat org.testng.TestRunner.run(TestRunner.java:596)\r\n\tat org.testng.SuiteRunner.runTest(SuiteRunner.java:377)\r\n\tat org.testng.SuiteRunner.runSequentially(SuiteRunner.java:371)\r\n\tat org.testng.SuiteRunner.privateRun(SuiteRunner.java:332)\r\n\tat org.testng.SuiteRunner.run(SuiteRunner.java:276)\r\n\tat org.testng.SuiteRunnerWorker.runSuite(SuiteRunnerWorker.java:53)\r\n\tat org.testng.SuiteRunnerWorker.run(SuiteRunnerWorker.java:96)\r\n\tat org.testng.TestNG.runSuitesSequentially(TestNG.java:1212)\r\n\tat org.testng.TestNG.runSuitesLocally(TestNG.java:1134)\r\n\tat org.testng.TestNG.runSuites(TestNG.java:1063)\r\n\tat org.testng.TestNG.run(TestNG.java:1031)\r\n\tat com.intellij.rt.testng.IDEARemoteTestNG.run(IDEARemoteTestNG.java:66)\r\n\tat com.intellij.rt.testng.RemoteTestNGStarter.main(RemoteTestNGStarter.java:105)\r\n"},"stage":"finished","description":"add to patient all possibility ins ","steps":[{"name":" Login With Choose Role","status":"passed","stage":"finished","steps":[{"name":"Update Text Element","status":"passed","stage":"finished","steps":[],"attachments":[],"parameters":[{"name":"elem","value":"[[ChromeDriver: chrome on windows (255fbf39edb79115be55a51b53cc8804)] -> id: user_name]"},{"name":"text","value":"test"}],"start":1733127575696,"stop":1733127575789},{"name":"Update Text Element","status":"passed","stage":"finished","steps":[],"attachments":[],"parameters":[{"name":"elem","value":"[[ChromeDriver: chrome on windows (255fbf39edb79115be55a51b53cc8804)] -> id: password]"},{"name":"text","value":"Te231121"}],"start":1733127575802,"stop":1733127575871},{"name":"Click on Element","status":"passed","stage":"finished","steps":[],"attachments":[],"parameters":[{"name":"elem","value":"[[ChromeDriver: chrome on windows (255fbf39edb79115be55a51b53cc8804)] -> id: submitBtn]"}],"start":1733127575881,"stop":1733127575973},{"name":"Select text from List","status":"passed","stage":"finished","steps":[{"name":"Click on Element","status":"passed","stage":"finished","steps":[],"attachments":[],"parameters":[{"name":"elem","value":"[[ChromeDriver: chrome on windows (255fbf39edb79115be55a51b53cc8804)] -> tag name: li]"}],"start":1733127576309,"stop":1733127576383}],"attachments":[],"parameters":[{"name":"list","value":"[[[ChromeDriver: chrome on windows (255fbf39edb79115be55a51b53cc8804)] -> tag name: li], [[ChromeDriver: chrome on windows (255fbf39edb79115be55a51b53cc8804)] -> tag name: li], [[ChromeDriver: chrome on windows (255fbf39edb79115be55a51b53cc8804)] -> tag name: li], [[ChromeDriver: chrome on windows (255fbf39edb79115be55a51b53cc8804)] -> tag name: li], [[ChromeDriver: chrome on windows (255fbf39edb79115be55a51b53cc8804)] -> tag name: li], [[ChromeDriver: chrome on windows (255fbf39edb79115be55a51b53cc8804)] -> tag name: li], [[ChromeDriver: chrome on windows (255fbf39edb79115be55a51b53cc8804)] -> tag name: li], [[ChromeDriver: chrome on windows (255fbf39edb79115be55a51b53cc8804)] -> tag name: li], [[ChromeDriver: chrome on windows (255fbf39edb79115be55a51b53cc8804)] -> tag name: li]]"},{"name":"text","value":"אחות"}],"start":1733127576273,"stop":1733127576383}],"attachments":[],"parameters":[{"name":"r","value":"n"}],"start":1733127575668,"stop":1733127580394},{"name":" patientBoxEntry","status":"passed","stage":"finished","steps":[{"name":"Click on Element","status":"passed","stage":"finished","steps":[],"attachments":[],"parameters":[{"name":"elem","value":"[[ChromeDriver: chrome on windows (255fbf39edb79115be55a51b53cc8804)] -> xpath: //p-table[contains(@class,'depMeushpazim-table patients-table')]//tr]"}],"start":1733127582418,"stop":1733127582490},{"name":"Verify Text in Element","status":"passed","stage":"finished","steps":[],"attachments":[],"parameters":[{"name":"elem","value":"[[ChromeDriver: chrome on windows (255fbf39edb79115be55a51b53cc8804)] -> xpath: //span[@class='value-label']]"},{"name":"expected","value":"מס' שרות:"}],"start":1733127584172,"stop":1733127584200}],"attachments":[],"parameters":[{"name":"index","value":"3"}],"start":1733127582399,"stop":1733127588201},{"name":"approval all instruction","status":"broken","statusDetails":{"known":false,"muted":false,"flaky":false,"message":"element click intercepted: Element <button _ngcontent-cxp-c332=\"\" tabindex=\"5\" id=\"btnIsApproval\" class=\"btn-nurse-instructions\">...</button> is not clickable at point (1543, 209). Other element would receive the click: <span _ngcontent-cxp-c331=\"\" class=\"text-right\">...</span>\n  (Session info: chrome=131.0.6778.86)\nBuild info: version: '4.12.1', revision: '8e34639b11'\nSystem info: os.name: 'Windows 10', os.arch: 'amd64', os.version: '10.0', java.version: '19.0.2'\nDriver info: org.openqa.selenium.chrome.ChromeDriver\nCommand: [255fbf39edb79115be55a51b53cc8804, clickElement {id=f.3C4EA1A7C0C3559DA4D93001A676D7CD.d.509470A91644E9E7493B1B28D9D89730.e.184}]\nCapabilities {acceptInsecureCerts: false, browserName: chrome, browserVersion: 131.0.6778.86, chrome: {chromedriverVersion: 131.0.6778.85 (3d81e41b6f3a..., userDataDir: C:\\WINDOWS\\SystemTemp\\scope...}, fedcm:accounts: true, goog:chromeOptions: {debuggerAddress: localhost:52236}, networkConnectionEnabled: false, pageLoadStrategy: normal, platformName: windows, proxy: Proxy(), se:cdp: ws://localhost:52236/devtoo..., se:cdpVersion: 131.0.6778.86, setWindowRect: true, strictFileInteractability: false, timeouts: {implicit: 0, pageLoad: 300000, script: 30000}, unhandledPromptBehavior: dismiss and notify, webauthn:extension:credBlob: true, webauthn:extension:largeBlob: true, webauthn:extension:minPinLength: true, webauthn:extension:prf: true, webauthn:virtualAuthenticators: true}\nElement: [[ChromeDriver: chrome on windows (255fbf39edb79115be55a51b53cc8804)] -> xpath: //solution-liquidation//tr[@name='drugRow1']//button[contains(@id,'btnIsApproval')]]\nSession ID: 255fbf39edb79115be55a51b53cc8804","trace":"org.openqa.selenium.ElementClickInterceptedException: element click intercepted: Element <button _ngcontent-cxp-c332=\"\" tabindex=\"5\" id=\"btnIsApproval\" class=\"btn-nurse-instructions\">...</button> is not clickable at point (1543, 209). Other element would receive the click: <span _ngcontent-cxp-c331=\"\" class=\"text-right\">...</span>\n  (Session info: chrome=131.0.6778.86)\nBuild info: version: '4.12.1', revision: '8e34639b11'\nSystem info: os.name: 'Windows 10', os.arch: 'amd64', os.version: '10.0', java.version: '19.0.2'\nDriver info: org.openqa.selenium.chrome.ChromeDriver\nCommand: [255fbf39edb79115be55a51b53cc8804, clickElement {id=f.3C4EA1A7C0C3559DA4D93001A676D7CD.d.509470A91644E9E7493B1B28D9D89730.e.184}]\nCapabilities {acceptInsecureCerts: false, browserName: chrome, browserVersion: 131.0.6778.86, chrome: {chromedriverVersion: 131.0.6778.85 (3d81e41b6f3a..., userDataDir: C:\\WINDOWS\\SystemTemp\\scope...}, fedcm:accounts: true, goog:chromeOptions: {debuggerAddress: localhost:52236}, networkConnectionEnabled: false, pageLoadStrategy: normal, platformName: windows, proxy: Proxy(), se:cdp: ws://localhost:52236/devtoo..., se:cdpVersion: 131.0.6778.86, setWindowRect: true, strictFileInteractability: false, timeouts: {implicit: 0, pageLoad: 300000, script: 30000}, unhandledPromptBehavior: dismiss and notify, webauthn:extension:credBlob: true, webauthn:extension:largeBlob: true, webauthn:extension:minPinLength: true, webauthn:extension:prf: true, webauthn:virtualAuthenticators: true}\nElement: [[ChromeDriver: chrome on windows (255fbf39edb79115be55a51b53cc8804)] -> xpath: //solution-liquidation//tr[@name='drugRow1']//button[contains(@id,'btnIsApproval')]]\nSession ID: 255fbf39edb79115be55a51b53cc8804\r\n\tat java.base/jdk.internal.reflect.DirectConstructorHandleAccessor.newInstance(DirectConstructorHandleAccessor.java:67)\r\n\tat java.base/java.lang.reflect.Constructor.newInstanceWithCaller(Constructor.java:500)\r\n\tat java.base/java.lang.reflect.Constructor.newInstance(Constructor.java:484)\r\n\tat org.openqa.selenium.remote.codec.w3c.W3CHttpResponseCodec.createException(W3CHttpResponseCodec.java:200)\r\n\tat org.openqa.selenium.remote.codec.w3c.W3CHttpResponseCodec.decode(W3CHttpResponseCodec.java:133)\r\n\tat org.openqa.selenium.remote.codec.w3c.W3CHttpResponseCodec.decode(W3CHttpResponseCodec.java:52)\r\n\tat org.openqa.selenium.remote.HttpCommandExecutor.execute(HttpCommandExecutor.java:191)\r\n\tat org.openqa.selenium.remote.service.DriverCommandExecutor.invokeExecute(DriverCommandExecutor.java:196)\r\n\tat org.openqa.selenium.remote.service.DriverCommandExecutor.execute(DriverCommandExecutor.java:171)\r\n\tat org.openqa.selenium.remote.RemoteWebDriver.execute(RemoteWebDriver.java:602)\r\n\tat org.openqa.selenium.remote.RemoteWebElement.execute(RemoteWebElement.java:224)\r\n\tat org.openqa.selenium.remote.RemoteWebElement.click(RemoteWebElement.java:77)\r\n\tat extensions.UIActions.click(UIActions.java:43)\r\n\tat workflows.nurse.nurseFlows.approvalAllPossibilitiesIns(nurseFlows.java:78)\r\n\tat RegressionTest.regression1.test01_addToPatientAllPossibilityIns(regression1.java:149)\r\n\tat java.base/jdk.internal.reflect.DirectMethodHandleAccessor.invoke(DirectMethodHandleAccessor.java:104)\r\n\tat java.base/java.lang.reflect.Method.invoke(Method.java:578)\r\n\tat org.testng.internal.MethodInvocationHelper.invokeMethod(MethodInvocationHelper.java:133)\r\n\tat org.testng.internal.TestInvoker.invokeMethod(TestInvoker.java:598)\r\n\tat org.testng.internal.TestInvoker.invokeTestMethod(TestInvoker.java:173)\r\n\tat org.testng.internal.MethodRunner.runInSequence(MethodRunner.java:46)\r\n\tat org.testng.internal.TestInvoker$MethodInvocationAgent.invoke(TestInvoker.java:824)\r\n\tat org.testng.internal.TestInvoker.invokeTestMethods(TestInvoker.java:146)\r\n\tat org.testng.internal.TestMethodWorker.invokeTestMethods(TestMethodWorker.java:146)\r\n\tat org.testng.internal.TestMethodWorker.run(TestMethodWorker.java:128)\r\n\tat java.base/java.util.ArrayList.forEach(ArrayList.java:1511)\r\n\tat org.testng.TestRunner.privateRun(TestRunner.java:794)\r\n\tat org.testng.TestRunner.run(TestRunner.java:596)\r\n\tat org.testng.SuiteRunner.runTest(SuiteRunner.java:377)\r\n\tat org.testng.SuiteRunner.runSequentially(SuiteRunner.java:371)\r\n\tat org.testng.SuiteRunner.privateRun(SuiteRunner.java:332)\r\n\tat org.testng.SuiteRunner.run(SuiteRunner.java:276)\r\n\tat org.testng.SuiteRunnerWorker.runSuite(SuiteRunnerWorker.java:53)\r\n\tat org.testng.SuiteRunnerWorker.run(SuiteRunnerWorker.java:96)\r\n\tat org.testng.TestNG.runSuitesSequentially(TestNG.java:1212)\r\n\tat org.testng.TestNG.runSuitesLocally(TestNG.java:1134)\r\n\tat org.testng.TestNG.runSuites(TestNG.java:1063)\r\n\tat org.testng.TestNG.run(TestNG.java:1031)\r\n\tat com.intellij.rt.testng.IDEARemoteTestNG.run(IDEARemoteTestNG.java:66)\r\n\tat com.intellij.rt.testng.RemoteTestNGStarter.main(RemoteTestNGStarter.java:105)\r\n"},"stage":"finished","steps":[{"name":"Click on Element","status":"passed","stage":"finished","steps":[],"attachments":[],"parameters":[{"name":"elem","value":"[[ChromeDriver: chrome on windows (255fbf39edb79115be55a51b53cc8804)] -> xpath: //solution-liquidation//div[@name='solutionInstructionsTypeListStatusId2']//div[contains(@class,'timelineListFrame')]//div[contains(@class,'timeLineInToday')]]"}],"start":1733127589275,"stop":1733127589378},{"name":"check if the element exist ","status":"passed","stage":"finished","steps":[],"attachments":[],"parameters":[{"name":"elem","value":"[[ChromeDriver: chrome on windows (255fbf39edb79115be55a51b53cc8804)] -> xpath: //div//button[@class='btn btn-secondary btn-xs']]"}],"start":1733127589391,"stop":1733127589434},{"name":"Click on Element","status":"passed","stage":"finished","steps":[],"attachments":[],"parameters":[{"name":"elem","value":"[[ChromeDriver: chrome on windows (255fbf39edb79115be55a51b53cc8804)] -> xpath: //div[@class='solutionBagSize']/div[4]/button]"}],"start":1733127589445,"stop":1733127589555},{"name":"Click on Element","status":"passed","stage":"finished","steps":[],"attachments":[],"parameters":[{"name":"elem","value":"[[ChromeDriver: chrome on windows (255fbf39edb79115be55a51b53cc8804)] -> xpath: //solution-liquidation//tr[@name='drugRow1']//button[contains(@id,'btnIsApproval')]]"}],"start":1733127589565,"stop":1733127589657},{"name":"Click on Element","status":"passed","stage":"finished","steps":[],"attachments":[],"parameters":[{"name":"elem","value":"[[ChromeDriver: chrome on windows (255fbf39edb79115be55a51b53cc8804)] -> xpath: //solution-liquidation//div[@name='solutionInstructionsTypeListStatusId2']//div[contains(@class,'timelineListFrame')]//div[contains(@class,'timeLineInToday')]]"}],"start":1733127590684,"stop":1733127590858},{"name":"check if the element exist ","status":"passed","stage":"finished","steps":[],"attachments":[],"parameters":[{"name":"elem","value":"Proxy element for: DefaultElementLocator 'By.xpath: //div//button[@class='btn btn-secondary btn-xs']'"}],"start":1733127595925,"stop":1733127600941},{"name":"Click on Element","status":"passed","stage":"finished","steps":[],"attachments":[],"parameters":[{"name":"elem","value":"[[ChromeDriver: chrome on windows (255fbf39edb79115be55a51b53cc8804)] -> xpath: //solution-liquidation//tr[@name='drugRow1']//button[contains(@id,'btnIsApproval')]]"}],"start":1733127600950,"stop":1733127601069},{"name":"Click on Element","status":"passed","stage":"finished","steps":[],"attachments":[],"parameters":[{"name":"elem","value":"[[ChromeDriver: chrome on windows (255fbf39edb79115be55a51b53cc8804)] -> xpath: //solution-liquidation//div[@name='solutionInstructionsTypeListStatusId2']//div[contains(@class,'timelineListFrame')]//div[contains(@class,'timeLineInToday')]]"}],"start":1733127602090,"stop":1733127602307},{"name":"check if the element exist ","status":"passed","stage":"finished","steps":[],"attachments":[],"parameters":[{"name":"elem","value":"[[ChromeDriver: chrome on windows (255fbf39edb79115be55a51b53cc8804)] -> xpath: //div//button[@class='btn btn-secondary btn-xs']]"}],"start":1733127602317,"stop":1733127602332},{"name":"Click on Element","status":"passed","stage":"finished","steps":[],"attachments":[],"parameters":[{"name":"elem","value":"[[ChromeDriver: chrome on windows (255fbf39edb79115be55a51b53cc8804)] -> xpath: //div[@class='solutionBagSize']/div[4]/button]"}],"start":1733127602341,"stop":1733127602591},{"name":"Click on Element","status":"passed","stage":"finished","steps":[],"attachments":[],"parameters":[{"name":"elem","value":"[[ChromeDriver: chrome on windows (255fbf39edb79115be55a51b53cc8804)] -> xpath: //solution-liquidation//tr[@name='drugRow1']//button[contains(@id,'btnIsApproval')]]"}],"start":1733127602616,"stop":1733127602906},{"name":"Click on Element","status":"passed","stage":"finished","steps":[],"attachments":[],"parameters":[{"name":"elem","value":"[[ChromeDriver: chrome on windows (255fbf39edb79115be55a51b53cc8804)] -> xpath: //solution-liquidation//div[@name='solutionInstructionsTypeListStatusId2']//div[contains(@class,'timelineListFrame')]//div[contains(@class,'timeLineInToday')]]"}],"start":1733127603944,"stop":1733127604223},{"name":"check if the element exist ","status":"passed","stage":"finished","steps":[],"attachments":[],"parameters":[{"name":"elem","value":"Proxy element for: DefaultElementLocator 'By.xpath: //div//button[@class='btn btn-secondary btn-xs']'"}],"start":1733127609236,"stop":1733127614253},{"name":"Click on Element","status":"passed","stage":"finished","steps":[],"attachments":[],"parameters":[{"name":"elem","value":"[[ChromeDriver: chrome on windows (255fbf39edb79115be55a51b53cc8804)] -> xpath: //solution-liquidation//tr[@name='drugRow1']//button[contains(@id,'btnIsApproval')]]"}],"start":1733127614261,"stop":1733127614505},{"name":"Click on Element","status":"passed","stage":"finished","steps":[],"attachments":[],"parameters":[{"name":"elem","value":"[[ChromeDriver: chrome on windows (255fbf39edb79115be55a51b53cc8804)] -> xpath: //solution-liquidation//div[@name='solutionInstructionsTypeListStatusId2']//div[contains(@class,'timelineListFrame')]//div[contains(@class,'timeLineInToday')]]"}],"start":1733127615560,"stop":1733127618227},{"name":"check if the element exist ","status":"passed","stage":"finished","steps":[],"attachments":[],"parameters":[{"name":"elem","value":"Proxy element for: DefaultElementLocator 'By.xpath: //div//button[@class='btn btn-secondary btn-xs']'"}],"start":1733127623490,"stop":1733127628518},{"name":"Click on Element","status":"broken","statusDetails":{"known":false,"muted":false,"flaky":false,"message":"element click intercepted: Element <button _ngcontent-cxp-c332=\"\" tabindex=\"5\" id=\"btnIsApproval\" class=\"btn-nurse-instructions\">...</button> is not clickable at point (1543, 209). Other element would receive the click: <span _ngcontent-cxp-c331=\"\" class=\"text-right\">...</span>\n  (Session info: chrome=131.0.6778.86)\nBuild info: version: '4.12.1', revision: '8e34639b11'\nSystem info: os.name: 'Windows 10', os.arch: 'amd64', os.version: '10.0', java.version: '19.0.2'\nDriver info: org.openqa.selenium.chrome.ChromeDriver\nCommand: [255fbf39edb79115be55a51b53cc8804, clickElement {id=f.3C4EA1A7C0C3559DA4D93001A676D7CD.d.509470A91644E9E7493B1B28D9D89730.e.184}]\nCapabilities {acceptInsecureCerts: false, browserName: chrome, browserVersion: 131.0.6778.86, chrome: {chromedriverVersion: 131.0.6778.85 (3d81e41b6f3a..., userDataDir: C:\\WINDOWS\\SystemTemp\\scope...}, fedcm:accounts: true, goog:chromeOptions: {debuggerAddress: localhost:52236}, networkConnectionEnabled: false, pageLoadStrategy: normal, platformName: windows, proxy: Proxy(), se:cdp: ws://localhost:52236/devtoo..., se:cdpVersion: 131.0.6778.86, setWindowRect: true, strictFileInteractability: false, timeouts: {implicit: 0, pageLoad: 300000, script: 30000}, unhandledPromptBehavior: dismiss and notify, webauthn:extension:credBlob: true, webauthn:extension:largeBlob: true, webauthn:extension:minPinLength: true, webauthn:extension:prf: true, webauthn:virtualAuthenticators: true}\nElement: [[ChromeDriver: chrome on windows (255fbf39edb79115be55a51b53cc8804)] -> xpath: //solution-liquidation//tr[@name='drugRow1']//button[contains(@id,'btnIsApproval')]]\nSession ID: 255fbf39edb79115be55a51b53cc8804","trace":"org.openqa.selenium.ElementClickInterceptedException: element click intercepted: Element <button _ngcontent-cxp-c332=\"\" tabindex=\"5\" id=\"btnIsApproval\" class=\"btn-nurse-instructions\">...</button> is not clickable at point (1543, 209). Other element would receive the click: <span _ngcontent-cxp-c331=\"\" class=\"text-right\">...</span>\n  (Session info: chrome=131.0.6778.86)\nBuild info: version: '4.12.1', revision: '8e34639b11'\nSystem info: os.name: 'Windows 10', os.arch: 'amd64', os.version: '10.0', java.version: '19.0.2'\nDriver info: org.openqa.selenium.chrome.ChromeDriver\nCommand: [255fbf39edb79115be55a51b53cc8804, clickElement {id=f.3C4EA1A7C0C3559DA4D93001A676D7CD.d.509470A91644E9E7493B1B28D9D89730.e.184}]\nCapabilities {acceptInsecureCerts: false, browserName: chrome, browserVersion: 131.0.6778.86, chrome: {chromedriverVersion: 131.0.6778.85 (3d81e41b6f3a..., userDataDir: C:\\WINDOWS\\SystemTemp\\scope...}, fedcm:accounts: true, goog:chromeOptions: {debuggerAddress: localhost:52236}, networkConnectionEnabled: false, pageLoadStrategy: normal, platformName: windows, proxy: Proxy(), se:cdp: ws://localhost:52236/devtoo..., se:cdpVersion: 131.0.6778.86, setWindowRect: true, strictFileInteractability: false, timeouts: {implicit: 0, pageLoad: 300000, script: 30000}, unhandledPromptBehavior: dismiss and notify, webauthn:extension:credBlob: true, webauthn:extension:largeBlob: true, webauthn:extension:minPinLength: true, webauthn:extension:prf: true, webauthn:virtualAuthenticators: true}\nElement: [[ChromeDriver: chrome on windows (255fbf39edb79115be55a51b53cc8804)] -> xpath: //solution-liquidation//tr[@name='drugRow1']//button[contains(@id,'btnIsApproval')]]\nSession ID: 255fbf39edb79115be55a51b53cc8804\r\n\tat java.base/jdk.internal.reflect.DirectConstructorHandleAccessor.newInstance(DirectConstructorHandleAccessor.java:67)\r\n\tat java.base/java.lang.reflect.Constructor.newInstanceWithCaller(Constructor.java:500)\r\n\tat java.base/java.lang.reflect.Constructor.newInstance(Constructor.java:484)\r\n\tat org.openqa.selenium.remote.codec.w3c.W3CHttpResponseCodec.createException(W3CHttpResponseCodec.java:200)\r\n\tat org.openqa.selenium.remote.codec.w3c.W3CHttpResponseCodec.decode(W3CHttpResponseCodec.java:133)\r\n\tat org.openqa.selenium.remote.codec.w3c.W3CHttpResponseCodec.decode(W3CHttpResponseCodec.java:52)\r\n\tat org.openqa.selenium.remote.HttpCommandExecutor.execute(HttpCommandExecutor.java:191)\r\n\tat org.openqa.selenium.remote.service.DriverCommandExecutor.invokeExecute(DriverCommandExecutor.java:196)\r\n\tat org.openqa.selenium.remote.service.DriverCommandExecutor.execute(DriverCommandExecutor.java:171)\r\n\tat org.openqa.selenium.remote.RemoteWebDriver.execute(RemoteWebDriver.java:602)\r\n\tat org.openqa.selenium.remote.RemoteWebElement.execute(RemoteWebElement.java:224)\r\n\tat org.openqa.selenium.remote.RemoteWebElement.click(RemoteWebElement.java:77)\r\n\tat extensions.UIActions.click(UIActions.java:43)\r\n\tat workflows.nurse.nurseFlows.approvalAllPossibilitiesIns(nurseFlows.java:78)\r\n\tat RegressionTest.regression1.test01_addToPatientAllPossibilityIns(regression1.java:149)\r\n\tat java.base/jdk.internal.reflect.DirectMethodHandleAccessor.invoke(DirectMethodHandleAccessor.java:104)\r\n\tat java.base/java.lang.reflect.Method.invoke(Method.java:578)\r\n\tat org.testng.internal.MethodInvocationHelper.invokeMethod(MethodInvocationHelper.java:133)\r\n\tat org.testng.internal.TestInvoker.invokeMethod(TestInvoker.java:598)\r\n\tat org.testng.internal.TestInvoker.invokeTestMethod(TestInvoker.java:173)\r\n\tat org.testng.internal.MethodRunner.runInSequence(MethodRunner.java:46)\r\n\tat org.testng.internal.TestInvoker$MethodInvocationAgent.invoke(TestInvoker.java:824)\r\n\tat org.testng.internal.TestInvoker.invokeTestMethods(TestInvoker.java:146)\r\n\tat org.testng.internal.TestMethodWorker.invokeTestMethods(TestMethodWorker.java:146)\r\n\tat org.testng.internal.TestMethodWorker.run(TestMethodWorker.java:128)\r\n\tat java.base/java.util.ArrayList.forEach(ArrayList.java:1511)\r\n\tat org.testng.TestRunner.privateRun(TestRunner.java:794)\r\n\tat org.testng.TestRunner.run(TestRunner.java:596)\r\n\tat org.testng.SuiteRunner.runTest(SuiteRunner.java:377)\r\n\tat org.testng.SuiteRunner.runSequentially(SuiteRunner.java:371)\r\n\tat org.testng.SuiteRunner.privateRun(SuiteRunner.java:332)\r\n\tat org.testng.SuiteRunner.run(SuiteRunner.java:276)\r\n\tat org.testng.SuiteRunnerWorker.runSuite(SuiteRunnerWorker.java:53)\r\n\tat org.testng.SuiteRunnerWorker.run(SuiteRunnerWorker.java:96)\r\n\tat org.testng.TestNG.runSuitesSequentially(TestNG.java:1212)\r\n\tat org.testng.TestNG.runSuitesLocally(TestNG.java:1134)\r\n\tat org.testng.TestNG.runSuites(TestNG.java:1063)\r\n\tat org.testng.TestNG.run(TestNG.java:1031)\r\n\tat com.intellij.rt.testng.IDEARemoteTestNG.run(IDEARemoteTestNG.java:66)\r\n\tat com.intellij.rt.testng.RemoteTestNGStarter.main(RemoteTestNGStarter.java:105)\r\n"},"stage":"finished","steps":[],"attachments":[],"parameters":[{"name":"elem","value":"[[ChromeDriver: chrome on windows (255fbf39edb79115be55a51b53cc8804)] -> xpath: //solution-liquidation//tr[@name='drugRow1']//button[contains(@id,'btnIsApproval')]]"}],"start":1733127628527,"stop":1733127629709}],"attachments":[],"parameters":[{"name":"chooseHourCurrentDay","value":"true"},{"name":"existWeeklyDrug","value":"false"}],"start":1733127588233,"stop":1733127629710}],"attachments":[{"name":"Screen-Shot","source":"37421d93-b65b-4c24-9a95-18a8d22bb502-attachment","type":"image/png"}],"parameters":[],"start":1733127575643,"stop":1733127629882,"uuid":"62cf99e8-ad98-486a-b693-e3517adee2b1","historyId":"67f872297e6deb63935e517864758f2d","fullName":"RegressionTest.regression1.test01_addToPatientAllPossibilityIns","labels":[{"name":"package","value":"RegressionTest.regression1"},{"name":"testClass","value":"RegressionTest.regression1"},{"name":"testMethod","value":"test01_addToPatientAllPossibilityIns"},{"name":"parentSuite","value":"Default Suite"},{"name":"suite","value":"AutomationProject_emr"},{"name":"subSuite","value":"RegressionTest.regression1"},{"name":"host","value":"COMPU_EFRAT"},{"name":"thread","value":"9908@COMPU_EFRAT.main(1)"},{"name":"framework","value":"testng"},{"name":"language","value":"java"}],"links":[]}