{"name":"take Print Screen Emergency","status":"broken","statusDetails":{"known":false,"muted":false,"flaky":false,"message":"element not interactable\n  (Session info: chrome=114.0.5735.199)\nBuild info: version: '4.12.1', revision: '8e34639b11'\nSystem info: os.name: 'Windows Server 2022', os.arch: 'amd64', os.version: '10.0', java.version: '17.0.4.1'\nDriver info: org.openqa.selenium.chrome.ChromeDriver\nCommand: [3c72dd02c7f0e5ae26cd6adb54e1b35d, sendKeysToElement {id=6D86F1CCE916F87E8255639B2DAD3D49_element_299, value=[Ljava.lang.CharSequence;@4803bf73}]\nCapabilities {acceptInsecureCerts: false, browserName: chrome, browserVersion: 114.0.5735.199, chrome: {chromedriverVersion: 114.0.5735.90 (386bc09e8f4f..., userDataDir: C:\\Windows\\SystemTemp\\scope...}, goog:chromeOptions: {debuggerAddress: localhost:58622}, networkConnectionEnabled: false, pageLoadStrategy: normal, platformName: windows, proxy: Proxy(), se:cdp: ws://localhost:58622/devtoo..., se:cdpVersion: 114.0.5735.199, setWindowRect: true, strictFileInteractability: false, timeouts: {implicit: 0, pageLoad: 300000, script: 30000}, unhandledPromptBehavior: dismiss and notify, webauthn:extension:credBlob: true, webauthn:extension:largeBlob: true, webauthn:extension:minPinLength: true, webauthn:extension:prf: true, webauthn:virtualAuthenticators: true}\nElement: [[ChromeDriver: chrome on windows (3c72dd02c7f0e5ae26cd6adb54e1b35d)] -> xpath: //app-pdf-modal/div[1]/button/span]\nSession ID: 3c72dd02c7f0e5ae26cd6adb54e1b35d","trace":"org.openqa.selenium.ElementNotInteractableException: element not interactable\n  (Session info: chrome=114.0.5735.199)\nBuild info: version: '4.12.1', revision: '8e34639b11'\nSystem info: os.name: 'Windows Server 2022', os.arch: 'amd64', os.version: '10.0', java.version: '17.0.4.1'\nDriver info: org.openqa.selenium.chrome.ChromeDriver\nCommand: [3c72dd02c7f0e5ae26cd6adb54e1b35d, sendKeysToElement {id=6D86F1CCE916F87E8255639B2DAD3D49_element_299, value=[Ljava.lang.CharSequence;@4803bf73}]\nCapabilities {acceptInsecureCerts: false, browserName: chrome, browserVersion: 114.0.5735.199, chrome: {chromedriverVersion: 114.0.5735.90 (386bc09e8f4f..., userDataDir: C:\\Windows\\SystemTemp\\scope...}, goog:chromeOptions: {debuggerAddress: localhost:58622}, networkConnectionEnabled: false, pageLoadStrategy: normal, platformName: windows, proxy: Proxy(), se:cdp: ws://localhost:58622/devtoo..., se:cdpVersion: 114.0.5735.199, setWindowRect: true, strictFileInteractability: false, timeouts: {implicit: 0, pageLoad: 300000, script: 30000}, unhandledPromptBehavior: dismiss and notify, webauthn:extension:credBlob: true, webauthn:extension:largeBlob: true, webauthn:extension:minPinLength: true, webauthn:extension:prf: true, webauthn:virtualAuthenticators: true}\nElement: [[ChromeDriver: chrome on windows (3c72dd02c7f0e5ae26cd6adb54e1b35d)] -> xpath: //app-pdf-modal/div[1]/button/span]\nSession ID: 3c72dd02c7f0e5ae26cd6adb54e1b35d\r\n\tat java.base/jdk.internal.reflect.NativeConstructorAccessorImpl.newInstance0(Native Method)\r\n\tat java.base/jdk.internal.reflect.NativeConstructorAccessorImpl.newInstance(NativeConstructorAccessorImpl.java:77)\r\n\tat java.base/jdk.internal.reflect.DelegatingConstructorAccessorImpl.newInstance(DelegatingConstructorAccessorImpl.java:45)\r\n\tat java.base/java.lang.reflect.Constructor.newInstanceWithCaller(Constructor.java:499)\r\n\tat java.base/java.lang.reflect.Constructor.newInstance(Constructor.java:480)\r\n\tat org.openqa.selenium.remote.codec.w3c.W3CHttpResponseCodec.createException(W3CHttpResponseCodec.java:200)\r\n\tat org.openqa.selenium.remote.codec.w3c.W3CHttpResponseCodec.decode(W3CHttpResponseCodec.java:133)\r\n\tat org.openqa.selenium.remote.codec.w3c.W3CHttpResponseCodec.decode(W3CHttpResponseCodec.java:52)\r\n\tat org.openqa.selenium.remote.HttpCommandExecutor.execute(HttpCommandExecutor.java:191)\r\n\tat org.openqa.selenium.remote.service.DriverCommandExecutor.invokeExecute(DriverCommandExecutor.java:196)\r\n\tat org.openqa.selenium.remote.service.DriverCommandExecutor.execute(DriverCommandExecutor.java:171)\r\n\tat org.openqa.selenium.remote.RemoteWebDriver.execute(RemoteWebDriver.java:602)\r\n\tat org.openqa.selenium.remote.RemoteWebElement.execute(RemoteWebElement.java:224)\r\n\tat org.openqa.selenium.remote.RemoteWebElement.sendKeys(RemoteWebElement.java:111)\r\n\tat java.base/jdk.internal.reflect.NativeMethodAccessorImpl.invoke0(Native Method)\r\n\tat java.base/jdk.internal.reflect.NativeMethodAccessorImpl.invoke(NativeMethodAccessorImpl.java:77)\r\n\tat java.base/jdk.internal.reflect.DelegatingMethodAccessorImpl.invoke(DelegatingMethodAccessorImpl.java:43)\r\n\tat java.base/java.lang.reflect.Method.invoke(Method.java:568)\r\n\tat org.openqa.selenium.support.pagefactory.internal.LocatingElementHandler.invoke(LocatingElementHandler.java:51)\r\n\tat jdk.proxy2/jdk.proxy2.$Proxy17.sendKeys(Unknown Source)\r\n\tat extensions.UIActions.updateText(UIActions.java:59)\r\n\tat emergency.generalinstruction.test01_takePrintScreenEmergency(generalinstruction.java:57)\r\n\tat java.base/jdk.internal.reflect.NativeMethodAccessorImpl.invoke0(Native Method)\r\n\tat java.base/jdk.internal.reflect.NativeMethodAccessorImpl.invoke(NativeMethodAccessorImpl.java:77)\r\n\tat java.base/jdk.internal.reflect.DelegatingMethodAccessorImpl.invoke(DelegatingMethodAccessorImpl.java:43)\r\n\tat java.base/java.lang.reflect.Method.invoke(Method.java:568)\r\n\tat org.testng.internal.MethodInvocationHelper.invokeMethod(MethodInvocationHelper.java:133)\r\n\tat org.testng.internal.TestInvoker.invokeMethod(TestInvoker.java:598)\r\n\tat org.testng.internal.TestInvoker.invokeTestMethod(TestInvoker.java:173)\r\n\tat org.testng.internal.MethodRunner.runInSequence(MethodRunner.java:46)\r\n\tat org.testng.internal.TestInvoker$MethodInvocationAgent.invoke(TestInvoker.java:824)\r\n\tat org.testng.internal.TestInvoker.invokeTestMethods(TestInvoker.java:146)\r\n\tat org.testng.internal.TestMethodWorker.invokeTestMethods(TestMethodWorker.java:146)\r\n\tat org.testng.internal.TestMethodWorker.run(TestMethodWorker.java:128)\r\n\tat java.base/java.util.ArrayList.forEach(ArrayList.java:1511)\r\n\tat org.testng.TestRunner.privateRun(TestRunner.java:794)\r\n\tat org.testng.TestRunner.run(TestRunner.java:596)\r\n\tat org.testng.SuiteRunner.runTest(SuiteRunner.java:377)\r\n\tat org.testng.SuiteRunner.runSequentially(SuiteRunner.java:371)\r\n\tat org.testng.SuiteRunner.privateRun(SuiteRunner.java:332)\r\n\tat org.testng.SuiteRunner.run(SuiteRunner.java:276)\r\n\tat org.testng.SuiteRunnerWorker.runSuite(SuiteRunnerWorker.java:53)\r\n\tat org.testng.SuiteRunnerWorker.run(SuiteRunnerWorker.java:96)\r\n\tat org.testng.TestNG.runSuitesSequentially(TestNG.java:1212)\r\n\tat org.testng.TestNG.runSuitesLocally(TestNG.java:1134)\r\n\tat org.testng.TestNG.runSuites(TestNG.java:1063)\r\n\tat org.testng.TestNG.run(TestNG.java:1031)\r\n\tat org.apache.maven.surefire.testng.TestNGExecutor.run(TestNGExecutor.java:283)\r\n\tat org.apache.maven.surefire.testng.TestNGXmlTestSuite.execute(TestNGXmlTestSuite.java:75)\r\n\tat org.apache.maven.surefire.testng.TestNGProvider.invoke(TestNGProvider.java:120)\r\n\tat org.apache.maven.surefire.booter.ForkedBooter.invokeProviderInSameClassLoader(ForkedBooter.java:384)\r\n\tat org.apache.maven.surefire.booter.ForkedBooter.runSuitesInProcess(ForkedBooter.java:345)\r\n\tat org.apache.maven.surefire.booter.ForkedBooter.execute(ForkedBooter.java:126)\r\n\tat org.apache.maven.surefire.booter.ForkedBooter.main(ForkedBooter.java:418)\r\n"},"stage":"finished","description":"takePrintScreenEmergency","steps":[{"name":" Login With Choose Role","status":"passed","stage":"finished","steps":[{"name":"Update Text Element","status":"passed","stage":"finished","steps":[],"attachments":[],"parameters":[{"name":"elem","value":"[[ChromeDriver: chrome on windows (3c72dd02c7f0e5ae26cd6adb54e1b35d)] -> id: user_name]"},{"name":"text","value":"test"}],"start":1699914018958,"stop":1699914019264},{"name":"Update Text Element","status":"passed","stage":"finished","steps":[],"attachments":[],"parameters":[{"name":"elem","value":"[[ChromeDriver: chrome on windows (3c72dd02c7f0e5ae26cd6adb54e1b35d)] -> id: password]"},{"name":"text","value":"Te231121"}],"start":1699914019304,"stop":1699914019579},{"name":"Click on Element","status":"passed","stage":"finished","steps":[],"attachments":[],"parameters":[{"name":"elem","value":"[[ChromeDriver: chrome on windows (3c72dd02c7f0e5ae26cd6adb54e1b35d)] -> id: submitBtn]"}],"start":1699914019624,"stop":1699914019892},{"name":"Select text from List","status":"passed","stage":"finished","steps":[{"name":"Click on Element","status":"passed","stage":"finished","steps":[],"attachments":[],"parameters":[{"name":"elem","value":"[[ChromeDriver: chrome on windows (3c72dd02c7f0e5ae26cd6adb54e1b35d)] -> tag name: li]"}],"start":1699914020686,"stop":1699914020774}],"attachments":[],"parameters":[{"name":"list","value":"[[[ChromeDriver: chrome on windows (3c72dd02c7f0e5ae26cd6adb54e1b35d)] -> tag name: li], [[ChromeDriver: chrome on windows (3c72dd02c7f0e5ae26cd6adb54e1b35d)] -> tag name: li], [[ChromeDriver: chrome on windows (3c72dd02c7f0e5ae26cd6adb54e1b35d)] -> tag name: li], [[ChromeDriver: chrome on windows (3c72dd02c7f0e5ae26cd6adb54e1b35d)] -> tag name: li], [[ChromeDriver: chrome on windows (3c72dd02c7f0e5ae26cd6adb54e1b35d)] -> tag name: li], [[ChromeDriver: chrome on windows (3c72dd02c7f0e5ae26cd6adb54e1b35d)] -> tag name: li], [[ChromeDriver: chrome on windows (3c72dd02c7f0e5ae26cd6adb54e1b35d)] -> tag name: li], [[ChromeDriver: chrome on windows (3c72dd02c7f0e5ae26cd6adb54e1b35d)] -> tag name: li], [[ChromeDriver: chrome on windows (3c72dd02c7f0e5ae26cd6adb54e1b35d)] -> tag name: li]]"},{"name":"text","value":"אחות"}],"start":1699914020607,"stop":1699914020774}],"attachments":[],"parameters":[{"name":"r","value":"n"}],"start":1699914018878,"stop":1699914021784},{"name":"choose department","status":"passed","stage":"finished","steps":[{"name":"Click on Element","status":"passed","stage":"finished","steps":[],"attachments":[],"parameters":[{"name":"elem","value":"[[ChromeDriver: chrome on windows (3c72dd02c7f0e5ae26cd6adb54e1b35d)] -> id: dropdownBasic1]"}],"start":1699914023821,"stop":1699914024375},{"name":"Click on Element","status":"passed","stage":"finished","steps":[],"attachments":[],"parameters":[{"name":"elem","value":"[[ChromeDriver: chrome on windows (3c72dd02c7f0e5ae26cd6adb54e1b35d)] -> xpath: //ngb-typeahead-window//button]"}],"start":1699914031194,"stop":1699914031476}],"attachments":[],"parameters":[{"name":"dep","value":"חדר מיון"}],"start":1699914022794,"stop":1699914031476},{"name":" patientBoxEntry","status":"passed","stage":"finished","steps":[{"name":"Click on Element","status":"passed","stage":"finished","steps":[],"attachments":[],"parameters":[{"name":"elem","value":"[[ChromeDriver: chrome on windows (3c72dd02c7f0e5ae26cd6adb54e1b35d)] -> xpath: //p-table[contains(@class,'depMeushpazim-table patients-table')]//tr]"}],"start":1699914032511,"stop":1699914032697},{"name":"Verify Text in Element","status":"passed","stage":"finished","steps":[],"attachments":[],"parameters":[{"name":"elem","value":"[[ChromeDriver: chrome on windows (3c72dd02c7f0e5ae26cd6adb54e1b35d)] -> xpath: //span[@class='value-label']]"},{"name":"expected","value":"מס' שרות:"}],"start":1699914035647,"stop":1699914035710}],"attachments":[],"parameters":[{"name":"index","value":"1"}],"start":1699914032477,"stop":1699914035710},{"name":"Click on Element","status":"passed","stage":"finished","steps":[],"attachments":[],"parameters":[{"name":"elem","value":"[[ChromeDriver: chrome on windows (3c72dd02c7f0e5ae26cd6adb54e1b35d)] -> xpath: //button[text()='הדפסת מדבקות']]"}],"start":1699914036260,"stop":1699914041836},{"name":"Update Text Element","status":"broken","statusDetails":{"known":false,"muted":false,"flaky":false,"message":"element not interactable\n  (Session info: chrome=114.0.5735.199)\nBuild info: version: '4.12.1', revision: '8e34639b11'\nSystem info: os.name: 'Windows Server 2022', os.arch: 'amd64', os.version: '10.0', java.version: '17.0.4.1'\nDriver info: org.openqa.selenium.chrome.ChromeDriver\nCommand: [3c72dd02c7f0e5ae26cd6adb54e1b35d, sendKeysToElement {id=6D86F1CCE916F87E8255639B2DAD3D49_element_299, value=[Ljava.lang.CharSequence;@4803bf73}]\nCapabilities {acceptInsecureCerts: false, browserName: chrome, browserVersion: 114.0.5735.199, chrome: {chromedriverVersion: 114.0.5735.90 (386bc09e8f4f..., userDataDir: C:\\Windows\\SystemTemp\\scope...}, goog:chromeOptions: {debuggerAddress: localhost:58622}, networkConnectionEnabled: false, pageLoadStrategy: normal, platformName: windows, proxy: Proxy(), se:cdp: ws://localhost:58622/devtoo..., se:cdpVersion: 114.0.5735.199, setWindowRect: true, strictFileInteractability: false, timeouts: {implicit: 0, pageLoad: 300000, script: 30000}, unhandledPromptBehavior: dismiss and notify, webauthn:extension:credBlob: true, webauthn:extension:largeBlob: true, webauthn:extension:minPinLength: true, webauthn:extension:prf: true, webauthn:virtualAuthenticators: true}\nElement: [[ChromeDriver: chrome on windows (3c72dd02c7f0e5ae26cd6adb54e1b35d)] -> xpath: //app-pdf-modal/div[1]/button/span]\nSession ID: 3c72dd02c7f0e5ae26cd6adb54e1b35d","trace":"org.openqa.selenium.ElementNotInteractableException: element not interactable\n  (Session info: chrome=114.0.5735.199)\nBuild info: version: '4.12.1', revision: '8e34639b11'\nSystem info: os.name: 'Windows Server 2022', os.arch: 'amd64', os.version: '10.0', java.version: '17.0.4.1'\nDriver info: org.openqa.selenium.chrome.ChromeDriver\nCommand: [3c72dd02c7f0e5ae26cd6adb54e1b35d, sendKeysToElement {id=6D86F1CCE916F87E8255639B2DAD3D49_element_299, value=[Ljava.lang.CharSequence;@4803bf73}]\nCapabilities {acceptInsecureCerts: false, browserName: chrome, browserVersion: 114.0.5735.199, chrome: {chromedriverVersion: 114.0.5735.90 (386bc09e8f4f..., userDataDir: C:\\Windows\\SystemTemp\\scope...}, goog:chromeOptions: {debuggerAddress: localhost:58622}, networkConnectionEnabled: false, pageLoadStrategy: normal, platformName: windows, proxy: Proxy(), se:cdp: ws://localhost:58622/devtoo..., se:cdpVersion: 114.0.5735.199, setWindowRect: true, strictFileInteractability: false, timeouts: {implicit: 0, pageLoad: 300000, script: 30000}, unhandledPromptBehavior: dismiss and notify, webauthn:extension:credBlob: true, webauthn:extension:largeBlob: true, webauthn:extension:minPinLength: true, webauthn:extension:prf: true, webauthn:virtualAuthenticators: true}\nElement: [[ChromeDriver: chrome on windows (3c72dd02c7f0e5ae26cd6adb54e1b35d)] -> xpath: //app-pdf-modal/div[1]/button/span]\nSession ID: 3c72dd02c7f0e5ae26cd6adb54e1b35d\r\n\tat java.base/jdk.internal.reflect.NativeConstructorAccessorImpl.newInstance0(Native Method)\r\n\tat java.base/jdk.internal.reflect.NativeConstructorAccessorImpl.newInstance(NativeConstructorAccessorImpl.java:77)\r\n\tat java.base/jdk.internal.reflect.DelegatingConstructorAccessorImpl.newInstance(DelegatingConstructorAccessorImpl.java:45)\r\n\tat java.base/java.lang.reflect.Constructor.newInstanceWithCaller(Constructor.java:499)\r\n\tat java.base/java.lang.reflect.Constructor.newInstance(Constructor.java:480)\r\n\tat org.openqa.selenium.remote.codec.w3c.W3CHttpResponseCodec.createException(W3CHttpResponseCodec.java:200)\r\n\tat org.openqa.selenium.remote.codec.w3c.W3CHttpResponseCodec.decode(W3CHttpResponseCodec.java:133)\r\n\tat org.openqa.selenium.remote.codec.w3c.W3CHttpResponseCodec.decode(W3CHttpResponseCodec.java:52)\r\n\tat org.openqa.selenium.remote.HttpCommandExecutor.execute(HttpCommandExecutor.java:191)\r\n\tat org.openqa.selenium.remote.service.DriverCommandExecutor.invokeExecute(DriverCommandExecutor.java:196)\r\n\tat org.openqa.selenium.remote.service.DriverCommandExecutor.execute(DriverCommandExecutor.java:171)\r\n\tat org.openqa.selenium.remote.RemoteWebDriver.execute(RemoteWebDriver.java:602)\r\n\tat org.openqa.selenium.remote.RemoteWebElement.execute(RemoteWebElement.java:224)\r\n\tat org.openqa.selenium.remote.RemoteWebElement.sendKeys(RemoteWebElement.java:111)\r\n\tat java.base/jdk.internal.reflect.NativeMethodAccessorImpl.invoke0(Native Method)\r\n\tat java.base/jdk.internal.reflect.NativeMethodAccessorImpl.invoke(NativeMethodAccessorImpl.java:77)\r\n\tat java.base/jdk.internal.reflect.DelegatingMethodAccessorImpl.invoke(DelegatingMethodAccessorImpl.java:43)\r\n\tat java.base/java.lang.reflect.Method.invoke(Method.java:568)\r\n\tat org.openqa.selenium.support.pagefactory.internal.LocatingElementHandler.invoke(LocatingElementHandler.java:51)\r\n\tat jdk.proxy2/jdk.proxy2.$Proxy17.sendKeys(Unknown Source)\r\n\tat extensions.UIActions.updateText(UIActions.java:59)\r\n\tat emergency.generalinstruction.test01_takePrintScreenEmergency(generalinstruction.java:57)\r\n\tat java.base/jdk.internal.reflect.NativeMethodAccessorImpl.invoke0(Native Method)\r\n\tat java.base/jdk.internal.reflect.NativeMethodAccessorImpl.invoke(NativeMethodAccessorImpl.java:77)\r\n\tat java.base/jdk.internal.reflect.DelegatingMethodAccessorImpl.invoke(DelegatingMethodAccessorImpl.java:43)\r\n\tat java.base/java.lang.reflect.Method.invoke(Method.java:568)\r\n\tat org.testng.internal.MethodInvocationHelper.invokeMethod(MethodInvocationHelper.java:133)\r\n\tat org.testng.internal.TestInvoker.invokeMethod(TestInvoker.java:598)\r\n\tat org.testng.internal.TestInvoker.invokeTestMethod(TestInvoker.java:173)\r\n\tat org.testng.internal.MethodRunner.runInSequence(MethodRunner.java:46)\r\n\tat org.testng.internal.TestInvoker$MethodInvocationAgent.invoke(TestInvoker.java:824)\r\n\tat org.testng.internal.TestInvoker.invokeTestMethods(TestInvoker.java:146)\r\n\tat org.testng.internal.TestMethodWorker.invokeTestMethods(TestMethodWorker.java:146)\r\n\tat org.testng.internal.TestMethodWorker.run(TestMethodWorker.java:128)\r\n\tat java.base/java.util.ArrayList.forEach(ArrayList.java:1511)\r\n\tat org.testng.TestRunner.privateRun(TestRunner.java:794)\r\n\tat org.testng.TestRunner.run(TestRunner.java:596)\r\n\tat org.testng.SuiteRunner.runTest(SuiteRunner.java:377)\r\n\tat org.testng.SuiteRunner.runSequentially(SuiteRunner.java:371)\r\n\tat org.testng.SuiteRunner.privateRun(SuiteRunner.java:332)\r\n\tat org.testng.SuiteRunner.run(SuiteRunner.java:276)\r\n\tat org.testng.SuiteRunnerWorker.runSuite(SuiteRunnerWorker.java:53)\r\n\tat org.testng.SuiteRunnerWorker.run(SuiteRunnerWorker.java:96)\r\n\tat org.testng.TestNG.runSuitesSequentially(TestNG.java:1212)\r\n\tat org.testng.TestNG.runSuitesLocally(TestNG.java:1134)\r\n\tat org.testng.TestNG.runSuites(TestNG.java:1063)\r\n\tat org.testng.TestNG.run(TestNG.java:1031)\r\n\tat org.apache.maven.surefire.testng.TestNGExecutor.run(TestNGExecutor.java:283)\r\n\tat org.apache.maven.surefire.testng.TestNGXmlTestSuite.execute(TestNGXmlTestSuite.java:75)\r\n\tat org.apache.maven.surefire.testng.TestNGProvider.invoke(TestNGProvider.java:120)\r\n\tat org.apache.maven.surefire.booter.ForkedBooter.invokeProviderInSameClassLoader(ForkedBooter.java:384)\r\n\tat org.apache.maven.surefire.booter.ForkedBooter.runSuitesInProcess(ForkedBooter.java:345)\r\n\tat org.apache.maven.surefire.booter.ForkedBooter.execute(ForkedBooter.java:126)\r\n\tat org.apache.maven.surefire.booter.ForkedBooter.main(ForkedBooter.java:418)\r\n"},"stage":"finished","steps":[],"attachments":[],"parameters":[{"name":"elem","value":"[[ChromeDriver: chrome on windows (3c72dd02c7f0e5ae26cd6adb54e1b35d)] -> xpath: //app-pdf-modal/div[1]/button/span]"},{"name":"text","value":"'yj"}],"start":1699914047761,"stop":1699914047932}],"attachments":[{"name":"Page Screen-Shot","source":"6c76eadc-c666-421e-9288-a131603f5947-attachment","type":"image/png"}],"parameters":[],"start":1699914018831,"stop":1699914048485,"uuid":"7a16b224-7475-4d33-acba-e25e2775e074","historyId":"1b396f7a54ae98a53ffc8942d71cbaa9","fullName":"emergency.generalinstruction.test01_takePrintScreenEmergency","labels":[{"name":"package","value":"emergency.generalinstruction"},{"name":"testClass","value":"emergency.generalinstruction"},{"name":"testMethod","value":"test01_takePrintScreenEmergency"},{"name":"parentSuite","value":"restoreBugAt00"},{"name":"suite","value":"cardex"},{"name":"subSuite","value":"emergency.generalinstruction"},{"name":"host","value":"lanjenkins2"},{"name":"thread","value":"10860@lanjenkins2.main(1)"},{"name":"framework","value":"testng"},{"name":"language","value":"java"}],"links":[]}