{"name":"take Print Screen Emergency","status":"broken","statusDetails":{"known":false,"muted":false,"flaky":false,"message":"element click intercepted: Element <input _ngcontent-sws-c8=\"\" aria-multiline=\"false\" autocapitalize=\"off\" autocorrect=\"off\" class=\"btn-default dropdown-toggle unitText1 dropDep change-dep-btn ng-untouched ng-pristine ng-valid\" dontlock=\"true\" id=\"dropdownBasic1\" role=\"combobox\" type=\"text\" ng-reflect-input-formatter=\"function (selectItem) {\n      \" ng-reflect-ngb-typeahead=\"function (text$) {\n           \" ng-reflect-result-formatter=\"function (selectItem) {\n      \" ng-reflect-model=\"[object Object]\" autocomplete=\"off\" aria-autocomplete=\"list\" aria-expanded=\"false\"> is not clickable at point (966, 83). Other element would receive the click: <div _ngcontent-sws-c3=\"\" class=\"overlay\" ng-reflect-ng-style=\"[object Object]\" style=\"background-color: rgba(51, 51, 51, 0.5); position: fixed;\">...</div>\n  (Session info: chrome=114.0.5735.199)\nBuild info: version: '4.12.1', revision: '8e34639b11'\nSystem info: os.name: 'Windows Server 2022', os.arch: 'amd64', os.version: '10.0', java.version: '17.0.4.1'\nDriver info: org.openqa.selenium.chrome.ChromeDriver\nCommand: [99dc58ad4669b514180763e1b407c6ed, clickElement {id=7FB8A84F518D535B5305A98B736577E5_element_48}]\nCapabilities {acceptInsecureCerts: false, browserName: chrome, browserVersion: 114.0.5735.199, chrome: {chromedriverVersion: 114.0.5735.90 (386bc09e8f4f..., userDataDir: C:\\Windows\\SystemTemp\\scope...}, goog:chromeOptions: {debuggerAddress: localhost:65135}, networkConnectionEnabled: false, pageLoadStrategy: normal, platformName: windows, proxy: Proxy(), se:cdp: ws://localhost:65135/devtoo..., se:cdpVersion: 114.0.5735.199, setWindowRect: true, strictFileInteractability: false, timeouts: {implicit: 0, pageLoad: 300000, script: 30000}, unhandledPromptBehavior: dismiss and notify, webauthn:extension:credBlob: true, webauthn:extension:largeBlob: true, webauthn:extension:minPinLength: true, webauthn:extension:prf: true, webauthn:virtualAuthenticators: true}\nElement: [[ChromeDriver: chrome on windows (99dc58ad4669b514180763e1b407c6ed)] -> id: dropdownBasic1]\nSession ID: 99dc58ad4669b514180763e1b407c6ed","trace":"org.openqa.selenium.ElementClickInterceptedException: element click intercepted: Element <input _ngcontent-sws-c8=\"\" aria-multiline=\"false\" autocapitalize=\"off\" autocorrect=\"off\" class=\"btn-default dropdown-toggle unitText1 dropDep change-dep-btn ng-untouched ng-pristine ng-valid\" dontlock=\"true\" id=\"dropdownBasic1\" role=\"combobox\" type=\"text\" ng-reflect-input-formatter=\"function (selectItem) {\n      \" ng-reflect-ngb-typeahead=\"function (text$) {\n           \" ng-reflect-result-formatter=\"function (selectItem) {\n      \" ng-reflect-model=\"[object Object]\" autocomplete=\"off\" aria-autocomplete=\"list\" aria-expanded=\"false\"> is not clickable at point (966, 83). Other element would receive the click: <div _ngcontent-sws-c3=\"\" class=\"overlay\" ng-reflect-ng-style=\"[object Object]\" style=\"background-color: rgba(51, 51, 51, 0.5); position: fixed;\">...</div>\n  (Session info: chrome=114.0.5735.199)\nBuild info: version: '4.12.1', revision: '8e34639b11'\nSystem info: os.name: 'Windows Server 2022', os.arch: 'amd64', os.version: '10.0', java.version: '17.0.4.1'\nDriver info: org.openqa.selenium.chrome.ChromeDriver\nCommand: [99dc58ad4669b514180763e1b407c6ed, clickElement {id=7FB8A84F518D535B5305A98B736577E5_element_48}]\nCapabilities {acceptInsecureCerts: false, browserName: chrome, browserVersion: 114.0.5735.199, chrome: {chromedriverVersion: 114.0.5735.90 (386bc09e8f4f..., userDataDir: C:\\Windows\\SystemTemp\\scope...}, goog:chromeOptions: {debuggerAddress: localhost:65135}, networkConnectionEnabled: false, pageLoadStrategy: normal, platformName: windows, proxy: Proxy(), se:cdp: ws://localhost:65135/devtoo..., se:cdpVersion: 114.0.5735.199, setWindowRect: true, strictFileInteractability: false, timeouts: {implicit: 0, pageLoad: 300000, script: 30000}, unhandledPromptBehavior: dismiss and notify, webauthn:extension:credBlob: true, webauthn:extension:largeBlob: true, webauthn:extension:minPinLength: true, webauthn:extension:prf: true, webauthn:virtualAuthenticators: true}\nElement: [[ChromeDriver: chrome on windows (99dc58ad4669b514180763e1b407c6ed)] -> id: dropdownBasic1]\nSession ID: 99dc58ad4669b514180763e1b407c6ed\r\n\tat java.base/jdk.internal.reflect.NativeConstructorAccessorImpl.newInstance0(Native Method)\r\n\tat java.base/jdk.internal.reflect.NativeConstructorAccessorImpl.newInstance(NativeConstructorAccessorImpl.java:77)\r\n\tat java.base/jdk.internal.reflect.DelegatingConstructorAccessorImpl.newInstance(DelegatingConstructorAccessorImpl.java:45)\r\n\tat java.base/java.lang.reflect.Constructor.newInstanceWithCaller(Constructor.java:499)\r\n\tat java.base/java.lang.reflect.Constructor.newInstance(Constructor.java:480)\r\n\tat org.openqa.selenium.remote.codec.w3c.W3CHttpResponseCodec.createException(W3CHttpResponseCodec.java:200)\r\n\tat org.openqa.selenium.remote.codec.w3c.W3CHttpResponseCodec.decode(W3CHttpResponseCodec.java:133)\r\n\tat org.openqa.selenium.remote.codec.w3c.W3CHttpResponseCodec.decode(W3CHttpResponseCodec.java:52)\r\n\tat org.openqa.selenium.remote.HttpCommandExecutor.execute(HttpCommandExecutor.java:191)\r\n\tat org.openqa.selenium.remote.service.DriverCommandExecutor.invokeExecute(DriverCommandExecutor.java:196)\r\n\tat org.openqa.selenium.remote.service.DriverCommandExecutor.execute(DriverCommandExecutor.java:171)\r\n\tat org.openqa.selenium.remote.RemoteWebDriver.execute(RemoteWebDriver.java:602)\r\n\tat org.openqa.selenium.remote.RemoteWebElement.execute(RemoteWebElement.java:224)\r\n\tat org.openqa.selenium.remote.RemoteWebElement.click(RemoteWebElement.java:77)\r\n\tat java.base/jdk.internal.reflect.NativeMethodAccessorImpl.invoke0(Native Method)\r\n\tat java.base/jdk.internal.reflect.NativeMethodAccessorImpl.invoke(NativeMethodAccessorImpl.java:77)\r\n\tat java.base/jdk.internal.reflect.DelegatingMethodAccessorImpl.invoke(DelegatingMethodAccessorImpl.java:43)\r\n\tat java.base/java.lang.reflect.Method.invoke(Method.java:568)\r\n\tat org.openqa.selenium.support.pagefactory.internal.LocatingElementHandler.invoke(LocatingElementHandler.java:51)\r\n\tat jdk.proxy2/jdk.proxy2.$Proxy17.click(Unknown Source)\r\n\tat extensions.UIActions.click(UIActions.java:43)\r\n\tat workflows.departmentFlows.chooseDepartment(departmentFlows.java:15)\r\n\tat emergency.generalinstruction.test01_takePrintScreenEmergency(generalinstruction.java:49)\r\n\tat java.base/jdk.internal.reflect.NativeMethodAccessorImpl.invoke0(Native Method)\r\n\tat java.base/jdk.internal.reflect.NativeMethodAccessorImpl.invoke(NativeMethodAccessorImpl.java:77)\r\n\tat java.base/jdk.internal.reflect.DelegatingMethodAccessorImpl.invoke(DelegatingMethodAccessorImpl.java:43)\r\n\tat java.base/java.lang.reflect.Method.invoke(Method.java:568)\r\n\tat org.testng.internal.MethodInvocationHelper.invokeMethod(MethodInvocationHelper.java:133)\r\n\tat org.testng.internal.TestInvoker.invokeMethod(TestInvoker.java:598)\r\n\tat org.testng.internal.TestInvoker.invokeTestMethod(TestInvoker.java:173)\r\n\tat org.testng.internal.MethodRunner.runInSequence(MethodRunner.java:46)\r\n\tat org.testng.internal.TestInvoker$MethodInvocationAgent.invoke(TestInvoker.java:824)\r\n\tat org.testng.internal.TestInvoker.invokeTestMethods(TestInvoker.java:146)\r\n\tat org.testng.internal.TestMethodWorker.invokeTestMethods(TestMethodWorker.java:146)\r\n\tat org.testng.internal.TestMethodWorker.run(TestMethodWorker.java:128)\r\n\tat java.base/java.util.ArrayList.forEach(ArrayList.java:1511)\r\n\tat org.testng.TestRunner.privateRun(TestRunner.java:794)\r\n\tat org.testng.TestRunner.run(TestRunner.java:596)\r\n\tat org.testng.SuiteRunner.runTest(SuiteRunner.java:377)\r\n\tat org.testng.SuiteRunner.runSequentially(SuiteRunner.java:371)\r\n\tat org.testng.SuiteRunner.privateRun(SuiteRunner.java:332)\r\n\tat org.testng.SuiteRunner.run(SuiteRunner.java:276)\r\n\tat org.testng.SuiteRunnerWorker.runSuite(SuiteRunnerWorker.java:53)\r\n\tat org.testng.SuiteRunnerWorker.run(SuiteRunnerWorker.java:96)\r\n\tat org.testng.TestNG.runSuitesSequentially(TestNG.java:1212)\r\n\tat org.testng.TestNG.runSuitesLocally(TestNG.java:1134)\r\n\tat org.testng.TestNG.runSuites(TestNG.java:1063)\r\n\tat org.testng.TestNG.run(TestNG.java:1031)\r\n\tat org.apache.maven.surefire.testng.TestNGExecutor.run(TestNGExecutor.java:283)\r\n\tat org.apache.maven.surefire.testng.TestNGXmlTestSuite.execute(TestNGXmlTestSuite.java:75)\r\n\tat org.apache.maven.surefire.testng.TestNGProvider.invoke(TestNGProvider.java:120)\r\n\tat org.apache.maven.surefire.booter.ForkedBooter.invokeProviderInSameClassLoader(ForkedBooter.java:384)\r\n\tat org.apache.maven.surefire.booter.ForkedBooter.runSuitesInProcess(ForkedBooter.java:345)\r\n\tat org.apache.maven.surefire.booter.ForkedBooter.execute(ForkedBooter.java:126)\r\n\tat org.apache.maven.surefire.booter.ForkedBooter.main(ForkedBooter.java:418)\r\n"},"stage":"finished","description":"takePrintScreenEmergency","steps":[{"name":" Login With Choose Role","status":"passed","stage":"finished","steps":[{"name":"Update Text Element","status":"passed","stage":"finished","steps":[],"attachments":[],"parameters":[{"name":"elem","value":"[[ChromeDriver: chrome on windows (99dc58ad4669b514180763e1b407c6ed)] -> id: user_name]"},{"name":"text","value":"test"}],"start":1705011587441,"stop":1705011587594},{"name":"Update Text Element","status":"passed","stage":"finished","steps":[],"attachments":[],"parameters":[{"name":"elem","value":"[[ChromeDriver: chrome on windows (99dc58ad4669b514180763e1b407c6ed)] -> id: password]"},{"name":"text","value":"Te231121"}],"start":1705011587615,"stop":1705011587747},{"name":"Click on Element","status":"passed","stage":"finished","steps":[],"attachments":[],"parameters":[{"name":"elem","value":"[[ChromeDriver: chrome on windows (99dc58ad4669b514180763e1b407c6ed)] -> id: submitBtn]"}],"start":1705011587763,"stop":1705011587886},{"name":"Select text from List","status":"passed","stage":"finished","steps":[{"name":"Click on Element","status":"passed","stage":"finished","steps":[],"attachments":[],"parameters":[{"name":"elem","value":"[[ChromeDriver: chrome on windows (99dc58ad4669b514180763e1b407c6ed)] -> tag name: li]"}],"start":1705011588546,"stop":1705011588621}],"attachments":[],"parameters":[{"name":"list","value":"[[[ChromeDriver: chrome on windows (99dc58ad4669b514180763e1b407c6ed)] -> tag name: li], [[ChromeDriver: chrome on windows (99dc58ad4669b514180763e1b407c6ed)] -> tag name: li], [[ChromeDriver: chrome on windows (99dc58ad4669b514180763e1b407c6ed)] -> tag name: li], [[ChromeDriver: chrome on windows (99dc58ad4669b514180763e1b407c6ed)] -> tag name: li], [[ChromeDriver: chrome on windows (99dc58ad4669b514180763e1b407c6ed)] -> tag name: li], [[ChromeDriver: chrome on windows (99dc58ad4669b514180763e1b407c6ed)] -> tag name: li], [[ChromeDriver: chrome on windows (99dc58ad4669b514180763e1b407c6ed)] -> tag name: li], [[ChromeDriver: chrome on windows (99dc58ad4669b514180763e1b407c6ed)] -> tag name: li], [[ChromeDriver: chrome on windows (99dc58ad4669b514180763e1b407c6ed)] -> tag name: li]]"},{"name":"text","value":"אחות"}],"start":1705011588501,"stop":1705011588621}],"attachments":[],"parameters":[{"name":"r","value":"n"}],"start":1705011587308,"stop":1705011589622},{"name":"choose department","status":"broken","statusDetails":{"known":false,"muted":false,"flaky":false,"message":"element click intercepted: Element <input _ngcontent-sws-c8=\"\" aria-multiline=\"false\" autocapitalize=\"off\" autocorrect=\"off\" class=\"btn-default dropdown-toggle unitText1 dropDep change-dep-btn ng-untouched ng-pristine ng-valid\" dontlock=\"true\" id=\"dropdownBasic1\" role=\"combobox\" type=\"text\" ng-reflect-input-formatter=\"function (selectItem) {\n      \" ng-reflect-ngb-typeahead=\"function (text$) {\n           \" ng-reflect-result-formatter=\"function (selectItem) {\n      \" ng-reflect-model=\"[object Object]\" autocomplete=\"off\" aria-autocomplete=\"list\" aria-expanded=\"false\"> is not clickable at point (966, 83). Other element would receive the click: <div _ngcontent-sws-c3=\"\" class=\"overlay\" ng-reflect-ng-style=\"[object Object]\" style=\"background-color: rgba(51, 51, 51, 0.5); position: fixed;\">...</div>\n  (Session info: chrome=114.0.5735.199)\nBuild info: version: '4.12.1', revision: '8e34639b11'\nSystem info: os.name: 'Windows Server 2022', os.arch: 'amd64', os.version: '10.0', java.version: '17.0.4.1'\nDriver info: org.openqa.selenium.chrome.ChromeDriver\nCommand: [99dc58ad4669b514180763e1b407c6ed, clickElement {id=7FB8A84F518D535B5305A98B736577E5_element_48}]\nCapabilities {acceptInsecureCerts: false, browserName: chrome, browserVersion: 114.0.5735.199, chrome: {chromedriverVersion: 114.0.5735.90 (386bc09e8f4f..., userDataDir: C:\\Windows\\SystemTemp\\scope...}, goog:chromeOptions: {debuggerAddress: localhost:65135}, networkConnectionEnabled: false, pageLoadStrategy: normal, platformName: windows, proxy: Proxy(), se:cdp: ws://localhost:65135/devtoo..., se:cdpVersion: 114.0.5735.199, setWindowRect: true, strictFileInteractability: false, timeouts: {implicit: 0, pageLoad: 300000, script: 30000}, unhandledPromptBehavior: dismiss and notify, webauthn:extension:credBlob: true, webauthn:extension:largeBlob: true, webauthn:extension:minPinLength: true, webauthn:extension:prf: true, webauthn:virtualAuthenticators: true}\nElement: [[ChromeDriver: chrome on windows (99dc58ad4669b514180763e1b407c6ed)] -> id: dropdownBasic1]\nSession ID: 99dc58ad4669b514180763e1b407c6ed","trace":"org.openqa.selenium.ElementClickInterceptedException: element click intercepted: Element <input _ngcontent-sws-c8=\"\" aria-multiline=\"false\" autocapitalize=\"off\" autocorrect=\"off\" class=\"btn-default dropdown-toggle unitText1 dropDep change-dep-btn ng-untouched ng-pristine ng-valid\" dontlock=\"true\" id=\"dropdownBasic1\" role=\"combobox\" type=\"text\" ng-reflect-input-formatter=\"function (selectItem) {\n      \" ng-reflect-ngb-typeahead=\"function (text$) {\n           \" ng-reflect-result-formatter=\"function (selectItem) {\n      \" ng-reflect-model=\"[object Object]\" autocomplete=\"off\" aria-autocomplete=\"list\" aria-expanded=\"false\"> is not clickable at point (966, 83). Other element would receive the click: <div _ngcontent-sws-c3=\"\" class=\"overlay\" ng-reflect-ng-style=\"[object Object]\" style=\"background-color: rgba(51, 51, 51, 0.5); position: fixed;\">...</div>\n  (Session info: chrome=114.0.5735.199)\nBuild info: version: '4.12.1', revision: '8e34639b11'\nSystem info: os.name: 'Windows Server 2022', os.arch: 'amd64', os.version: '10.0', java.version: '17.0.4.1'\nDriver info: org.openqa.selenium.chrome.ChromeDriver\nCommand: [99dc58ad4669b514180763e1b407c6ed, clickElement {id=7FB8A84F518D535B5305A98B736577E5_element_48}]\nCapabilities {acceptInsecureCerts: false, browserName: chrome, browserVersion: 114.0.5735.199, chrome: {chromedriverVersion: 114.0.5735.90 (386bc09e8f4f..., userDataDir: C:\\Windows\\SystemTemp\\scope...}, goog:chromeOptions: {debuggerAddress: localhost:65135}, networkConnectionEnabled: false, pageLoadStrategy: normal, platformName: windows, proxy: Proxy(), se:cdp: ws://localhost:65135/devtoo..., se:cdpVersion: 114.0.5735.199, setWindowRect: true, strictFileInteractability: false, timeouts: {implicit: 0, pageLoad: 300000, script: 30000}, unhandledPromptBehavior: dismiss and notify, webauthn:extension:credBlob: true, webauthn:extension:largeBlob: true, webauthn:extension:minPinLength: true, webauthn:extension:prf: true, webauthn:virtualAuthenticators: true}\nElement: [[ChromeDriver: chrome on windows (99dc58ad4669b514180763e1b407c6ed)] -> id: dropdownBasic1]\nSession ID: 99dc58ad4669b514180763e1b407c6ed\r\n\tat java.base/jdk.internal.reflect.NativeConstructorAccessorImpl.newInstance0(Native Method)\r\n\tat java.base/jdk.internal.reflect.NativeConstructorAccessorImpl.newInstance(NativeConstructorAccessorImpl.java:77)\r\n\tat java.base/jdk.internal.reflect.DelegatingConstructorAccessorImpl.newInstance(DelegatingConstructorAccessorImpl.java:45)\r\n\tat java.base/java.lang.reflect.Constructor.newInstanceWithCaller(Constructor.java:499)\r\n\tat java.base/java.lang.reflect.Constructor.newInstance(Constructor.java:480)\r\n\tat org.openqa.selenium.remote.codec.w3c.W3CHttpResponseCodec.createException(W3CHttpResponseCodec.java:200)\r\n\tat org.openqa.selenium.remote.codec.w3c.W3CHttpResponseCodec.decode(W3CHttpResponseCodec.java:133)\r\n\tat org.openqa.selenium.remote.codec.w3c.W3CHttpResponseCodec.decode(W3CHttpResponseCodec.java:52)\r\n\tat org.openqa.selenium.remote.HttpCommandExecutor.execute(HttpCommandExecutor.java:191)\r\n\tat org.openqa.selenium.remote.service.DriverCommandExecutor.invokeExecute(DriverCommandExecutor.java:196)\r\n\tat org.openqa.selenium.remote.service.DriverCommandExecutor.execute(DriverCommandExecutor.java:171)\r\n\tat org.openqa.selenium.remote.RemoteWebDriver.execute(RemoteWebDriver.java:602)\r\n\tat org.openqa.selenium.remote.RemoteWebElement.execute(RemoteWebElement.java:224)\r\n\tat org.openqa.selenium.remote.RemoteWebElement.click(RemoteWebElement.java:77)\r\n\tat java.base/jdk.internal.reflect.NativeMethodAccessorImpl.invoke0(Native Method)\r\n\tat java.base/jdk.internal.reflect.NativeMethodAccessorImpl.invoke(NativeMethodAccessorImpl.java:77)\r\n\tat java.base/jdk.internal.reflect.DelegatingMethodAccessorImpl.invoke(DelegatingMethodAccessorImpl.java:43)\r\n\tat java.base/java.lang.reflect.Method.invoke(Method.java:568)\r\n\tat org.openqa.selenium.support.pagefactory.internal.LocatingElementHandler.invoke(LocatingElementHandler.java:51)\r\n\tat jdk.proxy2/jdk.proxy2.$Proxy17.click(Unknown Source)\r\n\tat extensions.UIActions.click(UIActions.java:43)\r\n\tat workflows.departmentFlows.chooseDepartment(departmentFlows.java:15)\r\n\tat emergency.generalinstruction.test01_takePrintScreenEmergency(generalinstruction.java:49)\r\n\tat java.base/jdk.internal.reflect.NativeMethodAccessorImpl.invoke0(Native Method)\r\n\tat java.base/jdk.internal.reflect.NativeMethodAccessorImpl.invoke(NativeMethodAccessorImpl.java:77)\r\n\tat java.base/jdk.internal.reflect.DelegatingMethodAccessorImpl.invoke(DelegatingMethodAccessorImpl.java:43)\r\n\tat java.base/java.lang.reflect.Method.invoke(Method.java:568)\r\n\tat org.testng.internal.MethodInvocationHelper.invokeMethod(MethodInvocationHelper.java:133)\r\n\tat org.testng.internal.TestInvoker.invokeMethod(TestInvoker.java:598)\r\n\tat org.testng.internal.TestInvoker.invokeTestMethod(TestInvoker.java:173)\r\n\tat org.testng.internal.MethodRunner.runInSequence(MethodRunner.java:46)\r\n\tat org.testng.internal.TestInvoker$MethodInvocationAgent.invoke(TestInvoker.java:824)\r\n\tat org.testng.internal.TestInvoker.invokeTestMethods(TestInvoker.java:146)\r\n\tat org.testng.internal.TestMethodWorker.invokeTestMethods(TestMethodWorker.java:146)\r\n\tat org.testng.internal.TestMethodWorker.run(TestMethodWorker.java:128)\r\n\tat java.base/java.util.ArrayList.forEach(ArrayList.java:1511)\r\n\tat org.testng.TestRunner.privateRun(TestRunner.java:794)\r\n\tat org.testng.TestRunner.run(TestRunner.java:596)\r\n\tat org.testng.SuiteRunner.runTest(SuiteRunner.java:377)\r\n\tat org.testng.SuiteRunner.runSequentially(SuiteRunner.java:371)\r\n\tat org.testng.SuiteRunner.privateRun(SuiteRunner.java:332)\r\n\tat org.testng.SuiteRunner.run(SuiteRunner.java:276)\r\n\tat org.testng.SuiteRunnerWorker.runSuite(SuiteRunnerWorker.java:53)\r\n\tat org.testng.SuiteRunnerWorker.run(SuiteRunnerWorker.java:96)\r\n\tat org.testng.TestNG.runSuitesSequentially(TestNG.java:1212)\r\n\tat org.testng.TestNG.runSuitesLocally(TestNG.java:1134)\r\n\tat org.testng.TestNG.runSuites(TestNG.java:1063)\r\n\tat org.testng.TestNG.run(TestNG.java:1031)\r\n\tat org.apache.maven.surefire.testng.TestNGExecutor.run(TestNGExecutor.java:283)\r\n\tat org.apache.maven.surefire.testng.TestNGXmlTestSuite.execute(TestNGXmlTestSuite.java:75)\r\n\tat org.apache.maven.surefire.testng.TestNGProvider.invoke(TestNGProvider.java:120)\r\n\tat org.apache.maven.surefire.booter.ForkedBooter.invokeProviderInSameClassLoader(ForkedBooter.java:384)\r\n\tat org.apache.maven.surefire.booter.ForkedBooter.runSuitesInProcess(ForkedBooter.java:345)\r\n\tat org.apache.maven.surefire.booter.ForkedBooter.execute(ForkedBooter.java:126)\r\n\tat org.apache.maven.surefire.booter.ForkedBooter.main(ForkedBooter.java:418)\r\n"},"stage":"finished","steps":[{"name":"Click on Element","status":"broken","statusDetails":{"known":false,"muted":false,"flaky":false,"message":"element click intercepted: Element <input _ngcontent-sws-c8=\"\" aria-multiline=\"false\" autocapitalize=\"off\" autocorrect=\"off\" class=\"btn-default dropdown-toggle unitText1 dropDep change-dep-btn ng-untouched ng-pristine ng-valid\" dontlock=\"true\" id=\"dropdownBasic1\" role=\"combobox\" type=\"text\" ng-reflect-input-formatter=\"function (selectItem) {\n      \" ng-reflect-ngb-typeahead=\"function (text$) {\n           \" ng-reflect-result-formatter=\"function (selectItem) {\n      \" ng-reflect-model=\"[object Object]\" autocomplete=\"off\" aria-autocomplete=\"list\" aria-expanded=\"false\"> is not clickable at point (966, 83). Other element would receive the click: <div _ngcontent-sws-c3=\"\" class=\"overlay\" ng-reflect-ng-style=\"[object Object]\" style=\"background-color: rgba(51, 51, 51, 0.5); position: fixed;\">...</div>\n  (Session info: chrome=114.0.5735.199)\nBuild info: version: '4.12.1', revision: '8e34639b11'\nSystem info: os.name: 'Windows Server 2022', os.arch: 'amd64', os.version: '10.0', java.version: '17.0.4.1'\nDriver info: org.openqa.selenium.chrome.ChromeDriver\nCommand: [99dc58ad4669b514180763e1b407c6ed, clickElement {id=7FB8A84F518D535B5305A98B736577E5_element_48}]\nCapabilities {acceptInsecureCerts: false, browserName: chrome, browserVersion: 114.0.5735.199, chrome: {chromedriverVersion: 114.0.5735.90 (386bc09e8f4f..., userDataDir: C:\\Windows\\SystemTemp\\scope...}, goog:chromeOptions: {debuggerAddress: localhost:65135}, networkConnectionEnabled: false, pageLoadStrategy: normal, platformName: windows, proxy: Proxy(), se:cdp: ws://localhost:65135/devtoo..., se:cdpVersion: 114.0.5735.199, setWindowRect: true, strictFileInteractability: false, timeouts: {implicit: 0, pageLoad: 300000, script: 30000}, unhandledPromptBehavior: dismiss and notify, webauthn:extension:credBlob: true, webauthn:extension:largeBlob: true, webauthn:extension:minPinLength: true, webauthn:extension:prf: true, webauthn:virtualAuthenticators: true}\nElement: [[ChromeDriver: chrome on windows (99dc58ad4669b514180763e1b407c6ed)] -> id: dropdownBasic1]\nSession ID: 99dc58ad4669b514180763e1b407c6ed","trace":"org.openqa.selenium.ElementClickInterceptedException: element click intercepted: Element <input _ngcontent-sws-c8=\"\" aria-multiline=\"false\" autocapitalize=\"off\" autocorrect=\"off\" class=\"btn-default dropdown-toggle unitText1 dropDep change-dep-btn ng-untouched ng-pristine ng-valid\" dontlock=\"true\" id=\"dropdownBasic1\" role=\"combobox\" type=\"text\" ng-reflect-input-formatter=\"function (selectItem) {\n      \" ng-reflect-ngb-typeahead=\"function (text$) {\n           \" ng-reflect-result-formatter=\"function (selectItem) {\n      \" ng-reflect-model=\"[object Object]\" autocomplete=\"off\" aria-autocomplete=\"list\" aria-expanded=\"false\"> is not clickable at point (966, 83). Other element would receive the click: <div _ngcontent-sws-c3=\"\" class=\"overlay\" ng-reflect-ng-style=\"[object Object]\" style=\"background-color: rgba(51, 51, 51, 0.5); position: fixed;\">...</div>\n  (Session info: chrome=114.0.5735.199)\nBuild info: version: '4.12.1', revision: '8e34639b11'\nSystem info: os.name: 'Windows Server 2022', os.arch: 'amd64', os.version: '10.0', java.version: '17.0.4.1'\nDriver info: org.openqa.selenium.chrome.ChromeDriver\nCommand: [99dc58ad4669b514180763e1b407c6ed, clickElement {id=7FB8A84F518D535B5305A98B736577E5_element_48}]\nCapabilities {acceptInsecureCerts: false, browserName: chrome, browserVersion: 114.0.5735.199, chrome: {chromedriverVersion: 114.0.5735.90 (386bc09e8f4f..., userDataDir: C:\\Windows\\SystemTemp\\scope...}, goog:chromeOptions: {debuggerAddress: localhost:65135}, networkConnectionEnabled: false, pageLoadStrategy: normal, platformName: windows, proxy: Proxy(), se:cdp: ws://localhost:65135/devtoo..., se:cdpVersion: 114.0.5735.199, setWindowRect: true, strictFileInteractability: false, timeouts: {implicit: 0, pageLoad: 300000, script: 30000}, unhandledPromptBehavior: dismiss and notify, webauthn:extension:credBlob: true, webauthn:extension:largeBlob: true, webauthn:extension:minPinLength: true, webauthn:extension:prf: true, webauthn:virtualAuthenticators: true}\nElement: [[ChromeDriver: chrome on windows (99dc58ad4669b514180763e1b407c6ed)] -> id: dropdownBasic1]\nSession ID: 99dc58ad4669b514180763e1b407c6ed\r\n\tat java.base/jdk.internal.reflect.NativeConstructorAccessorImpl.newInstance0(Native Method)\r\n\tat java.base/jdk.internal.reflect.NativeConstructorAccessorImpl.newInstance(NativeConstructorAccessorImpl.java:77)\r\n\tat java.base/jdk.internal.reflect.DelegatingConstructorAccessorImpl.newInstance(DelegatingConstructorAccessorImpl.java:45)\r\n\tat java.base/java.lang.reflect.Constructor.newInstanceWithCaller(Constructor.java:499)\r\n\tat java.base/java.lang.reflect.Constructor.newInstance(Constructor.java:480)\r\n\tat org.openqa.selenium.remote.codec.w3c.W3CHttpResponseCodec.createException(W3CHttpResponseCodec.java:200)\r\n\tat org.openqa.selenium.remote.codec.w3c.W3CHttpResponseCodec.decode(W3CHttpResponseCodec.java:133)\r\n\tat org.openqa.selenium.remote.codec.w3c.W3CHttpResponseCodec.decode(W3CHttpResponseCodec.java:52)\r\n\tat org.openqa.selenium.remote.HttpCommandExecutor.execute(HttpCommandExecutor.java:191)\r\n\tat org.openqa.selenium.remote.service.DriverCommandExecutor.invokeExecute(DriverCommandExecutor.java:196)\r\n\tat org.openqa.selenium.remote.service.DriverCommandExecutor.execute(DriverCommandExecutor.java:171)\r\n\tat org.openqa.selenium.remote.RemoteWebDriver.execute(RemoteWebDriver.java:602)\r\n\tat org.openqa.selenium.remote.RemoteWebElement.execute(RemoteWebElement.java:224)\r\n\tat org.openqa.selenium.remote.RemoteWebElement.click(RemoteWebElement.java:77)\r\n\tat java.base/jdk.internal.reflect.NativeMethodAccessorImpl.invoke0(Native Method)\r\n\tat java.base/jdk.internal.reflect.NativeMethodAccessorImpl.invoke(NativeMethodAccessorImpl.java:77)\r\n\tat java.base/jdk.internal.reflect.DelegatingMethodAccessorImpl.invoke(DelegatingMethodAccessorImpl.java:43)\r\n\tat java.base/java.lang.reflect.Method.invoke(Method.java:568)\r\n\tat org.openqa.selenium.support.pagefactory.internal.LocatingElementHandler.invoke(LocatingElementHandler.java:51)\r\n\tat jdk.proxy2/jdk.proxy2.$Proxy17.click(Unknown Source)\r\n\tat extensions.UIActions.click(UIActions.java:43)\r\n\tat workflows.departmentFlows.chooseDepartment(departmentFlows.java:15)\r\n\tat emergency.generalinstruction.test01_takePrintScreenEmergency(generalinstruction.java:49)\r\n\tat java.base/jdk.internal.reflect.NativeMethodAccessorImpl.invoke0(Native Method)\r\n\tat java.base/jdk.internal.reflect.NativeMethodAccessorImpl.invoke(NativeMethodAccessorImpl.java:77)\r\n\tat java.base/jdk.internal.reflect.DelegatingMethodAccessorImpl.invoke(DelegatingMethodAccessorImpl.java:43)\r\n\tat java.base/java.lang.reflect.Method.invoke(Method.java:568)\r\n\tat org.testng.internal.MethodInvocationHelper.invokeMethod(MethodInvocationHelper.java:133)\r\n\tat org.testng.internal.TestInvoker.invokeMethod(TestInvoker.java:598)\r\n\tat org.testng.internal.TestInvoker.invokeTestMethod(TestInvoker.java:173)\r\n\tat org.testng.internal.MethodRunner.runInSequence(MethodRunner.java:46)\r\n\tat org.testng.internal.TestInvoker$MethodInvocationAgent.invoke(TestInvoker.java:824)\r\n\tat org.testng.internal.TestInvoker.invokeTestMethods(TestInvoker.java:146)\r\n\tat org.testng.internal.TestMethodWorker.invokeTestMethods(TestMethodWorker.java:146)\r\n\tat org.testng.internal.TestMethodWorker.run(TestMethodWorker.java:128)\r\n\tat java.base/java.util.ArrayList.forEach(ArrayList.java:1511)\r\n\tat org.testng.TestRunner.privateRun(TestRunner.java:794)\r\n\tat org.testng.TestRunner.run(TestRunner.java:596)\r\n\tat org.testng.SuiteRunner.runTest(SuiteRunner.java:377)\r\n\tat org.testng.SuiteRunner.runSequentially(SuiteRunner.java:371)\r\n\tat org.testng.SuiteRunner.privateRun(SuiteRunner.java:332)\r\n\tat org.testng.SuiteRunner.run(SuiteRunner.java:276)\r\n\tat org.testng.SuiteRunnerWorker.runSuite(SuiteRunnerWorker.java:53)\r\n\tat org.testng.SuiteRunnerWorker.run(SuiteRunnerWorker.java:96)\r\n\tat org.testng.TestNG.runSuitesSequentially(TestNG.java:1212)\r\n\tat org.testng.TestNG.runSuitesLocally(TestNG.java:1134)\r\n\tat org.testng.TestNG.runSuites(TestNG.java:1063)\r\n\tat org.testng.TestNG.run(TestNG.java:1031)\r\n\tat org.apache.maven.surefire.testng.TestNGExecutor.run(TestNGExecutor.java:283)\r\n\tat org.apache.maven.surefire.testng.TestNGXmlTestSuite.execute(TestNGXmlTestSuite.java:75)\r\n\tat org.apache.maven.surefire.testng.TestNGProvider.invoke(TestNGProvider.java:120)\r\n\tat org.apache.maven.surefire.booter.ForkedBooter.invokeProviderInSameClassLoader(ForkedBooter.java:384)\r\n\tat org.apache.maven.surefire.booter.ForkedBooter.runSuitesInProcess(ForkedBooter.java:345)\r\n\tat org.apache.maven.surefire.booter.ForkedBooter.execute(ForkedBooter.java:126)\r\n\tat org.apache.maven.surefire.booter.ForkedBooter.main(ForkedBooter.java:418)\r\n"},"stage":"finished","steps":[],"attachments":[],"parameters":[{"name":"elem","value":"[[ChromeDriver: chrome on windows (99dc58ad4669b514180763e1b407c6ed)] -> id: dropdownBasic1]"}],"start":1705011590656,"stop":1705011591830}],"attachments":[],"parameters":[{"name":"dep","value":"חדר מיון"}],"start":1705011590631,"stop":1705011591831}],"attachments":[{"name":"Page Screen-Shot","source":"3359d0ba-beef-4d46-b0d0-59e4a39b5130-attachment","type":"image/png"}],"parameters":[],"start":1705011587231,"stop":1705011591999,"uuid":"843e353f-7324-4ece-bdcf-2fb1e151d736","historyId":"1b396f7a54ae98a53ffc8942d71cbaa9","fullName":"emergency.generalinstruction.test01_takePrintScreenEmergency","labels":[{"name":"package","value":"emergency.generalinstruction"},{"name":"testClass","value":"emergency.generalinstruction"},{"name":"testMethod","value":"test01_takePrintScreenEmergency"},{"name":"parentSuite","value":"restoreBugAt00"},{"name":"suite","value":"cardex"},{"name":"subSuite","value":"emergency.generalinstruction"},{"name":"host","value":"lanjenkins2"},{"name":"thread","value":"10952@lanjenkins2.main(1)"},{"name":"framework","value":"testng"},{"name":"language","value":"java"}],"links":[]}