{"name":"take picture cardex daily report and updateExecutionPage at 23 o'clock ","status":"broken","statusDetails":{"known":false,"muted":false,"flaky":false,"message":"element click intercepted: Element <button _ngcontent-nbq-c329=\"\" autofocus=\"\" tabindex=\"1\" ngbdropdowntoggle=\"\" type=\"button\" class=\"dropdown-toggle btn btn-drop-day\" disabled=\"\" id=\"btnC1001\" aria-expanded=\"false\">...</button> is not clickable at point (124, 432). Other element would receive the click: <div _ngcontent-nbq-c329=\"\" ngbdropdown=\"\" placement=\"bottom-right\" class=\"btn-group dropdown\" style=\"min-width: 50px;\" ng-reflect-placement=\"bottom-right\">...</div>\n  (Session info: chrome=121.0.6167.140)\nBuild info: version: '4.12.1', revision: '8e34639b11'\nSystem info: os.name: 'Windows Server 2022', os.arch: 'amd64', os.version: '10.0', java.version: '17.0.4.1'\nDriver info: org.openqa.selenium.chrome.ChromeDriver\nCommand: [a45a746a9dfe794aa91d7b58e38757e7, clickElement {id=51AEF27C1D7186159D606B37E2E3741A_element_133}]\nCapabilities {acceptInsecureCerts: false, browserName: chrome, browserVersion: 121.0.6167.140, chrome: {chromedriverVersion: 121.0.6167.184 (057a8ae7deb..., userDataDir: C:\\Windows\\SystemTemp\\scope...}, fedcm:accounts: true, goog:chromeOptions: {debuggerAddress: localhost:54207}, networkConnectionEnabled: false, pageLoadStrategy: normal, platformName: windows, proxy: Proxy(), se:cdp: ws://localhost:54207/devtoo..., se:cdpVersion: 121.0.6167.140, setWindowRect: true, strictFileInteractability: false, timeouts: {implicit: 0, pageLoad: 300000, script: 30000}, unhandledPromptBehavior: dismiss and notify, webauthn:extension:credBlob: true, webauthn:extension:largeBlob: true, webauthn:extension:minPinLength: true, webauthn:extension:prf: true, webauthn:virtualAuthenticators: true}\nElement: [[ChromeDriver: chrome on windows (a45a746a9dfe794aa91d7b58e38757e7)] -> xpath: //table[@class='table main-table liquidationDrug']//div[@id='div-group-current-day']//button]\nSession ID: a45a746a9dfe794aa91d7b58e38757e7","trace":"org.openqa.selenium.ElementClickInterceptedException: element click intercepted: Element <button _ngcontent-nbq-c329=\"\" autofocus=\"\" tabindex=\"1\" ngbdropdowntoggle=\"\" type=\"button\" class=\"dropdown-toggle btn btn-drop-day\" disabled=\"\" id=\"btnC1001\" aria-expanded=\"false\">...</button> is not clickable at point (124, 432). Other element would receive the click: <div _ngcontent-nbq-c329=\"\" ngbdropdown=\"\" placement=\"bottom-right\" class=\"btn-group dropdown\" style=\"min-width: 50px;\" ng-reflect-placement=\"bottom-right\">...</div>\n  (Session info: chrome=121.0.6167.140)\nBuild info: version: '4.12.1', revision: '8e34639b11'\nSystem info: os.name: 'Windows Server 2022', os.arch: 'amd64', os.version: '10.0', java.version: '17.0.4.1'\nDriver info: org.openqa.selenium.chrome.ChromeDriver\nCommand: [a45a746a9dfe794aa91d7b58e38757e7, clickElement {id=51AEF27C1D7186159D606B37E2E3741A_element_133}]\nCapabilities {acceptInsecureCerts: false, browserName: chrome, browserVersion: 121.0.6167.140, chrome: {chromedriverVersion: 121.0.6167.184 (057a8ae7deb..., userDataDir: C:\\Windows\\SystemTemp\\scope...}, fedcm:accounts: true, goog:chromeOptions: {debuggerAddress: localhost:54207}, networkConnectionEnabled: false, pageLoadStrategy: normal, platformName: windows, proxy: Proxy(), se:cdp: ws://localhost:54207/devtoo..., se:cdpVersion: 121.0.6167.140, setWindowRect: true, strictFileInteractability: false, timeouts: {implicit: 0, pageLoad: 300000, script: 30000}, unhandledPromptBehavior: dismiss and notify, webauthn:extension:credBlob: true, webauthn:extension:largeBlob: true, webauthn:extension:minPinLength: true, webauthn:extension:prf: true, webauthn:virtualAuthenticators: true}\nElement: [[ChromeDriver: chrome on windows (a45a746a9dfe794aa91d7b58e38757e7)] -> xpath: //table[@class='table main-table liquidationDrug']//div[@id='div-group-current-day']//button]\nSession ID: a45a746a9dfe794aa91d7b58e38757e7\r\n\tat java.base/jdk.internal.reflect.NativeConstructorAccessorImpl.newInstance0(Native Method)\r\n\tat java.base/jdk.internal.reflect.NativeConstructorAccessorImpl.newInstance(NativeConstructorAccessorImpl.java:77)\r\n\tat java.base/jdk.internal.reflect.DelegatingConstructorAccessorImpl.newInstance(DelegatingConstructorAccessorImpl.java:45)\r\n\tat java.base/java.lang.reflect.Constructor.newInstanceWithCaller(Constructor.java:499)\r\n\tat java.base/java.lang.reflect.Constructor.newInstance(Constructor.java:480)\r\n\tat org.openqa.selenium.remote.codec.w3c.W3CHttpResponseCodec.createException(W3CHttpResponseCodec.java:200)\r\n\tat org.openqa.selenium.remote.codec.w3c.W3CHttpResponseCodec.decode(W3CHttpResponseCodec.java:133)\r\n\tat org.openqa.selenium.remote.codec.w3c.W3CHttpResponseCodec.decode(W3CHttpResponseCodec.java:52)\r\n\tat org.openqa.selenium.remote.HttpCommandExecutor.execute(HttpCommandExecutor.java:191)\r\n\tat org.openqa.selenium.remote.service.DriverCommandExecutor.invokeExecute(DriverCommandExecutor.java:196)\r\n\tat org.openqa.selenium.remote.service.DriverCommandExecutor.execute(DriverCommandExecutor.java:171)\r\n\tat org.openqa.selenium.remote.RemoteWebDriver.execute(RemoteWebDriver.java:602)\r\n\tat org.openqa.selenium.remote.RemoteWebElement.execute(RemoteWebElement.java:224)\r\n\tat org.openqa.selenium.remote.RemoteWebElement.click(RemoteWebElement.java:77)\r\n\tat workflows.nurse.nurseFlows.approvalDrugsDaily(nurseFlows.java:95)\r\n\tat restoreBugs.restoreBugsAt23.addDrug_andExecute_takePictureToDailyReportAndUpdateExecutionPage(restoreBugsAt23.java:60)\r\n\tat java.base/jdk.internal.reflect.NativeMethodAccessorImpl.invoke0(Native Method)\r\n\tat java.base/jdk.internal.reflect.NativeMethodAccessorImpl.invoke(NativeMethodAccessorImpl.java:77)\r\n\tat java.base/jdk.internal.reflect.DelegatingMethodAccessorImpl.invoke(DelegatingMethodAccessorImpl.java:43)\r\n\tat java.base/java.lang.reflect.Method.invoke(Method.java:568)\r\n\tat org.testng.internal.MethodInvocationHelper.invokeMethod(MethodInvocationHelper.java:133)\r\n\tat org.testng.internal.TestInvoker.invokeMethod(TestInvoker.java:598)\r\n\tat org.testng.internal.TestInvoker.invokeTestMethod(TestInvoker.java:173)\r\n\tat org.testng.internal.MethodRunner.runInSequence(MethodRunner.java:46)\r\n\tat org.testng.internal.TestInvoker$MethodInvocationAgent.invoke(TestInvoker.java:824)\r\n\tat org.testng.internal.TestInvoker.invokeTestMethods(TestInvoker.java:146)\r\n\tat org.testng.internal.TestMethodWorker.invokeTestMethods(TestMethodWorker.java:146)\r\n\tat org.testng.internal.TestMethodWorker.run(TestMethodWorker.java:128)\r\n\tat java.base/java.util.ArrayList.forEach(ArrayList.java:1511)\r\n\tat org.testng.TestRunner.privateRun(TestRunner.java:794)\r\n\tat org.testng.TestRunner.run(TestRunner.java:596)\r\n\tat org.testng.SuiteRunner.runTest(SuiteRunner.java:377)\r\n\tat org.testng.SuiteRunner.runSequentially(SuiteRunner.java:371)\r\n\tat org.testng.SuiteRunner.privateRun(SuiteRunner.java:332)\r\n\tat org.testng.SuiteRunner.run(SuiteRunner.java:276)\r\n\tat org.testng.SuiteRunnerWorker.runSuite(SuiteRunnerWorker.java:53)\r\n\tat org.testng.SuiteRunnerWorker.run(SuiteRunnerWorker.java:96)\r\n\tat org.testng.TestNG.runSuitesSequentially(TestNG.java:1212)\r\n\tat org.testng.TestNG.runSuitesLocally(TestNG.java:1134)\r\n\tat org.testng.TestNG.runSuites(TestNG.java:1063)\r\n\tat org.testng.TestNG.run(TestNG.java:1031)\r\n\tat org.apache.maven.surefire.testng.TestNGExecutor.run(TestNGExecutor.java:283)\r\n\tat org.apache.maven.surefire.testng.TestNGXmlTestSuite.execute(TestNGXmlTestSuite.java:75)\r\n\tat org.apache.maven.surefire.testng.TestNGProvider.invoke(TestNGProvider.java:120)\r\n\tat org.apache.maven.surefire.booter.ForkedBooter.invokeProviderInSameClassLoader(ForkedBooter.java:384)\r\n\tat org.apache.maven.surefire.booter.ForkedBooter.runSuitesInProcess(ForkedBooter.java:345)\r\n\tat org.apache.maven.surefire.booter.ForkedBooter.execute(ForkedBooter.java:126)\r\n\tat org.apache.maven.surefire.booter.ForkedBooter.main(ForkedBooter.java:418)\r\n"},"stage":"finished","description":"take picture cardex daily report and updateExecutionPage at 23 o'clock ","steps":[{"name":" Login With Choose Role","status":"passed","stage":"finished","steps":[{"name":"Update Text Element","status":"passed","stage":"finished","steps":[],"attachments":[],"parameters":[{"name":"elem","value":"[[ChromeDriver: chrome on windows (a45a746a9dfe794aa91d7b58e38757e7)] -> id: user_name]"},{"name":"text","value":"test"}],"start":1715286741350,"stop":1715286741510},{"name":"Update Text Element","status":"passed","stage":"finished","steps":[],"attachments":[],"parameters":[{"name":"elem","value":"[[ChromeDriver: chrome on windows (a45a746a9dfe794aa91d7b58e38757e7)] -> id: password]"},{"name":"text","value":"Te231121"}],"start":1715286741533,"stop":1715286741691},{"name":"Click on Element","status":"passed","stage":"finished","steps":[],"attachments":[],"parameters":[{"name":"elem","value":"[[ChromeDriver: chrome on windows (a45a746a9dfe794aa91d7b58e38757e7)] -> id: submitBtn]"}],"start":1715286741710,"stop":1715286741851},{"name":"Select text from List","status":"passed","stage":"finished","steps":[{"name":"Click on Element","status":"passed","stage":"finished","steps":[],"attachments":[],"parameters":[{"name":"elem","value":"[[ChromeDriver: chrome on windows (a45a746a9dfe794aa91d7b58e38757e7)] -> tag name: li]"}],"start":1715286742132,"stop":1715286742210}],"attachments":[],"parameters":[{"name":"list","value":"[[[ChromeDriver: chrome on windows (a45a746a9dfe794aa91d7b58e38757e7)] -> tag name: li], [[ChromeDriver: chrome on windows (a45a746a9dfe794aa91d7b58e38757e7)] -> tag name: li], [[ChromeDriver: chrome on windows (a45a746a9dfe794aa91d7b58e38757e7)] -> tag name: li], [[ChromeDriver: chrome on windows (a45a746a9dfe794aa91d7b58e38757e7)] -> tag name: li], [[ChromeDriver: chrome on windows (a45a746a9dfe794aa91d7b58e38757e7)] -> tag name: li], [[ChromeDriver: chrome on windows (a45a746a9dfe794aa91d7b58e38757e7)] -> tag name: li], [[ChromeDriver: chrome on windows (a45a746a9dfe794aa91d7b58e38757e7)] -> tag name: li], [[ChromeDriver: chrome on windows (a45a746a9dfe794aa91d7b58e38757e7)] -> tag name: li], [[ChromeDriver: chrome on windows (a45a746a9dfe794aa91d7b58e38757e7)] -> tag name: li]]"},{"name":"text","value":"אחות"}],"start":1715286742082,"stop":1715286742210}],"attachments":[],"parameters":[{"name":"r","value":"n"}],"start":1715286741321,"stop":1715286746212},{"name":" patientBoxEntry","status":"passed","stage":"finished","steps":[{"name":"Click on Element","status":"passed","stage":"finished","steps":[],"attachments":[],"parameters":[{"name":"elem","value":"[[ChromeDriver: chrome on windows (a45a746a9dfe794aa91d7b58e38757e7)] -> xpath: //p-table[contains(@class,'depMeushpazim-table patients-table')]//tr]"}],"start":1715286748243,"stop":1715286748341},{"name":"Verify Text in Element","status":"passed","stage":"finished","steps":[],"attachments":[],"parameters":[{"name":"elem","value":"[[ChromeDriver: chrome on windows (a45a746a9dfe794aa91d7b58e38757e7)] -> xpath: //span[@class='value-label']]"},{"name":"expected","value":"מס' שרות:"}],"start":1715286748989,"stop":1715286749040}],"attachments":[],"parameters":[{"name":"index","value":"9"}],"start":1715286748213,"stop":1715286753042},{"name":"approval drug daily","status":"broken","statusDetails":{"known":false,"muted":false,"flaky":false,"message":"element click intercepted: Element <button _ngcontent-nbq-c329=\"\" autofocus=\"\" tabindex=\"1\" ngbdropdowntoggle=\"\" type=\"button\" class=\"dropdown-toggle btn btn-drop-day\" disabled=\"\" id=\"btnC1001\" aria-expanded=\"false\">...</button> is not clickable at point (124, 432). Other element would receive the click: <div _ngcontent-nbq-c329=\"\" ngbdropdown=\"\" placement=\"bottom-right\" class=\"btn-group dropdown\" style=\"min-width: 50px;\" ng-reflect-placement=\"bottom-right\">...</div>\n  (Session info: chrome=121.0.6167.140)\nBuild info: version: '4.12.1', revision: '8e34639b11'\nSystem info: os.name: 'Windows Server 2022', os.arch: 'amd64', os.version: '10.0', java.version: '17.0.4.1'\nDriver info: org.openqa.selenium.chrome.ChromeDriver\nCommand: [a45a746a9dfe794aa91d7b58e38757e7, clickElement {id=51AEF27C1D7186159D606B37E2E3741A_element_133}]\nCapabilities {acceptInsecureCerts: false, browserName: chrome, browserVersion: 121.0.6167.140, chrome: {chromedriverVersion: 121.0.6167.184 (057a8ae7deb..., userDataDir: C:\\Windows\\SystemTemp\\scope...}, fedcm:accounts: true, goog:chromeOptions: {debuggerAddress: localhost:54207}, networkConnectionEnabled: false, pageLoadStrategy: normal, platformName: windows, proxy: Proxy(), se:cdp: ws://localhost:54207/devtoo..., se:cdpVersion: 121.0.6167.140, setWindowRect: true, strictFileInteractability: false, timeouts: {implicit: 0, pageLoad: 300000, script: 30000}, unhandledPromptBehavior: dismiss and notify, webauthn:extension:credBlob: true, webauthn:extension:largeBlob: true, webauthn:extension:minPinLength: true, webauthn:extension:prf: true, webauthn:virtualAuthenticators: true}\nElement: [[ChromeDriver: chrome on windows (a45a746a9dfe794aa91d7b58e38757e7)] -> xpath: //table[@class='table main-table liquidationDrug']//div[@id='div-group-current-day']//button]\nSession ID: a45a746a9dfe794aa91d7b58e38757e7","trace":"org.openqa.selenium.ElementClickInterceptedException: element click intercepted: Element <button _ngcontent-nbq-c329=\"\" autofocus=\"\" tabindex=\"1\" ngbdropdowntoggle=\"\" type=\"button\" class=\"dropdown-toggle btn btn-drop-day\" disabled=\"\" id=\"btnC1001\" aria-expanded=\"false\">...</button> is not clickable at point (124, 432). Other element would receive the click: <div _ngcontent-nbq-c329=\"\" ngbdropdown=\"\" placement=\"bottom-right\" class=\"btn-group dropdown\" style=\"min-width: 50px;\" ng-reflect-placement=\"bottom-right\">...</div>\n  (Session info: chrome=121.0.6167.140)\nBuild info: version: '4.12.1', revision: '8e34639b11'\nSystem info: os.name: 'Windows Server 2022', os.arch: 'amd64', os.version: '10.0', java.version: '17.0.4.1'\nDriver info: org.openqa.selenium.chrome.ChromeDriver\nCommand: [a45a746a9dfe794aa91d7b58e38757e7, clickElement {id=51AEF27C1D7186159D606B37E2E3741A_element_133}]\nCapabilities {acceptInsecureCerts: false, browserName: chrome, browserVersion: 121.0.6167.140, chrome: {chromedriverVersion: 121.0.6167.184 (057a8ae7deb..., userDataDir: C:\\Windows\\SystemTemp\\scope...}, fedcm:accounts: true, goog:chromeOptions: {debuggerAddress: localhost:54207}, networkConnectionEnabled: false, pageLoadStrategy: normal, platformName: windows, proxy: Proxy(), se:cdp: ws://localhost:54207/devtoo..., se:cdpVersion: 121.0.6167.140, setWindowRect: true, strictFileInteractability: false, timeouts: {implicit: 0, pageLoad: 300000, script: 30000}, unhandledPromptBehavior: dismiss and notify, webauthn:extension:credBlob: true, webauthn:extension:largeBlob: true, webauthn:extension:minPinLength: true, webauthn:extension:prf: true, webauthn:virtualAuthenticators: true}\nElement: [[ChromeDriver: chrome on windows (a45a746a9dfe794aa91d7b58e38757e7)] -> xpath: //table[@class='table main-table liquidationDrug']//div[@id='div-group-current-day']//button]\nSession ID: a45a746a9dfe794aa91d7b58e38757e7\r\n\tat java.base/jdk.internal.reflect.NativeConstructorAccessorImpl.newInstance0(Native Method)\r\n\tat java.base/jdk.internal.reflect.NativeConstructorAccessorImpl.newInstance(NativeConstructorAccessorImpl.java:77)\r\n\tat java.base/jdk.internal.reflect.DelegatingConstructorAccessorImpl.newInstance(DelegatingConstructorAccessorImpl.java:45)\r\n\tat java.base/java.lang.reflect.Constructor.newInstanceWithCaller(Constructor.java:499)\r\n\tat java.base/java.lang.reflect.Constructor.newInstance(Constructor.java:480)\r\n\tat org.openqa.selenium.remote.codec.w3c.W3CHttpResponseCodec.createException(W3CHttpResponseCodec.java:200)\r\n\tat org.openqa.selenium.remote.codec.w3c.W3CHttpResponseCodec.decode(W3CHttpResponseCodec.java:133)\r\n\tat org.openqa.selenium.remote.codec.w3c.W3CHttpResponseCodec.decode(W3CHttpResponseCodec.java:52)\r\n\tat org.openqa.selenium.remote.HttpCommandExecutor.execute(HttpCommandExecutor.java:191)\r\n\tat org.openqa.selenium.remote.service.DriverCommandExecutor.invokeExecute(DriverCommandExecutor.java:196)\r\n\tat org.openqa.selenium.remote.service.DriverCommandExecutor.execute(DriverCommandExecutor.java:171)\r\n\tat org.openqa.selenium.remote.RemoteWebDriver.execute(RemoteWebDriver.java:602)\r\n\tat org.openqa.selenium.remote.RemoteWebElement.execute(RemoteWebElement.java:224)\r\n\tat org.openqa.selenium.remote.RemoteWebElement.click(RemoteWebElement.java:77)\r\n\tat workflows.nurse.nurseFlows.approvalDrugsDaily(nurseFlows.java:95)\r\n\tat restoreBugs.restoreBugsAt23.addDrug_andExecute_takePictureToDailyReportAndUpdateExecutionPage(restoreBugsAt23.java:60)\r\n\tat java.base/jdk.internal.reflect.NativeMethodAccessorImpl.invoke0(Native Method)\r\n\tat java.base/jdk.internal.reflect.NativeMethodAccessorImpl.invoke(NativeMethodAccessorImpl.java:77)\r\n\tat java.base/jdk.internal.reflect.DelegatingMethodAccessorImpl.invoke(DelegatingMethodAccessorImpl.java:43)\r\n\tat java.base/java.lang.reflect.Method.invoke(Method.java:568)\r\n\tat org.testng.internal.MethodInvocationHelper.invokeMethod(MethodInvocationHelper.java:133)\r\n\tat org.testng.internal.TestInvoker.invokeMethod(TestInvoker.java:598)\r\n\tat org.testng.internal.TestInvoker.invokeTestMethod(TestInvoker.java:173)\r\n\tat org.testng.internal.MethodRunner.runInSequence(MethodRunner.java:46)\r\n\tat org.testng.internal.TestInvoker$MethodInvocationAgent.invoke(TestInvoker.java:824)\r\n\tat org.testng.internal.TestInvoker.invokeTestMethods(TestInvoker.java:146)\r\n\tat org.testng.internal.TestMethodWorker.invokeTestMethods(TestMethodWorker.java:146)\r\n\tat org.testng.internal.TestMethodWorker.run(TestMethodWorker.java:128)\r\n\tat java.base/java.util.ArrayList.forEach(ArrayList.java:1511)\r\n\tat org.testng.TestRunner.privateRun(TestRunner.java:794)\r\n\tat org.testng.TestRunner.run(TestRunner.java:596)\r\n\tat org.testng.SuiteRunner.runTest(SuiteRunner.java:377)\r\n\tat org.testng.SuiteRunner.runSequentially(SuiteRunner.java:371)\r\n\tat org.testng.SuiteRunner.privateRun(SuiteRunner.java:332)\r\n\tat org.testng.SuiteRunner.run(SuiteRunner.java:276)\r\n\tat org.testng.SuiteRunnerWorker.runSuite(SuiteRunnerWorker.java:53)\r\n\tat org.testng.SuiteRunnerWorker.run(SuiteRunnerWorker.java:96)\r\n\tat org.testng.TestNG.runSuitesSequentially(TestNG.java:1212)\r\n\tat org.testng.TestNG.runSuitesLocally(TestNG.java:1134)\r\n\tat org.testng.TestNG.runSuites(TestNG.java:1063)\r\n\tat org.testng.TestNG.run(TestNG.java:1031)\r\n\tat org.apache.maven.surefire.testng.TestNGExecutor.run(TestNGExecutor.java:283)\r\n\tat org.apache.maven.surefire.testng.TestNGXmlTestSuite.execute(TestNGXmlTestSuite.java:75)\r\n\tat org.apache.maven.surefire.testng.TestNGProvider.invoke(TestNGProvider.java:120)\r\n\tat org.apache.maven.surefire.booter.ForkedBooter.invokeProviderInSameClassLoader(ForkedBooter.java:384)\r\n\tat org.apache.maven.surefire.booter.ForkedBooter.runSuitesInProcess(ForkedBooter.java:345)\r\n\tat org.apache.maven.surefire.booter.ForkedBooter.execute(ForkedBooter.java:126)\r\n\tat org.apache.maven.surefire.booter.ForkedBooter.main(ForkedBooter.java:418)\r\n"},"stage":"finished","steps":[],"attachments":[],"parameters":[{"name":"numberOfTime","value":"1"},{"name":"isFuture","value":"false"}],"start":1715286753062,"stop":1715286757140}],"attachments":[{"name":"Page Screen-Shot","source":"44bace80-fcc9-4bb1-9576-2b56dee8b2a3-attachment","type":"image/png"}],"parameters":[],"start":1715286741321,"stop":1715286757335,"uuid":"b19a7916-bc7b-4a24-8a3c-87d6688bf85c","historyId":"d23e1ec9bd0e4b8f4b333e38370b5cff","fullName":"restoreBugs.restoreBugsAt23.addDrug_andExecute_takePictureToDailyReportAndUpdateExecutionPage","labels":[{"name":"package","value":"restoreBugs.restoreBugsAt23"},{"name":"testClass","value":"restoreBugs.restoreBugsAt23"},{"name":"testMethod","value":"addDrug_andExecute_takePictureToDailyReportAndUpdateExecutionPage"},{"name":"parentSuite","value":"restoreBug2"},{"name":"suite","value":"run at 23 o'clock - restore bugs"},{"name":"subSuite","value":"restoreBugs.restoreBugsAt23"},{"name":"host","value":"lanjenkins2"},{"name":"thread","value":"14564@lanjenkins2.main(1)"},{"name":"framework","value":"testng"},{"name":"language","value":"java"}],"links":[]}