{"name":"addToPatientNotApprovalDrug","status":"broken","statusDetails":{"known":false,"muted":false,"flaky":false,"message":"Index 2 out of bounds for length 2","trace":"java.lang.IndexOutOfBoundsException: Index 2 out of bounds for length 2\r\n\tat java.base/jdk.internal.util.Preconditions.outOfBounds(Preconditions.java:64)\r\n\tat java.base/jdk.internal.util.Preconditions.outOfBoundsCheckIndex(Preconditions.java:70)\r\n\tat java.base/jdk.internal.util.Preconditions.checkIndex(Preconditions.java:266)\r\n\tat java.base/java.util.Objects.checkIndex(Objects.java:359)\r\n\tat java.base/java.util.ArrayList.get(ArrayList.java:427)\r\n\tat java.base/jdk.internal.reflect.GeneratedMethodAccessor2.invoke(Unknown Source)\r\n\tat java.base/jdk.internal.reflect.DelegatingMethodAccessorImpl.invoke(DelegatingMethodAccessorImpl.java:43)\r\n\tat java.base/java.lang.reflect.Method.invoke(Method.java:568)\r\n\tat org.openqa.selenium.support.pagefactory.internal.LocatingElementListHandler.invoke(LocatingElementListHandler.java:39)\r\n\tat jdk.proxy2/jdk.proxy2.$Proxy18.get(Unknown Source)\r\n\tat workflows.doctor.doctorFlows.drugFormAddDrugOnceOnly(doctorFlows.java:236)\r\n\tat RegressionTest.regression2.test02_addToPatientNotApprovalDrug(regression2.java:130)\r\n\tat java.base/jdk.internal.reflect.NativeMethodAccessorImpl.invoke0(Native Method)\r\n\tat java.base/jdk.internal.reflect.NativeMethodAccessorImpl.invoke(NativeMethodAccessorImpl.java:77)\r\n\tat java.base/jdk.internal.reflect.DelegatingMethodAccessorImpl.invoke(DelegatingMethodAccessorImpl.java:43)\r\n\tat java.base/java.lang.reflect.Method.invoke(Method.java:568)\r\n\tat org.testng.internal.MethodInvocationHelper.invokeMethod(MethodInvocationHelper.java:133)\r\n\tat org.testng.internal.TestInvoker.invokeMethod(TestInvoker.java:598)\r\n\tat org.testng.internal.TestInvoker.invokeTestMethod(TestInvoker.java:173)\r\n\tat org.testng.internal.MethodRunner.runInSequence(MethodRunner.java:46)\r\n\tat org.testng.internal.TestInvoker$MethodInvocationAgent.invoke(TestInvoker.java:824)\r\n\tat org.testng.internal.TestInvoker.invokeTestMethods(TestInvoker.java:146)\r\n\tat org.testng.internal.TestMethodWorker.invokeTestMethods(TestMethodWorker.java:146)\r\n\tat org.testng.internal.TestMethodWorker.run(TestMethodWorker.java:128)\r\n\tat java.base/java.util.ArrayList.forEach(ArrayList.java:1511)\r\n\tat org.testng.TestRunner.privateRun(TestRunner.java:794)\r\n\tat org.testng.TestRunner.run(TestRunner.java:596)\r\n\tat org.testng.SuiteRunner.runTest(SuiteRunner.java:377)\r\n\tat org.testng.SuiteRunner.runSequentially(SuiteRunner.java:371)\r\n\tat org.testng.SuiteRunner.privateRun(SuiteRunner.java:332)\r\n\tat org.testng.SuiteRunner.run(SuiteRunner.java:276)\r\n\tat org.testng.SuiteRunnerWorker.runSuite(SuiteRunnerWorker.java:53)\r\n\tat org.testng.SuiteRunnerWorker.run(SuiteRunnerWorker.java:96)\r\n\tat org.testng.TestNG.runSuitesSequentially(TestNG.java:1212)\r\n\tat org.testng.TestNG.runSuitesLocally(TestNG.java:1134)\r\n\tat org.testng.TestNG.runSuites(TestNG.java:1063)\r\n\tat org.testng.TestNG.run(TestNG.java:1031)\r\n\tat org.apache.maven.surefire.testng.TestNGExecutor.run(TestNGExecutor.java:283)\r\n\tat org.apache.maven.surefire.testng.TestNGXmlTestSuite.execute(TestNGXmlTestSuite.java:75)\r\n\tat org.apache.maven.surefire.testng.TestNGProvider.invoke(TestNGProvider.java:120)\r\n\tat org.apache.maven.surefire.booter.ForkedBooter.invokeProviderInSameClassLoader(ForkedBooter.java:384)\r\n\tat org.apache.maven.surefire.booter.ForkedBooter.runSuitesInProcess(ForkedBooter.java:345)\r\n\tat org.apache.maven.surefire.booter.ForkedBooter.execute(ForkedBooter.java:126)\r\n\tat org.apache.maven.surefire.booter.ForkedBooter.main(ForkedBooter.java:418)\r\n"},"stage":"finished","description":"add to patient not approval drug","steps":[{"name":" Login With Choose Role","status":"passed","stage":"finished","steps":[{"name":"Update Text Element","status":"passed","stage":"finished","steps":[],"attachments":[],"parameters":[{"name":"elem","value":"[[ChromeDriver: chrome on windows (6b0c3b82f08ac0ee8d84dc466834538d)] -> id: user_name]"},{"name":"text","value":"test"}],"start":1716408257212,"stop":1716408257321},{"name":"Update Text Element","status":"passed","stage":"finished","steps":[],"attachments":[],"parameters":[{"name":"elem","value":"[[ChromeDriver: chrome on windows (6b0c3b82f08ac0ee8d84dc466834538d)] -> id: password]"},{"name":"text","value":"Te231121"}],"start":1716408257342,"stop":1716408257487},{"name":"Click on Element","status":"passed","stage":"finished","steps":[],"attachments":[],"parameters":[{"name":"elem","value":"[[ChromeDriver: chrome on windows (6b0c3b82f08ac0ee8d84dc466834538d)] -> id: submitBtn]"}],"start":1716408257505,"stop":1716408257631},{"name":"Select text from List","status":"passed","stage":"finished","steps":[{"name":"Click on Element","status":"passed","stage":"finished","steps":[],"attachments":[],"parameters":[{"name":"elem","value":"[[ChromeDriver: chrome on windows (6b0c3b82f08ac0ee8d84dc466834538d)] -> tag name: li]"}],"start":1716408258059,"stop":1716408258166}],"attachments":[],"parameters":[{"name":"list","value":"[[[ChromeDriver: chrome on windows (6b0c3b82f08ac0ee8d84dc466834538d)] -> tag name: li], [[ChromeDriver: chrome on windows (6b0c3b82f08ac0ee8d84dc466834538d)] -> tag name: li], [[ChromeDriver: chrome on windows (6b0c3b82f08ac0ee8d84dc466834538d)] -> tag name: li], [[ChromeDriver: chrome on windows (6b0c3b82f08ac0ee8d84dc466834538d)] -> tag name: li], [[ChromeDriver: chrome on windows (6b0c3b82f08ac0ee8d84dc466834538d)] -> tag name: li], [[ChromeDriver: chrome on windows (6b0c3b82f08ac0ee8d84dc466834538d)] -> tag name: li], [[ChromeDriver: chrome on windows (6b0c3b82f08ac0ee8d84dc466834538d)] -> tag name: li], [[ChromeDriver: chrome on windows (6b0c3b82f08ac0ee8d84dc466834538d)] -> tag name: li], [[ChromeDriver: chrome on windows (6b0c3b82f08ac0ee8d84dc466834538d)] -> tag name: li]]"},{"name":"text","value":"רופא"}],"start":1716408258031,"stop":1716408258166}],"attachments":[],"parameters":[{"name":"r","value":"d"}],"start":1716408257182,"stop":1716408262168},{"name":"choose department","status":"passed","stage":"finished","steps":[{"name":"Click on Element","status":"passed","stage":"finished","steps":[],"attachments":[],"parameters":[{"name":"elem","value":"[[ChromeDriver: chrome on windows (6b0c3b82f08ac0ee8d84dc466834538d)] -> id: dropdownBasic1]"}],"start":1716408262183,"stop":1716408262387},{"name":"Click on Element","status":"passed","stage":"finished","steps":[],"attachments":[],"parameters":[{"name":"elem","value":"[[ChromeDriver: chrome on windows (6b0c3b82f08ac0ee8d84dc466834538d)] -> xpath: //ngb-typeahead-window[contains(@id,'ngb-typeahead')]/button/ngb-highlight]"}],"start":1716408267475,"stop":1716408267578}],"attachments":[],"parameters":[{"name":"dep","value":"חדר מיון"}],"start":1716408262168,"stop":1716408278615},{"name":" patientBoxEntry","status":"passed","stage":"finished","steps":[{"name":"Click on Element","status":"passed","stage":"finished","steps":[],"attachments":[],"parameters":[{"name":"elem","value":"[[ChromeDriver: chrome on windows (6b0c3b82f08ac0ee8d84dc466834538d)] -> xpath: //p-table[contains(@class,'depMeushpazim-table patients-table')]//tr]"}],"start":1716408278637,"stop":1716408278725},{"name":"Verify Text in Element","status":"passed","stage":"finished","steps":[],"attachments":[],"parameters":[{"name":"elem","value":"[[ChromeDriver: chrome on windows (6b0c3b82f08ac0ee8d84dc466834538d)] -> xpath: //span[@class='value-label']]"},{"name":"expected","value":"מס' שרות:"}],"start":1716408279364,"stop":1716408279407}],"attachments":[],"parameters":[{"name":"index","value":"1"}],"start":1716408278615,"stop":1716408283410},{"name":" click on newDrug","status":"passed","stage":"finished","steps":[{"name":"Click on Element","status":"passed","stage":"finished","steps":[],"attachments":[],"parameters":[{"name":"elem","value":"[[ChromeDriver: chrome on windows (6b0c3b82f08ac0ee8d84dc466834538d)] -> id: btnAddMedicine]"}],"start":1716408284558,"stop":1716408284688}],"attachments":[],"parameters":[],"start":1716408283410,"stop":1716408289696},{"name":" fill DrugForm for addNewDrugOnceOnly","status":"broken","statusDetails":{"known":false,"muted":false,"flaky":false,"message":"Index 2 out of bounds for length 2","trace":"java.lang.IndexOutOfBoundsException: Index 2 out of bounds for length 2\r\n\tat java.base/jdk.internal.util.Preconditions.outOfBounds(Preconditions.java:64)\r\n\tat java.base/jdk.internal.util.Preconditions.outOfBoundsCheckIndex(Preconditions.java:70)\r\n\tat java.base/jdk.internal.util.Preconditions.checkIndex(Preconditions.java:266)\r\n\tat java.base/java.util.Objects.checkIndex(Objects.java:359)\r\n\tat java.base/java.util.ArrayList.get(ArrayList.java:427)\r\n\tat java.base/jdk.internal.reflect.GeneratedMethodAccessor2.invoke(Unknown Source)\r\n\tat java.base/jdk.internal.reflect.DelegatingMethodAccessorImpl.invoke(DelegatingMethodAccessorImpl.java:43)\r\n\tat java.base/java.lang.reflect.Method.invoke(Method.java:568)\r\n\tat org.openqa.selenium.support.pagefactory.internal.LocatingElementListHandler.invoke(LocatingElementListHandler.java:39)\r\n\tat jdk.proxy2/jdk.proxy2.$Proxy18.get(Unknown Source)\r\n\tat workflows.doctor.doctorFlows.drugFormAddDrugOnceOnly(doctorFlows.java:236)\r\n\tat RegressionTest.regression2.test02_addToPatientNotApprovalDrug(regression2.java:130)\r\n\tat java.base/jdk.internal.reflect.NativeMethodAccessorImpl.invoke0(Native Method)\r\n\tat java.base/jdk.internal.reflect.NativeMethodAccessorImpl.invoke(NativeMethodAccessorImpl.java:77)\r\n\tat java.base/jdk.internal.reflect.DelegatingMethodAccessorImpl.invoke(DelegatingMethodAccessorImpl.java:43)\r\n\tat java.base/java.lang.reflect.Method.invoke(Method.java:568)\r\n\tat org.testng.internal.MethodInvocationHelper.invokeMethod(MethodInvocationHelper.java:133)\r\n\tat org.testng.internal.TestInvoker.invokeMethod(TestInvoker.java:598)\r\n\tat org.testng.internal.TestInvoker.invokeTestMethod(TestInvoker.java:173)\r\n\tat org.testng.internal.MethodRunner.runInSequence(MethodRunner.java:46)\r\n\tat org.testng.internal.TestInvoker$MethodInvocationAgent.invoke(TestInvoker.java:824)\r\n\tat org.testng.internal.TestInvoker.invokeTestMethods(TestInvoker.java:146)\r\n\tat org.testng.internal.TestMethodWorker.invokeTestMethods(TestMethodWorker.java:146)\r\n\tat org.testng.internal.TestMethodWorker.run(TestMethodWorker.java:128)\r\n\tat java.base/java.util.ArrayList.forEach(ArrayList.java:1511)\r\n\tat org.testng.TestRunner.privateRun(TestRunner.java:794)\r\n\tat org.testng.TestRunner.run(TestRunner.java:596)\r\n\tat org.testng.SuiteRunner.runTest(SuiteRunner.java:377)\r\n\tat org.testng.SuiteRunner.runSequentially(SuiteRunner.java:371)\r\n\tat org.testng.SuiteRunner.privateRun(SuiteRunner.java:332)\r\n\tat org.testng.SuiteRunner.run(SuiteRunner.java:276)\r\n\tat org.testng.SuiteRunnerWorker.runSuite(SuiteRunnerWorker.java:53)\r\n\tat org.testng.SuiteRunnerWorker.run(SuiteRunnerWorker.java:96)\r\n\tat org.testng.TestNG.runSuitesSequentially(TestNG.java:1212)\r\n\tat org.testng.TestNG.runSuitesLocally(TestNG.java:1134)\r\n\tat org.testng.TestNG.runSuites(TestNG.java:1063)\r\n\tat org.testng.TestNG.run(TestNG.java:1031)\r\n\tat org.apache.maven.surefire.testng.TestNGExecutor.run(TestNGExecutor.java:283)\r\n\tat org.apache.maven.surefire.testng.TestNGXmlTestSuite.execute(TestNGXmlTestSuite.java:75)\r\n\tat org.apache.maven.surefire.testng.TestNGProvider.invoke(TestNGProvider.java:120)\r\n\tat org.apache.maven.surefire.booter.ForkedBooter.invokeProviderInSameClassLoader(ForkedBooter.java:384)\r\n\tat org.apache.maven.surefire.booter.ForkedBooter.runSuitesInProcess(ForkedBooter.java:345)\r\n\tat org.apache.maven.surefire.booter.ForkedBooter.execute(ForkedBooter.java:126)\r\n\tat org.apache.maven.surefire.booter.ForkedBooter.main(ForkedBooter.java:418)\r\n"},"stage":"finished","steps":[{"name":" Fill Drug's Details","status":"passed","stage":"finished","steps":[{"name":" confirm same instruction","status":"broken","statusDetails":{"known":false,"muted":false,"flaky":false,"message":"no such element: Unable to locate element: {\"method\":\"css selector\",\"selector\":\"#buttonImport\"}\n  (Session info: chrome=121.0.6167.140)\nFor documentation on this error, please visit: https://www.selenium.dev/documentation/webdriver/troubleshooting/errors#no-such-element-exception\nBuild info: version: '4.12.1', revision: '8e34639b11'\nSystem info: os.name: 'Windows Server 2022', os.arch: 'amd64', os.version: '10.0', java.version: '17.0.4.1'\nDriver info: org.openqa.selenium.chrome.ChromeDriver\nCommand: [6b0c3b82f08ac0ee8d84dc466834538d, findElement {using=id, value=buttonImport}]\nCapabilities {acceptInsecureCerts: false, browserName: chrome, browserVersion: 121.0.6167.140, chrome: {chromedriverVersion: 121.0.6167.184 (057a8ae7deb..., userDataDir: C:\\Windows\\SystemTemp\\scope...}, fedcm:accounts: true, goog:chromeOptions: {debuggerAddress: localhost:56706}, networkConnectionEnabled: false, pageLoadStrategy: normal, platformName: windows, proxy: Proxy(), se:cdp: ws://localhost:56706/devtoo..., se:cdpVersion: 121.0.6167.140, setWindowRect: true, strictFileInteractability: false, timeouts: {implicit: 0, pageLoad: 300000, script: 30000}, unhandledPromptBehavior: dismiss and notify, webauthn:extension:credBlob: true, webauthn:extension:largeBlob: true, webauthn:extension:minPinLength: true, webauthn:extension:prf: true, webauthn:virtualAuthenticators: true}\nSession ID: 6b0c3b82f08ac0ee8d84dc466834538d","trace":"org.openqa.selenium.NoSuchElementException: no such element: Unable to locate element: {\"method\":\"css selector\",\"selector\":\"#buttonImport\"}\n  (Session info: chrome=121.0.6167.140)\nFor documentation on this error, please visit: https://www.selenium.dev/documentation/webdriver/troubleshooting/errors#no-such-element-exception\nBuild info: version: '4.12.1', revision: '8e34639b11'\nSystem info: os.name: 'Windows Server 2022', os.arch: 'amd64', os.version: '10.0', java.version: '17.0.4.1'\nDriver info: org.openqa.selenium.chrome.ChromeDriver\nCommand: [6b0c3b82f08ac0ee8d84dc466834538d, findElement {using=id, value=buttonImport}]\nCapabilities {acceptInsecureCerts: false, browserName: chrome, browserVersion: 121.0.6167.140, chrome: {chromedriverVersion: 121.0.6167.184 (057a8ae7deb..., userDataDir: C:\\Windows\\SystemTemp\\scope...}, fedcm:accounts: true, goog:chromeOptions: {debuggerAddress: localhost:56706}, networkConnectionEnabled: false, pageLoadStrategy: normal, platformName: windows, proxy: Proxy(), se:cdp: ws://localhost:56706/devtoo..., se:cdpVersion: 121.0.6167.140, setWindowRect: true, strictFileInteractability: false, timeouts: {implicit: 0, pageLoad: 300000, script: 30000}, unhandledPromptBehavior: dismiss and notify, webauthn:extension:credBlob: true, webauthn:extension:largeBlob: true, webauthn:extension:minPinLength: true, webauthn:extension:prf: true, webauthn:virtualAuthenticators: true}\nSession ID: 6b0c3b82f08ac0ee8d84dc466834538d\r\n\tat java.base/jdk.internal.reflect.NativeConstructorAccessorImpl.newInstance0(Native Method)\r\n\tat java.base/jdk.internal.reflect.NativeConstructorAccessorImpl.newInstance(NativeConstructorAccessorImpl.java:77)\r\n\tat java.base/jdk.internal.reflect.DelegatingConstructorAccessorImpl.newInstance(DelegatingConstructorAccessorImpl.java:45)\r\n\tat java.base/java.lang.reflect.Constructor.newInstanceWithCaller(Constructor.java:499)\r\n\tat java.base/java.lang.reflect.Constructor.newInstance(Constructor.java:480)\r\n\tat org.openqa.selenium.remote.codec.w3c.W3CHttpResponseCodec.createException(W3CHttpResponseCodec.java:200)\r\n\tat org.openqa.selenium.remote.codec.w3c.W3CHttpResponseCodec.decode(W3CHttpResponseCodec.java:133)\r\n\tat org.openqa.selenium.remote.codec.w3c.W3CHttpResponseCodec.decode(W3CHttpResponseCodec.java:52)\r\n\tat org.openqa.selenium.remote.HttpCommandExecutor.execute(HttpCommandExecutor.java:191)\r\n\tat org.openqa.selenium.remote.service.DriverCommandExecutor.invokeExecute(DriverCommandExecutor.java:196)\r\n\tat org.openqa.selenium.remote.service.DriverCommandExecutor.execute(DriverCommandExecutor.java:171)\r\n\tat org.openqa.selenium.remote.RemoteWebDriver.execute(RemoteWebDriver.java:602)\r\n\tat org.openqa.selenium.remote.ElementLocation$ElementFinder$2.findElement(ElementLocation.java:165)\r\n\tat org.openqa.selenium.remote.ElementLocation.findElement(ElementLocation.java:59)\r\n\tat org.openqa.selenium.remote.RemoteWebDriver.findElement(RemoteWebDriver.java:359)\r\n\tat org.openqa.selenium.remote.RemoteWebDriver.findElement(RemoteWebDriver.java:353)\r\n\tat org.openqa.selenium.support.pagefactory.DefaultElementLocator.findElement(DefaultElementLocator.java:68)\r\n\tat org.openqa.selenium.support.pagefactory.internal.LocatingElementHandler.invoke(LocatingElementHandler.java:38)\r\n\tat jdk.proxy2/jdk.proxy2.$Proxy17.click(Unknown Source)\r\n\tat workflows.doctor.doctorFlows.confirmModalSameInstruction(doctorFlows.java:401)\r\n\tat workflows.doctor.doctorFlows.fillDrugsDetails(doctorFlows.java:132)\r\n\tat workflows.doctor.doctorFlows.drugFormAddDrugOnceOnly(doctorFlows.java:235)\r\n\tat RegressionTest.regression2.test02_addToPatientNotApprovalDrug(regression2.java:130)\r\n\tat java.base/jdk.internal.reflect.NativeMethodAccessorImpl.invoke0(Native Method)\r\n\tat java.base/jdk.internal.reflect.NativeMethodAccessorImpl.invoke(NativeMethodAccessorImpl.java:77)\r\n\tat java.base/jdk.internal.reflect.DelegatingMethodAccessorImpl.invoke(DelegatingMethodAccessorImpl.java:43)\r\n\tat java.base/java.lang.reflect.Method.invoke(Method.java:568)\r\n\tat org.testng.internal.MethodInvocationHelper.invokeMethod(MethodInvocationHelper.java:133)\r\n\tat org.testng.internal.TestInvoker.invokeMethod(TestInvoker.java:598)\r\n\tat org.testng.internal.TestInvoker.invokeTestMethod(TestInvoker.java:173)\r\n\tat org.testng.internal.MethodRunner.runInSequence(MethodRunner.java:46)\r\n\tat org.testng.internal.TestInvoker$MethodInvocationAgent.invoke(TestInvoker.java:824)\r\n\tat org.testng.internal.TestInvoker.invokeTestMethods(TestInvoker.java:146)\r\n\tat org.testng.internal.TestMethodWorker.invokeTestMethods(TestMethodWorker.java:146)\r\n\tat org.testng.internal.TestMethodWorker.run(TestMethodWorker.java:128)\r\n\tat java.base/java.util.ArrayList.forEach(ArrayList.java:1511)\r\n\tat org.testng.TestRunner.privateRun(TestRunner.java:794)\r\n\tat org.testng.TestRunner.run(TestRunner.java:596)\r\n\tat org.testng.SuiteRunner.runTest(SuiteRunner.java:377)\r\n\tat org.testng.SuiteRunner.runSequentially(SuiteRunner.java:371)\r\n\tat org.testng.SuiteRunner.privateRun(SuiteRunner.java:332)\r\n\tat org.testng.SuiteRunner.run(SuiteRunner.java:276)\r\n\tat org.testng.SuiteRunnerWorker.runSuite(SuiteRunnerWorker.java:53)\r\n\tat org.testng.SuiteRunnerWorker.run(SuiteRunnerWorker.java:96)\r\n\tat org.testng.TestNG.runSuitesSequentially(TestNG.java:1212)\r\n\tat org.testng.TestNG.runSuitesLocally(TestNG.java:1134)\r\n\tat org.testng.TestNG.runSuites(TestNG.java:1063)\r\n\tat org.testng.TestNG.run(TestNG.java:1031)\r\n\tat org.apache.maven.surefire.testng.TestNGExecutor.run(TestNGExecutor.java:283)\r\n\tat org.apache.maven.surefire.testng.TestNGXmlTestSuite.execute(TestNGXmlTestSuite.java:75)\r\n\tat org.apache.maven.surefire.testng.TestNGProvider.invoke(TestNGProvider.java:120)\r\n\tat org.apache.maven.surefire.booter.ForkedBooter.invokeProviderInSameClassLoader(ForkedBooter.java:384)\r\n\tat org.apache.maven.surefire.booter.ForkedBooter.runSuitesInProcess(ForkedBooter.java:345)\r\n\tat org.apache.maven.surefire.booter.ForkedBooter.execute(ForkedBooter.java:126)\r\n\tat org.apache.maven.surefire.booter.ForkedBooter.main(ForkedBooter.java:418)\r\n"},"stage":"finished","steps":[],"attachments":[],"parameters":[],"start":1716408290156,"stop":1716408296198}],"attachments":[],"parameters":[{"name":"drugName","value":"TAB acetylsalicylic acid 100mg"},{"name":"dosage","value":"100"},{"name":"routeAdministration","value":"null"}],"start":1716408289696,"stop":1716408296382}],"attachments":[],"parameters":[{"name":"drugName","value":"TAB acetylsalicylic acid 100mg"},{"name":"dosage","value":"100"},{"name":"hour","value":"null"},{"name":"routeAdinistration","value":"null"},{"name":"withExecute","value":"false"},{"name":"addAndClose","value":"true"}],"start":1716408289696,"stop":1716408296402}],"attachments":[{"name":"Page Screen-Shot","source":"a47a38ee-e97f-40fa-8bc6-7ffe1b397266-attachment","type":"image/png"}],"parameters":[],"start":1716408257181,"stop":1716408296569,"uuid":"b7ab9d70-0911-4347-8284-b3ed802de0ab","historyId":"867e9cbb20534911b51f8e132cc92922","fullName":"RegressionTest.regression2.test02_addToPatientNotApprovalDrug","labels":[{"name":"package","value":"RegressionTest.regression2"},{"name":"testClass","value":"RegressionTest.regression2"},{"name":"testMethod","value":"test02_addToPatientNotApprovalDrug"},{"name":"parentSuite","value":"regression_2"},{"name":"suite","value":"emergency_allInstruction"},{"name":"subSuite","value":"RegressionTest.regression2"},{"name":"host","value":"lanjenkins2"},{"name":"thread","value":"5440@lanjenkins2.main(1)"},{"name":"framework","value":"testng"},{"name":"language","value":"java"}],"links":[]}