{"name":"print stickers from cardex at 00 night","status":"broken","statusDetails":{"known":false,"muted":false,"flaky":false,"message":"element click intercepted: Element <input _ngcontent-gly-c8=\"\" aria-multiline=\"false\" autocapitalize=\"off\" autocorrect=\"off\" class=\"btn-default dropdown-toggle unitText1 dropDep change-dep-btn ng-untouched ng-pristine ng-valid\" dontlock=\"true\" id=\"dropdownBasic1\" role=\"combobox\" type=\"text\" ng-reflect-input-formatter=\"function (selectItem) {\n      \" ng-reflect-ngb-typeahead=\"function (text$) {\n           \" ng-reflect-result-formatter=\"function (selectItem) {\n      \" ng-reflect-model=\"[object Object]\" autocomplete=\"off\" aria-autocomplete=\"list\" aria-expanded=\"false\"> is not clickable at point (1815, 83). Other element would receive the click: <div _ngcontent-gly-c3=\"\" class=\"overlay\" ng-reflect-ng-style=\"[object Object]\" style=\"background-color: rgba(51, 51, 51, 0.5); position: fixed;\">...</div>\n  (Session info: chrome=114.0.5735.110)\nBuild info: version: '4.0.0-alpha-7', revision: 'de8579b6d5'\nSystem info: host: 'COMPU_EFRAT', ip: '172.20.8.167', os.name: 'Windows 10', os.arch: 'amd64', os.version: '10.0', java.version: '17.0.4.1'\nDriver info: org.openqa.selenium.chrome.ChromeDriver\nCapabilities {acceptInsecureCerts: false, browserName: chrome, browserVersion: 114.0.5735.110, chrome: {chromedriverVersion: 114.0.5735.90 (386bc09e8f4f..., userDataDir: C:\\WINDOWS\\SystemTemp\\scope...}, goog:chromeOptions: {debuggerAddress: localhost:54341}, javascriptEnabled: true, networkConnectionEnabled: false, pageLoadStrategy: normal, platform: WINDOWS, platformName: WINDOWS, proxy: Proxy(), setWindowRect: true, strictFileInteractability: false, timeouts: {implicit: 0, pageLoad: 300000, script: 30000}, unhandledPromptBehavior: dismiss and notify, webauthn:extension:credBlob: true, webauthn:extension:largeBlob: true, webauthn:extension:minPinLength: true, webauthn:extension:prf: true, webauthn:virtualAuthenticators: true}\nSession ID: b6ee58fbc9d1f710ef7d2e7955ef21ec","trace":"org.openqa.selenium.ElementClickInterceptedException: element click intercepted: Element <input _ngcontent-gly-c8=\"\" aria-multiline=\"false\" autocapitalize=\"off\" autocorrect=\"off\" class=\"btn-default dropdown-toggle unitText1 dropDep change-dep-btn ng-untouched ng-pristine ng-valid\" dontlock=\"true\" id=\"dropdownBasic1\" role=\"combobox\" type=\"text\" ng-reflect-input-formatter=\"function (selectItem) {\n      \" ng-reflect-ngb-typeahead=\"function (text$) {\n           \" ng-reflect-result-formatter=\"function (selectItem) {\n      \" ng-reflect-model=\"[object Object]\" autocomplete=\"off\" aria-autocomplete=\"list\" aria-expanded=\"false\"> is not clickable at point (1815, 83). Other element would receive the click: <div _ngcontent-gly-c3=\"\" class=\"overlay\" ng-reflect-ng-style=\"[object Object]\" style=\"background-color: rgba(51, 51, 51, 0.5); position: fixed;\">...</div>\n  (Session info: chrome=114.0.5735.110)\nBuild info: version: '4.0.0-alpha-7', revision: 'de8579b6d5'\nSystem info: host: 'COMPU_EFRAT', ip: '172.20.8.167', os.name: 'Windows 10', os.arch: 'amd64', os.version: '10.0', java.version: '17.0.4.1'\nDriver info: org.openqa.selenium.chrome.ChromeDriver\nCapabilities {acceptInsecureCerts: false, browserName: chrome, browserVersion: 114.0.5735.110, chrome: {chromedriverVersion: 114.0.5735.90 (386bc09e8f4f..., userDataDir: C:\\WINDOWS\\SystemTemp\\scope...}, goog:chromeOptions: {debuggerAddress: localhost:54341}, javascriptEnabled: true, networkConnectionEnabled: false, pageLoadStrategy: normal, platform: WINDOWS, platformName: WINDOWS, proxy: Proxy(), setWindowRect: true, strictFileInteractability: false, timeouts: {implicit: 0, pageLoad: 300000, script: 30000}, unhandledPromptBehavior: dismiss and notify, webauthn:extension:credBlob: true, webauthn:extension:largeBlob: true, webauthn:extension:minPinLength: true, webauthn:extension:prf: true, webauthn:virtualAuthenticators: true}\nSession ID: b6ee58fbc9d1f710ef7d2e7955ef21ec\r\n\tat java.base/jdk.internal.reflect.NativeConstructorAccessorImpl.newInstance0(Native Method)\r\n\tat java.base/jdk.internal.reflect.NativeConstructorAccessorImpl.newInstance(NativeConstructorAccessorImpl.java:77)\r\n\tat java.base/jdk.internal.reflect.DelegatingConstructorAccessorImpl.newInstance(DelegatingConstructorAccessorImpl.java:45)\r\n\tat java.base/java.lang.reflect.Constructor.newInstanceWithCaller(Constructor.java:499)\r\n\tat java.base/java.lang.reflect.Constructor.newInstance(Constructor.java:480)\r\n\tat org.openqa.selenium.remote.codec.w3c.W3CHttpResponseCodec.createException(W3CHttpResponseCodec.java:196)\r\n\tat org.openqa.selenium.remote.codec.w3c.W3CHttpResponseCodec.decode(W3CHttpResponseCodec.java:129)\r\n\tat org.openqa.selenium.remote.codec.w3c.W3CHttpResponseCodec.decode(W3CHttpResponseCodec.java:53)\r\n\tat org.openqa.selenium.remote.HttpCommandExecutor.execute(HttpCommandExecutor.java:167)\r\n\tat org.openqa.selenium.remote.service.DriverCommandExecutor.execute(DriverCommandExecutor.java:123)\r\n\tat org.openqa.selenium.remote.RemoteWebDriver.execute(RemoteWebDriver.java:501)\r\n\tat org.openqa.selenium.remote.RemoteWebElement.execute(RemoteWebElement.java:238)\r\n\tat org.openqa.selenium.remote.RemoteWebElement.click(RemoteWebElement.java:79)\r\n\tat java.base/jdk.internal.reflect.NativeMethodAccessorImpl.invoke0(Native Method)\r\n\tat java.base/jdk.internal.reflect.NativeMethodAccessorImpl.invoke(NativeMethodAccessorImpl.java:77)\r\n\tat java.base/jdk.internal.reflect.DelegatingMethodAccessorImpl.invoke(DelegatingMethodAccessorImpl.java:43)\r\n\tat java.base/java.lang.reflect.Method.invoke(Method.java:568)\r\n\tat org.openqa.selenium.support.pagefactory.internal.LocatingElementHandler.invoke(LocatingElementHandler.java:52)\r\n\tat jdk.proxy2/jdk.proxy2.$Proxy17.click(Unknown Source)\r\n\tat extensions.UIActions.click(UIActions.java:43)\r\n\tat workflows.departmentFlows.chooseDepartment(departmentFlows.java:14)\r\n\tat regression.regression3.test02_printstickersfromcardexAt00night(regression3.java:54)\r\n\tat java.base/jdk.internal.reflect.NativeMethodAccessorImpl.invoke0(Native Method)\r\n\tat java.base/jdk.internal.reflect.NativeMethodAccessorImpl.invoke(NativeMethodAccessorImpl.java:77)\r\n\tat java.base/jdk.internal.reflect.DelegatingMethodAccessorImpl.invoke(DelegatingMethodAccessorImpl.java:43)\r\n\tat java.base/java.lang.reflect.Method.invoke(Method.java:568)\r\n\tat org.testng.internal.MethodInvocationHelper.invokeMethod(MethodInvocationHelper.java:133)\r\n\tat org.testng.internal.TestInvoker.invokeMethod(TestInvoker.java:598)\r\n\tat org.testng.internal.TestInvoker.invokeTestMethod(TestInvoker.java:173)\r\n\tat org.testng.internal.MethodRunner.runInSequence(MethodRunner.java:46)\r\n\tat org.testng.internal.TestInvoker$MethodInvocationAgent.invoke(TestInvoker.java:824)\r\n\tat org.testng.internal.TestInvoker.invokeTestMethods(TestInvoker.java:146)\r\n\tat org.testng.internal.TestMethodWorker.invokeTestMethods(TestMethodWorker.java:146)\r\n\tat org.testng.internal.TestMethodWorker.run(TestMethodWorker.java:128)\r\n\tat java.base/java.util.ArrayList.forEach(ArrayList.java:1511)\r\n\tat org.testng.TestRunner.privateRun(TestRunner.java:794)\r\n\tat org.testng.TestRunner.run(TestRunner.java:596)\r\n\tat org.testng.SuiteRunner.runTest(SuiteRunner.java:377)\r\n\tat org.testng.SuiteRunner.runSequentially(SuiteRunner.java:371)\r\n\tat org.testng.SuiteRunner.privateRun(SuiteRunner.java:332)\r\n\tat org.testng.SuiteRunner.run(SuiteRunner.java:276)\r\n\tat org.testng.SuiteRunnerWorker.runSuite(SuiteRunnerWorker.java:53)\r\n\tat org.testng.SuiteRunnerWorker.run(SuiteRunnerWorker.java:96)\r\n\tat org.testng.TestNG.runSuitesSequentially(TestNG.java:1212)\r\n\tat org.testng.TestNG.runSuitesLocally(TestNG.java:1134)\r\n\tat org.testng.TestNG.runSuites(TestNG.java:1063)\r\n\tat org.testng.TestNG.run(TestNG.java:1031)\r\n\tat org.apache.maven.surefire.testng.TestNGExecutor.run(TestNGExecutor.java:283)\r\n\tat org.apache.maven.surefire.testng.TestNGXmlTestSuite.execute(TestNGXmlTestSuite.java:75)\r\n\tat org.apache.maven.surefire.testng.TestNGProvider.invoke(TestNGProvider.java:120)\r\n\tat org.apache.maven.surefire.booter.ForkedBooter.invokeProviderInSameClassLoader(ForkedBooter.java:384)\r\n\tat org.apache.maven.surefire.booter.ForkedBooter.runSuitesInProcess(ForkedBooter.java:345)\r\n\tat org.apache.maven.surefire.booter.ForkedBooter.execute(ForkedBooter.java:126)\r\n\tat org.apache.maven.surefire.booter.ForkedBooter.main(ForkedBooter.java:418)\r\n"},"stage":"finished","description":"print stickers from cardex at 00 night","steps":[{"name":" Login With Choose Role","status":"passed","stage":"finished","steps":[{"name":"Update Text Element","status":"passed","stage":"finished","steps":[],"attachments":[],"parameters":[{"name":"elem","value":"[[ChromeDriver: chrome on WINDOWS (b6ee58fbc9d1f710ef7d2e7955ef21ec)] -> id: user_name]"},{"name":"text","value":"test"}],"start":1687035803427,"stop":1687035803495},{"name":"Update Text Element","status":"passed","stage":"finished","steps":[],"attachments":[],"parameters":[{"name":"elem","value":"[[ChromeDriver: chrome on WINDOWS (b6ee58fbc9d1f710ef7d2e7955ef21ec)] -> id: password]"},{"name":"text","value":"Te231121"}],"start":1687035803505,"stop":1687035803581},{"name":"Click on Element","status":"passed","stage":"finished","steps":[],"attachments":[],"parameters":[{"name":"elem","value":"[[ChromeDriver: chrome on WINDOWS (b6ee58fbc9d1f710ef7d2e7955ef21ec)] -> id: submitBtn]"}],"start":1687035803588,"stop":1687035803659},{"name":"Select text from List","status":"passed","stage":"finished","steps":[{"name":"Click on Element","status":"passed","stage":"finished","steps":[],"attachments":[],"parameters":[{"name":"elem","value":"[[ChromeDriver: chrome on WINDOWS (b6ee58fbc9d1f710ef7d2e7955ef21ec)] -> tag name: li]"}],"start":1687035803943,"stop":1687035803990}],"attachments":[],"parameters":[{"name":"list","value":"[[[ChromeDriver: chrome on WINDOWS (b6ee58fbc9d1f710ef7d2e7955ef21ec)] -> tag name: li], [[ChromeDriver: chrome on WINDOWS (b6ee58fbc9d1f710ef7d2e7955ef21ec)] -> tag name: li], [[ChromeDriver: chrome on WINDOWS (b6ee58fbc9d1f710ef7d2e7955ef21ec)] -> tag name: li], [[ChromeDriver: chrome on WINDOWS (b6ee58fbc9d1f710ef7d2e7955ef21ec)] -> tag name: li], [[ChromeDriver: chrome on WINDOWS (b6ee58fbc9d1f710ef7d2e7955ef21ec)] -> tag name: li], [[ChromeDriver: chrome on WINDOWS (b6ee58fbc9d1f710ef7d2e7955ef21ec)] -> tag name: li], [[ChromeDriver: chrome on WINDOWS (b6ee58fbc9d1f710ef7d2e7955ef21ec)] -> tag name: li], [[ChromeDriver: chrome on WINDOWS (b6ee58fbc9d1f710ef7d2e7955ef21ec)] -> tag name: li], [[ChromeDriver: chrome on WINDOWS (b6ee58fbc9d1f710ef7d2e7955ef21ec)] -> tag name: li]]"},{"name":"text","value":"אחות"}],"start":1687035803916,"stop":1687035803990}],"attachments":[],"parameters":[{"name":"r","value":"n"}],"start":1687035803415,"stop":1687035803990},{"name":"choose department","status":"broken","statusDetails":{"known":false,"muted":false,"flaky":false,"message":"element click intercepted: Element <input _ngcontent-gly-c8=\"\" aria-multiline=\"false\" autocapitalize=\"off\" autocorrect=\"off\" class=\"btn-default dropdown-toggle unitText1 dropDep change-dep-btn ng-untouched ng-pristine ng-valid\" dontlock=\"true\" id=\"dropdownBasic1\" role=\"combobox\" type=\"text\" ng-reflect-input-formatter=\"function (selectItem) {\n      \" ng-reflect-ngb-typeahead=\"function (text$) {\n           \" ng-reflect-result-formatter=\"function (selectItem) {\n      \" ng-reflect-model=\"[object Object]\" autocomplete=\"off\" aria-autocomplete=\"list\" aria-expanded=\"false\"> is not clickable at point (1815, 83). Other element would receive the click: <div _ngcontent-gly-c3=\"\" class=\"overlay\" ng-reflect-ng-style=\"[object Object]\" style=\"background-color: rgba(51, 51, 51, 0.5); position: fixed;\">...</div>\n  (Session info: chrome=114.0.5735.110)\nBuild info: version: '4.0.0-alpha-7', revision: 'de8579b6d5'\nSystem info: host: 'COMPU_EFRAT', ip: '172.20.8.167', os.name: 'Windows 10', os.arch: 'amd64', os.version: '10.0', java.version: '17.0.4.1'\nDriver info: org.openqa.selenium.chrome.ChromeDriver\nCapabilities {acceptInsecureCerts: false, browserName: chrome, browserVersion: 114.0.5735.110, chrome: {chromedriverVersion: 114.0.5735.90 (386bc09e8f4f..., userDataDir: C:\\WINDOWS\\SystemTemp\\scope...}, goog:chromeOptions: {debuggerAddress: localhost:54341}, javascriptEnabled: true, networkConnectionEnabled: false, pageLoadStrategy: normal, platform: WINDOWS, platformName: WINDOWS, proxy: Proxy(), setWindowRect: true, strictFileInteractability: false, timeouts: {implicit: 0, pageLoad: 300000, script: 30000}, unhandledPromptBehavior: dismiss and notify, webauthn:extension:credBlob: true, webauthn:extension:largeBlob: true, webauthn:extension:minPinLength: true, webauthn:extension:prf: true, webauthn:virtualAuthenticators: true}\nSession ID: b6ee58fbc9d1f710ef7d2e7955ef21ec","trace":"org.openqa.selenium.ElementClickInterceptedException: element click intercepted: Element <input _ngcontent-gly-c8=\"\" aria-multiline=\"false\" autocapitalize=\"off\" autocorrect=\"off\" class=\"btn-default dropdown-toggle unitText1 dropDep change-dep-btn ng-untouched ng-pristine ng-valid\" dontlock=\"true\" id=\"dropdownBasic1\" role=\"combobox\" type=\"text\" ng-reflect-input-formatter=\"function (selectItem) {\n      \" ng-reflect-ngb-typeahead=\"function (text$) {\n           \" ng-reflect-result-formatter=\"function (selectItem) {\n      \" ng-reflect-model=\"[object Object]\" autocomplete=\"off\" aria-autocomplete=\"list\" aria-expanded=\"false\"> is not clickable at point (1815, 83). Other element would receive the click: <div _ngcontent-gly-c3=\"\" class=\"overlay\" ng-reflect-ng-style=\"[object Object]\" style=\"background-color: rgba(51, 51, 51, 0.5); position: fixed;\">...</div>\n  (Session info: chrome=114.0.5735.110)\nBuild info: version: '4.0.0-alpha-7', revision: 'de8579b6d5'\nSystem info: host: 'COMPU_EFRAT', ip: '172.20.8.167', os.name: 'Windows 10', os.arch: 'amd64', os.version: '10.0', java.version: '17.0.4.1'\nDriver info: org.openqa.selenium.chrome.ChromeDriver\nCapabilities {acceptInsecureCerts: false, browserName: chrome, browserVersion: 114.0.5735.110, chrome: {chromedriverVersion: 114.0.5735.90 (386bc09e8f4f..., userDataDir: C:\\WINDOWS\\SystemTemp\\scope...}, goog:chromeOptions: {debuggerAddress: localhost:54341}, javascriptEnabled: true, networkConnectionEnabled: false, pageLoadStrategy: normal, platform: WINDOWS, platformName: WINDOWS, proxy: Proxy(), setWindowRect: true, strictFileInteractability: false, timeouts: {implicit: 0, pageLoad: 300000, script: 30000}, unhandledPromptBehavior: dismiss and notify, webauthn:extension:credBlob: true, webauthn:extension:largeBlob: true, webauthn:extension:minPinLength: true, webauthn:extension:prf: true, webauthn:virtualAuthenticators: true}\nSession ID: b6ee58fbc9d1f710ef7d2e7955ef21ec\r\n\tat java.base/jdk.internal.reflect.NativeConstructorAccessorImpl.newInstance0(Native Method)\r\n\tat java.base/jdk.internal.reflect.NativeConstructorAccessorImpl.newInstance(NativeConstructorAccessorImpl.java:77)\r\n\tat java.base/jdk.internal.reflect.DelegatingConstructorAccessorImpl.newInstance(DelegatingConstructorAccessorImpl.java:45)\r\n\tat java.base/java.lang.reflect.Constructor.newInstanceWithCaller(Constructor.java:499)\r\n\tat java.base/java.lang.reflect.Constructor.newInstance(Constructor.java:480)\r\n\tat org.openqa.selenium.remote.codec.w3c.W3CHttpResponseCodec.createException(W3CHttpResponseCodec.java:196)\r\n\tat org.openqa.selenium.remote.codec.w3c.W3CHttpResponseCodec.decode(W3CHttpResponseCodec.java:129)\r\n\tat org.openqa.selenium.remote.codec.w3c.W3CHttpResponseCodec.decode(W3CHttpResponseCodec.java:53)\r\n\tat org.openqa.selenium.remote.HttpCommandExecutor.execute(HttpCommandExecutor.java:167)\r\n\tat org.openqa.selenium.remote.service.DriverCommandExecutor.execute(DriverCommandExecutor.java:123)\r\n\tat org.openqa.selenium.remote.RemoteWebDriver.execute(RemoteWebDriver.java:501)\r\n\tat org.openqa.selenium.remote.RemoteWebElement.execute(RemoteWebElement.java:238)\r\n\tat org.openqa.selenium.remote.RemoteWebElement.click(RemoteWebElement.java:79)\r\n\tat java.base/jdk.internal.reflect.NativeMethodAccessorImpl.invoke0(Native Method)\r\n\tat java.base/jdk.internal.reflect.NativeMethodAccessorImpl.invoke(NativeMethodAccessorImpl.java:77)\r\n\tat java.base/jdk.internal.reflect.DelegatingMethodAccessorImpl.invoke(DelegatingMethodAccessorImpl.java:43)\r\n\tat java.base/java.lang.reflect.Method.invoke(Method.java:568)\r\n\tat org.openqa.selenium.support.pagefactory.internal.LocatingElementHandler.invoke(LocatingElementHandler.java:52)\r\n\tat jdk.proxy2/jdk.proxy2.$Proxy17.click(Unknown Source)\r\n\tat extensions.UIActions.click(UIActions.java:43)\r\n\tat workflows.departmentFlows.chooseDepartment(departmentFlows.java:14)\r\n\tat regression.regression3.test02_printstickersfromcardexAt00night(regression3.java:54)\r\n\tat java.base/jdk.internal.reflect.NativeMethodAccessorImpl.invoke0(Native Method)\r\n\tat java.base/jdk.internal.reflect.NativeMethodAccessorImpl.invoke(NativeMethodAccessorImpl.java:77)\r\n\tat java.base/jdk.internal.reflect.DelegatingMethodAccessorImpl.invoke(DelegatingMethodAccessorImpl.java:43)\r\n\tat java.base/java.lang.reflect.Method.invoke(Method.java:568)\r\n\tat org.testng.internal.MethodInvocationHelper.invokeMethod(MethodInvocationHelper.java:133)\r\n\tat org.testng.internal.TestInvoker.invokeMethod(TestInvoker.java:598)\r\n\tat org.testng.internal.TestInvoker.invokeTestMethod(TestInvoker.java:173)\r\n\tat org.testng.internal.MethodRunner.runInSequence(MethodRunner.java:46)\r\n\tat org.testng.internal.TestInvoker$MethodInvocationAgent.invoke(TestInvoker.java:824)\r\n\tat org.testng.internal.TestInvoker.invokeTestMethods(TestInvoker.java:146)\r\n\tat org.testng.internal.TestMethodWorker.invokeTestMethods(TestMethodWorker.java:146)\r\n\tat org.testng.internal.TestMethodWorker.run(TestMethodWorker.java:128)\r\n\tat java.base/java.util.ArrayList.forEach(ArrayList.java:1511)\r\n\tat org.testng.TestRunner.privateRun(TestRunner.java:794)\r\n\tat org.testng.TestRunner.run(TestRunner.java:596)\r\n\tat org.testng.SuiteRunner.runTest(SuiteRunner.java:377)\r\n\tat org.testng.SuiteRunner.runSequentially(SuiteRunner.java:371)\r\n\tat org.testng.SuiteRunner.privateRun(SuiteRunner.java:332)\r\n\tat org.testng.SuiteRunner.run(SuiteRunner.java:276)\r\n\tat org.testng.SuiteRunnerWorker.runSuite(SuiteRunnerWorker.java:53)\r\n\tat org.testng.SuiteRunnerWorker.run(SuiteRunnerWorker.java:96)\r\n\tat org.testng.TestNG.runSuitesSequentially(TestNG.java:1212)\r\n\tat org.testng.TestNG.runSuitesLocally(TestNG.java:1134)\r\n\tat org.testng.TestNG.runSuites(TestNG.java:1063)\r\n\tat org.testng.TestNG.run(TestNG.java:1031)\r\n\tat org.apache.maven.surefire.testng.TestNGExecutor.run(TestNGExecutor.java:283)\r\n\tat org.apache.maven.surefire.testng.TestNGXmlTestSuite.execute(TestNGXmlTestSuite.java:75)\r\n\tat org.apache.maven.surefire.testng.TestNGProvider.invoke(TestNGProvider.java:120)\r\n\tat org.apache.maven.surefire.booter.ForkedBooter.invokeProviderInSameClassLoader(ForkedBooter.java:384)\r\n\tat org.apache.maven.surefire.booter.ForkedBooter.runSuitesInProcess(ForkedBooter.java:345)\r\n\tat org.apache.maven.surefire.booter.ForkedBooter.execute(ForkedBooter.java:126)\r\n\tat org.apache.maven.surefire.booter.ForkedBooter.main(ForkedBooter.java:418)\r\n"},"stage":"finished","steps":[{"name":"Click on Element","status":"broken","statusDetails":{"known":false,"muted":false,"flaky":false,"message":"element click intercepted: Element <input _ngcontent-gly-c8=\"\" aria-multiline=\"false\" autocapitalize=\"off\" autocorrect=\"off\" class=\"btn-default dropdown-toggle unitText1 dropDep change-dep-btn ng-untouched ng-pristine ng-valid\" dontlock=\"true\" id=\"dropdownBasic1\" role=\"combobox\" type=\"text\" ng-reflect-input-formatter=\"function (selectItem) {\n      \" ng-reflect-ngb-typeahead=\"function (text$) {\n           \" ng-reflect-result-formatter=\"function (selectItem) {\n      \" ng-reflect-model=\"[object Object]\" autocomplete=\"off\" aria-autocomplete=\"list\" aria-expanded=\"false\"> is not clickable at point (1815, 83). Other element would receive the click: <div _ngcontent-gly-c3=\"\" class=\"overlay\" ng-reflect-ng-style=\"[object Object]\" style=\"background-color: rgba(51, 51, 51, 0.5); position: fixed;\">...</div>\n  (Session info: chrome=114.0.5735.110)\nBuild info: version: '4.0.0-alpha-7', revision: 'de8579b6d5'\nSystem info: host: 'COMPU_EFRAT', ip: '172.20.8.167', os.name: 'Windows 10', os.arch: 'amd64', os.version: '10.0', java.version: '17.0.4.1'\nDriver info: org.openqa.selenium.chrome.ChromeDriver\nCapabilities {acceptInsecureCerts: false, browserName: chrome, browserVersion: 114.0.5735.110, chrome: {chromedriverVersion: 114.0.5735.90 (386bc09e8f4f..., userDataDir: C:\\WINDOWS\\SystemTemp\\scope...}, goog:chromeOptions: {debuggerAddress: localhost:54341}, javascriptEnabled: true, networkConnectionEnabled: false, pageLoadStrategy: normal, platform: WINDOWS, platformName: WINDOWS, proxy: Proxy(), setWindowRect: true, strictFileInteractability: false, timeouts: {implicit: 0, pageLoad: 300000, script: 30000}, unhandledPromptBehavior: dismiss and notify, webauthn:extension:credBlob: true, webauthn:extension:largeBlob: true, webauthn:extension:minPinLength: true, webauthn:extension:prf: true, webauthn:virtualAuthenticators: true}\nSession ID: b6ee58fbc9d1f710ef7d2e7955ef21ec","trace":"org.openqa.selenium.ElementClickInterceptedException: element click intercepted: Element <input _ngcontent-gly-c8=\"\" aria-multiline=\"false\" autocapitalize=\"off\" autocorrect=\"off\" class=\"btn-default dropdown-toggle unitText1 dropDep change-dep-btn ng-untouched ng-pristine ng-valid\" dontlock=\"true\" id=\"dropdownBasic1\" role=\"combobox\" type=\"text\" ng-reflect-input-formatter=\"function (selectItem) {\n      \" ng-reflect-ngb-typeahead=\"function (text$) {\n           \" ng-reflect-result-formatter=\"function (selectItem) {\n      \" ng-reflect-model=\"[object Object]\" autocomplete=\"off\" aria-autocomplete=\"list\" aria-expanded=\"false\"> is not clickable at point (1815, 83). Other element would receive the click: <div _ngcontent-gly-c3=\"\" class=\"overlay\" ng-reflect-ng-style=\"[object Object]\" style=\"background-color: rgba(51, 51, 51, 0.5); position: fixed;\">...</div>\n  (Session info: chrome=114.0.5735.110)\nBuild info: version: '4.0.0-alpha-7', revision: 'de8579b6d5'\nSystem info: host: 'COMPU_EFRAT', ip: '172.20.8.167', os.name: 'Windows 10', os.arch: 'amd64', os.version: '10.0', java.version: '17.0.4.1'\nDriver info: org.openqa.selenium.chrome.ChromeDriver\nCapabilities {acceptInsecureCerts: false, browserName: chrome, browserVersion: 114.0.5735.110, chrome: {chromedriverVersion: 114.0.5735.90 (386bc09e8f4f..., userDataDir: C:\\WINDOWS\\SystemTemp\\scope...}, goog:chromeOptions: {debuggerAddress: localhost:54341}, javascriptEnabled: true, networkConnectionEnabled: false, pageLoadStrategy: normal, platform: WINDOWS, platformName: WINDOWS, proxy: Proxy(), setWindowRect: true, strictFileInteractability: false, timeouts: {implicit: 0, pageLoad: 300000, script: 30000}, unhandledPromptBehavior: dismiss and notify, webauthn:extension:credBlob: true, webauthn:extension:largeBlob: true, webauthn:extension:minPinLength: true, webauthn:extension:prf: true, webauthn:virtualAuthenticators: true}\nSession ID: b6ee58fbc9d1f710ef7d2e7955ef21ec\r\n\tat java.base/jdk.internal.reflect.NativeConstructorAccessorImpl.newInstance0(Native Method)\r\n\tat java.base/jdk.internal.reflect.NativeConstructorAccessorImpl.newInstance(NativeConstructorAccessorImpl.java:77)\r\n\tat java.base/jdk.internal.reflect.DelegatingConstructorAccessorImpl.newInstance(DelegatingConstructorAccessorImpl.java:45)\r\n\tat java.base/java.lang.reflect.Constructor.newInstanceWithCaller(Constructor.java:499)\r\n\tat java.base/java.lang.reflect.Constructor.newInstance(Constructor.java:480)\r\n\tat org.openqa.selenium.remote.codec.w3c.W3CHttpResponseCodec.createException(W3CHttpResponseCodec.java:196)\r\n\tat org.openqa.selenium.remote.codec.w3c.W3CHttpResponseCodec.decode(W3CHttpResponseCodec.java:129)\r\n\tat org.openqa.selenium.remote.codec.w3c.W3CHttpResponseCodec.decode(W3CHttpResponseCodec.java:53)\r\n\tat org.openqa.selenium.remote.HttpCommandExecutor.execute(HttpCommandExecutor.java:167)\r\n\tat org.openqa.selenium.remote.service.DriverCommandExecutor.execute(DriverCommandExecutor.java:123)\r\n\tat org.openqa.selenium.remote.RemoteWebDriver.execute(RemoteWebDriver.java:501)\r\n\tat org.openqa.selenium.remote.RemoteWebElement.execute(RemoteWebElement.java:238)\r\n\tat org.openqa.selenium.remote.RemoteWebElement.click(RemoteWebElement.java:79)\r\n\tat java.base/jdk.internal.reflect.NativeMethodAccessorImpl.invoke0(Native Method)\r\n\tat java.base/jdk.internal.reflect.NativeMethodAccessorImpl.invoke(NativeMethodAccessorImpl.java:77)\r\n\tat java.base/jdk.internal.reflect.DelegatingMethodAccessorImpl.invoke(DelegatingMethodAccessorImpl.java:43)\r\n\tat java.base/java.lang.reflect.Method.invoke(Method.java:568)\r\n\tat org.openqa.selenium.support.pagefactory.internal.LocatingElementHandler.invoke(LocatingElementHandler.java:52)\r\n\tat jdk.proxy2/jdk.proxy2.$Proxy17.click(Unknown Source)\r\n\tat extensions.UIActions.click(UIActions.java:43)\r\n\tat workflows.departmentFlows.chooseDepartment(departmentFlows.java:14)\r\n\tat regression.regression3.test02_printstickersfromcardexAt00night(regression3.java:54)\r\n\tat java.base/jdk.internal.reflect.NativeMethodAccessorImpl.invoke0(Native Method)\r\n\tat java.base/jdk.internal.reflect.NativeMethodAccessorImpl.invoke(NativeMethodAccessorImpl.java:77)\r\n\tat java.base/jdk.internal.reflect.DelegatingMethodAccessorImpl.invoke(DelegatingMethodAccessorImpl.java:43)\r\n\tat java.base/java.lang.reflect.Method.invoke(Method.java:568)\r\n\tat org.testng.internal.MethodInvocationHelper.invokeMethod(MethodInvocationHelper.java:133)\r\n\tat org.testng.internal.TestInvoker.invokeMethod(TestInvoker.java:598)\r\n\tat org.testng.internal.TestInvoker.invokeTestMethod(TestInvoker.java:173)\r\n\tat org.testng.internal.MethodRunner.runInSequence(MethodRunner.java:46)\r\n\tat org.testng.internal.TestInvoker$MethodInvocationAgent.invoke(TestInvoker.java:824)\r\n\tat org.testng.internal.TestInvoker.invokeTestMethods(TestInvoker.java:146)\r\n\tat org.testng.internal.TestMethodWorker.invokeTestMethods(TestMethodWorker.java:146)\r\n\tat org.testng.internal.TestMethodWorker.run(TestMethodWorker.java:128)\r\n\tat java.base/java.util.ArrayList.forEach(ArrayList.java:1511)\r\n\tat org.testng.TestRunner.privateRun(TestRunner.java:794)\r\n\tat org.testng.TestRunner.run(TestRunner.java:596)\r\n\tat org.testng.SuiteRunner.runTest(SuiteRunner.java:377)\r\n\tat org.testng.SuiteRunner.runSequentially(SuiteRunner.java:371)\r\n\tat org.testng.SuiteRunner.privateRun(SuiteRunner.java:332)\r\n\tat org.testng.SuiteRunner.run(SuiteRunner.java:276)\r\n\tat org.testng.SuiteRunnerWorker.runSuite(SuiteRunnerWorker.java:53)\r\n\tat org.testng.SuiteRunnerWorker.run(SuiteRunnerWorker.java:96)\r\n\tat org.testng.TestNG.runSuitesSequentially(TestNG.java:1212)\r\n\tat org.testng.TestNG.runSuitesLocally(TestNG.java:1134)\r\n\tat org.testng.TestNG.runSuites(TestNG.java:1063)\r\n\tat org.testng.TestNG.run(TestNG.java:1031)\r\n\tat org.apache.maven.surefire.testng.TestNGExecutor.run(TestNGExecutor.java:283)\r\n\tat org.apache.maven.surefire.testng.TestNGXmlTestSuite.execute(TestNGXmlTestSuite.java:75)\r\n\tat org.apache.maven.surefire.testng.TestNGProvider.invoke(TestNGProvider.java:120)\r\n\tat org.apache.maven.surefire.booter.ForkedBooter.invokeProviderInSameClassLoader(ForkedBooter.java:384)\r\n\tat org.apache.maven.surefire.booter.ForkedBooter.runSuitesInProcess(ForkedBooter.java:345)\r\n\tat org.apache.maven.surefire.booter.ForkedBooter.execute(ForkedBooter.java:126)\r\n\tat org.apache.maven.surefire.booter.ForkedBooter.main(ForkedBooter.java:418)\r\n"},"stage":"finished","steps":[],"attachments":[],"parameters":[{"name":"elem","value":"[[ChromeDriver: chrome on WINDOWS (b6ee58fbc9d1f710ef7d2e7955ef21ec)] -> id: dropdownBasic1]"}],"start":1687035804774,"stop":1687035805901}],"attachments":[],"parameters":[{"name":"dep","value":"חדר מיון"}],"start":1687035803990,"stop":1687035805901}],"attachments":[{"name":"Page Screen-Shot","source":"c8231d36-f615-4a71-93c3-5561219eb177-attachment","type":"image/png"}],"parameters":[],"start":1687035803415,"stop":1687035806069,"uuid":"c8a93db5-0378-4ff1-af13-6f87bed62876","historyId":"ed8ed766b6c5e2adef7d052e6454c043","fullName":"regression.regression3.test02_printstickersfromcardexAt00night","labels":[{"name":"package","value":"regression.regression3"},{"name":"testClass","value":"regression.regression3"},{"name":"testMethod","value":"test02_printstickersfromcardexAt00night"},{"name":"parentSuite","value":"regression_3"},{"name":"suite","value":"emergency_addGeneralInsNotSaveAt5"},{"name":"subSuite","value":"regression.regression3"},{"name":"host","value":"COMPU_EFRAT"},{"name":"thread","value":"10856@COMPU_EFRAT.main(1)"},{"name":"framework","value":"testng"},{"name":"language","value":"java"}],"links":[]}