{"name":"test addition open surgical wound","status":"broken","statusDetails":{"known":false,"muted":false,"flaky":false,"message":"invalid selector\nfrom javascript error: {\"status\":32,\"value\":\"Unable to locate an element with the xpath expression //button[@id='provisionAmount']/following-sibling::div//button] because of the following error:\\nSyntaxError: Failed to execute 'evaluate' on 'Document': The string '//button[@id='provisionAmount']/following-sibling::div//button]' is not a valid XPath expression.\"}\n  (Session info: chrome=129.0.6668.59)\nFor documentation on this error, please visit: https://www.selenium.dev/documentation/webdriver/troubleshooting/errors#invalid-selector-exception\nBuild info: version: '4.12.1', revision: '8e34639b11'\nSystem info: os.name: 'Windows 10', os.arch: 'amd64', os.version: '10.0', java.version: '19.0.2'\nDriver info: org.openqa.selenium.chrome.ChromeDriver\nCommand: [42d21f585927d390df9e0717a4ea2339, findElements {using=xpath, value=//button[@id='provisionAmount']/following-sibling::div//button]}]\nCapabilities {acceptInsecureCerts: false, browserName: chrome, browserVersion: 129.0.6668.59, chrome: {chromedriverVersion: 129.0.6668.89 (951c0b97221f..., userDataDir: C:\\WINDOWS\\SystemTemp\\scope...}, fedcm:accounts: true, goog:chromeOptions: {debuggerAddress: localhost:59776}, networkConnectionEnabled: false, pageLoadStrategy: normal, platformName: windows, proxy: Proxy(), se:cdp: ws://localhost:59776/devtoo..., se:cdpVersion: 129.0.6668.59, setWindowRect: true, strictFileInteractability: false, timeouts: {implicit: 0, pageLoad: 300000, script: 30000}, unhandledPromptBehavior: dismiss and notify, webauthn:extension:credBlob: true, webauthn:extension:largeBlob: true, webauthn:extension:minPinLength: true, webauthn:extension:prf: true, webauthn:virtualAuthenticators: true}\nSession ID: 42d21f585927d390df9e0717a4ea2339","trace":"org.openqa.selenium.InvalidSelectorException: invalid selector\nfrom javascript error: {\"status\":32,\"value\":\"Unable to locate an element with the xpath expression //button[@id='provisionAmount']/following-sibling::div//button] because of the following error:\\nSyntaxError: Failed to execute 'evaluate' on 'Document': The string '//button[@id='provisionAmount']/following-sibling::div//button]' is not a valid XPath expression.\"}\n  (Session info: chrome=129.0.6668.59)\nFor documentation on this error, please visit: https://www.selenium.dev/documentation/webdriver/troubleshooting/errors#invalid-selector-exception\nBuild info: version: '4.12.1', revision: '8e34639b11'\nSystem info: os.name: 'Windows 10', os.arch: 'amd64', os.version: '10.0', java.version: '19.0.2'\nDriver info: org.openqa.selenium.chrome.ChromeDriver\nCommand: [42d21f585927d390df9e0717a4ea2339, findElements {using=xpath, value=//button[@id='provisionAmount']/following-sibling::div//button]}]\nCapabilities {acceptInsecureCerts: false, browserName: chrome, browserVersion: 129.0.6668.59, chrome: {chromedriverVersion: 129.0.6668.89 (951c0b97221f..., userDataDir: C:\\WINDOWS\\SystemTemp\\scope...}, fedcm:accounts: true, goog:chromeOptions: {debuggerAddress: localhost:59776}, networkConnectionEnabled: false, pageLoadStrategy: normal, platformName: windows, proxy: Proxy(), se:cdp: ws://localhost:59776/devtoo..., se:cdpVersion: 129.0.6668.59, setWindowRect: true, strictFileInteractability: false, timeouts: {implicit: 0, pageLoad: 300000, script: 30000}, unhandledPromptBehavior: dismiss and notify, webauthn:extension:credBlob: true, webauthn:extension:largeBlob: true, webauthn:extension:minPinLength: true, webauthn:extension:prf: true, webauthn:virtualAuthenticators: true}\nSession ID: 42d21f585927d390df9e0717a4ea2339\r\n\tat java.base/jdk.internal.reflect.DirectConstructorHandleAccessor.newInstance(DirectConstructorHandleAccessor.java:67)\r\n\tat java.base/java.lang.reflect.Constructor.newInstanceWithCaller(Constructor.java:500)\r\n\tat java.base/java.lang.reflect.Constructor.newInstance(Constructor.java:484)\r\n\tat org.openqa.selenium.remote.codec.w3c.W3CHttpResponseCodec.createException(W3CHttpResponseCodec.java:200)\r\n\tat org.openqa.selenium.remote.codec.w3c.W3CHttpResponseCodec.decode(W3CHttpResponseCodec.java:133)\r\n\tat org.openqa.selenium.remote.codec.w3c.W3CHttpResponseCodec.decode(W3CHttpResponseCodec.java:52)\r\n\tat org.openqa.selenium.remote.HttpCommandExecutor.execute(HttpCommandExecutor.java:191)\r\n\tat org.openqa.selenium.remote.service.DriverCommandExecutor.invokeExecute(DriverCommandExecutor.java:196)\r\n\tat org.openqa.selenium.remote.service.DriverCommandExecutor.execute(DriverCommandExecutor.java:171)\r\n\tat org.openqa.selenium.remote.RemoteWebDriver.execute(RemoteWebDriver.java:602)\r\n\tat org.openqa.selenium.remote.ElementLocation$ElementFinder$2.findElements(ElementLocation.java:182)\r\n\tat org.openqa.selenium.remote.ElementLocation.findElements(ElementLocation.java:103)\r\n\tat org.openqa.selenium.remote.RemoteWebDriver.findElements(RemoteWebDriver.java:372)\r\n\tat org.openqa.selenium.remote.RemoteWebDriver.findElements(RemoteWebDriver.java:366)\r\n\tat org.openqa.selenium.support.pagefactory.DefaultElementLocator.findElements(DefaultElementLocator.java:83)\r\n\tat org.openqa.selenium.support.pagefactory.internal.LocatingElementListHandler.invoke(LocatingElementListHandler.java:36)\r\n\tat jdk.proxy2/jdk.proxy2.$Proxy19.get(Unknown Source)\r\n\tat workflows.nurse.wouds.surgicalWoundFlows.closedOrOpenAndLocation(surgicalWoundFlows.java:33)\r\n\tat workflows.nurse.wouds.woundFlows.addNewWound(woundFlows.java:23)\r\n\tat RegressionTest.nursing.woundsRegression.test01_addToPatientClosedSurgicalWound(woundsRegression.java:72)\r\n\tat java.base/jdk.internal.reflect.DirectMethodHandleAccessor.invoke(DirectMethodHandleAccessor.java:104)\r\n\tat java.base/java.lang.reflect.Method.invoke(Method.java:578)\r\n\tat org.testng.internal.MethodInvocationHelper.invokeMethod(MethodInvocationHelper.java:133)\r\n\tat org.testng.internal.TestInvoker.invokeMethod(TestInvoker.java:598)\r\n\tat org.testng.internal.TestInvoker.invokeTestMethod(TestInvoker.java:173)\r\n\tat org.testng.internal.MethodRunner.runInSequence(MethodRunner.java:46)\r\n\tat org.testng.internal.TestInvoker$MethodInvocationAgent.invoke(TestInvoker.java:824)\r\n\tat org.testng.internal.TestInvoker.invokeTestMethods(TestInvoker.java:146)\r\n\tat org.testng.internal.TestMethodWorker.invokeTestMethods(TestMethodWorker.java:146)\r\n\tat org.testng.internal.TestMethodWorker.run(TestMethodWorker.java:128)\r\n\tat java.base/java.util.ArrayList.forEach(ArrayList.java:1511)\r\n\tat org.testng.TestRunner.privateRun(TestRunner.java:794)\r\n\tat org.testng.TestRunner.run(TestRunner.java:596)\r\n\tat org.testng.SuiteRunner.runTest(SuiteRunner.java:377)\r\n\tat org.testng.SuiteRunner.runSequentially(SuiteRunner.java:371)\r\n\tat org.testng.SuiteRunner.privateRun(SuiteRunner.java:332)\r\n\tat org.testng.SuiteRunner.run(SuiteRunner.java:276)\r\n\tat org.testng.SuiteRunnerWorker.runSuite(SuiteRunnerWorker.java:53)\r\n\tat org.testng.SuiteRunnerWorker.run(SuiteRunnerWorker.java:96)\r\n\tat org.testng.TestNG.runSuitesSequentially(TestNG.java:1212)\r\n\tat org.testng.TestNG.runSuitesLocally(TestNG.java:1134)\r\n\tat org.testng.TestNG.runSuites(TestNG.java:1063)\r\n\tat org.testng.TestNG.run(TestNG.java:1031)\r\n\tat com.intellij.rt.testng.IDEARemoteTestNG.run(IDEARemoteTestNG.java:66)\r\n\tat com.intellij.rt.testng.RemoteTestNGStarter.main(RemoteTestNGStarter.java:105)\r\n"},"stage":"finished","description":"add to patient surgical wound","steps":[{"name":" Login With Choose Role","status":"passed","stage":"finished","steps":[{"name":"Update Text Element","status":"passed","stage":"finished","steps":[],"attachments":[],"parameters":[{"name":"elem","value":"[[ChromeDriver: chrome on windows (42d21f585927d390df9e0717a4ea2339)] -> id: user_name]"},{"name":"text","value":"test"}],"start":1728221332436,"stop":1728221332556},{"name":"Update Text Element","status":"passed","stage":"finished","steps":[],"attachments":[],"parameters":[{"name":"elem","value":"[[ChromeDriver: chrome on windows (42d21f585927d390df9e0717a4ea2339)] -> id: password]"},{"name":"text","value":"Te231121"}],"start":1728221332569,"stop":1728221332665},{"name":"Click on Element","status":"passed","stage":"finished","steps":[],"attachments":[],"parameters":[{"name":"elem","value":"[[ChromeDriver: chrome on windows (42d21f585927d390df9e0717a4ea2339)] -> id: submitBtn]"}],"start":1728221332677,"stop":1728221332749},{"name":"Select text from List","status":"passed","stage":"finished","steps":[{"name":"Click on Element","status":"passed","stage":"finished","steps":[],"attachments":[],"parameters":[{"name":"elem","value":"[[ChromeDriver: chrome on windows (42d21f585927d390df9e0717a4ea2339)] -> tag name: li]"}],"start":1728221333039,"stop":1728221333094}],"attachments":[],"parameters":[{"name":"list","value":"[[[ChromeDriver: chrome on windows (42d21f585927d390df9e0717a4ea2339)] -> tag name: li], [[ChromeDriver: chrome on windows (42d21f585927d390df9e0717a4ea2339)] -> tag name: li], [[ChromeDriver: chrome on windows (42d21f585927d390df9e0717a4ea2339)] -> tag name: li], [[ChromeDriver: chrome on windows (42d21f585927d390df9e0717a4ea2339)] -> tag name: li], [[ChromeDriver: chrome on windows (42d21f585927d390df9e0717a4ea2339)] -> tag name: li], [[ChromeDriver: chrome on windows (42d21f585927d390df9e0717a4ea2339)] -> tag name: li], [[ChromeDriver: chrome on windows (42d21f585927d390df9e0717a4ea2339)] -> tag name: li], [[ChromeDriver: chrome on windows (42d21f585927d390df9e0717a4ea2339)] -> tag name: li], [[ChromeDriver: chrome on windows (42d21f585927d390df9e0717a4ea2339)] -> tag name: li]]"},{"name":"text","value":"אחות"}],"start":1728221332999,"stop":1728221333094}],"attachments":[],"parameters":[{"name":"r","value":"n"}],"start":1728221332404,"stop":1728221337103},{"name":" patientBoxEntry","status":"passed","stage":"finished","steps":[{"name":"Click on Element","status":"passed","stage":"finished","steps":[],"attachments":[],"parameters":[{"name":"elem","value":"[[ChromeDriver: chrome on windows (42d21f585927d390df9e0717a4ea2339)] -> xpath: //p-table[contains(@class,'depMeushpazim-table patients-table')]//tr]"}],"start":1728221337121,"stop":1728221337172},{"name":"Verify Text in Element","status":"passed","stage":"finished","steps":[],"attachments":[],"parameters":[{"name":"elem","value":"[[ChromeDriver: chrome on windows (42d21f585927d390df9e0717a4ea2339)] -> xpath: //span[@class='value-label']]"},{"name":"expected","value":"מס' שרות:"}],"start":1728221338341,"stop":1728221338375}],"attachments":[],"parameters":[{"name":"index","value":"4"}],"start":1728221337103,"stop":1728221342382},{"name":"check if the element exist ","status":"passed","stage":"finished","steps":[],"attachments":[],"parameters":[{"name":"elem","value":"Proxy element for: DefaultElementLocator 'By.xpath: //i[contains(@class ,'icon ion-ios-arrow-back toggle-bt-off')]'"}],"start":1728221350433,"stop":1728221358450},{"name":"goToCategory","status":"passed","stage":"finished","steps":[],"attachments":[],"parameters":[{"name":"categoryName","value":"nursing"}],"start":1728221358455,"stop":1728221362512},{"name":"goToSubCategory","status":"passed","stage":"finished","steps":[],"attachments":[],"parameters":[{"name":"subCategoryName","value":"wounds"}],"start":1728221362513,"stop":1728221364621},{"name":"add new wound bedsore","status":"broken","statusDetails":{"known":false,"muted":false,"flaky":false,"message":"invalid selector\nfrom javascript error: {\"status\":32,\"value\":\"Unable to locate an element with the xpath expression //button[@id='provisionAmount']/following-sibling::div//button] because of the following error:\\nSyntaxError: Failed to execute 'evaluate' on 'Document': The string '//button[@id='provisionAmount']/following-sibling::div//button]' is not a valid XPath expression.\"}\n  (Session info: chrome=129.0.6668.59)\nFor documentation on this error, please visit: https://www.selenium.dev/documentation/webdriver/troubleshooting/errors#invalid-selector-exception\nBuild info: version: '4.12.1', revision: '8e34639b11'\nSystem info: os.name: 'Windows 10', os.arch: 'amd64', os.version: '10.0', java.version: '19.0.2'\nDriver info: org.openqa.selenium.chrome.ChromeDriver\nCommand: [42d21f585927d390df9e0717a4ea2339, findElements {using=xpath, value=//button[@id='provisionAmount']/following-sibling::div//button]}]\nCapabilities {acceptInsecureCerts: false, browserName: chrome, browserVersion: 129.0.6668.59, chrome: {chromedriverVersion: 129.0.6668.89 (951c0b97221f..., userDataDir: C:\\WINDOWS\\SystemTemp\\scope...}, fedcm:accounts: true, goog:chromeOptions: {debuggerAddress: localhost:59776}, networkConnectionEnabled: false, pageLoadStrategy: normal, platformName: windows, proxy: Proxy(), se:cdp: ws://localhost:59776/devtoo..., se:cdpVersion: 129.0.6668.59, setWindowRect: true, strictFileInteractability: false, timeouts: {implicit: 0, pageLoad: 300000, script: 30000}, unhandledPromptBehavior: dismiss and notify, webauthn:extension:credBlob: true, webauthn:extension:largeBlob: true, webauthn:extension:minPinLength: true, webauthn:extension:prf: true, webauthn:virtualAuthenticators: true}\nSession ID: 42d21f585927d390df9e0717a4ea2339","trace":"org.openqa.selenium.InvalidSelectorException: invalid selector\nfrom javascript error: {\"status\":32,\"value\":\"Unable to locate an element with the xpath expression //button[@id='provisionAmount']/following-sibling::div//button] because of the following error:\\nSyntaxError: Failed to execute 'evaluate' on 'Document': The string '//button[@id='provisionAmount']/following-sibling::div//button]' is not a valid XPath expression.\"}\n  (Session info: chrome=129.0.6668.59)\nFor documentation on this error, please visit: https://www.selenium.dev/documentation/webdriver/troubleshooting/errors#invalid-selector-exception\nBuild info: version: '4.12.1', revision: '8e34639b11'\nSystem info: os.name: 'Windows 10', os.arch: 'amd64', os.version: '10.0', java.version: '19.0.2'\nDriver info: org.openqa.selenium.chrome.ChromeDriver\nCommand: [42d21f585927d390df9e0717a4ea2339, findElements {using=xpath, value=//button[@id='provisionAmount']/following-sibling::div//button]}]\nCapabilities {acceptInsecureCerts: false, browserName: chrome, browserVersion: 129.0.6668.59, chrome: {chromedriverVersion: 129.0.6668.89 (951c0b97221f..., userDataDir: C:\\WINDOWS\\SystemTemp\\scope...}, fedcm:accounts: true, goog:chromeOptions: {debuggerAddress: localhost:59776}, networkConnectionEnabled: false, pageLoadStrategy: normal, platformName: windows, proxy: Proxy(), se:cdp: ws://localhost:59776/devtoo..., se:cdpVersion: 129.0.6668.59, setWindowRect: true, strictFileInteractability: false, timeouts: {implicit: 0, pageLoad: 300000, script: 30000}, unhandledPromptBehavior: dismiss and notify, webauthn:extension:credBlob: true, webauthn:extension:largeBlob: true, webauthn:extension:minPinLength: true, webauthn:extension:prf: true, webauthn:virtualAuthenticators: true}\nSession ID: 42d21f585927d390df9e0717a4ea2339\r\n\tat java.base/jdk.internal.reflect.DirectConstructorHandleAccessor.newInstance(DirectConstructorHandleAccessor.java:67)\r\n\tat java.base/java.lang.reflect.Constructor.newInstanceWithCaller(Constructor.java:500)\r\n\tat java.base/java.lang.reflect.Constructor.newInstance(Constructor.java:484)\r\n\tat org.openqa.selenium.remote.codec.w3c.W3CHttpResponseCodec.createException(W3CHttpResponseCodec.java:200)\r\n\tat org.openqa.selenium.remote.codec.w3c.W3CHttpResponseCodec.decode(W3CHttpResponseCodec.java:133)\r\n\tat org.openqa.selenium.remote.codec.w3c.W3CHttpResponseCodec.decode(W3CHttpResponseCodec.java:52)\r\n\tat org.openqa.selenium.remote.HttpCommandExecutor.execute(HttpCommandExecutor.java:191)\r\n\tat org.openqa.selenium.remote.service.DriverCommandExecutor.invokeExecute(DriverCommandExecutor.java:196)\r\n\tat org.openqa.selenium.remote.service.DriverCommandExecutor.execute(DriverCommandExecutor.java:171)\r\n\tat org.openqa.selenium.remote.RemoteWebDriver.execute(RemoteWebDriver.java:602)\r\n\tat org.openqa.selenium.remote.ElementLocation$ElementFinder$2.findElements(ElementLocation.java:182)\r\n\tat org.openqa.selenium.remote.ElementLocation.findElements(ElementLocation.java:103)\r\n\tat org.openqa.selenium.remote.RemoteWebDriver.findElements(RemoteWebDriver.java:372)\r\n\tat org.openqa.selenium.remote.RemoteWebDriver.findElements(RemoteWebDriver.java:366)\r\n\tat org.openqa.selenium.support.pagefactory.DefaultElementLocator.findElements(DefaultElementLocator.java:83)\r\n\tat org.openqa.selenium.support.pagefactory.internal.LocatingElementListHandler.invoke(LocatingElementListHandler.java:36)\r\n\tat jdk.proxy2/jdk.proxy2.$Proxy19.get(Unknown Source)\r\n\tat workflows.nurse.wouds.surgicalWoundFlows.closedOrOpenAndLocation(surgicalWoundFlows.java:33)\r\n\tat workflows.nurse.wouds.woundFlows.addNewWound(woundFlows.java:23)\r\n\tat RegressionTest.nursing.woundsRegression.test01_addToPatientClosedSurgicalWound(woundsRegression.java:72)\r\n\tat java.base/jdk.internal.reflect.DirectMethodHandleAccessor.invoke(DirectMethodHandleAccessor.java:104)\r\n\tat java.base/java.lang.reflect.Method.invoke(Method.java:578)\r\n\tat org.testng.internal.MethodInvocationHelper.invokeMethod(MethodInvocationHelper.java:133)\r\n\tat org.testng.internal.TestInvoker.invokeMethod(TestInvoker.java:598)\r\n\tat org.testng.internal.TestInvoker.invokeTestMethod(TestInvoker.java:173)\r\n\tat org.testng.internal.MethodRunner.runInSequence(MethodRunner.java:46)\r\n\tat org.testng.internal.TestInvoker$MethodInvocationAgent.invoke(TestInvoker.java:824)\r\n\tat org.testng.internal.TestInvoker.invokeTestMethods(TestInvoker.java:146)\r\n\tat org.testng.internal.TestMethodWorker.invokeTestMethods(TestMethodWorker.java:146)\r\n\tat org.testng.internal.TestMethodWorker.run(TestMethodWorker.java:128)\r\n\tat java.base/java.util.ArrayList.forEach(ArrayList.java:1511)\r\n\tat org.testng.TestRunner.privateRun(TestRunner.java:794)\r\n\tat org.testng.TestRunner.run(TestRunner.java:596)\r\n\tat org.testng.SuiteRunner.runTest(SuiteRunner.java:377)\r\n\tat org.testng.SuiteRunner.runSequentially(SuiteRunner.java:371)\r\n\tat org.testng.SuiteRunner.privateRun(SuiteRunner.java:332)\r\n\tat org.testng.SuiteRunner.run(SuiteRunner.java:276)\r\n\tat org.testng.SuiteRunnerWorker.runSuite(SuiteRunnerWorker.java:53)\r\n\tat org.testng.SuiteRunnerWorker.run(SuiteRunnerWorker.java:96)\r\n\tat org.testng.TestNG.runSuitesSequentially(TestNG.java:1212)\r\n\tat org.testng.TestNG.runSuitesLocally(TestNG.java:1134)\r\n\tat org.testng.TestNG.runSuites(TestNG.java:1063)\r\n\tat org.testng.TestNG.run(TestNG.java:1031)\r\n\tat com.intellij.rt.testng.IDEARemoteTestNG.run(IDEARemoteTestNG.java:66)\r\n\tat com.intellij.rt.testng.RemoteTestNGStarter.main(RemoteTestNGStarter.java:105)\r\n"},"stage":"finished","steps":[{"name":"Click on Element","status":"passed","stage":"finished","steps":[],"attachments":[],"parameters":[{"name":"elem","value":"[[ChromeDriver: chrome on windows (42d21f585927d390df9e0717a4ea2339)] -> id: btnAddMedicine]"}],"start":1728221364636,"stop":1728221364761},{"name":"Click on Element","status":"passed","stage":"finished","steps":[],"attachments":[],"parameters":[{"name":"elem","value":"[[ChromeDriver: chrome on windows (42d21f585927d390df9e0717a4ea2339)] -> id: dropdownBasic1]"}],"start":1728221365288,"stop":1728221365363},{"name":"Select text from List","status":"passed","stage":"finished","steps":[{"name":"Click on Element","status":"passed","stage":"finished","steps":[],"attachments":[],"parameters":[{"name":"elem","value":"[[ChromeDriver: chrome on windows (42d21f585927d390df9e0717a4ea2339)] -> xpath: //div[@class='kind-options dropdown-menu show']/button]"}],"start":1728221365394,"stop":1728221365451}],"attachments":[],"parameters":[{"name":"list","value":"[[[ChromeDriver: chrome on windows (42d21f585927d390df9e0717a4ea2339)] -> xpath: //div[@class='kind-options dropdown-menu show']/button], [[ChromeDriver: chrome on windows (42d21f585927d390df9e0717a4ea2339)] -> xpath: //div[@class='kind-options dropdown-menu show']/button], [[ChromeDriver: chrome on windows (42d21f585927d390df9e0717a4ea2339)] -> xpath: //div[@class='kind-options dropdown-menu show']/button], [[ChromeDriver: chrome on windows (42d21f585927d390df9e0717a4ea2339)] -> xpath: //div[@class='kind-options dropdown-menu show']/button], [[ChromeDriver: chrome on windows (42d21f585927d390df9e0717a4ea2339)] -> xpath: //div[@class='kind-options dropdown-menu show']/button], [[ChromeDriver: chrome on windows (42d21f585927d390df9e0717a4ea2339)] -> xpath: //div[@class='kind-options dropdown-menu show']/button], [[ChromeDriver: chrome on windows (42d21f585927d390df9e0717a4ea2339)] -> xpath: //div[@class='kind-options dropdown-menu show']/button], [[ChromeDriver: chrome on windows (42d21f585927d390df9e0717a4ea2339)] -> xpath: //div[@class='kind-options dropdown-menu show']/button], [[ChromeDriver: chrome on windows (42d21f585927d390df9e0717a4ea2339)] -> xpath: //div[@class='kind-options dropdown-menu show']/button], [[ChromeDriver: chrome on windows (42d21f585927d390df9e0717a4ea2339)] -> xpath: //div[@class='kind-options dropdown-menu show']/button], [[ChromeDriver: chrome on windows (42d21f585927d390df9e0717a4ea2339)] -> xpath: //div[@class='kind-options dropdown-menu show']/button], [[ChromeDriver: chrome on windows (42d21f585927d390df9e0717a4ea2339)] -> xpath: //div[@class='kind-options dropdown-menu show']/button], [[ChromeDriver: chrome on windows (42d21f585927d390df9e0717a4ea2339)] -> xpath: //div[@class='kind-options dropdown-menu show']/button], [[ChromeDriver: chrome on windows (42d21f585927d390df9e0717a4ea2339)] -> xpath: //div[@class='kind-options dropdown-menu show']/button], [[ChromeDriver: chrome on windows (42d21f585927d390df9e0717a4ea2339)] -> xpath: //div[@class='kind-options dropdown-menu show']/button], [[ChromeDriver: chrome on windows (42d21f585927d390df9e0717a4ea2339)] -> xpath: //div[@class='kind-options dropdown-menu show']/button], [[ChromeDriver: chrome on windows (42d21f585927d390df9e0717a4ea2339)] -> xpath: //div[@class='kind-options dropdown-menu show']/button], [[ChromeDriver: chrome on windows (42d21f585927d390df9e0717a4ea2339)] -> xpath: //div[@class='kind-options dropdown-menu show']/button], [[ChromeDriver: chrome on windows (42d21f585927d390df9e0717a4ea2339)] -> xpath: //div[@class='kind-options dropdown-menu show']/button], [[ChromeDriver: chrome on windows (42d21f585927d390df9e0717a4ea2339)] -> xpath: //div[@class='kind-options dropdown-menu show']/button], [[ChromeDriver: chrome on windows (42d21f585927d390df9e0717a4ea2339)] -> xpath: //div[@class='kind-options dropdown-menu show']/button], [[ChromeDriver: chrome on windows (42d21f585927d390df9e0717a4ea2339)] -> xpath: //div[@class='kind-options dropdown-menu show']/button]]"},{"name":"text","value":"פצע ניתוחי"}],"start":1728221365378,"stop":1728221365451},{"name":"close or open ","status":"broken","statusDetails":{"known":false,"muted":false,"flaky":false,"message":"invalid selector\nfrom javascript error: {\"status\":32,\"value\":\"Unable to locate an element with the xpath expression //button[@id='provisionAmount']/following-sibling::div//button] because of the following error:\\nSyntaxError: Failed to execute 'evaluate' on 'Document': The string '//button[@id='provisionAmount']/following-sibling::div//button]' is not a valid XPath expression.\"}\n  (Session info: chrome=129.0.6668.59)\nFor documentation on this error, please visit: https://www.selenium.dev/documentation/webdriver/troubleshooting/errors#invalid-selector-exception\nBuild info: version: '4.12.1', revision: '8e34639b11'\nSystem info: os.name: 'Windows 10', os.arch: 'amd64', os.version: '10.0', java.version: '19.0.2'\nDriver info: org.openqa.selenium.chrome.ChromeDriver\nCommand: [42d21f585927d390df9e0717a4ea2339, findElements {using=xpath, value=//button[@id='provisionAmount']/following-sibling::div//button]}]\nCapabilities {acceptInsecureCerts: false, browserName: chrome, browserVersion: 129.0.6668.59, chrome: {chromedriverVersion: 129.0.6668.89 (951c0b97221f..., userDataDir: C:\\WINDOWS\\SystemTemp\\scope...}, fedcm:accounts: true, goog:chromeOptions: {debuggerAddress: localhost:59776}, networkConnectionEnabled: false, pageLoadStrategy: normal, platformName: windows, proxy: Proxy(), se:cdp: ws://localhost:59776/devtoo..., se:cdpVersion: 129.0.6668.59, setWindowRect: true, strictFileInteractability: false, timeouts: {implicit: 0, pageLoad: 300000, script: 30000}, unhandledPromptBehavior: dismiss and notify, webauthn:extension:credBlob: true, webauthn:extension:largeBlob: true, webauthn:extension:minPinLength: true, webauthn:extension:prf: true, webauthn:virtualAuthenticators: true}\nSession ID: 42d21f585927d390df9e0717a4ea2339","trace":"org.openqa.selenium.InvalidSelectorException: invalid selector\nfrom javascript error: {\"status\":32,\"value\":\"Unable to locate an element with the xpath expression //button[@id='provisionAmount']/following-sibling::div//button] because of the following error:\\nSyntaxError: Failed to execute 'evaluate' on 'Document': The string '//button[@id='provisionAmount']/following-sibling::div//button]' is not a valid XPath expression.\"}\n  (Session info: chrome=129.0.6668.59)\nFor documentation on this error, please visit: https://www.selenium.dev/documentation/webdriver/troubleshooting/errors#invalid-selector-exception\nBuild info: version: '4.12.1', revision: '8e34639b11'\nSystem info: os.name: 'Windows 10', os.arch: 'amd64', os.version: '10.0', java.version: '19.0.2'\nDriver info: org.openqa.selenium.chrome.ChromeDriver\nCommand: [42d21f585927d390df9e0717a4ea2339, findElements {using=xpath, value=//button[@id='provisionAmount']/following-sibling::div//button]}]\nCapabilities {acceptInsecureCerts: false, browserName: chrome, browserVersion: 129.0.6668.59, chrome: {chromedriverVersion: 129.0.6668.89 (951c0b97221f..., userDataDir: C:\\WINDOWS\\SystemTemp\\scope...}, fedcm:accounts: true, goog:chromeOptions: {debuggerAddress: localhost:59776}, networkConnectionEnabled: false, pageLoadStrategy: normal, platformName: windows, proxy: Proxy(), se:cdp: ws://localhost:59776/devtoo..., se:cdpVersion: 129.0.6668.59, setWindowRect: true, strictFileInteractability: false, timeouts: {implicit: 0, pageLoad: 300000, script: 30000}, unhandledPromptBehavior: dismiss and notify, webauthn:extension:credBlob: true, webauthn:extension:largeBlob: true, webauthn:extension:minPinLength: true, webauthn:extension:prf: true, webauthn:virtualAuthenticators: true}\nSession ID: 42d21f585927d390df9e0717a4ea2339\r\n\tat java.base/jdk.internal.reflect.DirectConstructorHandleAccessor.newInstance(DirectConstructorHandleAccessor.java:67)\r\n\tat java.base/java.lang.reflect.Constructor.newInstanceWithCaller(Constructor.java:500)\r\n\tat java.base/java.lang.reflect.Constructor.newInstance(Constructor.java:484)\r\n\tat org.openqa.selenium.remote.codec.w3c.W3CHttpResponseCodec.createException(W3CHttpResponseCodec.java:200)\r\n\tat org.openqa.selenium.remote.codec.w3c.W3CHttpResponseCodec.decode(W3CHttpResponseCodec.java:133)\r\n\tat org.openqa.selenium.remote.codec.w3c.W3CHttpResponseCodec.decode(W3CHttpResponseCodec.java:52)\r\n\tat org.openqa.selenium.remote.HttpCommandExecutor.execute(HttpCommandExecutor.java:191)\r\n\tat org.openqa.selenium.remote.service.DriverCommandExecutor.invokeExecute(DriverCommandExecutor.java:196)\r\n\tat org.openqa.selenium.remote.service.DriverCommandExecutor.execute(DriverCommandExecutor.java:171)\r\n\tat org.openqa.selenium.remote.RemoteWebDriver.execute(RemoteWebDriver.java:602)\r\n\tat org.openqa.selenium.remote.ElementLocation$ElementFinder$2.findElements(ElementLocation.java:182)\r\n\tat org.openqa.selenium.remote.ElementLocation.findElements(ElementLocation.java:103)\r\n\tat org.openqa.selenium.remote.RemoteWebDriver.findElements(RemoteWebDriver.java:372)\r\n\tat org.openqa.selenium.remote.RemoteWebDriver.findElements(RemoteWebDriver.java:366)\r\n\tat org.openqa.selenium.support.pagefactory.DefaultElementLocator.findElements(DefaultElementLocator.java:83)\r\n\tat org.openqa.selenium.support.pagefactory.internal.LocatingElementListHandler.invoke(LocatingElementListHandler.java:36)\r\n\tat jdk.proxy2/jdk.proxy2.$Proxy19.get(Unknown Source)\r\n\tat workflows.nurse.wouds.surgicalWoundFlows.closedOrOpenAndLocation(surgicalWoundFlows.java:33)\r\n\tat workflows.nurse.wouds.woundFlows.addNewWound(woundFlows.java:23)\r\n\tat RegressionTest.nursing.woundsRegression.test01_addToPatientClosedSurgicalWound(woundsRegression.java:72)\r\n\tat java.base/jdk.internal.reflect.DirectMethodHandleAccessor.invoke(DirectMethodHandleAccessor.java:104)\r\n\tat java.base/java.lang.reflect.Method.invoke(Method.java:578)\r\n\tat org.testng.internal.MethodInvocationHelper.invokeMethod(MethodInvocationHelper.java:133)\r\n\tat org.testng.internal.TestInvoker.invokeMethod(TestInvoker.java:598)\r\n\tat org.testng.internal.TestInvoker.invokeTestMethod(TestInvoker.java:173)\r\n\tat org.testng.internal.MethodRunner.runInSequence(MethodRunner.java:46)\r\n\tat org.testng.internal.TestInvoker$MethodInvocationAgent.invoke(TestInvoker.java:824)\r\n\tat org.testng.internal.TestInvoker.invokeTestMethods(TestInvoker.java:146)\r\n\tat org.testng.internal.TestMethodWorker.invokeTestMethods(TestMethodWorker.java:146)\r\n\tat org.testng.internal.TestMethodWorker.run(TestMethodWorker.java:128)\r\n\tat java.base/java.util.ArrayList.forEach(ArrayList.java:1511)\r\n\tat org.testng.TestRunner.privateRun(TestRunner.java:794)\r\n\tat org.testng.TestRunner.run(TestRunner.java:596)\r\n\tat org.testng.SuiteRunner.runTest(SuiteRunner.java:377)\r\n\tat org.testng.SuiteRunner.runSequentially(SuiteRunner.java:371)\r\n\tat org.testng.SuiteRunner.privateRun(SuiteRunner.java:332)\r\n\tat org.testng.SuiteRunner.run(SuiteRunner.java:276)\r\n\tat org.testng.SuiteRunnerWorker.runSuite(SuiteRunnerWorker.java:53)\r\n\tat org.testng.SuiteRunnerWorker.run(SuiteRunnerWorker.java:96)\r\n\tat org.testng.TestNG.runSuitesSequentially(TestNG.java:1212)\r\n\tat org.testng.TestNG.runSuitesLocally(TestNG.java:1134)\r\n\tat org.testng.TestNG.runSuites(TestNG.java:1063)\r\n\tat org.testng.TestNG.run(TestNG.java:1031)\r\n\tat com.intellij.rt.testng.IDEARemoteTestNG.run(IDEARemoteTestNG.java:66)\r\n\tat com.intellij.rt.testng.RemoteTestNGStarter.main(RemoteTestNGStarter.java:105)\r\n"},"stage":"finished","steps":[{"name":"Click on Element","status":"passed","stage":"finished","steps":[],"attachments":[],"parameters":[{"name":"elem","value":"[[ChromeDriver: chrome on windows (42d21f585927d390df9e0717a4ea2339)] -> id: situation-0]"}],"start":1728221365466,"stop":1728221365549},{"name":"Click on Element","status":"passed","stage":"finished","steps":[],"attachments":[],"parameters":[{"name":"elem","value":"[[ChromeDriver: chrome on windows (42d21f585927d390df9e0717a4ea2339)] -> id: closeOfEdges]"}],"start":1728221365577,"stop":1728221365642},{"name":"Click on Element","status":"passed","stage":"finished","steps":[],"attachments":[],"parameters":[{"name":"elem","value":"[[ChromeDriver: chrome on windows (42d21f585927d390df9e0717a4ea2339)] -> xpath: //button[@id='closeOfEdges']/following-sibling::div//button]"}],"start":1728221365655,"stop":1728221365701},{"name":"Click on Element","status":"passed","stage":"finished","steps":[],"attachments":[],"parameters":[{"name":"elem","value":"[[ChromeDriver: chrome on windows (42d21f585927d390df9e0717a4ea2339)] -> id: provisionAmount]"}],"start":1728221365711,"stop":1728221365773}],"attachments":[],"parameters":[{"name":"closedOrOpen","value":"2"}],"start":1728221365454,"stop":1728221365791}],"attachments":[],"parameters":[{"name":"woundDescription","value":"פצע ניתוחי"},{"name":"closeOrOpen","value":"2"},{"name":"degree","value":"0"},{"name":"treatmentInstructionCount","value":"0"}],"start":1728221364624,"stop":1728221365792}],"attachments":[],"parameters":[],"start":1728221332325,"stop":1728221365798,"uuid":"fcd75f56-2ac6-44e7-9585-9f4b16ad6fe5","historyId":"683a2afd86afea41c7fd7ac736884285","fullName":"RegressionTest.nursing.woundsRegression.test01_addToPatientClosedSurgicalWound","labels":[{"name":"package","value":"RegressionTest.nursing.woundsRegression"},{"name":"testClass","value":"RegressionTest.nursing.woundsRegression"},{"name":"testMethod","value":"test01_addToPatientClosedSurgicalWound"},{"name":"parentSuite","value":"Default Suite"},{"name":"suite","value":"AutomationProject_emr"},{"name":"subSuite","value":"RegressionTest.nursing.woundsRegression"},{"name":"host","value":"COMPU_EFRAT"},{"name":"thread","value":"18408@COMPU_EFRAT.main(1)"},{"name":"framework","value":"testng"},{"name":"language","value":"java"}],"links":[]}