{
  "uid" : "7869866f6e7f1249",
  "name" : "test add and save nutrition daily",
  "fullName" : "sanity.UnitTest.instructionToPatient.NutritionScenario.test01_addAndSaveNutritionDailyToPatient",
  "historyId" : "424f4b48cf339cecc6fde1718e3c3721",
  "time" : {
    "start" : 1676240191471,
    "stop" : 1676240210692,
    "duration" : 19221
  },
  "description" : "test add and save nutrition daily ",
  "descriptionHtml" : "<p>test add and save nutrition daily</p>\n",
  "status" : "failed",
  "statusMessage" : "expected [true] but found [false]",
  "statusTrace" : "java.lang.AssertionError: expected [true] but found [false]\r\n\tat org.testng.Assert.fail(Assert.java:99)\r\n\tat org.testng.Assert.failNotEquals(Assert.java:1037)\r\n\tat org.testng.Assert.assertTrue(Assert.java:45)\r\n\tat org.testng.Assert.assertTrue(Assert.java:55)\r\n\tat extensions.Verifications.textIsContains(Verifications.java:37)\r\n\tat workflows.doctor.nutritionFlows.addAndSaveNutritionToPatient(nutritionFlows.java:20)\r\n\tat sanity.UnitTest.instructionToPatient.NutritionScenario.test01_addAndSaveNutritionDailyToPatient(NutritionScenario.java:22)\r\n\tat java.base/jdk.internal.reflect.NativeMethodAccessorImpl.invoke0(Native Method)\r\n\tat java.base/jdk.internal.reflect.NativeMethodAccessorImpl.invoke(NativeMethodAccessorImpl.java:77)\r\n\tat java.base/jdk.internal.reflect.DelegatingMethodAccessorImpl.invoke(DelegatingMethodAccessorImpl.java:43)\r\n\tat java.base/java.lang.reflect.Method.invoke(Method.java:568)\r\n\tat org.testng.internal.MethodInvocationHelper.invokeMethod(MethodInvocationHelper.java:133)\r\n\tat org.testng.internal.TestInvoker.invokeMethod(TestInvoker.java:598)\r\n\tat org.testng.internal.TestInvoker.invokeTestMethod(TestInvoker.java:173)\r\n\tat org.testng.internal.MethodRunner.runInSequence(MethodRunner.java:46)\r\n\tat org.testng.internal.TestInvoker$MethodInvocationAgent.invoke(TestInvoker.java:824)\r\n\tat org.testng.internal.TestInvoker.invokeTestMethods(TestInvoker.java:146)\r\n\tat org.testng.internal.TestMethodWorker.invokeTestMethods(TestMethodWorker.java:146)\r\n\tat org.testng.internal.TestMethodWorker.run(TestMethodWorker.java:128)\r\n\tat java.base/java.util.ArrayList.forEach(ArrayList.java:1511)\r\n\tat org.testng.TestRunner.privateRun(TestRunner.java:794)\r\n\tat org.testng.TestRunner.run(TestRunner.java:596)\r\n\tat org.testng.SuiteRunner.runTest(SuiteRunner.java:377)\r\n\tat org.testng.SuiteRunner.runSequentially(SuiteRunner.java:371)\r\n\tat org.testng.SuiteRunner.privateRun(SuiteRunner.java:332)\r\n\tat org.testng.SuiteRunner.run(SuiteRunner.java:276)\r\n\tat org.testng.SuiteRunnerWorker.runSuite(SuiteRunnerWorker.java:53)\r\n\tat org.testng.SuiteRunnerWorker.run(SuiteRunnerWorker.java:96)\r\n\tat org.testng.TestNG.runSuitesSequentially(TestNG.java:1212)\r\n\tat org.testng.TestNG.runSuitesLocally(TestNG.java:1134)\r\n\tat org.testng.TestNG.runSuites(TestNG.java:1063)\r\n\tat org.testng.TestNG.run(TestNG.java:1031)\r\n\tat org.apache.maven.surefire.testng.TestNGExecutor.run(TestNGExecutor.java:283)\r\n\tat org.apache.maven.surefire.testng.TestNGXmlTestSuite.execute(TestNGXmlTestSuite.java:75)\r\n\tat org.apache.maven.surefire.testng.TestNGProvider.invoke(TestNGProvider.java:120)\r\n\tat org.apache.maven.surefire.booter.ForkedBooter.invokeProviderInSameClassLoader(ForkedBooter.java:384)\r\n\tat org.apache.maven.surefire.booter.ForkedBooter.runSuitesInProcess(ForkedBooter.java:345)\r\n\tat org.apache.maven.surefire.booter.ForkedBooter.execute(ForkedBooter.java:126)\r\n\tat org.apache.maven.surefire.booter.ForkedBooter.main(ForkedBooter.java:418)\r\n",
  "flaky" : false,
  "newFailed" : false,
  "beforeStages" : [ {
    "name" : "startSession",
    "time" : {
      "start" : 1676240185700,
      "stop" : 1676240191468,
      "duration" : 5768
    },
    "description" : "",
    "status" : "passed",
    "steps" : [ ],
    "attachments" : [ ],
    "parameters" : [ ],
    "stepsCount" : 0,
    "hasContent" : false,
    "attachmentsCount" : 0,
    "shouldDisplayMessage" : false
  }, {
    "name" : "BeforeSuite",
    "time" : {
      "start" : 1676239813494,
      "stop" : 1676239813997,
      "duration" : 503
    },
    "description" : "",
    "status" : "passed",
    "steps" : [ ],
    "attachments" : [ ],
    "parameters" : [ ],
    "stepsCount" : 0,
    "hasContent" : false,
    "attachmentsCount" : 0,
    "shouldDisplayMessage" : false
  } ],
  "testStage" : {
    "description" : "test add and save nutrition daily ",
    "status" : "failed",
    "statusMessage" : "expected [true] but found [false]",
    "statusTrace" : "java.lang.AssertionError: expected [true] but found [false]\r\n\tat org.testng.Assert.fail(Assert.java:99)\r\n\tat org.testng.Assert.failNotEquals(Assert.java:1037)\r\n\tat org.testng.Assert.assertTrue(Assert.java:45)\r\n\tat org.testng.Assert.assertTrue(Assert.java:55)\r\n\tat extensions.Verifications.textIsContains(Verifications.java:37)\r\n\tat workflows.doctor.nutritionFlows.addAndSaveNutritionToPatient(nutritionFlows.java:20)\r\n\tat sanity.UnitTest.instructionToPatient.NutritionScenario.test01_addAndSaveNutritionDailyToPatient(NutritionScenario.java:22)\r\n\tat java.base/jdk.internal.reflect.NativeMethodAccessorImpl.invoke0(Native Method)\r\n\tat java.base/jdk.internal.reflect.NativeMethodAccessorImpl.invoke(NativeMethodAccessorImpl.java:77)\r\n\tat java.base/jdk.internal.reflect.DelegatingMethodAccessorImpl.invoke(DelegatingMethodAccessorImpl.java:43)\r\n\tat java.base/java.lang.reflect.Method.invoke(Method.java:568)\r\n\tat org.testng.internal.MethodInvocationHelper.invokeMethod(MethodInvocationHelper.java:133)\r\n\tat org.testng.internal.TestInvoker.invokeMethod(TestInvoker.java:598)\r\n\tat org.testng.internal.TestInvoker.invokeTestMethod(TestInvoker.java:173)\r\n\tat org.testng.internal.MethodRunner.runInSequence(MethodRunner.java:46)\r\n\tat org.testng.internal.TestInvoker$MethodInvocationAgent.invoke(TestInvoker.java:824)\r\n\tat org.testng.internal.TestInvoker.invokeTestMethods(TestInvoker.java:146)\r\n\tat org.testng.internal.TestMethodWorker.invokeTestMethods(TestMethodWorker.java:146)\r\n\tat org.testng.internal.TestMethodWorker.run(TestMethodWorker.java:128)\r\n\tat java.base/java.util.ArrayList.forEach(ArrayList.java:1511)\r\n\tat org.testng.TestRunner.privateRun(TestRunner.java:794)\r\n\tat org.testng.TestRunner.run(TestRunner.java:596)\r\n\tat org.testng.SuiteRunner.runTest(SuiteRunner.java:377)\r\n\tat org.testng.SuiteRunner.runSequentially(SuiteRunner.java:371)\r\n\tat org.testng.SuiteRunner.privateRun(SuiteRunner.java:332)\r\n\tat org.testng.SuiteRunner.run(SuiteRunner.java:276)\r\n\tat org.testng.SuiteRunnerWorker.runSuite(SuiteRunnerWorker.java:53)\r\n\tat org.testng.SuiteRunnerWorker.run(SuiteRunnerWorker.java:96)\r\n\tat org.testng.TestNG.runSuitesSequentially(TestNG.java:1212)\r\n\tat org.testng.TestNG.runSuitesLocally(TestNG.java:1134)\r\n\tat org.testng.TestNG.runSuites(TestNG.java:1063)\r\n\tat org.testng.TestNG.run(TestNG.java:1031)\r\n\tat org.apache.maven.surefire.testng.TestNGExecutor.run(TestNGExecutor.java:283)\r\n\tat org.apache.maven.surefire.testng.TestNGXmlTestSuite.execute(TestNGXmlTestSuite.java:75)\r\n\tat org.apache.maven.surefire.testng.TestNGProvider.invoke(TestNGProvider.java:120)\r\n\tat org.apache.maven.surefire.booter.ForkedBooter.invokeProviderInSameClassLoader(ForkedBooter.java:384)\r\n\tat org.apache.maven.surefire.booter.ForkedBooter.runSuitesInProcess(ForkedBooter.java:345)\r\n\tat org.apache.maven.surefire.booter.ForkedBooter.execute(ForkedBooter.java:126)\r\n\tat org.apache.maven.surefire.booter.ForkedBooter.main(ForkedBooter.java:418)\r\n",
    "steps" : [ {
      "name" : " Login With Choose Role",
      "time" : {
        "start" : 1676240191471,
        "stop" : 1676240192137,
        "duration" : 666
      },
      "status" : "passed",
      "steps" : [ {
        "name" : "Update Text Element",
        "time" : {
          "start" : 1676240191489,
          "stop" : 1676240191592,
          "duration" : 103
        },
        "status" : "passed",
        "steps" : [ ],
        "attachments" : [ ],
        "parameters" : [ {
          "name" : "elem",
          "value" : "[[ChromeDriver: chrome on WINDOWS (d1a469d33e734804ec2bcded948c45d6)] -> id: user_name]"
        }, {
          "name" : "text",
          "value" : "test"
        } ],
        "stepsCount" : 0,
        "hasContent" : true,
        "attachmentsCount" : 0,
        "shouldDisplayMessage" : false
      }, {
        "name" : "Update Text Element",
        "time" : {
          "start" : 1676240191608,
          "stop" : 1676240191683,
          "duration" : 75
        },
        "status" : "passed",
        "steps" : [ ],
        "attachments" : [ ],
        "parameters" : [ {
          "name" : "elem",
          "value" : "[[ChromeDriver: chrome on WINDOWS (d1a469d33e734804ec2bcded948c45d6)] -> id: password]"
        }, {
          "name" : "text",
          "value" : "Te231121"
        } ],
        "stepsCount" : 0,
        "hasContent" : true,
        "attachmentsCount" : 0,
        "shouldDisplayMessage" : false
      }, {
        "name" : "Click on Element",
        "time" : {
          "start" : 1676240191693,
          "stop" : 1676240191752,
          "duration" : 59
        },
        "status" : "passed",
        "steps" : [ ],
        "attachments" : [ ],
        "parameters" : [ {
          "name" : "elem",
          "value" : "[[ChromeDriver: chrome on WINDOWS (d1a469d33e734804ec2bcded948c45d6)] -> id: submitBtn]"
        } ],
        "stepsCount" : 0,
        "hasContent" : true,
        "attachmentsCount" : 0,
        "shouldDisplayMessage" : false
      }, {
        "name" : "Select text from List",
        "time" : {
          "start" : 1676240192075,
          "stop" : 1676240192137,
          "duration" : 62
        },
        "status" : "passed",
        "steps" : [ {
          "name" : "Click on Element",
          "time" : {
            "start" : 1676240192095,
            "stop" : 1676240192137,
            "duration" : 42
          },
          "status" : "passed",
          "steps" : [ ],
          "attachments" : [ ],
          "parameters" : [ {
            "name" : "elem",
            "value" : "[[ChromeDriver: chrome on WINDOWS (d1a469d33e734804ec2bcded948c45d6)] -> tag name: li]"
          } ],
          "stepsCount" : 0,
          "hasContent" : true,
          "attachmentsCount" : 0,
          "shouldDisplayMessage" : false
        } ],
        "attachments" : [ ],
        "parameters" : [ {
          "name" : "list",
          "value" : "[[[ChromeDriver: chrome on WINDOWS (d1a469d33e734804ec2bcded948c45d6)] -> tag name: li], [[ChromeDriver: chrome on WINDOWS (d1a469d33e734804ec2bcded948c45d6)] -> tag name: li], [[ChromeDriver: chrome on WINDOWS (d1a469d33e734804ec2bcded948c45d6)] -> tag name: li], [[ChromeDriver: chrome on WINDOWS (d1a469d33e734804ec2bcded948c45d6)] -> tag name: li], [[ChromeDriver: chrome on WINDOWS (d1a469d33e734804ec2bcded948c45d6)] -> tag name: li], [[ChromeDriver: chrome on WINDOWS (d1a469d33e734804ec2bcded948c45d6)] -> tag name: li], [[ChromeDriver: chrome on WINDOWS (d1a469d33e734804ec2bcded948c45d6)] -> tag name: li], [[ChromeDriver: chrome on WINDOWS (d1a469d33e734804ec2bcded948c45d6)] -> tag name: li], [[ChromeDriver: chrome on WINDOWS (d1a469d33e734804ec2bcded948c45d6)] -> tag name: li]]"
        }, {
          "name" : "text",
          "value" : "רופא"
        } ],
        "stepsCount" : 1,
        "hasContent" : true,
        "attachmentsCount" : 0,
        "shouldDisplayMessage" : false
      } ],
      "attachments" : [ ],
      "parameters" : [ {
        "name" : "r",
        "value" : "d"
      } ],
      "stepsCount" : 5,
      "hasContent" : true,
      "attachmentsCount" : 0,
      "shouldDisplayMessage" : false
    }, {
      "name" : " patientBoxEntry",
      "time" : {
        "start" : 1676240192137,
        "stop" : 1676240196402,
        "duration" : 4265
      },
      "status" : "passed",
      "steps" : [ {
        "name" : "Click on Element",
        "time" : {
          "start" : 1676240194445,
          "stop" : 1676240194576,
          "duration" : 131
        },
        "status" : "passed",
        "steps" : [ ],
        "attachments" : [ ],
        "parameters" : [ {
          "name" : "elem",
          "value" : "[[ChromeDriver: chrome on WINDOWS (d1a469d33e734804ec2bcded948c45d6)] -> xpath: //p-table[contains(@class,'depMeushpazim-table patients-table')]//tr]"
        } ],
        "stepsCount" : 0,
        "hasContent" : true,
        "attachmentsCount" : 0,
        "shouldDisplayMessage" : false
      }, {
        "name" : "Verify Text in Element",
        "time" : {
          "start" : 1676240196382,
          "stop" : 1676240196402,
          "duration" : 20
        },
        "status" : "passed",
        "steps" : [ ],
        "attachments" : [ ],
        "parameters" : [ {
          "name" : "elem",
          "value" : "[[ChromeDriver: chrome on WINDOWS (d1a469d33e734804ec2bcded948c45d6)] -> xpath: //span[@class='value-label']]"
        }, {
          "name" : "expected",
          "value" : "מס' שרות:"
        } ],
        "stepsCount" : 0,
        "hasContent" : true,
        "attachmentsCount" : 0,
        "shouldDisplayMessage" : false
      } ],
      "attachments" : [ ],
      "parameters" : [ {
        "name" : "index",
        "value" : "3"
      } ],
      "stepsCount" : 2,
      "hasContent" : true,
      "attachmentsCount" : 0,
      "shouldDisplayMessage" : false
    }, {
      "name" : "add a1 nutrition to patient",
      "time" : {
        "start" : 1676240196408,
        "stop" : 1676240210495,
        "duration" : 14087
      },
      "status" : "failed",
      "statusMessage" : "expected [true] but found [false]",
      "statusTrace" : "java.lang.AssertionError: expected [true] but found [false]\r\n\tat org.testng.Assert.fail(Assert.java:99)\r\n\tat org.testng.Assert.failNotEquals(Assert.java:1037)\r\n\tat org.testng.Assert.assertTrue(Assert.java:45)\r\n\tat org.testng.Assert.assertTrue(Assert.java:55)\r\n\tat extensions.Verifications.textIsContains(Verifications.java:37)\r\n\tat workflows.doctor.nutritionFlows.addAndSaveNutritionToPatient(nutritionFlows.java:20)\r\n\tat sanity.UnitTest.instructionToPatient.NutritionScenario.test01_addAndSaveNutritionDailyToPatient(NutritionScenario.java:22)\r\n\tat java.base/jdk.internal.reflect.NativeMethodAccessorImpl.invoke0(Native Method)\r\n\tat java.base/jdk.internal.reflect.NativeMethodAccessorImpl.invoke(NativeMethodAccessorImpl.java:77)\r\n\tat java.base/jdk.internal.reflect.DelegatingMethodAccessorImpl.invoke(DelegatingMethodAccessorImpl.java:43)\r\n\tat java.base/java.lang.reflect.Method.invoke(Method.java:568)\r\n\tat org.testng.internal.MethodInvocationHelper.invokeMethod(MethodInvocationHelper.java:133)\r\n\tat org.testng.internal.TestInvoker.invokeMethod(TestInvoker.java:598)\r\n\tat org.testng.internal.TestInvoker.invokeTestMethod(TestInvoker.java:173)\r\n\tat org.testng.internal.MethodRunner.runInSequence(MethodRunner.java:46)\r\n\tat org.testng.internal.TestInvoker$MethodInvocationAgent.invoke(TestInvoker.java:824)\r\n\tat org.testng.internal.TestInvoker.invokeTestMethods(TestInvoker.java:146)\r\n\tat org.testng.internal.TestMethodWorker.invokeTestMethods(TestMethodWorker.java:146)\r\n\tat org.testng.internal.TestMethodWorker.run(TestMethodWorker.java:128)\r\n\tat java.base/java.util.ArrayList.forEach(ArrayList.java:1511)\r\n\tat org.testng.TestRunner.privateRun(TestRunner.java:794)\r\n\tat org.testng.TestRunner.run(TestRunner.java:596)\r\n\tat org.testng.SuiteRunner.runTest(SuiteRunner.java:377)\r\n\tat org.testng.SuiteRunner.runSequentially(SuiteRunner.java:371)\r\n\tat org.testng.SuiteRunner.privateRun(SuiteRunner.java:332)\r\n\tat org.testng.SuiteRunner.run(SuiteRunner.java:276)\r\n\tat org.testng.SuiteRunnerWorker.runSuite(SuiteRunnerWorker.java:53)\r\n\tat org.testng.SuiteRunnerWorker.run(SuiteRunnerWorker.java:96)\r\n\tat org.testng.TestNG.runSuitesSequentially(TestNG.java:1212)\r\n\tat org.testng.TestNG.runSuitesLocally(TestNG.java:1134)\r\n\tat org.testng.TestNG.runSuites(TestNG.java:1063)\r\n\tat org.testng.TestNG.run(TestNG.java:1031)\r\n\tat org.apache.maven.surefire.testng.TestNGExecutor.run(TestNGExecutor.java:283)\r\n\tat org.apache.maven.surefire.testng.TestNGXmlTestSuite.execute(TestNGXmlTestSuite.java:75)\r\n\tat org.apache.maven.surefire.testng.TestNGProvider.invoke(TestNGProvider.java:120)\r\n\tat org.apache.maven.surefire.booter.ForkedBooter.invokeProviderInSameClassLoader(ForkedBooter.java:384)\r\n\tat org.apache.maven.surefire.booter.ForkedBooter.runSuitesInProcess(ForkedBooter.java:345)\r\n\tat org.apache.maven.surefire.booter.ForkedBooter.execute(ForkedBooter.java:126)\r\n\tat org.apache.maven.surefire.booter.ForkedBooter.main(ForkedBooter.java:418)\r\n",
      "steps" : [ {
        "name" : " click on newNutrition",
        "time" : {
          "start" : 1676240196408,
          "stop" : 1676240202579,
          "duration" : 6171
        },
        "status" : "passed",
        "steps" : [ ],
        "attachments" : [ ],
        "parameters" : [ ],
        "stepsCount" : 0,
        "hasContent" : false,
        "attachmentsCount" : 0,
        "shouldDisplayMessage" : false
      }, {
        "name" : " fill DrugForm for addNewDrugDaily",
        "time" : {
          "start" : 1676240203594,
          "stop" : 1676240210469,
          "duration" : 6875
        },
        "status" : "passed",
        "steps" : [ {
          "name" : " Fill Drug's Details",
          "time" : {
            "start" : 1676240203594,
            "stop" : 1676240210207,
            "duration" : 6613
          },
          "status" : "passed",
          "steps" : [ {
            "name" : " confirm same instruction",
            "time" : {
              "start" : 1676240204042,
              "stop" : 1676240210078,
              "duration" : 6036
            },
            "status" : "broken",
            "statusMessage" : "no such element: Unable to locate element: {\"method\":\"css selector\",\"selector\":\"#buttonImport\"}\n  (Session info: chrome=108.0.5359.125)\nFor documentation on this error, please visit: https://selenium.dev/exceptions/#no_such_element\nBuild info: version: '4.0.0-alpha-7', revision: 'de8579b6d5'\nSystem info: host: 'COMPU_EFRAT', ip: '172.20.8.167', os.name: 'Windows 10', os.arch: 'amd64', os.version: '10.0', java.version: '17.0.4.1'\nDriver info: org.openqa.selenium.chrome.ChromeDriver\nCapabilities {acceptInsecureCerts: false, browserName: chrome, browserVersion: 108.0.5359.125, chrome: {chromedriverVersion: 108.0.5359.71 (1e0e3868ee06..., userDataDir: C:\\Users\\efeldman\\AppData\\L...}, goog:chromeOptions: {debuggerAddress: localhost:53120}, javascriptEnabled: true, networkConnectionEnabled: false, pageLoadStrategy: normal, platform: WINDOWS, platformName: WINDOWS, proxy: Proxy(), setWindowRect: true, strictFileInteractability: false, timeouts: {implicit: 0, pageLoad: 300000, script: 30000}, unhandledPromptBehavior: dismiss and notify, webauthn:extension:credBlob: true, webauthn:extension:largeBlob: true, webauthn:virtualAuthenticators: true}\nSession ID: d1a469d33e734804ec2bcded948c45d6\n*** Element info: {Using=id, value=buttonImport}",
            "statusTrace" : "org.openqa.selenium.NoSuchElementException: no such element: Unable to locate element: {\"method\":\"css selector\",\"selector\":\"#buttonImport\"}\n  (Session info: chrome=108.0.5359.125)\nFor documentation on this error, please visit: https://selenium.dev/exceptions/#no_such_element\nBuild info: version: '4.0.0-alpha-7', revision: 'de8579b6d5'\nSystem info: host: 'COMPU_EFRAT', ip: '172.20.8.167', os.name: 'Windows 10', os.arch: 'amd64', os.version: '10.0', java.version: '17.0.4.1'\nDriver info: org.openqa.selenium.chrome.ChromeDriver\nCapabilities {acceptInsecureCerts: false, browserName: chrome, browserVersion: 108.0.5359.125, chrome: {chromedriverVersion: 108.0.5359.71 (1e0e3868ee06..., userDataDir: C:\\Users\\efeldman\\AppData\\L...}, goog:chromeOptions: {debuggerAddress: localhost:53120}, javascriptEnabled: true, networkConnectionEnabled: false, pageLoadStrategy: normal, platform: WINDOWS, platformName: WINDOWS, proxy: Proxy(), setWindowRect: true, strictFileInteractability: false, timeouts: {implicit: 0, pageLoad: 300000, script: 30000}, unhandledPromptBehavior: dismiss and notify, webauthn:extension:credBlob: true, webauthn:extension:largeBlob: true, webauthn:virtualAuthenticators: true}\nSession ID: d1a469d33e734804ec2bcded948c45d6\n*** Element info: {Using=id, value=buttonImport}\r\n\tat java.base/jdk.internal.reflect.NativeConstructorAccessorImpl.newInstance0(Native Method)\r\n\tat java.base/jdk.internal.reflect.NativeConstructorAccessorImpl.newInstance(NativeConstructorAccessorImpl.java:77)\r\n\tat java.base/jdk.internal.reflect.DelegatingConstructorAccessorImpl.newInstance(DelegatingConstructorAccessorImpl.java:45)\r\n\tat java.base/java.lang.reflect.Constructor.newInstanceWithCaller(Constructor.java:499)\r\n\tat java.base/java.lang.reflect.Constructor.newInstance(Constructor.java:480)\r\n\tat org.openqa.selenium.remote.codec.w3c.W3CHttpResponseCodec.createException(W3CHttpResponseCodec.java:196)\r\n\tat org.openqa.selenium.remote.codec.w3c.W3CHttpResponseCodec.decode(W3CHttpResponseCodec.java:129)\r\n\tat org.openqa.selenium.remote.codec.w3c.W3CHttpResponseCodec.decode(W3CHttpResponseCodec.java:53)\r\n\tat org.openqa.selenium.remote.HttpCommandExecutor.execute(HttpCommandExecutor.java:167)\r\n\tat org.openqa.selenium.remote.service.DriverCommandExecutor.execute(DriverCommandExecutor.java:123)\r\n\tat org.openqa.selenium.remote.RemoteWebDriver.execute(RemoteWebDriver.java:501)\r\n\tat org.openqa.selenium.remote.RemoteWebDriver.findElement(RemoteWebDriver.java:332)\r\n\tat org.openqa.selenium.By$ById.findElement(By.java:193)\r\n\tat org.openqa.selenium.remote.RemoteWebDriver.findElement(RemoteWebDriver.java:312)\r\n\tat org.openqa.selenium.support.pagefactory.DefaultElementLocator.findElement(DefaultElementLocator.java:70)\r\n\tat org.openqa.selenium.support.pagefactory.internal.LocatingElementHandler.invoke(LocatingElementHandler.java:39)\r\n\tat jdk.proxy2/jdk.proxy2.$Proxy18.click(Unknown Source)\r\n\tat workflows.doctor.doctorFlows.confirmModalSameInstruction(doctorFlows.java:380)\r\n\tat workflows.doctor.doctorFlows.fillDrugsDetails(doctorFlows.java:125)\r\n\tat workflows.doctor.doctorFlows.drugFormAddDrugDaily(doctorFlows.java:242)\r\n\tat workflows.doctor.nutritionFlows.addAndSaveNutritionToPatient(nutritionFlows.java:19)\r\n\tat sanity.UnitTest.instructionToPatient.NutritionScenario.test01_addAndSaveNutritionDailyToPatient(NutritionScenario.java:22)\r\n\tat java.base/jdk.internal.reflect.NativeMethodAccessorImpl.invoke0(Native Method)\r\n\tat java.base/jdk.internal.reflect.NativeMethodAccessorImpl.invoke(NativeMethodAccessorImpl.java:77)\r\n\tat java.base/jdk.internal.reflect.DelegatingMethodAccessorImpl.invoke(DelegatingMethodAccessorImpl.java:43)\r\n\tat java.base/java.lang.reflect.Method.invoke(Method.java:568)\r\n\tat org.testng.internal.MethodInvocationHelper.invokeMethod(MethodInvocationHelper.java:133)\r\n\tat org.testng.internal.TestInvoker.invokeMethod(TestInvoker.java:598)\r\n\tat org.testng.internal.TestInvoker.invokeTestMethod(TestInvoker.java:173)\r\n\tat org.testng.internal.MethodRunner.runInSequence(MethodRunner.java:46)\r\n\tat org.testng.internal.TestInvoker$MethodInvocationAgent.invoke(TestInvoker.java:824)\r\n\tat org.testng.internal.TestInvoker.invokeTestMethods(TestInvoker.java:146)\r\n\tat org.testng.internal.TestMethodWorker.invokeTestMethods(TestMethodWorker.java:146)\r\n\tat org.testng.internal.TestMethodWorker.run(TestMethodWorker.java:128)\r\n\tat java.base/java.util.ArrayList.forEach(ArrayList.java:1511)\r\n\tat org.testng.TestRunner.privateRun(TestRunner.java:794)\r\n\tat org.testng.TestRunner.run(TestRunner.java:596)\r\n\tat org.testng.SuiteRunner.runTest(SuiteRunner.java:377)\r\n\tat org.testng.SuiteRunner.runSequentially(SuiteRunner.java:371)\r\n\tat org.testng.SuiteRunner.privateRun(SuiteRunner.java:332)\r\n\tat org.testng.SuiteRunner.run(SuiteRunner.java:276)\r\n\tat org.testng.SuiteRunnerWorker.runSuite(SuiteRunnerWorker.java:53)\r\n\tat org.testng.SuiteRunnerWorker.run(SuiteRunnerWorker.java:96)\r\n\tat org.testng.TestNG.runSuitesSequentially(TestNG.java:1212)\r\n\tat org.testng.TestNG.runSuitesLocally(TestNG.java:1134)\r\n\tat org.testng.TestNG.runSuites(TestNG.java:1063)\r\n\tat org.testng.TestNG.run(TestNG.java:1031)\r\n\tat org.apache.maven.surefire.testng.TestNGExecutor.run(TestNGExecutor.java:283)\r\n\tat org.apache.maven.surefire.testng.TestNGXmlTestSuite.execute(TestNGXmlTestSuite.java:75)\r\n\tat org.apache.maven.surefire.testng.TestNGProvider.invoke(TestNGProvider.java:120)\r\n\tat org.apache.maven.surefire.booter.ForkedBooter.invokeProviderInSameClassLoader(ForkedBooter.java:384)\r\n\tat org.apache.maven.surefire.booter.ForkedBooter.runSuitesInProcess(ForkedBooter.java:345)\r\n\tat org.apache.maven.surefire.booter.ForkedBooter.execute(ForkedBooter.java:126)\r\n\tat org.apache.maven.surefire.booter.ForkedBooter.main(ForkedBooter.java:418)\r\n",
            "steps" : [ ],
            "attachments" : [ ],
            "parameters" : [ ],
            "stepsCount" : 0,
            "hasContent" : true,
            "attachmentsCount" : 0,
            "shouldDisplayMessage" : true
          } ],
          "attachments" : [ ],
          "parameters" : [ {
            "name" : "drugName",
            "value" : "protein water"
          }, {
            "name" : "dosage",
            "value" : "100"
          }, {
            "name" : "routeAdministration",
            "value" : "null"
          } ],
          "stepsCount" : 1,
          "hasContent" : true,
          "attachmentsCount" : 0,
          "shouldDisplayMessage" : false
        }, {
          "name" : "Update Text Element",
          "time" : {
            "start" : 1676240210218,
            "stop" : 1676240210317,
            "duration" : 99
          },
          "status" : "passed",
          "steps" : [ ],
          "attachments" : [ ],
          "parameters" : [ {
            "name" : "elem",
            "value" : "[[ChromeDriver: chrome on WINDOWS (d1a469d33e734804ec2bcded948c45d6)] -> id: drugComment]"
          }, {
            "name" : "text",
            "value" : "בדיקות אוטו'"
          } ],
          "stepsCount" : 0,
          "hasContent" : true,
          "attachmentsCount" : 0,
          "shouldDisplayMessage" : false
        }, {
          "name" : " Fill Details In Daily",
          "time" : {
            "start" : 1676240210317,
            "stop" : 1676240210419,
            "duration" : 102
          },
          "status" : "passed",
          "steps" : [ ],
          "attachments" : [ ],
          "parameters" : [ {
            "name" : "numberOfTimeDaily",
            "value" : "1"
          } ],
          "stepsCount" : 0,
          "hasContent" : true,
          "attachmentsCount" : 0,
          "shouldDisplayMessage" : false
        } ],
        "attachments" : [ ],
        "parameters" : [ {
          "name" : "drugName",
          "value" : "protein water"
        }, {
          "name" : "dosage",
          "value" : "100"
        }, {
          "name" : "numberOfTimeDaily",
          "value" : "1"
        }, {
          "name" : "routeAdinistration",
          "value" : "null"
        }, {
          "name" : "isAntibiotic",
          "value" : "false"
        }, {
          "name" : "isFuture",
          "value" : "false"
        }, {
          "name" : "addAndClose",
          "value" : "true"
        } ],
        "stepsCount" : 4,
        "hasContent" : true,
        "attachmentsCount" : 0,
        "shouldDisplayMessage" : false
      }, {
        "name" : "Verify Text in Element",
        "time" : {
          "start" : 1676240210477,
          "stop" : 1676240210495,
          "duration" : 18
        },
        "status" : "failed",
        "statusMessage" : "expected [true] but found [false]",
        "statusTrace" : "java.lang.AssertionError: expected [true] but found [false]\r\n\tat org.testng.Assert.fail(Assert.java:99)\r\n\tat org.testng.Assert.failNotEquals(Assert.java:1037)\r\n\tat org.testng.Assert.assertTrue(Assert.java:45)\r\n\tat org.testng.Assert.assertTrue(Assert.java:55)\r\n\tat extensions.Verifications.textIsContains(Verifications.java:37)\r\n\tat workflows.doctor.nutritionFlows.addAndSaveNutritionToPatient(nutritionFlows.java:20)\r\n\tat sanity.UnitTest.instructionToPatient.NutritionScenario.test01_addAndSaveNutritionDailyToPatient(NutritionScenario.java:22)\r\n\tat java.base/jdk.internal.reflect.NativeMethodAccessorImpl.invoke0(Native Method)\r\n\tat java.base/jdk.internal.reflect.NativeMethodAccessorImpl.invoke(NativeMethodAccessorImpl.java:77)\r\n\tat java.base/jdk.internal.reflect.DelegatingMethodAccessorImpl.invoke(DelegatingMethodAccessorImpl.java:43)\r\n\tat java.base/java.lang.reflect.Method.invoke(Method.java:568)\r\n\tat org.testng.internal.MethodInvocationHelper.invokeMethod(MethodInvocationHelper.java:133)\r\n\tat org.testng.internal.TestInvoker.invokeMethod(TestInvoker.java:598)\r\n\tat org.testng.internal.TestInvoker.invokeTestMethod(TestInvoker.java:173)\r\n\tat org.testng.internal.MethodRunner.runInSequence(MethodRunner.java:46)\r\n\tat org.testng.internal.TestInvoker$MethodInvocationAgent.invoke(TestInvoker.java:824)\r\n\tat org.testng.internal.TestInvoker.invokeTestMethods(TestInvoker.java:146)\r\n\tat org.testng.internal.TestMethodWorker.invokeTestMethods(TestMethodWorker.java:146)\r\n\tat org.testng.internal.TestMethodWorker.run(TestMethodWorker.java:128)\r\n\tat java.base/java.util.ArrayList.forEach(ArrayList.java:1511)\r\n\tat org.testng.TestRunner.privateRun(TestRunner.java:794)\r\n\tat org.testng.TestRunner.run(TestRunner.java:596)\r\n\tat org.testng.SuiteRunner.runTest(SuiteRunner.java:377)\r\n\tat org.testng.SuiteRunner.runSequentially(SuiteRunner.java:371)\r\n\tat org.testng.SuiteRunner.privateRun(SuiteRunner.java:332)\r\n\tat org.testng.SuiteRunner.run(SuiteRunner.java:276)\r\n\tat org.testng.SuiteRunnerWorker.runSuite(SuiteRunnerWorker.java:53)\r\n\tat org.testng.SuiteRunnerWorker.run(SuiteRunnerWorker.java:96)\r\n\tat org.testng.TestNG.runSuitesSequentially(TestNG.java:1212)\r\n\tat org.testng.TestNG.runSuitesLocally(TestNG.java:1134)\r\n\tat org.testng.TestNG.runSuites(TestNG.java:1063)\r\n\tat org.testng.TestNG.run(TestNG.java:1031)\r\n\tat org.apache.maven.surefire.testng.TestNGExecutor.run(TestNGExecutor.java:283)\r\n\tat org.apache.maven.surefire.testng.TestNGXmlTestSuite.execute(TestNGXmlTestSuite.java:75)\r\n\tat org.apache.maven.surefire.testng.TestNGProvider.invoke(TestNGProvider.java:120)\r\n\tat org.apache.maven.surefire.booter.ForkedBooter.invokeProviderInSameClassLoader(ForkedBooter.java:384)\r\n\tat org.apache.maven.surefire.booter.ForkedBooter.runSuitesInProcess(ForkedBooter.java:345)\r\n\tat org.apache.maven.surefire.booter.ForkedBooter.execute(ForkedBooter.java:126)\r\n\tat org.apache.maven.surefire.booter.ForkedBooter.main(ForkedBooter.java:418)\r\n",
        "steps" : [ ],
        "attachments" : [ ],
        "parameters" : [ {
          "name" : "elem",
          "value" : "[[ChromeDriver: chrome on WINDOWS (d1a469d33e734804ec2bcded948c45d6)] -> xpath: //*/div[@class='rtl flex text-right menu-page-title']/span]"
        }, {
          "name" : "expected",
          "value" : "הוראות רפואיות"
        } ],
        "stepsCount" : 0,
        "hasContent" : true,
        "attachmentsCount" : 0,
        "shouldDisplayMessage" : true
      } ],
      "attachments" : [ ],
      "parameters" : [ {
        "name" : "drugName",
        "value" : "protein water"
      }, {
        "name" : "dosage",
        "value" : "100"
      }, {
        "name" : "numberOfTime",
        "value" : "1"
      }, {
        "name" : "isAntibiotic",
        "value" : "false"
      } ],
      "stepsCount" : 7,
      "hasContent" : true,
      "attachmentsCount" : 0,
      "shouldDisplayMessage" : false
    } ],
    "attachments" : [ {
      "uid" : "d0c81e3e00fab135",
      "name" : "Page Screen-Shot",
      "source" : "d0c81e3e00fab135.png",
      "type" : "image/png",
      "size" : 61770
    } ],
    "parameters" : [ ],
    "stepsCount" : 17,
    "hasContent" : true,
    "attachmentsCount" : 1,
    "shouldDisplayMessage" : false
  },
  "afterStages" : [ {
    "name" : "afterMethod",
    "time" : {
      "start" : 1676240210699,
      "stop" : 1676240213290,
      "duration" : 2591
    },
    "description" : "",
    "status" : "passed",
    "steps" : [ {
      "name" : "Clear Text Element",
      "time" : {
        "start" : 1676240213145,
        "stop" : 1676240213222,
        "duration" : 77
      },
      "status" : "passed",
      "steps" : [ ],
      "attachments" : [ ],
      "parameters" : [ {
        "name" : "elem",
        "value" : "[[ChromeDriver: chrome on WINDOWS (d1a469d33e734804ec2bcded948c45d6)] -> id: user_name]"
      } ],
      "stepsCount" : 0,
      "hasContent" : true,
      "attachmentsCount" : 0,
      "shouldDisplayMessage" : false
    }, {
      "name" : "Clear Text Element",
      "time" : {
        "start" : 1676240213229,
        "stop" : 1676240213290,
        "duration" : 61
      },
      "status" : "passed",
      "steps" : [ ],
      "attachments" : [ ],
      "parameters" : [ {
        "name" : "elem",
        "value" : "[[ChromeDriver: chrome on WINDOWS (d1a469d33e734804ec2bcded948c45d6)] -> id: password]"
      } ],
      "stepsCount" : 0,
      "hasContent" : true,
      "attachmentsCount" : 0,
      "shouldDisplayMessage" : false
    } ],
    "attachments" : [ ],
    "parameters" : [ ],
    "stepsCount" : 2,
    "hasContent" : true,
    "attachmentsCount" : 0,
    "shouldDisplayMessage" : false
  }, {
    "name" : "closeSession",
    "time" : {
      "start" : 1676240223762,
      "stop" : 1676240224277,
      "duration" : 515
    },
    "description" : "",
    "status" : "passed",
    "steps" : [ ],
    "attachments" : [ ],
    "parameters" : [ ],
    "stepsCount" : 0,
    "hasContent" : false,
    "attachmentsCount" : 0,
    "shouldDisplayMessage" : false
  } ],
  "labels" : [ {
    "name" : "package",
    "value" : "sanity.UnitTest.instructionToPatient.NutritionScenario"
  }, {
    "name" : "testClass",
    "value" : "sanity.UnitTest.instructionToPatient.NutritionScenario"
  }, {
    "name" : "testMethod",
    "value" : "test01_addAndSaveNutritionDailyToPatient"
  }, {
    "name" : "parentSuite",
    "value" : "SanityTest"
  }, {
    "name" : "suite",
    "value" : "addAllInstructionToPatient"
  }, {
    "name" : "subSuite",
    "value" : "sanity.UnitTest.instructionToPatient.NutritionScenario"
  }, {
    "name" : "host",
    "value" : "COMPU_EFRAT"
  }, {
    "name" : "thread",
    "value" : "32644@COMPU_EFRAT.main(1)"
  }, {
    "name" : "framework",
    "value" : "testng"
  }, {
    "name" : "language",
    "value" : "java"
  }, {
    "name" : "resultFormat",
    "value" : "allure2"
  } ],
  "parameters" : [ ],
  "links" : [ ],
  "hidden" : true,
  "retry" : true,
  "extra" : {
    "categories" : [ ],
    "tags" : [ ]
  },
  "source" : "7869866f6e7f1249.json",
  "parameterValues" : [ ]
}