{
  "uid" : "7da338d2e1c210da",
  "name" : "approval blood-product",
  "fullName" : "sanity.UnitTest.instructionToPatient.BloodProductScenario.test01_nurseApprovalBloodProductToPatient",
  "historyId" : "e973a9dbb731b3677c6a46aa35213faa",
  "time" : {
    "start" : 1676326576980,
    "stop" : 1676326590507,
    "duration" : 13527
  },
  "description" : "nurse approval and nurse execute blood-product ",
  "descriptionHtml" : "<p>nurse approval and nurse execute blood-product</p>\n",
  "status" : "broken",
  "statusMessage" : "no such element: Unable to locate element: {\"method\":\"css selector\",\"selector\":\"#approvalDrug\"}\n  (Session info: chrome=108.0.5359.125)\nFor documentation on this error, please visit: https://selenium.dev/exceptions/#no_such_element\nBuild info: version: '4.0.0-alpha-7', revision: 'de8579b6d5'\nSystem info: host: 'COMPU_EFRAT', ip: '172.20.8.167', os.name: 'Windows 10', os.arch: 'amd64', os.version: '10.0', java.version: '17.0.4.1'\nDriver info: org.openqa.selenium.chrome.ChromeDriver\nCapabilities {acceptInsecureCerts: false, browserName: chrome, browserVersion: 108.0.5359.125, chrome: {chromedriverVersion: 108.0.5359.71 (1e0e3868ee06..., userDataDir: C:\\Users\\efeldman\\AppData\\L...}, goog:chromeOptions: {debuggerAddress: localhost:54069}, javascriptEnabled: true, networkConnectionEnabled: false, pageLoadStrategy: normal, platform: WINDOWS, platformName: WINDOWS, proxy: Proxy(), setWindowRect: true, strictFileInteractability: false, timeouts: {implicit: 0, pageLoad: 300000, script: 30000}, unhandledPromptBehavior: dismiss and notify, webauthn:extension:credBlob: true, webauthn:extension:largeBlob: true, webauthn:virtualAuthenticators: true}\nSession ID: 50cf16284275e0e7ec536a0e54bd0c87\n*** Element info: {Using=id, value=approvalDrug}",
  "statusTrace" : "org.openqa.selenium.NoSuchElementException: no such element: Unable to locate element: {\"method\":\"css selector\",\"selector\":\"#approvalDrug\"}\n  (Session info: chrome=108.0.5359.125)\nFor documentation on this error, please visit: https://selenium.dev/exceptions/#no_such_element\nBuild info: version: '4.0.0-alpha-7', revision: 'de8579b6d5'\nSystem info: host: 'COMPU_EFRAT', ip: '172.20.8.167', os.name: 'Windows 10', os.arch: 'amd64', os.version: '10.0', java.version: '17.0.4.1'\nDriver info: org.openqa.selenium.chrome.ChromeDriver\nCapabilities {acceptInsecureCerts: false, browserName: chrome, browserVersion: 108.0.5359.125, chrome: {chromedriverVersion: 108.0.5359.71 (1e0e3868ee06..., userDataDir: C:\\Users\\efeldman\\AppData\\L...}, goog:chromeOptions: {debuggerAddress: localhost:54069}, javascriptEnabled: true, networkConnectionEnabled: false, pageLoadStrategy: normal, platform: WINDOWS, platformName: WINDOWS, proxy: Proxy(), setWindowRect: true, strictFileInteractability: false, timeouts: {implicit: 0, pageLoad: 300000, script: 30000}, unhandledPromptBehavior: dismiss and notify, webauthn:extension:credBlob: true, webauthn:extension:largeBlob: true, webauthn:virtualAuthenticators: true}\nSession ID: 50cf16284275e0e7ec536a0e54bd0c87\n*** Element info: {Using=id, value=approvalDrug}\r\n\tat java.base/jdk.internal.reflect.NativeConstructorAccessorImpl.newInstance0(Native Method)\r\n\tat java.base/jdk.internal.reflect.NativeConstructorAccessorImpl.newInstance(NativeConstructorAccessorImpl.java:77)\r\n\tat java.base/jdk.internal.reflect.DelegatingConstructorAccessorImpl.newInstance(DelegatingConstructorAccessorImpl.java:45)\r\n\tat java.base/java.lang.reflect.Constructor.newInstanceWithCaller(Constructor.java:499)\r\n\tat java.base/java.lang.reflect.Constructor.newInstance(Constructor.java:480)\r\n\tat org.openqa.selenium.remote.codec.w3c.W3CHttpResponseCodec.createException(W3CHttpResponseCodec.java:196)\r\n\tat org.openqa.selenium.remote.codec.w3c.W3CHttpResponseCodec.decode(W3CHttpResponseCodec.java:129)\r\n\tat org.openqa.selenium.remote.codec.w3c.W3CHttpResponseCodec.decode(W3CHttpResponseCodec.java:53)\r\n\tat org.openqa.selenium.remote.HttpCommandExecutor.execute(HttpCommandExecutor.java:167)\r\n\tat org.openqa.selenium.remote.service.DriverCommandExecutor.execute(DriverCommandExecutor.java:123)\r\n\tat org.openqa.selenium.remote.RemoteWebDriver.execute(RemoteWebDriver.java:501)\r\n\tat org.openqa.selenium.remote.RemoteWebDriver.findElement(RemoteWebDriver.java:332)\r\n\tat org.openqa.selenium.By$ById.findElement(By.java:193)\r\n\tat org.openqa.selenium.remote.RemoteWebDriver.findElement(RemoteWebDriver.java:312)\r\n\tat org.openqa.selenium.support.pagefactory.DefaultElementLocator.findElement(DefaultElementLocator.java:70)\r\n\tat org.openqa.selenium.support.pagefactory.internal.LocatingElementHandler.invoke(LocatingElementHandler.java:39)\r\n\tat jdk.proxy2/jdk.proxy2.$Proxy18.click(Unknown Source)\r\n\tat workflows.nurse.nurseFlows.approvalNurseSign(nurseFlows.java:329)\r\n\tat workflows.nurse.nurseFlows.approvalSolution(nurseFlows.java:206)\r\n\tat sanity.UnitTest.instructionToPatient.BloodProductScenario.test01_nurseApprovalBloodProductToPatient(BloodProductScenario.java:34)\r\n\tat java.base/jdk.internal.reflect.NativeMethodAccessorImpl.invoke0(Native Method)\r\n\tat java.base/jdk.internal.reflect.NativeMethodAccessorImpl.invoke(NativeMethodAccessorImpl.java:77)\r\n\tat java.base/jdk.internal.reflect.DelegatingMethodAccessorImpl.invoke(DelegatingMethodAccessorImpl.java:43)\r\n\tat java.base/java.lang.reflect.Method.invoke(Method.java:568)\r\n\tat org.testng.internal.MethodInvocationHelper.invokeMethod(MethodInvocationHelper.java:133)\r\n\tat org.testng.internal.TestInvoker.invokeMethod(TestInvoker.java:598)\r\n\tat org.testng.internal.TestInvoker.invokeTestMethod(TestInvoker.java:173)\r\n\tat org.testng.internal.MethodRunner.runInSequence(MethodRunner.java:46)\r\n\tat org.testng.internal.TestInvoker$MethodInvocationAgent.invoke(TestInvoker.java:824)\r\n\tat org.testng.internal.TestInvoker.invokeTestMethods(TestInvoker.java:146)\r\n\tat org.testng.internal.TestMethodWorker.invokeTestMethods(TestMethodWorker.java:146)\r\n\tat org.testng.internal.TestMethodWorker.run(TestMethodWorker.java:128)\r\n\tat java.base/java.util.ArrayList.forEach(ArrayList.java:1511)\r\n\tat org.testng.TestRunner.privateRun(TestRunner.java:794)\r\n\tat org.testng.TestRunner.run(TestRunner.java:596)\r\n\tat org.testng.SuiteRunner.runTest(SuiteRunner.java:377)\r\n\tat org.testng.SuiteRunner.runSequentially(SuiteRunner.java:371)\r\n\tat org.testng.SuiteRunner.privateRun(SuiteRunner.java:332)\r\n\tat org.testng.SuiteRunner.run(SuiteRunner.java:276)\r\n\tat org.testng.SuiteRunnerWorker.runSuite(SuiteRunnerWorker.java:53)\r\n\tat org.testng.SuiteRunnerWorker.run(SuiteRunnerWorker.java:96)\r\n\tat org.testng.TestNG.runSuitesSequentially(TestNG.java:1212)\r\n\tat org.testng.TestNG.runSuitesLocally(TestNG.java:1134)\r\n\tat org.testng.TestNG.runSuites(TestNG.java:1063)\r\n\tat org.testng.TestNG.run(TestNG.java:1031)\r\n\tat org.apache.maven.surefire.testng.TestNGExecutor.run(TestNGExecutor.java:283)\r\n\tat org.apache.maven.surefire.testng.TestNGXmlTestSuite.execute(TestNGXmlTestSuite.java:75)\r\n\tat org.apache.maven.surefire.testng.TestNGProvider.invoke(TestNGProvider.java:120)\r\n\tat org.apache.maven.surefire.booter.ForkedBooter.invokeProviderInSameClassLoader(ForkedBooter.java:384)\r\n\tat org.apache.maven.surefire.booter.ForkedBooter.runSuitesInProcess(ForkedBooter.java:345)\r\n\tat org.apache.maven.surefire.booter.ForkedBooter.execute(ForkedBooter.java:126)\r\n\tat org.apache.maven.surefire.booter.ForkedBooter.main(ForkedBooter.java:418)\r\n",
  "flaky" : false,
  "newFailed" : false,
  "beforeStages" : [ {
    "name" : "startSession",
    "time" : {
      "start" : 1676326566966,
      "stop" : 1676326572392,
      "duration" : 5426
    },
    "description" : "",
    "status" : "passed",
    "steps" : [ ],
    "attachments" : [ ],
    "parameters" : [ ],
    "stepsCount" : 0,
    "hasContent" : false,
    "attachmentsCount" : 0,
    "shouldDisplayMessage" : false
  }, {
    "name" : "BeforeSuite",
    "time" : {
      "start" : 1676326213056,
      "stop" : 1676326213456,
      "duration" : 400
    },
    "description" : "",
    "status" : "passed",
    "steps" : [ ],
    "attachments" : [ ],
    "parameters" : [ ],
    "stepsCount" : 0,
    "hasContent" : false,
    "attachmentsCount" : 0,
    "shouldDisplayMessage" : false
  } ],
  "testStage" : {
    "description" : "nurse approval and nurse execute blood-product ",
    "status" : "broken",
    "statusMessage" : "no such element: Unable to locate element: {\"method\":\"css selector\",\"selector\":\"#approvalDrug\"}\n  (Session info: chrome=108.0.5359.125)\nFor documentation on this error, please visit: https://selenium.dev/exceptions/#no_such_element\nBuild info: version: '4.0.0-alpha-7', revision: 'de8579b6d5'\nSystem info: host: 'COMPU_EFRAT', ip: '172.20.8.167', os.name: 'Windows 10', os.arch: 'amd64', os.version: '10.0', java.version: '17.0.4.1'\nDriver info: org.openqa.selenium.chrome.ChromeDriver\nCapabilities {acceptInsecureCerts: false, browserName: chrome, browserVersion: 108.0.5359.125, chrome: {chromedriverVersion: 108.0.5359.71 (1e0e3868ee06..., userDataDir: C:\\Users\\efeldman\\AppData\\L...}, goog:chromeOptions: {debuggerAddress: localhost:54069}, javascriptEnabled: true, networkConnectionEnabled: false, pageLoadStrategy: normal, platform: WINDOWS, platformName: WINDOWS, proxy: Proxy(), setWindowRect: true, strictFileInteractability: false, timeouts: {implicit: 0, pageLoad: 300000, script: 30000}, unhandledPromptBehavior: dismiss and notify, webauthn:extension:credBlob: true, webauthn:extension:largeBlob: true, webauthn:virtualAuthenticators: true}\nSession ID: 50cf16284275e0e7ec536a0e54bd0c87\n*** Element info: {Using=id, value=approvalDrug}",
    "statusTrace" : "org.openqa.selenium.NoSuchElementException: no such element: Unable to locate element: {\"method\":\"css selector\",\"selector\":\"#approvalDrug\"}\n  (Session info: chrome=108.0.5359.125)\nFor documentation on this error, please visit: https://selenium.dev/exceptions/#no_such_element\nBuild info: version: '4.0.0-alpha-7', revision: 'de8579b6d5'\nSystem info: host: 'COMPU_EFRAT', ip: '172.20.8.167', os.name: 'Windows 10', os.arch: 'amd64', os.version: '10.0', java.version: '17.0.4.1'\nDriver info: org.openqa.selenium.chrome.ChromeDriver\nCapabilities {acceptInsecureCerts: false, browserName: chrome, browserVersion: 108.0.5359.125, chrome: {chromedriverVersion: 108.0.5359.71 (1e0e3868ee06..., userDataDir: C:\\Users\\efeldman\\AppData\\L...}, goog:chromeOptions: {debuggerAddress: localhost:54069}, javascriptEnabled: true, networkConnectionEnabled: false, pageLoadStrategy: normal, platform: WINDOWS, platformName: WINDOWS, proxy: Proxy(), setWindowRect: true, strictFileInteractability: false, timeouts: {implicit: 0, pageLoad: 300000, script: 30000}, unhandledPromptBehavior: dismiss and notify, webauthn:extension:credBlob: true, webauthn:extension:largeBlob: true, webauthn:virtualAuthenticators: true}\nSession ID: 50cf16284275e0e7ec536a0e54bd0c87\n*** Element info: {Using=id, value=approvalDrug}\r\n\tat java.base/jdk.internal.reflect.NativeConstructorAccessorImpl.newInstance0(Native Method)\r\n\tat java.base/jdk.internal.reflect.NativeConstructorAccessorImpl.newInstance(NativeConstructorAccessorImpl.java:77)\r\n\tat java.base/jdk.internal.reflect.DelegatingConstructorAccessorImpl.newInstance(DelegatingConstructorAccessorImpl.java:45)\r\n\tat java.base/java.lang.reflect.Constructor.newInstanceWithCaller(Constructor.java:499)\r\n\tat java.base/java.lang.reflect.Constructor.newInstance(Constructor.java:480)\r\n\tat org.openqa.selenium.remote.codec.w3c.W3CHttpResponseCodec.createException(W3CHttpResponseCodec.java:196)\r\n\tat org.openqa.selenium.remote.codec.w3c.W3CHttpResponseCodec.decode(W3CHttpResponseCodec.java:129)\r\n\tat org.openqa.selenium.remote.codec.w3c.W3CHttpResponseCodec.decode(W3CHttpResponseCodec.java:53)\r\n\tat org.openqa.selenium.remote.HttpCommandExecutor.execute(HttpCommandExecutor.java:167)\r\n\tat org.openqa.selenium.remote.service.DriverCommandExecutor.execute(DriverCommandExecutor.java:123)\r\n\tat org.openqa.selenium.remote.RemoteWebDriver.execute(RemoteWebDriver.java:501)\r\n\tat org.openqa.selenium.remote.RemoteWebDriver.findElement(RemoteWebDriver.java:332)\r\n\tat org.openqa.selenium.By$ById.findElement(By.java:193)\r\n\tat org.openqa.selenium.remote.RemoteWebDriver.findElement(RemoteWebDriver.java:312)\r\n\tat org.openqa.selenium.support.pagefactory.DefaultElementLocator.findElement(DefaultElementLocator.java:70)\r\n\tat org.openqa.selenium.support.pagefactory.internal.LocatingElementHandler.invoke(LocatingElementHandler.java:39)\r\n\tat jdk.proxy2/jdk.proxy2.$Proxy18.click(Unknown Source)\r\n\tat workflows.nurse.nurseFlows.approvalNurseSign(nurseFlows.java:329)\r\n\tat workflows.nurse.nurseFlows.approvalSolution(nurseFlows.java:206)\r\n\tat sanity.UnitTest.instructionToPatient.BloodProductScenario.test01_nurseApprovalBloodProductToPatient(BloodProductScenario.java:34)\r\n\tat java.base/jdk.internal.reflect.NativeMethodAccessorImpl.invoke0(Native Method)\r\n\tat java.base/jdk.internal.reflect.NativeMethodAccessorImpl.invoke(NativeMethodAccessorImpl.java:77)\r\n\tat java.base/jdk.internal.reflect.DelegatingMethodAccessorImpl.invoke(DelegatingMethodAccessorImpl.java:43)\r\n\tat java.base/java.lang.reflect.Method.invoke(Method.java:568)\r\n\tat org.testng.internal.MethodInvocationHelper.invokeMethod(MethodInvocationHelper.java:133)\r\n\tat org.testng.internal.TestInvoker.invokeMethod(TestInvoker.java:598)\r\n\tat org.testng.internal.TestInvoker.invokeTestMethod(TestInvoker.java:173)\r\n\tat org.testng.internal.MethodRunner.runInSequence(MethodRunner.java:46)\r\n\tat org.testng.internal.TestInvoker$MethodInvocationAgent.invoke(TestInvoker.java:824)\r\n\tat org.testng.internal.TestInvoker.invokeTestMethods(TestInvoker.java:146)\r\n\tat org.testng.internal.TestMethodWorker.invokeTestMethods(TestMethodWorker.java:146)\r\n\tat org.testng.internal.TestMethodWorker.run(TestMethodWorker.java:128)\r\n\tat java.base/java.util.ArrayList.forEach(ArrayList.java:1511)\r\n\tat org.testng.TestRunner.privateRun(TestRunner.java:794)\r\n\tat org.testng.TestRunner.run(TestRunner.java:596)\r\n\tat org.testng.SuiteRunner.runTest(SuiteRunner.java:377)\r\n\tat org.testng.SuiteRunner.runSequentially(SuiteRunner.java:371)\r\n\tat org.testng.SuiteRunner.privateRun(SuiteRunner.java:332)\r\n\tat org.testng.SuiteRunner.run(SuiteRunner.java:276)\r\n\tat org.testng.SuiteRunnerWorker.runSuite(SuiteRunnerWorker.java:53)\r\n\tat org.testng.SuiteRunnerWorker.run(SuiteRunnerWorker.java:96)\r\n\tat org.testng.TestNG.runSuitesSequentially(TestNG.java:1212)\r\n\tat org.testng.TestNG.runSuitesLocally(TestNG.java:1134)\r\n\tat org.testng.TestNG.runSuites(TestNG.java:1063)\r\n\tat org.testng.TestNG.run(TestNG.java:1031)\r\n\tat org.apache.maven.surefire.testng.TestNGExecutor.run(TestNGExecutor.java:283)\r\n\tat org.apache.maven.surefire.testng.TestNGXmlTestSuite.execute(TestNGXmlTestSuite.java:75)\r\n\tat org.apache.maven.surefire.testng.TestNGProvider.invoke(TestNGProvider.java:120)\r\n\tat org.apache.maven.surefire.booter.ForkedBooter.invokeProviderInSameClassLoader(ForkedBooter.java:384)\r\n\tat org.apache.maven.surefire.booter.ForkedBooter.runSuitesInProcess(ForkedBooter.java:345)\r\n\tat org.apache.maven.surefire.booter.ForkedBooter.execute(ForkedBooter.java:126)\r\n\tat org.apache.maven.surefire.booter.ForkedBooter.main(ForkedBooter.java:418)\r\n",
    "steps" : [ {
      "name" : " Login With Choose Role",
      "time" : {
        "start" : 1676326576980,
        "stop" : 1676326577593,
        "duration" : 613
      },
      "status" : "passed",
      "steps" : [ {
        "name" : "Update Text Element",
        "time" : {
          "start" : 1676326576986,
          "stop" : 1676326577035,
          "duration" : 49
        },
        "status" : "passed",
        "steps" : [ ],
        "attachments" : [ ],
        "parameters" : [ {
          "name" : "elem",
          "value" : "[[ChromeDriver: chrome on WINDOWS (50cf16284275e0e7ec536a0e54bd0c87)] -> id: user_name]"
        }, {
          "name" : "text",
          "value" : "test"
        } ],
        "stepsCount" : 0,
        "hasContent" : true,
        "attachmentsCount" : 0,
        "shouldDisplayMessage" : false
      }, {
        "name" : "Update Text Element",
        "time" : {
          "start" : 1676326577041,
          "stop" : 1676326577115,
          "duration" : 74
        },
        "status" : "passed",
        "steps" : [ ],
        "attachments" : [ ],
        "parameters" : [ {
          "name" : "elem",
          "value" : "[[ChromeDriver: chrome on WINDOWS (50cf16284275e0e7ec536a0e54bd0c87)] -> id: password]"
        }, {
          "name" : "text",
          "value" : "Te231121"
        } ],
        "stepsCount" : 0,
        "hasContent" : true,
        "attachmentsCount" : 0,
        "shouldDisplayMessage" : false
      }, {
        "name" : "Click on Element",
        "time" : {
          "start" : 1676326577121,
          "stop" : 1676326577185,
          "duration" : 64
        },
        "status" : "passed",
        "steps" : [ ],
        "attachments" : [ ],
        "parameters" : [ {
          "name" : "elem",
          "value" : "[[ChromeDriver: chrome on WINDOWS (50cf16284275e0e7ec536a0e54bd0c87)] -> id: submitBtn]"
        } ],
        "stepsCount" : 0,
        "hasContent" : true,
        "attachmentsCount" : 0,
        "shouldDisplayMessage" : false
      }, {
        "name" : "Select text from List",
        "time" : {
          "start" : 1676326577506,
          "stop" : 1676326577593,
          "duration" : 87
        },
        "status" : "passed",
        "steps" : [ {
          "name" : "Click on Element",
          "time" : {
            "start" : 1676326577548,
            "stop" : 1676326577593,
            "duration" : 45
          },
          "status" : "passed",
          "steps" : [ ],
          "attachments" : [ ],
          "parameters" : [ {
            "name" : "elem",
            "value" : "[[ChromeDriver: chrome on WINDOWS (50cf16284275e0e7ec536a0e54bd0c87)] -> tag name: li]"
          } ],
          "stepsCount" : 0,
          "hasContent" : true,
          "attachmentsCount" : 0,
          "shouldDisplayMessage" : false
        } ],
        "attachments" : [ ],
        "parameters" : [ {
          "name" : "list",
          "value" : "[[[ChromeDriver: chrome on WINDOWS (50cf16284275e0e7ec536a0e54bd0c87)] -> tag name: li], [[ChromeDriver: chrome on WINDOWS (50cf16284275e0e7ec536a0e54bd0c87)] -> tag name: li], [[ChromeDriver: chrome on WINDOWS (50cf16284275e0e7ec536a0e54bd0c87)] -> tag name: li], [[ChromeDriver: chrome on WINDOWS (50cf16284275e0e7ec536a0e54bd0c87)] -> tag name: li], [[ChromeDriver: chrome on WINDOWS (50cf16284275e0e7ec536a0e54bd0c87)] -> tag name: li], [[ChromeDriver: chrome on WINDOWS (50cf16284275e0e7ec536a0e54bd0c87)] -> tag name: li], [[ChromeDriver: chrome on WINDOWS (50cf16284275e0e7ec536a0e54bd0c87)] -> tag name: li], [[ChromeDriver: chrome on WINDOWS (50cf16284275e0e7ec536a0e54bd0c87)] -> tag name: li], [[ChromeDriver: chrome on WINDOWS (50cf16284275e0e7ec536a0e54bd0c87)] -> tag name: li]]"
        }, {
          "name" : "text",
          "value" : "אחות"
        } ],
        "stepsCount" : 1,
        "hasContent" : true,
        "attachmentsCount" : 0,
        "shouldDisplayMessage" : false
      } ],
      "attachments" : [ ],
      "parameters" : [ {
        "name" : "r",
        "value" : "n"
      } ],
      "stepsCount" : 5,
      "hasContent" : true,
      "attachmentsCount" : 0,
      "shouldDisplayMessage" : false
    }, {
      "name" : " patientBoxEntry",
      "time" : {
        "start" : 1676326577593,
        "stop" : 1676326580316,
        "duration" : 2723
      },
      "status" : "passed",
      "steps" : [ {
        "name" : "Click on Element",
        "time" : {
          "start" : 1676326578567,
          "stop" : 1676326578681,
          "duration" : 114
        },
        "status" : "passed",
        "steps" : [ ],
        "attachments" : [ ],
        "parameters" : [ {
          "name" : "elem",
          "value" : "[[ChromeDriver: chrome on WINDOWS (50cf16284275e0e7ec536a0e54bd0c87)] -> xpath: //p-table[contains(@class,'depMeushpazim-table patients-table')]//tr]"
        } ],
        "stepsCount" : 0,
        "hasContent" : true,
        "attachmentsCount" : 0,
        "shouldDisplayMessage" : false
      }, {
        "name" : "Verify Text in Element",
        "time" : {
          "start" : 1676326580292,
          "stop" : 1676326580316,
          "duration" : 24
        },
        "status" : "passed",
        "steps" : [ ],
        "attachments" : [ ],
        "parameters" : [ {
          "name" : "elem",
          "value" : "[[ChromeDriver: chrome on WINDOWS (50cf16284275e0e7ec536a0e54bd0c87)] -> xpath: //span[@class='value-label']]"
        }, {
          "name" : "expected",
          "value" : "מס' שרות:"
        } ],
        "stepsCount" : 0,
        "hasContent" : true,
        "attachmentsCount" : 0,
        "shouldDisplayMessage" : false
      } ],
      "attachments" : [ ],
      "parameters" : [ {
        "name" : "index",
        "value" : "3"
      } ],
      "stepsCount" : 2,
      "hasContent" : true,
      "attachmentsCount" : 0,
      "shouldDisplayMessage" : false
    }, {
      "name" : "approval solution to current hour ",
      "time" : {
        "start" : 1676326580316,
        "stop" : 1676326590358,
        "duration" : 10042
      },
      "status" : "broken",
      "statusMessage" : "no such element: Unable to locate element: {\"method\":\"css selector\",\"selector\":\"#approvalDrug\"}\n  (Session info: chrome=108.0.5359.125)\nFor documentation on this error, please visit: https://selenium.dev/exceptions/#no_such_element\nBuild info: version: '4.0.0-alpha-7', revision: 'de8579b6d5'\nSystem info: host: 'COMPU_EFRAT', ip: '172.20.8.167', os.name: 'Windows 10', os.arch: 'amd64', os.version: '10.0', java.version: '17.0.4.1'\nDriver info: org.openqa.selenium.chrome.ChromeDriver\nCapabilities {acceptInsecureCerts: false, browserName: chrome, browserVersion: 108.0.5359.125, chrome: {chromedriverVersion: 108.0.5359.71 (1e0e3868ee06..., userDataDir: C:\\Users\\efeldman\\AppData\\L...}, goog:chromeOptions: {debuggerAddress: localhost:54069}, javascriptEnabled: true, networkConnectionEnabled: false, pageLoadStrategy: normal, platform: WINDOWS, platformName: WINDOWS, proxy: Proxy(), setWindowRect: true, strictFileInteractability: false, timeouts: {implicit: 0, pageLoad: 300000, script: 30000}, unhandledPromptBehavior: dismiss and notify, webauthn:extension:credBlob: true, webauthn:extension:largeBlob: true, webauthn:virtualAuthenticators: true}\nSession ID: 50cf16284275e0e7ec536a0e54bd0c87\n*** Element info: {Using=id, value=approvalDrug}",
      "statusTrace" : "org.openqa.selenium.NoSuchElementException: no such element: Unable to locate element: {\"method\":\"css selector\",\"selector\":\"#approvalDrug\"}\n  (Session info: chrome=108.0.5359.125)\nFor documentation on this error, please visit: https://selenium.dev/exceptions/#no_such_element\nBuild info: version: '4.0.0-alpha-7', revision: 'de8579b6d5'\nSystem info: host: 'COMPU_EFRAT', ip: '172.20.8.167', os.name: 'Windows 10', os.arch: 'amd64', os.version: '10.0', java.version: '17.0.4.1'\nDriver info: org.openqa.selenium.chrome.ChromeDriver\nCapabilities {acceptInsecureCerts: false, browserName: chrome, browserVersion: 108.0.5359.125, chrome: {chromedriverVersion: 108.0.5359.71 (1e0e3868ee06..., userDataDir: C:\\Users\\efeldman\\AppData\\L...}, goog:chromeOptions: {debuggerAddress: localhost:54069}, javascriptEnabled: true, networkConnectionEnabled: false, pageLoadStrategy: normal, platform: WINDOWS, platformName: WINDOWS, proxy: Proxy(), setWindowRect: true, strictFileInteractability: false, timeouts: {implicit: 0, pageLoad: 300000, script: 30000}, unhandledPromptBehavior: dismiss and notify, webauthn:extension:credBlob: true, webauthn:extension:largeBlob: true, webauthn:virtualAuthenticators: true}\nSession ID: 50cf16284275e0e7ec536a0e54bd0c87\n*** Element info: {Using=id, value=approvalDrug}\r\n\tat java.base/jdk.internal.reflect.NativeConstructorAccessorImpl.newInstance0(Native Method)\r\n\tat java.base/jdk.internal.reflect.NativeConstructorAccessorImpl.newInstance(NativeConstructorAccessorImpl.java:77)\r\n\tat java.base/jdk.internal.reflect.DelegatingConstructorAccessorImpl.newInstance(DelegatingConstructorAccessorImpl.java:45)\r\n\tat java.base/java.lang.reflect.Constructor.newInstanceWithCaller(Constructor.java:499)\r\n\tat java.base/java.lang.reflect.Constructor.newInstance(Constructor.java:480)\r\n\tat org.openqa.selenium.remote.codec.w3c.W3CHttpResponseCodec.createException(W3CHttpResponseCodec.java:196)\r\n\tat org.openqa.selenium.remote.codec.w3c.W3CHttpResponseCodec.decode(W3CHttpResponseCodec.java:129)\r\n\tat org.openqa.selenium.remote.codec.w3c.W3CHttpResponseCodec.decode(W3CHttpResponseCodec.java:53)\r\n\tat org.openqa.selenium.remote.HttpCommandExecutor.execute(HttpCommandExecutor.java:167)\r\n\tat org.openqa.selenium.remote.service.DriverCommandExecutor.execute(DriverCommandExecutor.java:123)\r\n\tat org.openqa.selenium.remote.RemoteWebDriver.execute(RemoteWebDriver.java:501)\r\n\tat org.openqa.selenium.remote.RemoteWebDriver.findElement(RemoteWebDriver.java:332)\r\n\tat org.openqa.selenium.By$ById.findElement(By.java:193)\r\n\tat org.openqa.selenium.remote.RemoteWebDriver.findElement(RemoteWebDriver.java:312)\r\n\tat org.openqa.selenium.support.pagefactory.DefaultElementLocator.findElement(DefaultElementLocator.java:70)\r\n\tat org.openqa.selenium.support.pagefactory.internal.LocatingElementHandler.invoke(LocatingElementHandler.java:39)\r\n\tat jdk.proxy2/jdk.proxy2.$Proxy18.click(Unknown Source)\r\n\tat workflows.nurse.nurseFlows.approvalNurseSign(nurseFlows.java:329)\r\n\tat workflows.nurse.nurseFlows.approvalSolution(nurseFlows.java:206)\r\n\tat sanity.UnitTest.instructionToPatient.BloodProductScenario.test01_nurseApprovalBloodProductToPatient(BloodProductScenario.java:34)\r\n\tat java.base/jdk.internal.reflect.NativeMethodAccessorImpl.invoke0(Native Method)\r\n\tat java.base/jdk.internal.reflect.NativeMethodAccessorImpl.invoke(NativeMethodAccessorImpl.java:77)\r\n\tat java.base/jdk.internal.reflect.DelegatingMethodAccessorImpl.invoke(DelegatingMethodAccessorImpl.java:43)\r\n\tat java.base/java.lang.reflect.Method.invoke(Method.java:568)\r\n\tat org.testng.internal.MethodInvocationHelper.invokeMethod(MethodInvocationHelper.java:133)\r\n\tat org.testng.internal.TestInvoker.invokeMethod(TestInvoker.java:598)\r\n\tat org.testng.internal.TestInvoker.invokeTestMethod(TestInvoker.java:173)\r\n\tat org.testng.internal.MethodRunner.runInSequence(MethodRunner.java:46)\r\n\tat org.testng.internal.TestInvoker$MethodInvocationAgent.invoke(TestInvoker.java:824)\r\n\tat org.testng.internal.TestInvoker.invokeTestMethods(TestInvoker.java:146)\r\n\tat org.testng.internal.TestMethodWorker.invokeTestMethods(TestMethodWorker.java:146)\r\n\tat org.testng.internal.TestMethodWorker.run(TestMethodWorker.java:128)\r\n\tat java.base/java.util.ArrayList.forEach(ArrayList.java:1511)\r\n\tat org.testng.TestRunner.privateRun(TestRunner.java:794)\r\n\tat org.testng.TestRunner.run(TestRunner.java:596)\r\n\tat org.testng.SuiteRunner.runTest(SuiteRunner.java:377)\r\n\tat org.testng.SuiteRunner.runSequentially(SuiteRunner.java:371)\r\n\tat org.testng.SuiteRunner.privateRun(SuiteRunner.java:332)\r\n\tat org.testng.SuiteRunner.run(SuiteRunner.java:276)\r\n\tat org.testng.SuiteRunnerWorker.runSuite(SuiteRunnerWorker.java:53)\r\n\tat org.testng.SuiteRunnerWorker.run(SuiteRunnerWorker.java:96)\r\n\tat org.testng.TestNG.runSuitesSequentially(TestNG.java:1212)\r\n\tat org.testng.TestNG.runSuitesLocally(TestNG.java:1134)\r\n\tat org.testng.TestNG.runSuites(TestNG.java:1063)\r\n\tat org.testng.TestNG.run(TestNG.java:1031)\r\n\tat org.apache.maven.surefire.testng.TestNGExecutor.run(TestNGExecutor.java:283)\r\n\tat org.apache.maven.surefire.testng.TestNGXmlTestSuite.execute(TestNGXmlTestSuite.java:75)\r\n\tat org.apache.maven.surefire.testng.TestNGProvider.invoke(TestNGProvider.java:120)\r\n\tat org.apache.maven.surefire.booter.ForkedBooter.invokeProviderInSameClassLoader(ForkedBooter.java:384)\r\n\tat org.apache.maven.surefire.booter.ForkedBooter.runSuitesInProcess(ForkedBooter.java:345)\r\n\tat org.apache.maven.surefire.booter.ForkedBooter.execute(ForkedBooter.java:126)\r\n\tat org.apache.maven.surefire.booter.ForkedBooter.main(ForkedBooter.java:418)\r\n",
      "steps" : [ {
        "name" : "approval nurse sign",
        "time" : {
          "start" : 1676326585352,
          "stop" : 1676326590358,
          "duration" : 5006
        },
        "status" : "broken",
        "statusMessage" : "no such element: Unable to locate element: {\"method\":\"css selector\",\"selector\":\"#approvalDrug\"}\n  (Session info: chrome=108.0.5359.125)\nFor documentation on this error, please visit: https://selenium.dev/exceptions/#no_such_element\nBuild info: version: '4.0.0-alpha-7', revision: 'de8579b6d5'\nSystem info: host: 'COMPU_EFRAT', ip: '172.20.8.167', os.name: 'Windows 10', os.arch: 'amd64', os.version: '10.0', java.version: '17.0.4.1'\nDriver info: org.openqa.selenium.chrome.ChromeDriver\nCapabilities {acceptInsecureCerts: false, browserName: chrome, browserVersion: 108.0.5359.125, chrome: {chromedriverVersion: 108.0.5359.71 (1e0e3868ee06..., userDataDir: C:\\Users\\efeldman\\AppData\\L...}, goog:chromeOptions: {debuggerAddress: localhost:54069}, javascriptEnabled: true, networkConnectionEnabled: false, pageLoadStrategy: normal, platform: WINDOWS, platformName: WINDOWS, proxy: Proxy(), setWindowRect: true, strictFileInteractability: false, timeouts: {implicit: 0, pageLoad: 300000, script: 30000}, unhandledPromptBehavior: dismiss and notify, webauthn:extension:credBlob: true, webauthn:extension:largeBlob: true, webauthn:virtualAuthenticators: true}\nSession ID: 50cf16284275e0e7ec536a0e54bd0c87\n*** Element info: {Using=id, value=approvalDrug}",
        "statusTrace" : "org.openqa.selenium.NoSuchElementException: no such element: Unable to locate element: {\"method\":\"css selector\",\"selector\":\"#approvalDrug\"}\n  (Session info: chrome=108.0.5359.125)\nFor documentation on this error, please visit: https://selenium.dev/exceptions/#no_such_element\nBuild info: version: '4.0.0-alpha-7', revision: 'de8579b6d5'\nSystem info: host: 'COMPU_EFRAT', ip: '172.20.8.167', os.name: 'Windows 10', os.arch: 'amd64', os.version: '10.0', java.version: '17.0.4.1'\nDriver info: org.openqa.selenium.chrome.ChromeDriver\nCapabilities {acceptInsecureCerts: false, browserName: chrome, browserVersion: 108.0.5359.125, chrome: {chromedriverVersion: 108.0.5359.71 (1e0e3868ee06..., userDataDir: C:\\Users\\efeldman\\AppData\\L...}, goog:chromeOptions: {debuggerAddress: localhost:54069}, javascriptEnabled: true, networkConnectionEnabled: false, pageLoadStrategy: normal, platform: WINDOWS, platformName: WINDOWS, proxy: Proxy(), setWindowRect: true, strictFileInteractability: false, timeouts: {implicit: 0, pageLoad: 300000, script: 30000}, unhandledPromptBehavior: dismiss and notify, webauthn:extension:credBlob: true, webauthn:extension:largeBlob: true, webauthn:virtualAuthenticators: true}\nSession ID: 50cf16284275e0e7ec536a0e54bd0c87\n*** Element info: {Using=id, value=approvalDrug}\r\n\tat java.base/jdk.internal.reflect.NativeConstructorAccessorImpl.newInstance0(Native Method)\r\n\tat java.base/jdk.internal.reflect.NativeConstructorAccessorImpl.newInstance(NativeConstructorAccessorImpl.java:77)\r\n\tat java.base/jdk.internal.reflect.DelegatingConstructorAccessorImpl.newInstance(DelegatingConstructorAccessorImpl.java:45)\r\n\tat java.base/java.lang.reflect.Constructor.newInstanceWithCaller(Constructor.java:499)\r\n\tat java.base/java.lang.reflect.Constructor.newInstance(Constructor.java:480)\r\n\tat org.openqa.selenium.remote.codec.w3c.W3CHttpResponseCodec.createException(W3CHttpResponseCodec.java:196)\r\n\tat org.openqa.selenium.remote.codec.w3c.W3CHttpResponseCodec.decode(W3CHttpResponseCodec.java:129)\r\n\tat org.openqa.selenium.remote.codec.w3c.W3CHttpResponseCodec.decode(W3CHttpResponseCodec.java:53)\r\n\tat org.openqa.selenium.remote.HttpCommandExecutor.execute(HttpCommandExecutor.java:167)\r\n\tat org.openqa.selenium.remote.service.DriverCommandExecutor.execute(DriverCommandExecutor.java:123)\r\n\tat org.openqa.selenium.remote.RemoteWebDriver.execute(RemoteWebDriver.java:501)\r\n\tat org.openqa.selenium.remote.RemoteWebDriver.findElement(RemoteWebDriver.java:332)\r\n\tat org.openqa.selenium.By$ById.findElement(By.java:193)\r\n\tat org.openqa.selenium.remote.RemoteWebDriver.findElement(RemoteWebDriver.java:312)\r\n\tat org.openqa.selenium.support.pagefactory.DefaultElementLocator.findElement(DefaultElementLocator.java:70)\r\n\tat org.openqa.selenium.support.pagefactory.internal.LocatingElementHandler.invoke(LocatingElementHandler.java:39)\r\n\tat jdk.proxy2/jdk.proxy2.$Proxy18.click(Unknown Source)\r\n\tat workflows.nurse.nurseFlows.approvalNurseSign(nurseFlows.java:329)\r\n\tat workflows.nurse.nurseFlows.approvalSolution(nurseFlows.java:206)\r\n\tat sanity.UnitTest.instructionToPatient.BloodProductScenario.test01_nurseApprovalBloodProductToPatient(BloodProductScenario.java:34)\r\n\tat java.base/jdk.internal.reflect.NativeMethodAccessorImpl.invoke0(Native Method)\r\n\tat java.base/jdk.internal.reflect.NativeMethodAccessorImpl.invoke(NativeMethodAccessorImpl.java:77)\r\n\tat java.base/jdk.internal.reflect.DelegatingMethodAccessorImpl.invoke(DelegatingMethodAccessorImpl.java:43)\r\n\tat java.base/java.lang.reflect.Method.invoke(Method.java:568)\r\n\tat org.testng.internal.MethodInvocationHelper.invokeMethod(MethodInvocationHelper.java:133)\r\n\tat org.testng.internal.TestInvoker.invokeMethod(TestInvoker.java:598)\r\n\tat org.testng.internal.TestInvoker.invokeTestMethod(TestInvoker.java:173)\r\n\tat org.testng.internal.MethodRunner.runInSequence(MethodRunner.java:46)\r\n\tat org.testng.internal.TestInvoker$MethodInvocationAgent.invoke(TestInvoker.java:824)\r\n\tat org.testng.internal.TestInvoker.invokeTestMethods(TestInvoker.java:146)\r\n\tat org.testng.internal.TestMethodWorker.invokeTestMethods(TestMethodWorker.java:146)\r\n\tat org.testng.internal.TestMethodWorker.run(TestMethodWorker.java:128)\r\n\tat java.base/java.util.ArrayList.forEach(ArrayList.java:1511)\r\n\tat org.testng.TestRunner.privateRun(TestRunner.java:794)\r\n\tat org.testng.TestRunner.run(TestRunner.java:596)\r\n\tat org.testng.SuiteRunner.runTest(SuiteRunner.java:377)\r\n\tat org.testng.SuiteRunner.runSequentially(SuiteRunner.java:371)\r\n\tat org.testng.SuiteRunner.privateRun(SuiteRunner.java:332)\r\n\tat org.testng.SuiteRunner.run(SuiteRunner.java:276)\r\n\tat org.testng.SuiteRunnerWorker.runSuite(SuiteRunnerWorker.java:53)\r\n\tat org.testng.SuiteRunnerWorker.run(SuiteRunnerWorker.java:96)\r\n\tat org.testng.TestNG.runSuitesSequentially(TestNG.java:1212)\r\n\tat org.testng.TestNG.runSuitesLocally(TestNG.java:1134)\r\n\tat org.testng.TestNG.runSuites(TestNG.java:1063)\r\n\tat org.testng.TestNG.run(TestNG.java:1031)\r\n\tat org.apache.maven.surefire.testng.TestNGExecutor.run(TestNGExecutor.java:283)\r\n\tat org.apache.maven.surefire.testng.TestNGXmlTestSuite.execute(TestNGXmlTestSuite.java:75)\r\n\tat org.apache.maven.surefire.testng.TestNGProvider.invoke(TestNGProvider.java:120)\r\n\tat org.apache.maven.surefire.booter.ForkedBooter.invokeProviderInSameClassLoader(ForkedBooter.java:384)\r\n\tat org.apache.maven.surefire.booter.ForkedBooter.runSuitesInProcess(ForkedBooter.java:345)\r\n\tat org.apache.maven.surefire.booter.ForkedBooter.execute(ForkedBooter.java:126)\r\n\tat org.apache.maven.surefire.booter.ForkedBooter.main(ForkedBooter.java:418)\r\n",
        "steps" : [ ],
        "attachments" : [ ],
        "parameters" : [ ],
        "stepsCount" : 0,
        "hasContent" : true,
        "attachmentsCount" : 0,
        "shouldDisplayMessage" : true
      } ],
      "attachments" : [ ],
      "parameters" : [ {
        "name" : "isSolution",
        "value" : "false"
      }, {
        "name" : "isContinues",
        "value" : "false"
      } ],
      "stepsCount" : 1,
      "hasContent" : true,
      "attachmentsCount" : 0,
      "shouldDisplayMessage" : false
    } ],
    "attachments" : [ {
      "uid" : "3363d4f6a4084d95",
      "name" : "Page Screen-Shot",
      "source" : "3363d4f6a4084d95.png",
      "type" : "image/png",
      "size" : 83976
    } ],
    "parameters" : [ ],
    "stepsCount" : 11,
    "hasContent" : true,
    "attachmentsCount" : 1,
    "shouldDisplayMessage" : false
  },
  "afterStages" : [ {
    "name" : "closeSession",
    "time" : {
      "start" : 1676326591840,
      "stop" : 1676326592131,
      "duration" : 291
    },
    "description" : "",
    "status" : "passed",
    "steps" : [ ],
    "attachments" : [ ],
    "parameters" : [ ],
    "stepsCount" : 0,
    "hasContent" : false,
    "attachmentsCount" : 0,
    "shouldDisplayMessage" : false
  }, {
    "name" : "afterMethod",
    "time" : {
      "start" : 1676326590510,
      "stop" : 1676326591838,
      "duration" : 1328
    },
    "description" : "",
    "status" : "passed",
    "steps" : [ {
      "name" : "Clear Text Element",
      "time" : {
        "start" : 1676326591744,
        "stop" : 1676326591791,
        "duration" : 47
      },
      "status" : "passed",
      "steps" : [ ],
      "attachments" : [ ],
      "parameters" : [ {
        "name" : "elem",
        "value" : "[[ChromeDriver: chrome on WINDOWS (50cf16284275e0e7ec536a0e54bd0c87)] -> id: user_name]"
      } ],
      "stepsCount" : 0,
      "hasContent" : true,
      "attachmentsCount" : 0,
      "shouldDisplayMessage" : false
    }, {
      "name" : "Clear Text Element",
      "time" : {
        "start" : 1676326591796,
        "stop" : 1676326591838,
        "duration" : 42
      },
      "status" : "passed",
      "steps" : [ ],
      "attachments" : [ ],
      "parameters" : [ {
        "name" : "elem",
        "value" : "[[ChromeDriver: chrome on WINDOWS (50cf16284275e0e7ec536a0e54bd0c87)] -> id: password]"
      } ],
      "stepsCount" : 0,
      "hasContent" : true,
      "attachmentsCount" : 0,
      "shouldDisplayMessage" : false
    } ],
    "attachments" : [ ],
    "parameters" : [ ],
    "stepsCount" : 2,
    "hasContent" : true,
    "attachmentsCount" : 0,
    "shouldDisplayMessage" : false
  } ],
  "labels" : [ {
    "name" : "package",
    "value" : "sanity.UnitTest.instructionToPatient.BloodProductScenario"
  }, {
    "name" : "testClass",
    "value" : "sanity.UnitTest.instructionToPatient.BloodProductScenario"
  }, {
    "name" : "testMethod",
    "value" : "test01_nurseApprovalBloodProductToPatient"
  }, {
    "name" : "parentSuite",
    "value" : "SanityTest"
  }, {
    "name" : "suite",
    "value" : "addAllInstructionToPatient"
  }, {
    "name" : "subSuite",
    "value" : "sanity.UnitTest.instructionToPatient.BloodProductScenario"
  }, {
    "name" : "host",
    "value" : "COMPU_EFRAT"
  }, {
    "name" : "thread",
    "value" : "20576@COMPU_EFRAT.main(1)"
  }, {
    "name" : "framework",
    "value" : "testng"
  }, {
    "name" : "language",
    "value" : "java"
  }, {
    "name" : "resultFormat",
    "value" : "allure2"
  } ],
  "parameters" : [ ],
  "links" : [ ],
  "hidden" : false,
  "retry" : false,
  "extra" : {
    "severity" : "normal",
    "retries" : [ {
      "uid" : "7d027ac151f0f825",
      "status" : "broken",
      "statusDetails" : "no such element: Unable to locate element: {\"method\":\"css selector\",\"selector\":\"#approvalDrug\"}\n  (Session info: chrome=108.0.5359.125)\nFor documentation on this error, please visit: https://selenium.dev/exceptions/#no_such_element\nBuild info: version: '4.0.0-alpha-7', revision: 'de8579b6d5'\nSystem info: host: 'COMPU_EFRAT', ip: '172.20.8.167', os.name: 'Windows 10', os.arch: 'amd64', os.version: '10.0', java.version: '17.0.4.1'\nDriver info: org.openqa.selenium.chrome.ChromeDriver\nCapabilities {acceptInsecureCerts: false, browserName: chrome, browserVersion: 108.0.5359.125, chrome: {chromedriverVersion: 108.0.5359.71 (1e0e3868ee06..., userDataDir: C:\\Users\\efeldman\\AppData\\L...}, goog:chromeOptions: {debuggerAddress: localhost:53053}, javascriptEnabled: true, networkConnectionEnabled: false, pageLoadStrategy: normal, platform: WINDOWS, platformName: WINDOWS, proxy: Proxy(), setWindowRect: true, strictFileInteractability: false, timeouts: {implicit: 0, pageLoad: 300000, script: 30000}, unhandledPromptBehavior: dismiss and notify, webauthn:extension:credBlob: true, webauthn:extension:largeBlob: true, webauthn:virtualAuthenticators: true}\nSession ID: bf2bd7b9c998ae9a70c01f8151c1e5b4\n*** Element info: {Using=id, value=approvalDrug}",
      "time" : {
        "start" : 1676240169541,
        "stop" : 1676240183649,
        "duration" : 14108
      }
    }, {
      "uid" : "7415d01164a14ff8",
      "status" : "broken",
      "statusDetails" : "no such element: Unable to locate element: {\"method\":\"css selector\",\"selector\":\"#approvalDrug\"}\n  (Session info: chrome=108.0.5359.125)\nFor documentation on this error, please visit: https://selenium.dev/exceptions/#no_such_element\nBuild info: version: '4.0.0-alpha-7', revision: 'de8579b6d5'\nSystem info: host: 'COMPU_EFRAT', ip: '172.20.8.167', os.name: 'Windows 10', os.arch: 'amd64', os.version: '10.0', java.version: '17.0.4.1'\nDriver info: org.openqa.selenium.chrome.ChromeDriver\nCapabilities {acceptInsecureCerts: false, browserName: chrome, browserVersion: 108.0.5359.125, chrome: {chromedriverVersion: 108.0.5359.71 (1e0e3868ee06..., userDataDir: C:\\Users\\efeldman\\AppData\\L...}, goog:chromeOptions: {debuggerAddress: localhost:49548}, javascriptEnabled: true, networkConnectionEnabled: false, pageLoadStrategy: normal, platform: WINDOWS, platformName: WINDOWS, proxy: Proxy(), setWindowRect: true, strictFileInteractability: false, timeouts: {implicit: 0, pageLoad: 300000, script: 30000}, unhandledPromptBehavior: dismiss and notify, webauthn:extension:credBlob: true, webauthn:extension:largeBlob: true, webauthn:virtualAuthenticators: true}\nSession ID: 643266a3d9c22d0b9ee57240aa293777\n*** Element info: {Using=id, value=approvalDrug}",
      "time" : {
        "start" : 1676153686447,
        "stop" : 1676153700981,
        "duration" : 14534
      }
    }, {
      "uid" : "da9dbbeed7ef20f4",
      "status" : "broken",
      "statusDetails" : "no such element: Unable to locate element: {\"method\":\"css selector\",\"selector\":\"#approvalDrug\"}\n  (Session info: chrome=108.0.5359.125)\nFor documentation on this error, please visit: https://selenium.dev/exceptions/#no_such_element\nBuild info: version: '4.0.0-alpha-7', revision: 'de8579b6d5'\nSystem info: host: 'COMPU_EFRAT', ip: '172.20.8.167', os.name: 'Windows 10', os.arch: 'amd64', os.version: '10.0', java.version: '17.0.4.1'\nDriver info: org.openqa.selenium.chrome.ChromeDriver\nCapabilities {acceptInsecureCerts: false, browserName: chrome, browserVersion: 108.0.5359.125, chrome: {chromedriverVersion: 108.0.5359.71 (1e0e3868ee06..., userDataDir: C:\\Users\\efeldman\\AppData\\L...}, goog:chromeOptions: {debuggerAddress: localhost:56891}, javascriptEnabled: true, networkConnectionEnabled: false, pageLoadStrategy: normal, platform: WINDOWS, platformName: WINDOWS, proxy: Proxy(), setWindowRect: true, strictFileInteractability: false, timeouts: {implicit: 0, pageLoad: 300000, script: 30000}, unhandledPromptBehavior: dismiss and notify, webauthn:extension:credBlob: true, webauthn:extension:largeBlob: true, webauthn:virtualAuthenticators: true}\nSession ID: 223b68c3fd8b2f2fd9b390a454038a3a\n*** Element info: {Using=id, value=approvalDrug}",
      "time" : {
        "start" : 1676067286231,
        "stop" : 1676067299277,
        "duration" : 13046
      }
    }, {
      "uid" : "a4f2e987a689cdd2",
      "status" : "broken",
      "statusDetails" : "no such element: Unable to locate element: {\"method\":\"css selector\",\"selector\":\"#approvalDrug\"}\n  (Session info: chrome=108.0.5359.125)\nFor documentation on this error, please visit: https://selenium.dev/exceptions/#no_such_element\nBuild info: version: '4.0.0-alpha-7', revision: 'de8579b6d5'\nSystem info: host: 'COMPU_EFRAT', ip: '172.20.8.167', os.name: 'Windows 10', os.arch: 'amd64', os.version: '10.0', java.version: '17.0.4.1'\nDriver info: org.openqa.selenium.chrome.ChromeDriver\nCapabilities {acceptInsecureCerts: false, browserName: chrome, browserVersion: 108.0.5359.125, chrome: {chromedriverVersion: 108.0.5359.71 (1e0e3868ee06..., userDataDir: C:\\Users\\efeldman\\AppData\\L...}, goog:chromeOptions: {debuggerAddress: localhost:64176}, javascriptEnabled: true, networkConnectionEnabled: false, pageLoadStrategy: normal, platform: WINDOWS, platformName: WINDOWS, proxy: Proxy(), setWindowRect: true, strictFileInteractability: false, timeouts: {implicit: 0, pageLoad: 300000, script: 30000}, unhandledPromptBehavior: dismiss and notify, webauthn:extension:credBlob: true, webauthn:extension:largeBlob: true, webauthn:virtualAuthenticators: true}\nSession ID: ff2983e566f7b75ea87c0ed5352accb6\n*** Element info: {Using=id, value=approvalDrug}",
      "time" : {
        "start" : 1675980896660,
        "stop" : 1675980909886,
        "duration" : 13226
      }
    }, {
      "uid" : "a4e355e26c284040",
      "status" : "broken",
      "statusDetails" : "no such element: Unable to locate element: {\"method\":\"css selector\",\"selector\":\"#approvalDrug\"}\n  (Session info: chrome=108.0.5359.125)\nFor documentation on this error, please visit: https://selenium.dev/exceptions/#no_such_element\nBuild info: version: '4.0.0-alpha-7', revision: 'de8579b6d5'\nSystem info: host: 'COMPU_EFRAT', ip: '172.20.8.167', os.name: 'Windows 10', os.arch: 'amd64', os.version: '10.0', java.version: '17.0.4.1'\nDriver info: org.openqa.selenium.chrome.ChromeDriver\nCapabilities {acceptInsecureCerts: false, browserName: chrome, browserVersion: 108.0.5359.125, chrome: {chromedriverVersion: 108.0.5359.71 (1e0e3868ee06..., userDataDir: C:\\Users\\efeldman\\AppData\\L...}, goog:chromeOptions: {debuggerAddress: localhost:51359}, javascriptEnabled: true, networkConnectionEnabled: false, pageLoadStrategy: normal, platform: WINDOWS, platformName: WINDOWS, proxy: Proxy(), setWindowRect: true, strictFileInteractability: false, timeouts: {implicit: 0, pageLoad: 300000, script: 30000}, unhandledPromptBehavior: dismiss and notify, webauthn:extension:credBlob: true, webauthn:extension:largeBlob: true, webauthn:virtualAuthenticators: true}\nSession ID: 7b2bda28503915c14e6250524cba70db\n*** Element info: {Using=id, value=approvalDrug}",
      "time" : {
        "start" : 1675894555411,
        "stop" : 1675894568758,
        "duration" : 13347
      }
    }, {
      "uid" : "bead19c856fe4d9d",
      "status" : "broken",
      "statusDetails" : "no such element: Unable to locate element: {\"method\":\"css selector\",\"selector\":\"#approvalDrug\"}\n  (Session info: chrome=108.0.5359.125)\nFor documentation on this error, please visit: https://selenium.dev/exceptions/#no_such_element\nBuild info: version: '4.0.0-alpha-7', revision: 'de8579b6d5'\nSystem info: host: 'COMPU_EFRAT', ip: '172.20.8.167', os.name: 'Windows 10', os.arch: 'amd64', os.version: '10.0', java.version: '17.0.4.1'\nDriver info: org.openqa.selenium.chrome.ChromeDriver\nCapabilities {acceptInsecureCerts: false, browserName: chrome, browserVersion: 108.0.5359.125, chrome: {chromedriverVersion: 108.0.5359.71 (1e0e3868ee06..., userDataDir: C:\\Users\\efeldman\\AppData\\L...}, goog:chromeOptions: {debuggerAddress: localhost:63421}, javascriptEnabled: true, networkConnectionEnabled: false, pageLoadStrategy: normal, platform: WINDOWS, platformName: WINDOWS, proxy: Proxy(), setWindowRect: true, strictFileInteractability: false, timeouts: {implicit: 0, pageLoad: 300000, script: 30000}, unhandledPromptBehavior: dismiss and notify, webauthn:extension:credBlob: true, webauthn:extension:largeBlob: true, webauthn:virtualAuthenticators: true}\nSession ID: 0d00d829825768572c3f232047dd3078\n*** Element info: {Using=id, value=approvalDrug}",
      "time" : {
        "start" : 1675808158876,
        "stop" : 1675808173755,
        "duration" : 14879
      }
    }, {
      "uid" : "277f9c498c7e8014",
      "status" : "broken",
      "statusDetails" : "no such element: Unable to locate element: {\"method\":\"css selector\",\"selector\":\"#approvalDrug\"}\n  (Session info: chrome=108.0.5359.125)\nFor documentation on this error, please visit: https://selenium.dev/exceptions/#no_such_element\nBuild info: version: '4.0.0-alpha-7', revision: 'de8579b6d5'\nSystem info: host: 'COMPU_EFRAT', ip: '172.20.8.167', os.name: 'Windows 10', os.arch: 'amd64', os.version: '10.0', java.version: '17.0.4.1'\nDriver info: org.openqa.selenium.chrome.ChromeDriver\nCapabilities {acceptInsecureCerts: false, browserName: chrome, browserVersion: 108.0.5359.125, chrome: {chromedriverVersion: 108.0.5359.71 (1e0e3868ee06..., userDataDir: C:\\Users\\efeldman\\AppData\\L...}, goog:chromeOptions: {debuggerAddress: localhost:57210}, javascriptEnabled: true, networkConnectionEnabled: false, pageLoadStrategy: normal, platform: WINDOWS, platformName: WINDOWS, proxy: Proxy(), setWindowRect: true, strictFileInteractability: false, timeouts: {implicit: 0, pageLoad: 300000, script: 30000}, unhandledPromptBehavior: dismiss and notify, webauthn:extension:credBlob: true, webauthn:extension:largeBlob: true, webauthn:virtualAuthenticators: true}\nSession ID: 765b2cd22908f4118c593af13fac04ac\n*** Element info: {Using=id, value=approvalDrug}",
      "time" : {
        "start" : 1675721762613,
        "stop" : 1675721777335,
        "duration" : 14722
      }
    }, {
      "uid" : "1b2c827a32580657",
      "status" : "broken",
      "statusDetails" : "Index 0 out of bounds for length 0",
      "time" : {
        "start" : 1675635343562,
        "stop" : 1675635353541,
        "duration" : 9979
      }
    }, {
      "uid" : "96ac7bad458f996c",
      "status" : "broken",
      "statusDetails" : "Index 0 out of bounds for length 0",
      "time" : {
        "start" : 1675548931730,
        "stop" : 1675548941268,
        "duration" : 9538
      }
    }, {
      "uid" : "e495eb9984cacd51",
      "status" : "broken",
      "statusDetails" : "Index 0 out of bounds for length 0",
      "time" : {
        "start" : 1675462556499,
        "stop" : 1675462567017,
        "duration" : 10518
      }
    }, {
      "uid" : "215e0baad1196a20",
      "status" : "broken",
      "statusDetails" : "Index 0 out of bounds for length 0",
      "time" : {
        "start" : 1675376132005,
        "stop" : 1675376140779,
        "duration" : 8774
      }
    }, {
      "uid" : "ecdf141a1037f066",
      "status" : "broken",
      "statusDetails" : "Index 0 out of bounds for length 0",
      "time" : {
        "start" : 1675289760829,
        "stop" : 1675289770396,
        "duration" : 9567
      }
    }, {
      "uid" : "a2d8caa6caf170ad",
      "status" : "broken",
      "statusDetails" : "Index 0 out of bounds for length 0",
      "time" : {
        "start" : 1675203378176,
        "stop" : 1675203388671,
        "duration" : 10495
      }
    } ],
    "categories" : [ {
      "name" : "Test defects",
      "matchedStatuses" : [ ],
      "flaky" : false
    } ],
    "history" : {
      "statistic" : {
        "failed" : 0,
        "broken" : 5,
        "skipped" : 0,
        "passed" : 0,
        "unknown" : 0,
        "total" : 5
      },
      "items" : [ {
        "uid" : "af49bcb9dbeb542a",
        "reportUrl" : "http://localhost:8080/job/goToMedicinePrepInNight/81/allure/#testresult/af49bcb9dbeb542a",
        "status" : "broken",
        "statusDetails" : "no such element: Unable to locate element: {\"method\":\"css selector\",\"selector\":\"#approvalDrug\"}\n  (Session info: chrome=108.0.5359.125)\nFor documentation on this error, please visit: https://selenium.dev/exceptions/#no_such_element\nBuild info: version: '4.0.0-alpha-7', revision: 'de8579b6d5'\nSystem info: host: 'COMPU_EFRAT', ip: '172.20.8.167', os.name: 'Windows 10', os.arch: 'amd64', os.version: '10.0', java.version: '17.0.4.1'\nDriver info: org.openqa.selenium.chrome.ChromeDriver\nCapabilities {acceptInsecureCerts: false, browserName: chrome, browserVersion: 108.0.5359.125, chrome: {chromedriverVersion: 108.0.5359.71 (1e0e3868ee06..., userDataDir: C:\\Users\\efeldman\\AppData\\L...}, goog:chromeOptions: {debuggerAddress: localhost:53053}, javascriptEnabled: true, networkConnectionEnabled: false, pageLoadStrategy: normal, platform: WINDOWS, platformName: WINDOWS, proxy: Proxy(), setWindowRect: true, strictFileInteractability: false, timeouts: {implicit: 0, pageLoad: 300000, script: 30000}, unhandledPromptBehavior: dismiss and notify, webauthn:extension:credBlob: true, webauthn:extension:largeBlob: true, webauthn:virtualAuthenticators: true}\nSession ID: bf2bd7b9c998ae9a70c01f8151c1e5b4\n*** Element info: {Using=id, value=approvalDrug}",
        "time" : {
          "start" : 1676240169541,
          "stop" : 1676240183649,
          "duration" : 14108
        }
      }, {
        "uid" : "2b1c67ffb98c0342",
        "reportUrl" : "http://localhost:8080/job/goToMedicinePrepInNight/80/allure/#testresult/2b1c67ffb98c0342",
        "status" : "broken",
        "statusDetails" : "no such element: Unable to locate element: {\"method\":\"css selector\",\"selector\":\"#approvalDrug\"}\n  (Session info: chrome=108.0.5359.125)\nFor documentation on this error, please visit: https://selenium.dev/exceptions/#no_such_element\nBuild info: version: '4.0.0-alpha-7', revision: 'de8579b6d5'\nSystem info: host: 'COMPU_EFRAT', ip: '172.20.8.167', os.name: 'Windows 10', os.arch: 'amd64', os.version: '10.0', java.version: '17.0.4.1'\nDriver info: org.openqa.selenium.chrome.ChromeDriver\nCapabilities {acceptInsecureCerts: false, browserName: chrome, browserVersion: 108.0.5359.125, chrome: {chromedriverVersion: 108.0.5359.71 (1e0e3868ee06..., userDataDir: C:\\Users\\efeldman\\AppData\\L...}, goog:chromeOptions: {debuggerAddress: localhost:49548}, javascriptEnabled: true, networkConnectionEnabled: false, pageLoadStrategy: normal, platform: WINDOWS, platformName: WINDOWS, proxy: Proxy(), setWindowRect: true, strictFileInteractability: false, timeouts: {implicit: 0, pageLoad: 300000, script: 30000}, unhandledPromptBehavior: dismiss and notify, webauthn:extension:credBlob: true, webauthn:extension:largeBlob: true, webauthn:virtualAuthenticators: true}\nSession ID: 643266a3d9c22d0b9ee57240aa293777\n*** Element info: {Using=id, value=approvalDrug}",
        "time" : {
          "start" : 1676153686447,
          "stop" : 1676153700981,
          "duration" : 14534
        }
      }, {
        "uid" : "e54ab99a4fb5d426",
        "reportUrl" : "http://localhost:8080/job/goToMedicinePrepInNight/79/allure/#testresult/e54ab99a4fb5d426",
        "status" : "broken",
        "statusDetails" : "no such element: Unable to locate element: {\"method\":\"css selector\",\"selector\":\"#approvalDrug\"}\n  (Session info: chrome=108.0.5359.125)\nFor documentation on this error, please visit: https://selenium.dev/exceptions/#no_such_element\nBuild info: version: '4.0.0-alpha-7', revision: 'de8579b6d5'\nSystem info: host: 'COMPU_EFRAT', ip: '172.20.8.167', os.name: 'Windows 10', os.arch: 'amd64', os.version: '10.0', java.version: '17.0.4.1'\nDriver info: org.openqa.selenium.chrome.ChromeDriver\nCapabilities {acceptInsecureCerts: false, browserName: chrome, browserVersion: 108.0.5359.125, chrome: {chromedriverVersion: 108.0.5359.71 (1e0e3868ee06..., userDataDir: C:\\Users\\efeldman\\AppData\\L...}, goog:chromeOptions: {debuggerAddress: localhost:56891}, javascriptEnabled: true, networkConnectionEnabled: false, pageLoadStrategy: normal, platform: WINDOWS, platformName: WINDOWS, proxy: Proxy(), setWindowRect: true, strictFileInteractability: false, timeouts: {implicit: 0, pageLoad: 300000, script: 30000}, unhandledPromptBehavior: dismiss and notify, webauthn:extension:credBlob: true, webauthn:extension:largeBlob: true, webauthn:virtualAuthenticators: true}\nSession ID: 223b68c3fd8b2f2fd9b390a454038a3a\n*** Element info: {Using=id, value=approvalDrug}",
        "time" : {
          "start" : 1676067286231,
          "stop" : 1676067299277,
          "duration" : 13046
        }
      }, {
        "uid" : "ca6d9f23744b527e",
        "reportUrl" : "http://localhost:8080/job/goToMedicinePrepInNight/77/allure/#testresult/ca6d9f23744b527e",
        "status" : "broken",
        "statusDetails" : "no such element: Unable to locate element: {\"method\":\"css selector\",\"selector\":\"#approvalDrug\"}\n  (Session info: chrome=108.0.5359.125)\nFor documentation on this error, please visit: https://selenium.dev/exceptions/#no_such_element\nBuild info: version: '4.0.0-alpha-7', revision: 'de8579b6d5'\nSystem info: host: 'COMPU_EFRAT', ip: '172.20.8.167', os.name: 'Windows 10', os.arch: 'amd64', os.version: '10.0', java.version: '17.0.4.1'\nDriver info: org.openqa.selenium.chrome.ChromeDriver\nCapabilities {acceptInsecureCerts: false, browserName: chrome, browserVersion: 108.0.5359.125, chrome: {chromedriverVersion: 108.0.5359.71 (1e0e3868ee06..., userDataDir: C:\\Users\\efeldman\\AppData\\L...}, goog:chromeOptions: {debuggerAddress: localhost:51359}, javascriptEnabled: true, networkConnectionEnabled: false, pageLoadStrategy: normal, platform: WINDOWS, platformName: WINDOWS, proxy: Proxy(), setWindowRect: true, strictFileInteractability: false, timeouts: {implicit: 0, pageLoad: 300000, script: 30000}, unhandledPromptBehavior: dismiss and notify, webauthn:extension:credBlob: true, webauthn:extension:largeBlob: true, webauthn:virtualAuthenticators: true}\nSession ID: 7b2bda28503915c14e6250524cba70db\n*** Element info: {Using=id, value=approvalDrug}",
        "time" : {
          "start" : 1675894555411,
          "stop" : 1675894568758,
          "duration" : 13347
        }
      } ]
    },
    "tags" : [ ]
  },
  "source" : "7da338d2e1c210da.json",
  "parameterValues" : [ ]
}