{
  "uid" : "7e99869352de6e87",
  "name" : "add drug once-only emergency ",
  "fullName" : "sanity.UnitTest.emergency.DoctorEmergency.test03_addDrugOnceOnly",
  "historyId" : "98c56e973542d417e36fa463e140c2f5",
  "time" : {
    "start" : 1676326749028,
    "stop" : 1676326768245,
    "duration" : 19217
  },
  "description" : "add drug once-only emergency ",
  "descriptionHtml" : "<p>add drug once-only emergency</p>\n",
  "status" : "failed",
  "statusMessage" : "null",
  "statusTrace" : "java.lang.AssertionError: null\r\n\tat org.testng.Assert.fail(Assert.java:99)\r\n\tat org.testng.Assert.fail(Assert.java:106)\r\n\tat extensions.Verifications.isNotDisplay(Verifications.java:78)\r\n\tat workflows.doctor.drugFlows.addAndSaveDrugOnceOnlyToPatient(drugFlows.java:23)\r\n\tat sanity.UnitTest.emergency.DoctorEmergency.test03_addDrugOnceOnly(DoctorEmergency.java:58)\r\n\tat java.base/jdk.internal.reflect.NativeMethodAccessorImpl.invoke0(Native Method)\r\n\tat java.base/jdk.internal.reflect.NativeMethodAccessorImpl.invoke(NativeMethodAccessorImpl.java:77)\r\n\tat java.base/jdk.internal.reflect.DelegatingMethodAccessorImpl.invoke(DelegatingMethodAccessorImpl.java:43)\r\n\tat java.base/java.lang.reflect.Method.invoke(Method.java:568)\r\n\tat org.testng.internal.MethodInvocationHelper.invokeMethod(MethodInvocationHelper.java:133)\r\n\tat org.testng.internal.TestInvoker.invokeMethod(TestInvoker.java:598)\r\n\tat org.testng.internal.TestInvoker.invokeTestMethod(TestInvoker.java:173)\r\n\tat org.testng.internal.MethodRunner.runInSequence(MethodRunner.java:46)\r\n\tat org.testng.internal.TestInvoker$MethodInvocationAgent.invoke(TestInvoker.java:824)\r\n\tat org.testng.internal.TestInvoker.invokeTestMethods(TestInvoker.java:146)\r\n\tat org.testng.internal.TestMethodWorker.invokeTestMethods(TestMethodWorker.java:146)\r\n\tat org.testng.internal.TestMethodWorker.run(TestMethodWorker.java:128)\r\n\tat java.base/java.util.ArrayList.forEach(ArrayList.java:1511)\r\n\tat org.testng.TestRunner.privateRun(TestRunner.java:794)\r\n\tat org.testng.TestRunner.run(TestRunner.java:596)\r\n\tat org.testng.SuiteRunner.runTest(SuiteRunner.java:377)\r\n\tat org.testng.SuiteRunner.runSequentially(SuiteRunner.java:371)\r\n\tat org.testng.SuiteRunner.privateRun(SuiteRunner.java:332)\r\n\tat org.testng.SuiteRunner.run(SuiteRunner.java:276)\r\n\tat org.testng.SuiteRunnerWorker.runSuite(SuiteRunnerWorker.java:53)\r\n\tat org.testng.SuiteRunnerWorker.run(SuiteRunnerWorker.java:96)\r\n\tat org.testng.TestNG.runSuitesSequentially(TestNG.java:1212)\r\n\tat org.testng.TestNG.runSuitesLocally(TestNG.java:1134)\r\n\tat org.testng.TestNG.runSuites(TestNG.java:1063)\r\n\tat org.testng.TestNG.run(TestNG.java:1031)\r\n\tat org.apache.maven.surefire.testng.TestNGExecutor.run(TestNGExecutor.java:283)\r\n\tat org.apache.maven.surefire.testng.TestNGXmlTestSuite.execute(TestNGXmlTestSuite.java:75)\r\n\tat org.apache.maven.surefire.testng.TestNGProvider.invoke(TestNGProvider.java:120)\r\n\tat org.apache.maven.surefire.booter.ForkedBooter.invokeProviderInSameClassLoader(ForkedBooter.java:384)\r\n\tat org.apache.maven.surefire.booter.ForkedBooter.runSuitesInProcess(ForkedBooter.java:345)\r\n\tat org.apache.maven.surefire.booter.ForkedBooter.execute(ForkedBooter.java:126)\r\n\tat org.apache.maven.surefire.booter.ForkedBooter.main(ForkedBooter.java:418)\r\n",
  "flaky" : false,
  "newFailed" : false,
  "beforeStages" : [ {
    "name" : "startSession",
    "time" : {
      "start" : 1676326715167,
      "stop" : 1676326720712,
      "duration" : 5545
    },
    "description" : "",
    "status" : "passed",
    "steps" : [ ],
    "attachments" : [ ],
    "parameters" : [ ],
    "stepsCount" : 0,
    "hasContent" : false,
    "attachmentsCount" : 0,
    "shouldDisplayMessage" : false
  }, {
    "name" : "BeforeSuite",
    "time" : {
      "start" : 1676326213056,
      "stop" : 1676326213456,
      "duration" : 400
    },
    "description" : "",
    "status" : "passed",
    "steps" : [ ],
    "attachments" : [ ],
    "parameters" : [ ],
    "stepsCount" : 0,
    "hasContent" : false,
    "attachmentsCount" : 0,
    "shouldDisplayMessage" : false
  } ],
  "testStage" : {
    "description" : "add drug once-only emergency ",
    "status" : "failed",
    "statusMessage" : "null",
    "statusTrace" : "java.lang.AssertionError: null\r\n\tat org.testng.Assert.fail(Assert.java:99)\r\n\tat org.testng.Assert.fail(Assert.java:106)\r\n\tat extensions.Verifications.isNotDisplay(Verifications.java:78)\r\n\tat workflows.doctor.drugFlows.addAndSaveDrugOnceOnlyToPatient(drugFlows.java:23)\r\n\tat sanity.UnitTest.emergency.DoctorEmergency.test03_addDrugOnceOnly(DoctorEmergency.java:58)\r\n\tat java.base/jdk.internal.reflect.NativeMethodAccessorImpl.invoke0(Native Method)\r\n\tat java.base/jdk.internal.reflect.NativeMethodAccessorImpl.invoke(NativeMethodAccessorImpl.java:77)\r\n\tat java.base/jdk.internal.reflect.DelegatingMethodAccessorImpl.invoke(DelegatingMethodAccessorImpl.java:43)\r\n\tat java.base/java.lang.reflect.Method.invoke(Method.java:568)\r\n\tat org.testng.internal.MethodInvocationHelper.invokeMethod(MethodInvocationHelper.java:133)\r\n\tat org.testng.internal.TestInvoker.invokeMethod(TestInvoker.java:598)\r\n\tat org.testng.internal.TestInvoker.invokeTestMethod(TestInvoker.java:173)\r\n\tat org.testng.internal.MethodRunner.runInSequence(MethodRunner.java:46)\r\n\tat org.testng.internal.TestInvoker$MethodInvocationAgent.invoke(TestInvoker.java:824)\r\n\tat org.testng.internal.TestInvoker.invokeTestMethods(TestInvoker.java:146)\r\n\tat org.testng.internal.TestMethodWorker.invokeTestMethods(TestMethodWorker.java:146)\r\n\tat org.testng.internal.TestMethodWorker.run(TestMethodWorker.java:128)\r\n\tat java.base/java.util.ArrayList.forEach(ArrayList.java:1511)\r\n\tat org.testng.TestRunner.privateRun(TestRunner.java:794)\r\n\tat org.testng.TestRunner.run(TestRunner.java:596)\r\n\tat org.testng.SuiteRunner.runTest(SuiteRunner.java:377)\r\n\tat org.testng.SuiteRunner.runSequentially(SuiteRunner.java:371)\r\n\tat org.testng.SuiteRunner.privateRun(SuiteRunner.java:332)\r\n\tat org.testng.SuiteRunner.run(SuiteRunner.java:276)\r\n\tat org.testng.SuiteRunnerWorker.runSuite(SuiteRunnerWorker.java:53)\r\n\tat org.testng.SuiteRunnerWorker.run(SuiteRunnerWorker.java:96)\r\n\tat org.testng.TestNG.runSuitesSequentially(TestNG.java:1212)\r\n\tat org.testng.TestNG.runSuitesLocally(TestNG.java:1134)\r\n\tat org.testng.TestNG.runSuites(TestNG.java:1063)\r\n\tat org.testng.TestNG.run(TestNG.java:1031)\r\n\tat org.apache.maven.surefire.testng.TestNGExecutor.run(TestNGExecutor.java:283)\r\n\tat org.apache.maven.surefire.testng.TestNGXmlTestSuite.execute(TestNGXmlTestSuite.java:75)\r\n\tat org.apache.maven.surefire.testng.TestNGProvider.invoke(TestNGProvider.java:120)\r\n\tat org.apache.maven.surefire.booter.ForkedBooter.invokeProviderInSameClassLoader(ForkedBooter.java:384)\r\n\tat org.apache.maven.surefire.booter.ForkedBooter.runSuitesInProcess(ForkedBooter.java:345)\r\n\tat org.apache.maven.surefire.booter.ForkedBooter.execute(ForkedBooter.java:126)\r\n\tat org.apache.maven.surefire.booter.ForkedBooter.main(ForkedBooter.java:418)\r\n",
    "steps" : [ {
      "name" : " Login With Choose Role",
      "time" : {
        "start" : 1676326749028,
        "stop" : 1676326749657,
        "duration" : 629
      },
      "status" : "passed",
      "steps" : [ {
        "name" : "Update Text Element",
        "time" : {
          "start" : 1676326749036,
          "stop" : 1676326749101,
          "duration" : 65
        },
        "status" : "passed",
        "steps" : [ ],
        "attachments" : [ ],
        "parameters" : [ {
          "name" : "elem",
          "value" : "[[ChromeDriver: chrome on WINDOWS (5825913546f5ffff3a336a2bb3698b87)] -> id: user_name]"
        }, {
          "name" : "text",
          "value" : "test"
        } ],
        "stepsCount" : 0,
        "hasContent" : true,
        "attachmentsCount" : 0,
        "shouldDisplayMessage" : false
      }, {
        "name" : "Update Text Element",
        "time" : {
          "start" : 1676326749108,
          "stop" : 1676326749181,
          "duration" : 73
        },
        "status" : "passed",
        "steps" : [ ],
        "attachments" : [ ],
        "parameters" : [ {
          "name" : "elem",
          "value" : "[[ChromeDriver: chrome on WINDOWS (5825913546f5ffff3a336a2bb3698b87)] -> id: password]"
        }, {
          "name" : "text",
          "value" : "Te231121"
        } ],
        "stepsCount" : 0,
        "hasContent" : true,
        "attachmentsCount" : 0,
        "shouldDisplayMessage" : false
      }, {
        "name" : "Click on Element",
        "time" : {
          "start" : 1676326749190,
          "stop" : 1676326749261,
          "duration" : 71
        },
        "status" : "passed",
        "steps" : [ ],
        "attachments" : [ ],
        "parameters" : [ {
          "name" : "elem",
          "value" : "[[ChromeDriver: chrome on WINDOWS (5825913546f5ffff3a336a2bb3698b87)] -> id: submitBtn]"
        } ],
        "stepsCount" : 0,
        "hasContent" : true,
        "attachmentsCount" : 0,
        "shouldDisplayMessage" : false
      }, {
        "name" : "Select text from List",
        "time" : {
          "start" : 1676326749583,
          "stop" : 1676326749657,
          "duration" : 74
        },
        "status" : "passed",
        "steps" : [ {
          "name" : "Click on Element",
          "time" : {
            "start" : 1676326749606,
            "stop" : 1676326749657,
            "duration" : 51
          },
          "status" : "passed",
          "steps" : [ ],
          "attachments" : [ ],
          "parameters" : [ {
            "name" : "elem",
            "value" : "[[ChromeDriver: chrome on WINDOWS (5825913546f5ffff3a336a2bb3698b87)] -> tag name: li]"
          } ],
          "stepsCount" : 0,
          "hasContent" : true,
          "attachmentsCount" : 0,
          "shouldDisplayMessage" : false
        } ],
        "attachments" : [ ],
        "parameters" : [ {
          "name" : "list",
          "value" : "[[[ChromeDriver: chrome on WINDOWS (5825913546f5ffff3a336a2bb3698b87)] -> tag name: li], [[ChromeDriver: chrome on WINDOWS (5825913546f5ffff3a336a2bb3698b87)] -> tag name: li], [[ChromeDriver: chrome on WINDOWS (5825913546f5ffff3a336a2bb3698b87)] -> tag name: li], [[ChromeDriver: chrome on WINDOWS (5825913546f5ffff3a336a2bb3698b87)] -> tag name: li], [[ChromeDriver: chrome on WINDOWS (5825913546f5ffff3a336a2bb3698b87)] -> tag name: li], [[ChromeDriver: chrome on WINDOWS (5825913546f5ffff3a336a2bb3698b87)] -> tag name: li], [[ChromeDriver: chrome on WINDOWS (5825913546f5ffff3a336a2bb3698b87)] -> tag name: li], [[ChromeDriver: chrome on WINDOWS (5825913546f5ffff3a336a2bb3698b87)] -> tag name: li], [[ChromeDriver: chrome on WINDOWS (5825913546f5ffff3a336a2bb3698b87)] -> tag name: li]]"
        }, {
          "name" : "text",
          "value" : "רופא"
        } ],
        "stepsCount" : 1,
        "hasContent" : true,
        "attachmentsCount" : 0,
        "shouldDisplayMessage" : false
      } ],
      "attachments" : [ ],
      "parameters" : [ {
        "name" : "r",
        "value" : "d"
      } ],
      "stepsCount" : 5,
      "hasContent" : true,
      "attachmentsCount" : 0,
      "shouldDisplayMessage" : false
    }, {
      "name" : "choose department",
      "time" : {
        "start" : 1676326749657,
        "stop" : 1676326753587,
        "duration" : 3930
      },
      "status" : "passed",
      "steps" : [ {
        "name" : "Click on Element",
        "time" : {
          "start" : 1676326750343,
          "stop" : 1676326751026,
          "duration" : 683
        },
        "status" : "passed",
        "steps" : [ ],
        "attachments" : [ ],
        "parameters" : [ {
          "name" : "elem",
          "value" : "[[ChromeDriver: chrome on WINDOWS (5825913546f5ffff3a336a2bb3698b87)] -> id: dropdownBasic1]"
        } ],
        "stepsCount" : 0,
        "hasContent" : true,
        "attachmentsCount" : 0,
        "shouldDisplayMessage" : false
      }, {
        "name" : "Click on Element",
        "time" : {
          "start" : 1676326753484,
          "stop" : 1676326753587,
          "duration" : 103
        },
        "status" : "passed",
        "steps" : [ ],
        "attachments" : [ ],
        "parameters" : [ {
          "name" : "elem",
          "value" : "[[ChromeDriver: chrome on WINDOWS (5825913546f5ffff3a336a2bb3698b87)] -> xpath: //ngb-typeahead-window//button]"
        } ],
        "stepsCount" : 0,
        "hasContent" : true,
        "attachmentsCount" : 0,
        "shouldDisplayMessage" : false
      } ],
      "attachments" : [ ],
      "parameters" : [ {
        "name" : "dep",
        "value" : "חדר מיון"
      } ],
      "stepsCount" : 2,
      "hasContent" : true,
      "attachmentsCount" : 0,
      "shouldDisplayMessage" : false
    }, {
      "name" : " patientBoxEntry",
      "time" : {
        "start" : 1676326753587,
        "stop" : 1676326755687,
        "duration" : 2100
      },
      "status" : "passed",
      "steps" : [ {
        "name" : "Click on Element",
        "time" : {
          "start" : 1676326754353,
          "stop" : 1676326754408,
          "duration" : 55
        },
        "status" : "passed",
        "steps" : [ ],
        "attachments" : [ ],
        "parameters" : [ {
          "name" : "elem",
          "value" : "[[ChromeDriver: chrome on WINDOWS (5825913546f5ffff3a336a2bb3698b87)] -> xpath: //p-table[contains(@class,'depMeushpazim-table patients-table')]//tr]"
        } ],
        "stepsCount" : 0,
        "hasContent" : true,
        "attachmentsCount" : 0,
        "shouldDisplayMessage" : false
      }, {
        "name" : "Verify Text in Element",
        "time" : {
          "start" : 1676326755661,
          "stop" : 1676326755687,
          "duration" : 26
        },
        "status" : "passed",
        "steps" : [ ],
        "attachments" : [ ],
        "parameters" : [ {
          "name" : "elem",
          "value" : "[[ChromeDriver: chrome on WINDOWS (5825913546f5ffff3a336a2bb3698b87)] -> xpath: //span[@class='value-label']]"
        }, {
          "name" : "expected",
          "value" : "מס' שרות:"
        } ],
        "stepsCount" : 0,
        "hasContent" : true,
        "attachmentsCount" : 0,
        "shouldDisplayMessage" : false
      } ],
      "attachments" : [ ],
      "parameters" : [ {
        "name" : "index",
        "value" : "1"
      } ],
      "stepsCount" : 2,
      "hasContent" : true,
      "attachmentsCount" : 0,
      "shouldDisplayMessage" : false
    }, {
      "name" : "add and save the drug as once-only to patient",
      "time" : {
        "start" : 1676326755687,
        "stop" : 1676326768075,
        "duration" : 12388
      },
      "status" : "failed",
      "statusMessage" : "null",
      "statusTrace" : "java.lang.AssertionError: null\r\n\tat org.testng.Assert.fail(Assert.java:99)\r\n\tat org.testng.Assert.fail(Assert.java:106)\r\n\tat extensions.Verifications.isNotDisplay(Verifications.java:78)\r\n\tat workflows.doctor.drugFlows.addAndSaveDrugOnceOnlyToPatient(drugFlows.java:23)\r\n\tat sanity.UnitTest.emergency.DoctorEmergency.test03_addDrugOnceOnly(DoctorEmergency.java:58)\r\n\tat java.base/jdk.internal.reflect.NativeMethodAccessorImpl.invoke0(Native Method)\r\n\tat java.base/jdk.internal.reflect.NativeMethodAccessorImpl.invoke(NativeMethodAccessorImpl.java:77)\r\n\tat java.base/jdk.internal.reflect.DelegatingMethodAccessorImpl.invoke(DelegatingMethodAccessorImpl.java:43)\r\n\tat java.base/java.lang.reflect.Method.invoke(Method.java:568)\r\n\tat org.testng.internal.MethodInvocationHelper.invokeMethod(MethodInvocationHelper.java:133)\r\n\tat org.testng.internal.TestInvoker.invokeMethod(TestInvoker.java:598)\r\n\tat org.testng.internal.TestInvoker.invokeTestMethod(TestInvoker.java:173)\r\n\tat org.testng.internal.MethodRunner.runInSequence(MethodRunner.java:46)\r\n\tat org.testng.internal.TestInvoker$MethodInvocationAgent.invoke(TestInvoker.java:824)\r\n\tat org.testng.internal.TestInvoker.invokeTestMethods(TestInvoker.java:146)\r\n\tat org.testng.internal.TestMethodWorker.invokeTestMethods(TestMethodWorker.java:146)\r\n\tat org.testng.internal.TestMethodWorker.run(TestMethodWorker.java:128)\r\n\tat java.base/java.util.ArrayList.forEach(ArrayList.java:1511)\r\n\tat org.testng.TestRunner.privateRun(TestRunner.java:794)\r\n\tat org.testng.TestRunner.run(TestRunner.java:596)\r\n\tat org.testng.SuiteRunner.runTest(SuiteRunner.java:377)\r\n\tat org.testng.SuiteRunner.runSequentially(SuiteRunner.java:371)\r\n\tat org.testng.SuiteRunner.privateRun(SuiteRunner.java:332)\r\n\tat org.testng.SuiteRunner.run(SuiteRunner.java:276)\r\n\tat org.testng.SuiteRunnerWorker.runSuite(SuiteRunnerWorker.java:53)\r\n\tat org.testng.SuiteRunnerWorker.run(SuiteRunnerWorker.java:96)\r\n\tat org.testng.TestNG.runSuitesSequentially(TestNG.java:1212)\r\n\tat org.testng.TestNG.runSuitesLocally(TestNG.java:1134)\r\n\tat org.testng.TestNG.runSuites(TestNG.java:1063)\r\n\tat org.testng.TestNG.run(TestNG.java:1031)\r\n\tat org.apache.maven.surefire.testng.TestNGExecutor.run(TestNGExecutor.java:283)\r\n\tat org.apache.maven.surefire.testng.TestNGXmlTestSuite.execute(TestNGXmlTestSuite.java:75)\r\n\tat org.apache.maven.surefire.testng.TestNGProvider.invoke(TestNGProvider.java:120)\r\n\tat org.apache.maven.surefire.booter.ForkedBooter.invokeProviderInSameClassLoader(ForkedBooter.java:384)\r\n\tat org.apache.maven.surefire.booter.ForkedBooter.runSuitesInProcess(ForkedBooter.java:345)\r\n\tat org.apache.maven.surefire.booter.ForkedBooter.execute(ForkedBooter.java:126)\r\n\tat org.apache.maven.surefire.booter.ForkedBooter.main(ForkedBooter.java:418)\r\n",
      "steps" : [ {
        "name" : " click on newDrug",
        "time" : {
          "start" : 1676326755687,
          "stop" : 1676326765383,
          "duration" : 9696
        },
        "status" : "passed",
        "steps" : [ {
          "name" : "Click on Element",
          "time" : {
            "start" : 1676326760266,
            "stop" : 1676326760372,
            "duration" : 106
          },
          "status" : "passed",
          "steps" : [ ],
          "attachments" : [ ],
          "parameters" : [ {
            "name" : "elem",
            "value" : "[[ChromeDriver: chrome on WINDOWS (5825913546f5ffff3a336a2bb3698b87)] -> id: btnAddMedicine]"
          } ],
          "stepsCount" : 0,
          "hasContent" : true,
          "attachmentsCount" : 0,
          "shouldDisplayMessage" : false
        } ],
        "attachments" : [ ],
        "parameters" : [ ],
        "stepsCount" : 1,
        "hasContent" : true,
        "attachmentsCount" : 0,
        "shouldDisplayMessage" : false
      }, {
        "name" : " fill DrugForm for addNewDrugOnceOnly",
        "time" : {
          "start" : 1676326765383,
          "stop" : 1676326767125,
          "duration" : 1742
        },
        "status" : "passed",
        "steps" : [ {
          "name" : " Fill Drug's Details",
          "time" : {
            "start" : 1676326765383,
            "stop" : 1676326766946,
            "duration" : 1563
          },
          "status" : "passed",
          "steps" : [ {
            "name" : " confirm same instruction",
            "time" : {
              "start" : 1676326765875,
              "stop" : 1676326766946,
              "duration" : 1071
            },
            "status" : "passed",
            "steps" : [ ],
            "attachments" : [ ],
            "parameters" : [ ],
            "stepsCount" : 0,
            "hasContent" : false,
            "attachmentsCount" : 0,
            "shouldDisplayMessage" : false
          } ],
          "attachments" : [ ],
          "parameters" : [ {
            "name" : "drugName",
            "value" : "TAB acetylsalicylic acid 100mg (GODAMED)"
          }, {
            "name" : "dosage",
            "value" : "null"
          }, {
            "name" : "routeAdministration",
            "value" : "null"
          } ],
          "stepsCount" : 1,
          "hasContent" : true,
          "attachmentsCount" : 0,
          "shouldDisplayMessage" : false
        }, {
          "name" : "Update Text Element",
          "time" : {
            "start" : 1676326766992,
            "stop" : 1676326767082,
            "duration" : 90
          },
          "status" : "passed",
          "steps" : [ ],
          "attachments" : [ ],
          "parameters" : [ {
            "name" : "elem",
            "value" : "[[ChromeDriver: chrome on WINDOWS (5825913546f5ffff3a336a2bb3698b87)] -> id: drugComment]"
          }, {
            "name" : "text",
            "value" : "בדיקות אוטו'"
          } ],
          "stepsCount" : 0,
          "hasContent" : true,
          "attachmentsCount" : 0,
          "shouldDisplayMessage" : false
        } ],
        "attachments" : [ ],
        "parameters" : [ {
          "name" : "drugName",
          "value" : "TAB acetylsalicylic acid 100mg (GODAMED)"
        }, {
          "name" : "dosage",
          "value" : "null"
        }, {
          "name" : "hour",
          "value" : "null"
        }, {
          "name" : "routeAdinistration",
          "value" : "null"
        }, {
          "name" : "withExecute",
          "value" : "false"
        }, {
          "name" : "addAndClose",
          "value" : "true"
        } ],
        "stepsCount" : 3,
        "hasContent" : true,
        "attachmentsCount" : 0,
        "shouldDisplayMessage" : false
      }, {
        "name" : "Verify Text Element is Not Displayed",
        "time" : {
          "start" : 1676326768065,
          "stop" : 1676326768075,
          "duration" : 10
        },
        "status" : "failed",
        "statusMessage" : "null",
        "statusTrace" : "java.lang.AssertionError: null\r\n\tat org.testng.Assert.fail(Assert.java:99)\r\n\tat org.testng.Assert.fail(Assert.java:106)\r\n\tat extensions.Verifications.isNotDisplay(Verifications.java:78)\r\n\tat workflows.doctor.drugFlows.addAndSaveDrugOnceOnlyToPatient(drugFlows.java:23)\r\n\tat sanity.UnitTest.emergency.DoctorEmergency.test03_addDrugOnceOnly(DoctorEmergency.java:58)\r\n\tat java.base/jdk.internal.reflect.NativeMethodAccessorImpl.invoke0(Native Method)\r\n\tat java.base/jdk.internal.reflect.NativeMethodAccessorImpl.invoke(NativeMethodAccessorImpl.java:77)\r\n\tat java.base/jdk.internal.reflect.DelegatingMethodAccessorImpl.invoke(DelegatingMethodAccessorImpl.java:43)\r\n\tat java.base/java.lang.reflect.Method.invoke(Method.java:568)\r\n\tat org.testng.internal.MethodInvocationHelper.invokeMethod(MethodInvocationHelper.java:133)\r\n\tat org.testng.internal.TestInvoker.invokeMethod(TestInvoker.java:598)\r\n\tat org.testng.internal.TestInvoker.invokeTestMethod(TestInvoker.java:173)\r\n\tat org.testng.internal.MethodRunner.runInSequence(MethodRunner.java:46)\r\n\tat org.testng.internal.TestInvoker$MethodInvocationAgent.invoke(TestInvoker.java:824)\r\n\tat org.testng.internal.TestInvoker.invokeTestMethods(TestInvoker.java:146)\r\n\tat org.testng.internal.TestMethodWorker.invokeTestMethods(TestMethodWorker.java:146)\r\n\tat org.testng.internal.TestMethodWorker.run(TestMethodWorker.java:128)\r\n\tat java.base/java.util.ArrayList.forEach(ArrayList.java:1511)\r\n\tat org.testng.TestRunner.privateRun(TestRunner.java:794)\r\n\tat org.testng.TestRunner.run(TestRunner.java:596)\r\n\tat org.testng.SuiteRunner.runTest(SuiteRunner.java:377)\r\n\tat org.testng.SuiteRunner.runSequentially(SuiteRunner.java:371)\r\n\tat org.testng.SuiteRunner.privateRun(SuiteRunner.java:332)\r\n\tat org.testng.SuiteRunner.run(SuiteRunner.java:276)\r\n\tat org.testng.SuiteRunnerWorker.runSuite(SuiteRunnerWorker.java:53)\r\n\tat org.testng.SuiteRunnerWorker.run(SuiteRunnerWorker.java:96)\r\n\tat org.testng.TestNG.runSuitesSequentially(TestNG.java:1212)\r\n\tat org.testng.TestNG.runSuitesLocally(TestNG.java:1134)\r\n\tat org.testng.TestNG.runSuites(TestNG.java:1063)\r\n\tat org.testng.TestNG.run(TestNG.java:1031)\r\n\tat org.apache.maven.surefire.testng.TestNGExecutor.run(TestNGExecutor.java:283)\r\n\tat org.apache.maven.surefire.testng.TestNGXmlTestSuite.execute(TestNGXmlTestSuite.java:75)\r\n\tat org.apache.maven.surefire.testng.TestNGProvider.invoke(TestNGProvider.java:120)\r\n\tat org.apache.maven.surefire.booter.ForkedBooter.invokeProviderInSameClassLoader(ForkedBooter.java:384)\r\n\tat org.apache.maven.surefire.booter.ForkedBooter.runSuitesInProcess(ForkedBooter.java:345)\r\n\tat org.apache.maven.surefire.booter.ForkedBooter.execute(ForkedBooter.java:126)\r\n\tat org.apache.maven.surefire.booter.ForkedBooter.main(ForkedBooter.java:418)\r\n",
        "steps" : [ ],
        "attachments" : [ ],
        "parameters" : [ {
          "name" : "elem",
          "value" : "[[ChromeDriver: chrome on WINDOWS (5825913546f5ffff3a336a2bb3698b87)] -> xpath: //i[@class='icon-custom-stamp'] | i[@style='color:#a91a3e;']]"
        } ],
        "stepsCount" : 0,
        "hasContent" : true,
        "attachmentsCount" : 0,
        "shouldDisplayMessage" : true
      } ],
      "attachments" : [ ],
      "parameters" : [ ],
      "stepsCount" : 7,
      "hasContent" : true,
      "attachmentsCount" : 0,
      "shouldDisplayMessage" : false
    } ],
    "attachments" : [ {
      "uid" : "a0e1cf619396088c",
      "name" : "Page Screen-Shot",
      "source" : "a0e1cf619396088c.png",
      "type" : "image/png",
      "size" : 173631
    } ],
    "parameters" : [ ],
    "stepsCount" : 20,
    "hasContent" : true,
    "attachmentsCount" : 1,
    "shouldDisplayMessage" : false
  },
  "afterStages" : [ {
    "name" : "closeSession",
    "time" : {
      "start" : 1676326790328,
      "stop" : 1676326790724,
      "duration" : 396
    },
    "description" : "",
    "status" : "passed",
    "steps" : [ ],
    "attachments" : [ ],
    "parameters" : [ ],
    "stepsCount" : 0,
    "hasContent" : false,
    "attachmentsCount" : 0,
    "shouldDisplayMessage" : false
  }, {
    "name" : "afterMethod",
    "time" : {
      "start" : 1676326768248,
      "stop" : 1676326769425,
      "duration" : 1177
    },
    "description" : "",
    "status" : "passed",
    "steps" : [ {
      "name" : "Clear Text Element",
      "time" : {
        "start" : 1676326769306,
        "stop" : 1676326769368,
        "duration" : 62
      },
      "status" : "passed",
      "steps" : [ ],
      "attachments" : [ ],
      "parameters" : [ {
        "name" : "elem",
        "value" : "[[ChromeDriver: chrome on WINDOWS (5825913546f5ffff3a336a2bb3698b87)] -> id: user_name]"
      } ],
      "stepsCount" : 0,
      "hasContent" : true,
      "attachmentsCount" : 0,
      "shouldDisplayMessage" : false
    }, {
      "name" : "Clear Text Element",
      "time" : {
        "start" : 1676326769373,
        "stop" : 1676326769425,
        "duration" : 52
      },
      "status" : "passed",
      "steps" : [ ],
      "attachments" : [ ],
      "parameters" : [ {
        "name" : "elem",
        "value" : "[[ChromeDriver: chrome on WINDOWS (5825913546f5ffff3a336a2bb3698b87)] -> id: password]"
      } ],
      "stepsCount" : 0,
      "hasContent" : true,
      "attachmentsCount" : 0,
      "shouldDisplayMessage" : false
    } ],
    "attachments" : [ ],
    "parameters" : [ ],
    "stepsCount" : 2,
    "hasContent" : true,
    "attachmentsCount" : 0,
    "shouldDisplayMessage" : false
  } ],
  "labels" : [ {
    "name" : "package",
    "value" : "sanity.UnitTest.emergency.DoctorEmergency"
  }, {
    "name" : "testClass",
    "value" : "sanity.UnitTest.emergency.DoctorEmergency"
  }, {
    "name" : "testMethod",
    "value" : "test03_addDrugOnceOnly"
  }, {
    "name" : "parentSuite",
    "value" : "SanityTest"
  }, {
    "name" : "suite",
    "value" : "emergencyTest"
  }, {
    "name" : "subSuite",
    "value" : "sanity.UnitTest.emergency.DoctorEmergency"
  }, {
    "name" : "host",
    "value" : "COMPU_EFRAT"
  }, {
    "name" : "thread",
    "value" : "20576@COMPU_EFRAT.main(1)"
  }, {
    "name" : "framework",
    "value" : "testng"
  }, {
    "name" : "language",
    "value" : "java"
  }, {
    "name" : "resultFormat",
    "value" : "allure2"
  } ],
  "parameters" : [ ],
  "links" : [ ],
  "hidden" : false,
  "retry" : false,
  "extra" : {
    "severity" : "normal",
    "retries" : [ {
      "uid" : "86c8244b25275f27",
      "status" : "broken",
      "statusDetails" : "element click intercepted: Element <input _ngcontent-kfr-c8=\"\" aria-multiline=\"false\" autocapitalize=\"off\" autocorrect=\"off\" class=\"btn-default dropdown-toggle unitText1 dropDep change-dep-btn ng-untouched ng-pristine ng-valid\" dontlock=\"true\" id=\"dropdownBasic1\" role=\"combobox\" type=\"text\" ng-reflect-input-formatter=\"function (selectItem) {\n      \" ng-reflect-ngb-typeahead=\"function (text$) {\n           \" ng-reflect-result-formatter=\"function (selectItem) {\n      \" ng-reflect-model=\"[object Object]\" autocomplete=\"off\" aria-autocomplete=\"list\" aria-expanded=\"false\"> is not clickable at point (1815, 83). Other element would receive the click: <div _ngcontent-kfr-c3=\"\" class=\"overlay\" ng-reflect-ng-style=\"[object Object]\" style=\"background-color: rgba(51, 51, 51, 0.5); position: fixed;\">...</div>\n  (Session info: chrome=108.0.5359.125)\nBuild info: version: '4.0.0-alpha-7', revision: 'de8579b6d5'\nSystem info: host: 'COMPU_EFRAT', ip: '172.20.8.167', os.name: 'Windows 10', os.arch: 'amd64', os.version: '10.0', java.version: '17.0.4.1'\nDriver info: org.openqa.selenium.chrome.ChromeDriver\nCapabilities {acceptInsecureCerts: false, browserName: chrome, browserVersion: 108.0.5359.125, chrome: {chromedriverVersion: 108.0.5359.71 (1e0e3868ee06..., userDataDir: C:\\Users\\efeldman\\AppData\\L...}, goog:chromeOptions: {debuggerAddress: localhost:53306}, javascriptEnabled: true, networkConnectionEnabled: false, pageLoadStrategy: normal, platform: WINDOWS, platformName: WINDOWS, proxy: Proxy(), setWindowRect: true, strictFileInteractability: false, timeouts: {implicit: 0, pageLoad: 300000, script: 30000}, unhandledPromptBehavior: dismiss and notify, webauthn:extension:credBlob: true, webauthn:extension:largeBlob: true, webauthn:virtualAuthenticators: true}\nSession ID: ab7e6b07fe00eeb7a898cefdfb98b278",
      "time" : {
        "start" : 1676240359990,
        "stop" : 1676240362429,
        "duration" : 2439
      }
    }, {
      "uid" : "a9d811f25aa29b83",
      "status" : "failed",
      "statusDetails" : "null",
      "time" : {
        "start" : 1676153822728,
        "stop" : 1676153840567,
        "duration" : 17839
      }
    }, {
      "uid" : "82785325634c1fe4",
      "status" : "failed",
      "statusDetails" : "null",
      "time" : {
        "start" : 1676067434444,
        "stop" : 1676067451130,
        "duration" : 16686
      }
    }, {
      "uid" : "a140abc6ff0d4952",
      "status" : "failed",
      "statusDetails" : "null",
      "time" : {
        "start" : 1675981042985,
        "stop" : 1675981059994,
        "duration" : 17009
      }
    }, {
      "uid" : "1187476b305f3c37",
      "status" : "failed",
      "statusDetails" : "null",
      "time" : {
        "start" : 1675894732361,
        "stop" : 1675894750771,
        "duration" : 18410
      }
    }, {
      "uid" : "f3cec9d5f45b5dfd",
      "status" : "failed",
      "statusDetails" : "null",
      "time" : {
        "start" : 1675808346356,
        "stop" : 1675808363093,
        "duration" : 16737
      }
    }, {
      "uid" : "80fe7f0a943d1a5d",
      "status" : "failed",
      "statusDetails" : "null",
      "time" : {
        "start" : 1675721943845,
        "stop" : 1675721961541,
        "duration" : 17696
      }
    }, {
      "uid" : "efc5edee2fa6a877",
      "status" : "failed",
      "statusDetails" : "null",
      "time" : {
        "start" : 1675635525631,
        "stop" : 1675635541162,
        "duration" : 15531
      }
    }, {
      "uid" : "2b232fab28fb8bf1",
      "status" : "failed",
      "statusDetails" : "null",
      "time" : {
        "start" : 1675549073166,
        "stop" : 1675549090485,
        "duration" : 17319
      }
    }, {
      "uid" : "6f924ef558ad5935",
      "status" : "failed",
      "statusDetails" : "null",
      "time" : {
        "start" : 1675462728283,
        "stop" : 1675462741677,
        "duration" : 13394
      }
    }, {
      "uid" : "12432162a163e394",
      "status" : "failed",
      "statusDetails" : "null",
      "time" : {
        "start" : 1675376308220,
        "stop" : 1675376324897,
        "duration" : 16677
      }
    }, {
      "uid" : "76b7621340d5ff49",
      "status" : "failed",
      "statusDetails" : "null",
      "time" : {
        "start" : 1675289937782,
        "stop" : 1675289953550,
        "duration" : 15768
      }
    }, {
      "uid" : "be7530c16d935a38",
      "status" : "failed",
      "statusDetails" : "null",
      "time" : {
        "start" : 1675203559493,
        "stop" : 1675203581381,
        "duration" : 21888
      }
    } ],
    "categories" : [ {
      "name" : "Product defects",
      "matchedStatuses" : [ ],
      "flaky" : false
    } ],
    "history" : {
      "statistic" : {
        "failed" : 4,
        "broken" : 1,
        "skipped" : 0,
        "passed" : 0,
        "unknown" : 0,
        "total" : 5
      },
      "items" : [ {
        "uid" : "a0ffeeedc2e013d1",
        "reportUrl" : "http://localhost:8080/job/goToMedicinePrepInNight/81/allure/#testresult/a0ffeeedc2e013d1",
        "status" : "broken",
        "statusDetails" : "element click intercepted: Element <input _ngcontent-kfr-c8=\"\" aria-multiline=\"false\" autocapitalize=\"off\" autocorrect=\"off\" class=\"btn-default dropdown-toggle unitText1 dropDep change-dep-btn ng-untouched ng-pristine ng-valid\" dontlock=\"true\" id=\"dropdownBasic1\" role=\"combobox\" type=\"text\" ng-reflect-input-formatter=\"function (selectItem) {\n      \" ng-reflect-ngb-typeahead=\"function (text$) {\n           \" ng-reflect-result-formatter=\"function (selectItem) {\n      \" ng-reflect-model=\"[object Object]\" autocomplete=\"off\" aria-autocomplete=\"list\" aria-expanded=\"false\"> is not clickable at point (1815, 83). Other element would receive the click: <div _ngcontent-kfr-c3=\"\" class=\"overlay\" ng-reflect-ng-style=\"[object Object]\" style=\"background-color: rgba(51, 51, 51, 0.5); position: fixed;\">...</div>\n  (Session info: chrome=108.0.5359.125)\nBuild info: version: '4.0.0-alpha-7', revision: 'de8579b6d5'\nSystem info: host: 'COMPU_EFRAT', ip: '172.20.8.167', os.name: 'Windows 10', os.arch: 'amd64', os.version: '10.0', java.version: '17.0.4.1'\nDriver info: org.openqa.selenium.chrome.ChromeDriver\nCapabilities {acceptInsecureCerts: false, browserName: chrome, browserVersion: 108.0.5359.125, chrome: {chromedriverVersion: 108.0.5359.71 (1e0e3868ee06..., userDataDir: C:\\Users\\efeldman\\AppData\\L...}, goog:chromeOptions: {debuggerAddress: localhost:53306}, javascriptEnabled: true, networkConnectionEnabled: false, pageLoadStrategy: normal, platform: WINDOWS, platformName: WINDOWS, proxy: Proxy(), setWindowRect: true, strictFileInteractability: false, timeouts: {implicit: 0, pageLoad: 300000, script: 30000}, unhandledPromptBehavior: dismiss and notify, webauthn:extension:credBlob: true, webauthn:extension:largeBlob: true, webauthn:virtualAuthenticators: true}\nSession ID: ab7e6b07fe00eeb7a898cefdfb98b278",
        "time" : {
          "start" : 1676240359990,
          "stop" : 1676240362429,
          "duration" : 2439
        }
      }, {
        "uid" : "17c64b3ad21feaba",
        "reportUrl" : "http://localhost:8080/job/goToMedicinePrepInNight/80/allure/#testresult/17c64b3ad21feaba",
        "status" : "failed",
        "statusDetails" : "null",
        "time" : {
          "start" : 1676153822728,
          "stop" : 1676153840567,
          "duration" : 17839
        }
      }, {
        "uid" : "276e430d0de295ee",
        "reportUrl" : "http://localhost:8080/job/goToMedicinePrepInNight/79/allure/#testresult/276e430d0de295ee",
        "status" : "failed",
        "statusDetails" : "null",
        "time" : {
          "start" : 1676067434444,
          "stop" : 1676067451130,
          "duration" : 16686
        }
      }, {
        "uid" : "e87e95fb08a47974",
        "reportUrl" : "http://localhost:8080/job/goToMedicinePrepInNight/77/allure/#testresult/e87e95fb08a47974",
        "status" : "failed",
        "statusDetails" : "null",
        "time" : {
          "start" : 1675894732361,
          "stop" : 1675894750771,
          "duration" : 18410
        }
      } ]
    },
    "tags" : [ ]
  },
  "source" : "7e99869352de6e87.json",
  "parameterValues" : [ ]
}